2014-10-02T11:40:26+07:00 DEBUG (7): Session must be started before any output has been sent to the browser; output started in C:\AppServ\www\rsEvaluation\library\Workflow\Controller\Flow\Action.php/29
#0 C:\AppServ\www\openlib\ZendFramework\1.5.0\library\Zend\Session\Namespace.php(116): Zend_Session::start(true)
#1 C:\AppServ\www\openlib\ZendFramework\1.5.0\library\Zend\Auth\Storage\Session.php(85): Zend_Session_Namespace->__construct('Zend_Auth')
#2 C:\AppServ\www\openlib\ZendFramework\1.5.0\library\Zend\Auth.php(92): Zend_Auth_Storage_Session->__construct()
#3 C:\AppServ\www\openlib\ZendFramework\1.5.0\library\Zend\Auth.php(144): Zend_Auth->getStorage()
#4 C:\AppServ\www\iLibrary\trunk\System\Controller\Action.php(341): Zend_Auth->getIdentity()
#5 C:\AppServ\www\rsEvaluation\library\Workflow\Controller\Flow\Action.php(31): System_Controller_Action->getProfile()
#6 C:\AppServ\www\openlib\ZendFramework\1.5.0\library\Zend\Controller\Action.php(129): Workflow_Controller_Flow_Action->init()
#7 C:\AppServ\www\openlib\ZendFramework\1.5.0\library\Zend\Controller\Dispatcher\Standard.php(269): Zend_Controller_Action->__construct(Object(Zend_Controller_Request_Http), Object(Zend_Controller_Response_Http), Array)
#8 C:\AppServ\www\openlib\ZendFramework\1.5.0\library\Zend\Controller\Front.php(914): Zend_Controller_Dispatcher_Standard->dispatch(Object(Zend_Controller_Request_Http), Object(Zend_Controller_Response_Http))
#9 C:\AppServ\www\rsEvaluation\public\index.php(199): Zend_Controller_Front->dispatch()
#10 {main}
2014-10-02T12:08:11+07:00 DEBUG (7): Session must be started before any output has been sent to the browser; output started in C:\AppServ\www\openlib\ZendFramework\1.5.0\library\Zend\Controller\Action.php/312
#0 C:\AppServ\www\openlib\ZendFramework\1.5.0\library\Zend\Session\Namespace.php(116): Zend_Session::start(true)
#1 C:\AppServ\www\openlib\ZendFramework\1.5.0\library\Zend\Auth\Storage\Session.php(85): Zend_Session_Namespace->__construct('Zend_Auth')
#2 C:\AppServ\www\openlib\ZendFramework\1.5.0\library\Zend\Auth.php(92): Zend_Auth_Storage_Session->__construct()
#3 C:\AppServ\www\openlib\ZendFramework\1.5.0\library\Zend\Auth.php(144): Zend_Auth->getStorage()
#4 C:\AppServ\www\iLibrary\trunk\System\Controller\Action.php(341): Zend_Auth->getIdentity()
#5 C:\AppServ\www\rsEvaluation\library\Workflow\Controller\Flow\Action.php(31): System_Controller_Action->getProfile()
#6 C:\AppServ\www\openlib\ZendFramework\1.5.0\library\Zend\Controller\Action.php(129): Workflow_Controller_Flow_Action->init()
#7 C:\AppServ\www\openlib\ZendFramework\1.5.0\library\Zend\Controller\Dispatcher\Standard.php(269): Zend_Controller_Action->__construct(Object(Zend_Controller_Request_Http), Object(Zend_Controller_Response_Http), Array)
#8 C:\AppServ\www\openlib\ZendFramework\1.5.0\library\Zend\Controller\Front.php(914): Zend_Controller_Dispatcher_Standard->dispatch(Object(Zend_Controller_Request_Http), Object(Zend_Controller_Response_Http))
#9 C:\AppServ\www\rsEvaluation\public\index.php(199): Zend_Controller_Front->dispatch()
#10 {main}
2014-10-02T12:10:42+07:00 DEBUG (7): Session must be started before any output has been sent to the browser; output started in C:\AppServ\www\openlib\ZendFramework\1.5.0\library\Zend\Controller\Request\Http.php/605
#0 C:\AppServ\www\openlib\ZendFramework\1.5.0\library\Zend\Session\Namespace.php(116): Zend_Session::start(true)
#1 C:\AppServ\www\openlib\ZendFramework\1.5.0\library\Zend\Auth\Storage\Session.php(85): Zend_Session_Namespace->__construct('Zend_Auth')
#2 C:\AppServ\www\openlib\ZendFramework\1.5.0\library\Zend\Auth.php(92): Zend_Auth_Storage_Session->__construct()
#3 C:\AppServ\www\openlib\ZendFramework\1.5.0\library\Zend\Auth.php(144): Zend_Auth->getStorage()
#4 C:\AppServ\www\iLibrary\trunk\System\Controller\Action.php(341): Zend_Auth->getIdentity()
#5 C:\AppServ\www\rsEvaluation\library\Workflow\Controller\Flow\Action.php(31): System_Controller_Action->getProfile()
#6 C:\AppServ\www\openlib\ZendFramework\1.5.0\library\Zend\Controller\Action.php(129): Workflow_Controller_Flow_Action->init()
#7 C:\AppServ\www\openlib\ZendFramework\1.5.0\library\Zend\Controller\Dispatcher\Standard.php(269): Zend_Controller_Action->__construct(Object(Zend_Controller_Request_Http), Object(Zend_Controller_Response_Http), Array)
#8 C:\AppServ\www\openlib\ZendFramework\1.5.0\library\Zend\Controller\Front.php(914): Zend_Controller_Dispatcher_Standard->dispatch(Object(Zend_Controller_Request_Http), Object(Zend_Controller_Response_Http))
#9 C:\AppServ\www\rsEvaluation\public\index.php(199): Zend_Controller_Front->dispatch()
#10 {main}
2014-10-02T12:16:05+07:00 DEBUG (7): Session must be started before any output has been sent to the browser; output started in C:\AppServ\www\rsEvaluation\library\Workflow\Controller\Flow\Action.php/29
#0 C:\AppServ\www\openlib\ZendFramework\1.5.0\library\Zend\Session\Namespace.php(116): Zend_Session::start(true)
#1 C:\AppServ\www\openlib\ZendFramework\1.5.0\library\Zend\Auth\Storage\Session.php(85): Zend_Session_Namespace->__construct('Zend_Auth')
#2 C:\AppServ\www\openlib\ZendFramework\1.5.0\library\Zend\Auth.php(92): Zend_Auth_Storage_Session->__construct()
#3 C:\AppServ\www\openlib\ZendFramework\1.5.0\library\Zend\Auth.php(144): Zend_Auth->getStorage()
#4 C:\AppServ\www\iLibrary\trunk\System\Controller\Action.php(341): Zend_Auth->getIdentity()
#5 C:\AppServ\www\rsEvaluation\library\Workflow\Controller\Flow\Action.php(31): System_Controller_Action->getProfile()
#6 C:\AppServ\www\openlib\ZendFramework\1.5.0\library\Zend\Controller\Action.php(129): Workflow_Controller_Flow_Action->init()
#7 C:\AppServ\www\openlib\ZendFramework\1.5.0\library\Zend\Controller\Dispatcher\Standard.php(269): Zend_Controller_Action->__construct(Object(Zend_Controller_Request_Http), Object(Zend_Controller_Response_Http), Array)
#8 C:\AppServ\www\openlib\ZendFramework\1.5.0\library\Zend\Controller\Front.php(914): Zend_Controller_Dispatcher_Standard->dispatch(Object(Zend_Controller_Request_Http), Object(Zend_Controller_Response_Http))
#9 C:\AppServ\www\rsEvaluation\public\index.php(199): Zend_Controller_Front->dispatch()
#10 {main}
2014-10-02T12:18:25+07:00 DEBUG (7): Session must be started before any output has been sent to the browser; output started in C:\AppServ\www\openlib\ZendFramework\1.5.0\library\Zend\Controller\Front.php/428
#0 C:\AppServ\www\openlib\ZendFramework\1.5.0\library\Zend\Session\Namespace.php(116): Zend_Session::start(true)
#1 C:\AppServ\www\openlib\ZendFramework\1.5.0\library\Zend\Auth\Storage\Session.php(85): Zend_Session_Namespace->__construct('Zend_Auth')
#2 C:\AppServ\www\openlib\ZendFramework\1.5.0\library\Zend\Auth.php(92): Zend_Auth_Storage_Session->__construct()
#3 C:\AppServ\www\openlib\ZendFramework\1.5.0\library\Zend\Auth.php(144): Zend_Auth->getStorage()
#4 C:\AppServ\www\iLibrary\trunk\System\Controller\Action.php(341): Zend_Auth->getIdentity()
#5 C:\AppServ\www\rsEvaluation\library\Workflow\Controller\Flow\Action.php(31): System_Controller_Action->getProfile()
#6 C:\AppServ\www\openlib\ZendFramework\1.5.0\library\Zend\Controller\Action.php(129): Workflow_Controller_Flow_Action->init()
#7 C:\AppServ\www\openlib\ZendFramework\1.5.0\library\Zend\Controller\Dispatcher\Standard.php(269): Zend_Controller_Action->__construct(Object(Zend_Controller_Request_Http), Object(Zend_Controller_Response_Http), Array)
#8 C:\AppServ\www\openlib\ZendFramework\1.5.0\library\Zend\Controller\Front.php(916): Zend_Controller_Dispatcher_Standard->dispatch(Object(Zend_Controller_Request_Http), Object(Zend_Controller_Response_Http))
#9 C:\AppServ\www\rsEvaluation\public\index.php(199): Zend_Controller_Front->dispatch()
#10 {main}
2014-10-02T12:18:55+07:00 DEBUG (7): Session must be started before any output has been sent to the browser; output started in C:\AppServ\www\openlib\ZendFramework\1.5.0\library\Zend\Controller\Front.php/432
#0 C:\AppServ\www\openlib\ZendFramework\1.5.0\library\Zend\Session\Namespace.php(116): Zend_Session::start(true)
#1 C:\AppServ\www\openlib\ZendFramework\1.5.0\library\Zend\Auth\Storage\Session.php(85): Zend_Session_Namespace->__construct('Zend_Auth')
#2 C:\AppServ\www\openlib\ZendFramework\1.5.0\library\Zend\Auth.php(92): Zend_Auth_Storage_Session->__construct()
#3 C:\AppServ\www\openlib\ZendFramework\1.5.0\library\Zend\Auth.php(144): Zend_Auth->getStorage()
#4 C:\AppServ\www\iLibrary\trunk\System\Controller\Action.php(341): Zend_Auth->getIdentity()
#5 C:\AppServ\www\rsEvaluation\library\Workflow\Controller\Flow\Action.php(31): System_Controller_Action->getProfile()
#6 C:\AppServ\www\openlib\ZendFramework\1.5.0\library\Zend\Controller\Action.php(129): Workflow_Controller_Flow_Action->init()
#7 C:\AppServ\www\openlib\ZendFramework\1.5.0\library\Zend\Controller\Dispatcher\Standard.php(269): Zend_Controller_Action->__construct(Object(Zend_Controller_Request_Http), Object(Zend_Controller_Response_Http), Array)
#8 C:\AppServ\www\openlib\ZendFramework\1.5.0\library\Zend\Controller\Front.php(915): Zend_Controller_Dispatcher_Standard->dispatch(Object(Zend_Controller_Request_Http), Object(Zend_Controller_Response_Http))
#9 C:\AppServ\www\rsEvaluation\public\index.php(199): Zend_Controller_Front->dispatch()
#10 {main}
2014-10-02T12:19:06+07:00 DEBUG (7): Session must be started before any output has been sent to the browser; output started in C:\AppServ\www\openlib\ZendFramework\1.5.0\library\Zend\Controller\Front.php/435
#0 C:\AppServ\www\openlib\ZendFramework\1.5.0\library\Zend\Session\Namespace.php(116): Zend_Session::start(true)
#1 C:\AppServ\www\openlib\ZendFramework\1.5.0\library\Zend\Auth\Storage\Session.php(85): Zend_Session_Namespace->__construct('Zend_Auth')
#2 C:\AppServ\www\openlib\ZendFramework\1.5.0\library\Zend\Auth.php(92): Zend_Auth_Storage_Session->__construct()
#3 C:\AppServ\www\openlib\ZendFramework\1.5.0\library\Zend\Auth.php(144): Zend_Auth->getStorage()
#4 C:\AppServ\www\iLibrary\trunk\System\Controller\Action.php(341): Zend_Auth->getIdentity()
#5 C:\AppServ\www\rsEvaluation\library\Workflow\Controller\Flow\Action.php(31): System_Controller_Action->getProfile()
#6 C:\AppServ\www\openlib\ZendFramework\1.5.0\library\Zend\Controller\Action.php(129): Workflow_Controller_Flow_Action->init()
#7 C:\AppServ\www\openlib\ZendFramework\1.5.0\library\Zend\Controller\Dispatcher\Standard.php(269): Zend_Controller_Action->__construct(Object(Zend_Controller_Request_Http), Object(Zend_Controller_Response_Http), Array)
#8 C:\AppServ\www\openlib\ZendFramework\1.5.0\library\Zend\Controller\Front.php(914): Zend_Controller_Dispatcher_Standard->dispatch(Object(Zend_Controller_Request_Http), Object(Zend_Controller_Response_Http))
#9 C:\AppServ\www\rsEvaluation\public\index.php(199): Zend_Controller_Front->dispatch()
#10 {main}
2014-10-02T12:19:42+07:00 DEBUG (7): Session must be started before any output has been sent to the browser; output started in C:\AppServ\www\openlib\ZendFramework\1.5.0\library\Zend\Controller\Front.php/447
#0 C:\AppServ\www\openlib\ZendFramework\1.5.0\library\Zend\Session\Namespace.php(116): Zend_Session::start(true)
#1 C:\AppServ\www\openlib\ZendFramework\1.5.0\library\Zend\Auth\Storage\Session.php(85): Zend_Session_Namespace->__construct('Zend_Auth')
#2 C:\AppServ\www\openlib\ZendFramework\1.5.0\library\Zend\Auth.php(92): Zend_Auth_Storage_Session->__construct()
#3 C:\AppServ\www\openlib\ZendFramework\1.5.0\library\Zend\Auth.php(144): Zend_Auth->getStorage()
#4 C:\AppServ\www\iLibrary\trunk\System\Controller\Action.php(341): Zend_Auth->getIdentity()
#5 C:\AppServ\www\rsEvaluation\library\Workflow\Controller\Flow\Action.php(31): System_Controller_Action->getProfile()
#6 C:\AppServ\www\openlib\ZendFramework\1.5.0\library\Zend\Controller\Action.php(129): Workflow_Controller_Flow_Action->init()
#7 C:\AppServ\www\openlib\ZendFramework\1.5.0\library\Zend\Controller\Dispatcher\Standard.php(269): Zend_Controller_Action->__construct(Object(Zend_Controller_Request_Http), Object(Zend_Controller_Response_Http), Array)
#8 C:\AppServ\www\openlib\ZendFramework\1.5.0\library\Zend\Controller\Front.php(914): Zend_Controller_Dispatcher_Standard->dispatch(Object(Zend_Controller_Request_Http), Object(Zend_Controller_Response_Http))
#9 C:\AppServ\www\rsEvaluation\public\index.php(199): Zend_Controller_Front->dispatch()
#10 {main}
2014-10-02T12:20:18+07:00 DEBUG (7): Session must be started before any output has been sent to the browser; output started in C:\AppServ\www\rsEvaluation\library\Workflow\Controller\Flow\Action.php/29
#0 C:\AppServ\www\openlib\ZendFramework\1.5.0\library\Zend\Session\Namespace.php(116): Zend_Session::start(true)
#1 C:\AppServ\www\openlib\ZendFramework\1.5.0\library\Zend\Auth\Storage\Session.php(85): Zend_Session_Namespace->__construct('Zend_Auth')
#2 C:\AppServ\www\openlib\ZendFramework\1.5.0\library\Zend\Auth.php(92): Zend_Auth_Storage_Session->__construct()
#3 C:\AppServ\www\openlib\ZendFramework\1.5.0\library\Zend\Auth.php(144): Zend_Auth->getStorage()
#4 C:\AppServ\www\iLibrary\trunk\System\Controller\Action.php(341): Zend_Auth->getIdentity()
#5 C:\AppServ\www\rsEvaluation\library\Workflow\Controller\Flow\Action.php(31): System_Controller_Action->getProfile()
#6 C:\AppServ\www\openlib\ZendFramework\1.5.0\library\Zend\Controller\Action.php(129): Workflow_Controller_Flow_Action->init()
#7 C:\AppServ\www\openlib\ZendFramework\1.5.0\library\Zend\Controller\Dispatcher\Standard.php(269): Zend_Controller_Action->__construct(Object(Zend_Controller_Request_Http), Object(Zend_Controller_Response_Http), Array)
#8 C:\AppServ\www\openlib\ZendFramework\1.5.0\library\Zend\Controller\Front.php(914): Zend_Controller_Dispatcher_Standard->dispatch(Object(Zend_Controller_Request_Http), Object(Zend_Controller_Response_Http))
#9 C:\AppServ\www\rsEvaluation\public\index.php(199): Zend_Controller_Front->dispatch()
#10 {main}
2014-10-02T12:21:41+07:00 DEBUG (7): Session must be started before any output has been sent to the browser; output started in C:\AppServ\www\openlib\ZendFramework\1.5.0\library\Zend\Controller\Front.php/826
#0 C:\AppServ\www\openlib\ZendFramework\1.5.0\library\Zend\Session\Namespace.php(116): Zend_Session::start(true)
#1 C:\AppServ\www\openlib\ZendFramework\1.5.0\library\Zend\Auth\Storage\Session.php(85): Zend_Session_Namespace->__construct('Zend_Auth')
#2 C:\AppServ\www\openlib\ZendFramework\1.5.0\library\Zend\Auth.php(92): Zend_Auth_Storage_Session->__construct()
#3 C:\AppServ\www\openlib\ZendFramework\1.5.0\library\Zend\Auth.php(144): Zend_Auth->getStorage()
#4 C:\AppServ\www\iLibrary\trunk\System\Controller\Action.php(341): Zend_Auth->getIdentity()
#5 C:\AppServ\www\rsEvaluation\library\Workflow\Controller\Flow\Action.php(31): System_Controller_Action->getProfile()
#6 C:\AppServ\www\openlib\ZendFramework\1.5.0\library\Zend\Controller\Action.php(129): Workflow_Controller_Flow_Action->init()
#7 C:\AppServ\www\openlib\ZendFramework\1.5.0\library\Zend\Controller\Dispatcher\Standard.php(269): Zend_Controller_Action->__construct(Object(Zend_Controller_Request_Http), Object(Zend_Controller_Response_Http), Array)
#8 C:\AppServ\www\openlib\ZendFramework\1.5.0\library\Zend\Controller\Front.php(915): Zend_Controller_Dispatcher_Standard->dispatch(Object(Zend_Controller_Request_Http), Object(Zend_Controller_Response_Http))
#9 C:\AppServ\www\rsEvaluation\public\index.php(199): Zend_Controller_Front->dispatch()
#10 {main}
2014-10-02T12:22:07+07:00 DEBUG (7): Session must be started before any output has been sent to the browser; output started in C:\AppServ\www\openlib\ZendFramework\1.5.0\library\Zend\Controller\Front.php/839
#0 C:\AppServ\www\openlib\ZendFramework\1.5.0\library\Zend\Session\Namespace.php(116): Zend_Session::start(true)
#1 C:\AppServ\www\openlib\ZendFramework\1.5.0\library\Zend\Auth\Storage\Session.php(85): Zend_Session_Namespace->__construct('Zend_Auth')
#2 C:\AppServ\www\openlib\ZendFramework\1.5.0\library\Zend\Auth.php(92): Zend_Auth_Storage_Session->__construct()
#3 C:\AppServ\www\openlib\ZendFramework\1.5.0\library\Zend\Auth.php(144): Zend_Auth->getStorage()
#4 C:\AppServ\www\iLibrary\trunk\System\Controller\Action.php(341): Zend_Auth->getIdentity()
#5 C:\AppServ\www\rsEvaluation\library\Workflow\Controller\Flow\Action.php(31): System_Controller_Action->getProfile()
#6 C:\AppServ\www\openlib\ZendFramework\1.5.0\library\Zend\Controller\Action.php(129): Workflow_Controller_Flow_Action->init()
#7 C:\AppServ\www\openlib\ZendFramework\1.5.0\library\Zend\Controller\Dispatcher\Standard.php(269): Zend_Controller_Action->__construct(Object(Zend_Controller_Request_Http), Object(Zend_Controller_Response_Http), Array)
#8 C:\AppServ\www\openlib\ZendFramework\1.5.0\library\Zend\Controller\Front.php(915): Zend_Controller_Dispatcher_Standard->dispatch(Object(Zend_Controller_Request_Http), Object(Zend_Controller_Response_Http))
#9 C:\AppServ\www\rsEvaluation\public\index.php(199): Zend_Controller_Front->dispatch()
#10 {main}
2014-10-02T12:22:28+07:00 DEBUG (7): Session must be started before any output has been sent to the browser; output started in C:\AppServ\www\openlib\ZendFramework\1.5.0\library\Zend\Controller\Front.php/844
#0 C:\AppServ\www\openlib\ZendFramework\1.5.0\library\Zend\Session\Namespace.php(116): Zend_Session::start(true)
#1 C:\AppServ\www\openlib\ZendFramework\1.5.0\library\Zend\Auth\Storage\Session.php(85): Zend_Session_Namespace->__construct('Zend_Auth')
#2 C:\AppServ\www\openlib\ZendFramework\1.5.0\library\Zend\Auth.php(92): Zend_Auth_Storage_Session->__construct()
#3 C:\AppServ\www\openlib\ZendFramework\1.5.0\library\Zend\Auth.php(144): Zend_Auth->getStorage()
#4 C:\AppServ\www\iLibrary\trunk\System\Controller\Action.php(341): Zend_Auth->getIdentity()
#5 C:\AppServ\www\rsEvaluation\library\Workflow\Controller\Flow\Action.php(31): System_Controller_Action->getProfile()
#6 C:\AppServ\www\openlib\ZendFramework\1.5.0\library\Zend\Controller\Action.php(129): Workflow_Controller_Flow_Action->init()
#7 C:\AppServ\www\openlib\ZendFramework\1.5.0\library\Zend\Controller\Dispatcher\Standard.php(269): Zend_Controller_Action->__construct(Object(Zend_Controller_Request_Http), Object(Zend_Controller_Response_Http), Array)
#8 C:\AppServ\www\openlib\ZendFramework\1.5.0\library\Zend\Controller\Front.php(915): Zend_Controller_Dispatcher_Standard->dispatch(Object(Zend_Controller_Request_Http), Object(Zend_Controller_Response_Http))
#9 C:\AppServ\www\rsEvaluation\public\index.php(199): Zend_Controller_Front->dispatch()
#10 {main}
2014-10-02T12:22:35+07:00 DEBUG (7): Session must be started before any output has been sent to the browser; output started in C:\AppServ\www\rsEvaluation\library\Workflow\Controller\Flow\Action.php/29
#0 C:\AppServ\www\openlib\ZendFramework\1.5.0\library\Zend\Session\Namespace.php(116): Zend_Session::start(true)
#1 C:\AppServ\www\openlib\ZendFramework\1.5.0\library\Zend\Auth\Storage\Session.php(85): Zend_Session_Namespace->__construct('Zend_Auth')
#2 C:\AppServ\www\openlib\ZendFramework\1.5.0\library\Zend\Auth.php(92): Zend_Auth_Storage_Session->__construct()
#3 C:\AppServ\www\openlib\ZendFramework\1.5.0\library\Zend\Auth.php(144): Zend_Auth->getStorage()
#4 C:\AppServ\www\iLibrary\trunk\System\Controller\Action.php(341): Zend_Auth->getIdentity()
#5 C:\AppServ\www\rsEvaluation\library\Workflow\Controller\Flow\Action.php(31): System_Controller_Action->getProfile()
#6 C:\AppServ\www\openlib\ZendFramework\1.5.0\library\Zend\Controller\Action.php(129): Workflow_Controller_Flow_Action->init()
#7 C:\AppServ\www\openlib\ZendFramework\1.5.0\library\Zend\Controller\Dispatcher\Standard.php(269): Zend_Controller_Action->__construct(Object(Zend_Controller_Request_Http), Object(Zend_Controller_Response_Http), Array)
#8 C:\AppServ\www\openlib\ZendFramework\1.5.0\library\Zend\Controller\Front.php(914): Zend_Controller_Dispatcher_Standard->dispatch(Object(Zend_Controller_Request_Http), Object(Zend_Controller_Response_Http))
#9 C:\AppServ\www\rsEvaluation\public\index.php(199): Zend_Controller_Front->dispatch()
#10 {main}
2014-10-02T12:22:55+07:00 DEBUG (7): Session must be started before any output has been sent to the browser; output started in C:\AppServ\www\openlib\ZendFramework\1.5.0\library\Zend\Controller\Front.php/844
#0 C:\AppServ\www\openlib\ZendFramework\1.5.0\library\Zend\Session\Namespace.php(116): Zend_Session::start(true)
#1 C:\AppServ\www\openlib\ZendFramework\1.5.0\library\Zend\Auth\Storage\Session.php(85): Zend_Session_Namespace->__construct('Zend_Auth')
#2 C:\AppServ\www\openlib\ZendFramework\1.5.0\library\Zend\Auth.php(92): Zend_Auth_Storage_Session->__construct()
#3 C:\AppServ\www\openlib\ZendFramework\1.5.0\library\Zend\Auth.php(144): Zend_Auth->getStorage()
#4 C:\AppServ\www\iLibrary\trunk\System\Controller\Action.php(341): Zend_Auth->getIdentity()
#5 C:\AppServ\www\rsEvaluation\library\Workflow\Controller\Flow\Action.php(31): System_Controller_Action->getProfile()
#6 C:\AppServ\www\openlib\ZendFramework\1.5.0\library\Zend\Controller\Action.php(129): Workflow_Controller_Flow_Action->init()
#7 C:\AppServ\www\openlib\ZendFramework\1.5.0\library\Zend\Controller\Dispatcher\Standard.php(269): Zend_Controller_Action->__construct(Object(Zend_Controller_Request_Http), Object(Zend_Controller_Response_Http), Array)
#8 C:\AppServ\www\openlib\ZendFramework\1.5.0\library\Zend\Controller\Front.php(915): Zend_Controller_Dispatcher_Standard->dispatch(Object(Zend_Controller_Request_Http), Object(Zend_Controller_Response_Http))
#9 C:\AppServ\www\rsEvaluation\public\index.php(199): Zend_Controller_Front->dispatch()
#10 {main}
2014-10-02T12:25:10+07:00 DEBUG (7): Session must be started before any output has been sent to the browser; output started in C:\AppServ\www\rsEvaluation\library\Workflow\Controller\Flow\Action.php/29
#0 C:\AppServ\www\openlib\ZendFramework\1.5.0\library\Zend\Session\Namespace.php(116): Zend_Session::start(true)
#1 C:\AppServ\www\openlib\ZendFramework\1.5.0\library\Zend\Auth\Storage\Session.php(85): Zend_Session_Namespace->__construct('Zend_Auth')
#2 C:\AppServ\www\openlib\ZendFramework\1.5.0\library\Zend\Auth.php(92): Zend_Auth_Storage_Session->__construct()
#3 C:\AppServ\www\openlib\ZendFramework\1.5.0\library\Zend\Auth.php(144): Zend_Auth->getStorage()
#4 C:\AppServ\www\iLibrary\trunk\System\Controller\Action.php(341): Zend_Auth->getIdentity()
#5 C:\AppServ\www\rsEvaluation\library\Workflow\Controller\Flow\Action.php(31): System_Controller_Action->getProfile()
#6 C:\AppServ\www\openlib\ZendFramework\1.5.0\library\Zend\Controller\Action.php(129): Workflow_Controller_Flow_Action->init()
#7 C:\AppServ\www\openlib\ZendFramework\1.5.0\library\Zend\Controller\Dispatcher\Standard.php(269): Zend_Controller_Action->__construct(Object(Zend_Controller_Request_Http), Object(Zend_Controller_Response_Http), Array)
#8 C:\AppServ\www\openlib\ZendFramework\1.5.0\library\Zend\Controller\Front.php(914): Zend_Controller_Dispatcher_Standard->dispatch(Object(Zend_Controller_Request_Http), Object(Zend_Controller_Response_Http))
#9 C:\AppServ\www\rsEvaluation\public\index.php(199): Zend_Controller_Front->dispatch()
#10 {main}
2014-10-02T13:33:14+07:00 DEBUG (7): Session must be started before any output has been sent to the browser; output started in C:\AppServ\www\rsEvaluation\library\Workflow\Controller\Flow\Action.php/29
#0 C:\AppServ\www\openlib\ZendFramework\1.5.0\library\Zend\Session\Namespace.php(116): Zend_Session::start(true)
#1 C:\AppServ\www\openlib\ZendFramework\1.5.0\library\Zend\Auth\Storage\Session.php(85): Zend_Session_Namespace->__construct('Zend_Auth')
#2 C:\AppServ\www\openlib\ZendFramework\1.5.0\library\Zend\Auth.php(92): Zend_Auth_Storage_Session->__construct()
#3 C:\AppServ\www\openlib\ZendFramework\1.5.0\library\Zend\Auth.php(144): Zend_Auth->getStorage()
#4 C:\AppServ\www\iLibrary\trunk\System\Controller\Action.php(341): Zend_Auth->getIdentity()
#5 C:\AppServ\www\rsEvaluation\library\Workflow\Controller\Flow\Action.php(31): System_Controller_Action->getProfile()
#6 C:\AppServ\www\openlib\ZendFramework\1.5.0\library\Zend\Controller\Action.php(129): Workflow_Controller_Flow_Action->init()
#7 C:\AppServ\www\openlib\ZendFramework\1.5.0\library\Zend\Controller\Dispatcher\Standard.php(269): Zend_Controller_Action->__construct(Object(Zend_Controller_Request_Http), Object(Zend_Controller_Response_Http), Array)
#8 C:\AppServ\www\openlib\ZendFramework\1.5.0\library\Zend\Controller\Front.php(914): Zend_Controller_Dispatcher_Standard->dispatch(Object(Zend_Controller_Request_Http), Object(Zend_Controller_Response_Http))
#9 C:\AppServ\www\rsEvaluation\public\index.php(199): Zend_Controller_Front->dispatch()
#10 {main}
