2014-06-03T12:28:38+08:00 DEBUG (7): Method "html_treemenu" does not exist and was not trapped in __call()
#0 C:\AppServ\www\iceworkflow\cache\modules\master\tpl\account\%%07^07A^07A8AD9C%%_lmenu.tpl.php(109): Zend_Controller_Action->__call('html_treemenu', Array)
#1 C:\AppServ\www\iceworkflow\cache\modules\master\tpl\account\%%07^07A^07A8AD9C%%_lmenu.tpl.php(109): Master_AccountController->html_treemenu(Array, Object(Smarty))
#2 C:\AppServ\www\openlib\Smarty\2.6.19\libs\Smarty.class.php(1868): include('C:\AppServ\www\...')
#3 C:\AppServ\www\iceworkflow\cache\modules\master\tpl\account\%%46^464^464ADCFC%%_header.tpl.php(75): Smarty->_smarty_include(Array)
#4 C:\AppServ\www\openlib\Smarty\2.6.19\libs\Smarty.class.php(1868): include('C:\AppServ\www\...')
#5 C:\AppServ\www\iceworkflow\cache\modules\master\tpl\account\%%AB^ABC^ABCD01C8%%_form.tpl.php(6): Smarty->_smarty_include(Array)
#6 C:\AppServ\www\openlib\Smarty\2.6.19\libs\Smarty.class.php(1262): include('C:\AppServ\www\...')
#7 C:\AppServ\www\iLibrary\trunk\Smarty\View.php(250): Smarty->fetch('account/_form.t...')
#8 C:\AppServ\www\iLibrary\trunk\Smarty\View.php(259): Smarty_View->fetch('account/_form.t...')
#9 C:\AppServ\www\iLibrary\trunk\Smarty\View.php(187): Smarty_View->_run('account/_form.t...')
#10 C:\AppServ\www\iceworkflow\modules\master\controllers\AccountController.php(217): Smarty_View->output('account/_form.t...')
#11 C:\AppServ\www\openlib\ZendFramework\1.5.0\library\Zend\Controller\Action.php(502): Master_AccountController->accfrmAction()
#12 C:\AppServ\www\openlib\ZendFramework\1.5.0\library\Zend\Controller\Dispatcher\Standard.php(293): Zend_Controller_Action->dispatch('accfrmAction')
#13 C:\AppServ\www\openlib\ZendFramework\1.5.0\library\Zend\Controller\Front.php(914): Zend_Controller_Dispatcher_Standard->dispatch(Object(Zend_Controller_Request_Http), Object(Zend_Controller_Response_Http))
#14 C:\AppServ\www\iceworkflow\index.php(25): Zend_Controller_Front->dispatch()
#15 {main}
2014-06-03T12:33:24+08:00 DEBUG (7): Cannot send headers; headers already sent in C:\AppServ\www\openlib\ZendFramework\1.5.0\library\Zend\Debug.php, line 98
#0 C:\AppServ\www\openlib\ZendFramework\1.5.0\library\Zend\Controller\Response\Abstract.php(147): Zend_Controller_Response_Abstract->canSendHeaders(true)
#1 C:\AppServ\www\openlib\ZendFramework\1.5.0\library\Zend\Controller\Action\Helper\Redirector.php(193): Zend_Controller_Response_Abstract->setRedirect('/iceworkflow/ma...', 302)
#2 C:\AppServ\www\openlib\ZendFramework\1.5.0\library\Zend\Controller\Action\Helper\Redirector.php(364): Zend_Controller_Action_Helper_Redirector->_redirect('/iceworkflow/ma...')
#3 C:\AppServ\www\openlib\ZendFramework\1.5.0\library\Zend\Controller\Action\Helper\Redirector.php(446): Zend_Controller_Action_Helper_Redirector->setGotoUrl('/master/mtmenu/...', Array)
#4 C:\AppServ\www\openlib\ZendFramework\1.5.0\library\Zend\Controller\Action.php(675): Zend_Controller_Action_Helper_Redirector->gotoUrl('/master/mtmenu/...', Array)
#5 C:\AppServ\www\iceworkflow\modules\master\controllers\MtmenuController.php(59): Zend_Controller_Action->_redirect('/master/mtmenu/...')
#6 C:\AppServ\www\openlib\ZendFramework\1.5.0\library\Zend\Controller\Action.php(502): Master_MTmenuController->saveAction()
#7 C:\AppServ\www\openlib\ZendFramework\1.5.0\library\Zend\Controller\Dispatcher\Standard.php(293): Zend_Controller_Action->dispatch('saveAction')
#8 C:\AppServ\www\openlib\ZendFramework\1.5.0\library\Zend\Controller\Front.php(914): Zend_Controller_Dispatcher_Standard->dispatch(Object(Zend_Controller_Request_Http), Object(Zend_Controller_Response_Http))
#9 C:\AppServ\www\iceworkflow\index.php(25): Zend_Controller_Front->dispatch()
#10 {main}
2014-06-03T14:27:03+08:00 DEBUG (7): Mysqli statement execute error : No data supplied for parameters in prepared statement
#0 C:\AppServ\www\openlib\ZendFramework\1.5.0\library\Zend\Db\Statement.php(283): Zend_Db_Statement_Mysqli->_execute(Array)
#1 C:\AppServ\www\openlib\ZendFramework\1.5.0\library\Zend\Db\Adapter\Abstract.php(406): Zend_Db_Statement->execute(Array)
#2 C:\AppServ\www\openlib\ZendFramework\1.5.0\library\Zend\Db\Select.php(580): Zend_Db_Adapter_Abstract->query(Object(Zend_Db_Select))
#3 C:\AppServ\www\iceworkflow\modules\systemapi\models\datasource\account.php(34): Zend_Db_Select->query()
#4 C:\AppServ\www\iceworkflow\modules\master\models\AccountGeneric.php(9): Systemapi_account_Table->getAccount(NULL, NULL, NULL, NULL)
#5 C:\AppServ\www\iceworkflow\modules\master\controllers\FormController.php(24): Master_Account_Generic->getAccount(Array)
#6 C:\AppServ\www\openlib\ZendFramework\1.5.0\library\Zend\Controller\Action.php(502): Master_FormController->displayAction()
#7 C:\AppServ\www\openlib\ZendFramework\1.5.0\library\Zend\Controller\Dispatcher\Standard.php(293): Zend_Controller_Action->dispatch('displayAction')
#8 C:\AppServ\www\openlib\ZendFramework\1.5.0\library\Zend\Controller\Front.php(914): Zend_Controller_Dispatcher_Standard->dispatch(Object(Zend_Controller_Request_Http), Object(Zend_Controller_Response_Http))
#9 C:\AppServ\www\iceworkflow\index.php(25): Zend_Controller_Front->dispatch()
#10 {main}
2014-06-03T14:32:48+08:00 DEBUG (7): Mysqli statement execute error : No data supplied for parameters in prepared statement
#0 C:\AppServ\www\openlib\ZendFramework\1.5.0\library\Zend\Db\Statement.php(283): Zend_Db_Statement_Mysqli->_execute(Array)
#1 C:\AppServ\www\openlib\ZendFramework\1.5.0\library\Zend\Db\Adapter\Abstract.php(406): Zend_Db_Statement->execute(Array)
#2 C:\AppServ\www\openlib\ZendFramework\1.5.0\library\Zend\Db\Select.php(580): Zend_Db_Adapter_Abstract->query(Object(Zend_Db_Select))
#3 C:\AppServ\www\iceworkflow\modules\systemapi\models\datasource\account.php(34): Zend_Db_Select->query()
#4 C:\AppServ\www\iceworkflow\modules\master\models\AccountGeneric.php(9): Systemapi_account_Table->getAccount(NULL, NULL, NULL, NULL)
#5 C:\AppServ\www\iceworkflow\modules\master\controllers\FormController.php(24): Master_Account_Generic->getAccount(Array)
#6 C:\AppServ\www\openlib\ZendFramework\1.5.0\library\Zend\Controller\Action.php(502): Master_FormController->displayAction()
#7 C:\AppServ\www\openlib\ZendFramework\1.5.0\library\Zend\Controller\Dispatcher\Standard.php(293): Zend_Controller_Action->dispatch('displayAction')
#8 C:\AppServ\www\openlib\ZendFramework\1.5.0\library\Zend\Controller\Front.php(914): Zend_Controller_Dispatcher_Standard->dispatch(Object(Zend_Controller_Request_Http), Object(Zend_Controller_Response_Http))
#9 C:\AppServ\www\iceworkflow\index.php(25): Zend_Controller_Front->dispatch()
#10 {main}
2014-06-03T14:38:16+08:00 DEBUG (7): Mysqli statement execute error : No data supplied for parameters in prepared statement
#0 C:\AppServ\www\openlib\ZendFramework\1.5.0\library\Zend\Db\Statement.php(283): Zend_Db_Statement_Mysqli->_execute(Array)
#1 C:\AppServ\www\openlib\ZendFramework\1.5.0\library\Zend\Db\Adapter\Abstract.php(406): Zend_Db_Statement->execute(Array)
#2 C:\AppServ\www\openlib\ZendFramework\1.5.0\library\Zend\Db\Select.php(580): Zend_Db_Adapter_Abstract->query(Object(Zend_Db_Select))
#3 C:\AppServ\www\iceworkflow\modules\systemapi\models\datasource\account.php(34): Zend_Db_Select->query()
#4 C:\AppServ\www\iceworkflow\modules\master\models\AccountGeneric.php(9): Systemapi_account_Table->getAccount(NULL, NULL, NULL, NULL)
#5 C:\AppServ\www\iceworkflow\modules\master\controllers\FormController.php(24): Master_Account_Generic->getAccount(Array)
#6 C:\AppServ\www\openlib\ZendFramework\1.5.0\library\Zend\Controller\Action.php(502): Master_FormController->displayAction()
#7 C:\AppServ\www\openlib\ZendFramework\1.5.0\library\Zend\Controller\Dispatcher\Standard.php(293): Zend_Controller_Action->dispatch('displayAction')
#8 C:\AppServ\www\openlib\ZendFramework\1.5.0\library\Zend\Controller\Front.php(914): Zend_Controller_Dispatcher_Standard->dispatch(Object(Zend_Controller_Request_Http), Object(Zend_Controller_Response_Http))
#9 C:\AppServ\www\iceworkflow\index.php(25): Zend_Controller_Front->dispatch()
#10 {main}
2014-06-03T14:38:44+08:00 DEBUG (7): Mysqli statement execute error : No data supplied for parameters in prepared statement
#0 C:\AppServ\www\openlib\ZendFramework\1.5.0\library\Zend\Db\Statement.php(283): Zend_Db_Statement_Mysqli->_execute(Array)
#1 C:\AppServ\www\openlib\ZendFramework\1.5.0\library\Zend\Db\Adapter\Abstract.php(406): Zend_Db_Statement->execute(Array)
#2 C:\AppServ\www\openlib\ZendFramework\1.5.0\library\Zend\Db\Select.php(580): Zend_Db_Adapter_Abstract->query(Object(Zend_Db_Select))
#3 C:\AppServ\www\iceworkflow\modules\systemapi\models\datasource\account.php(34): Zend_Db_Select->query()
#4 C:\AppServ\www\iceworkflow\modules\master\models\AccountGeneric.php(9): Systemapi_account_Table->getAccount(NULL, NULL, NULL, NULL)
#5 C:\AppServ\www\iceworkflow\modules\master\controllers\FormController.php(24): Master_Account_Generic->getAccount()
#6 C:\AppServ\www\openlib\ZendFramework\1.5.0\library\Zend\Controller\Action.php(502): Master_FormController->displayAction()
#7 C:\AppServ\www\openlib\ZendFramework\1.5.0\library\Zend\Controller\Dispatcher\Standard.php(293): Zend_Controller_Action->dispatch('displayAction')
#8 C:\AppServ\www\openlib\ZendFramework\1.5.0\library\Zend\Controller\Front.php(914): Zend_Controller_Dispatcher_Standard->dispatch(Object(Zend_Controller_Request_Http), Object(Zend_Controller_Response_Http))
#9 C:\AppServ\www\iceworkflow\index.php(25): Zend_Controller_Front->dispatch()
#10 {main}
2014-06-03T14:44:28+08:00 DEBUG (7): Mysqli statement execute error : No data supplied for parameters in prepared statement
#0 C:\AppServ\www\openlib\ZendFramework\1.5.0\library\Zend\Db\Statement.php(283): Zend_Db_Statement_Mysqli->_execute(Array)
#1 C:\AppServ\www\openlib\ZendFramework\1.5.0\library\Zend\Db\Adapter\Abstract.php(406): Zend_Db_Statement->execute(Array)
#2 C:\AppServ\www\openlib\ZendFramework\1.5.0\library\Zend\Db\Select.php(580): Zend_Db_Adapter_Abstract->query(Object(Zend_Db_Select))
#3 C:\AppServ\www\iceworkflow\modules\systemapi\models\datasource\account.php(34): Zend_Db_Select->query()
#4 C:\AppServ\www\iceworkflow\modules\master\models\AccountGeneric.php(11): Systemapi_account_Table->getAccount(NULL, 0, 0, NULL)
#5 C:\AppServ\www\iceworkflow\modules\master\controllers\FormController.php(24): Master_Account_Generic->getAccount(Array)
#6 C:\AppServ\www\openlib\ZendFramework\1.5.0\library\Zend\Controller\Action.php(502): Master_FormController->displayAction()
#7 C:\AppServ\www\openlib\ZendFramework\1.5.0\library\Zend\Controller\Dispatcher\Standard.php(293): Zend_Controller_Action->dispatch('displayAction')
#8 C:\AppServ\www\openlib\ZendFramework\1.5.0\library\Zend\Controller\Front.php(914): Zend_Controller_Dispatcher_Standard->dispatch(Object(Zend_Controller_Request_Http), Object(Zend_Controller_Response_Http))
#9 C:\AppServ\www\iceworkflow\index.php(25): Zend_Controller_Front->dispatch()
#10 {main}
2014-06-03T15:16:03+08:00 DEBUG (7): Invalid bind-variable position ':16'
#0 C:\AppServ\www\openlib\ZendFramework\1.5.0\library\Zend\Db\Statement.php(108): Zend_Db_Statement->_parseParameters('INSERT INTO loo...')
#1 C:\AppServ\www\openlib\ZendFramework\1.5.0\library\Zend\Db\Adapter\Mysqli.php(330): Zend_Db_Statement->__construct(Object(Zend_Db_Adapter_Mysqli), 'INSERT INTO loo...')
#2 C:\AppServ\www\openlib\ZendFramework\1.5.0\library\Zend\Db\Adapter\Abstract.php(405): Zend_Db_Adapter_Mysqli->prepare('INSERT INTO loo...')
#3 C:\AppServ\www\iceworkflow\modules\master\models\MtmenuGeneric.php(79): Zend_Db_Adapter_Abstract->query('INSERT INTO loo...')
#4 C:\AppServ\www\iceworkflow\modules\master\controllers\MtmenuController.php(58): Master_Mtmenu_Generic->saveMenu(Array)
#5 C:\AppServ\www\openlib\ZendFramework\1.5.0\library\Zend\Controller\Action.php(502): Master_MTmenuController->saveAction()
#6 C:\AppServ\www\openlib\ZendFramework\1.5.0\library\Zend\Controller\Dispatcher\Standard.php(293): Zend_Controller_Action->dispatch('saveAction')
#7 C:\AppServ\www\openlib\ZendFramework\1.5.0\library\Zend\Controller\Front.php(914): Zend_Controller_Dispatcher_Standard->dispatch(Object(Zend_Controller_Request_Http), Object(Zend_Controller_Response_Http))
#8 C:\AppServ\www\iceworkflow\index.php(25): Zend_Controller_Front->dispatch()
#9 {main}
2014-06-03T15:30:00+08:00 DEBUG (7): Invalid bind-variable position ':30'
#0 C:\AppServ\www\openlib\ZendFramework\1.5.0\library\Zend\Db\Statement.php(108): Zend_Db_Statement->_parseParameters('INSERT INTO loo...')
#1 C:\AppServ\www\openlib\ZendFramework\1.5.0\library\Zend\Db\Adapter\Mysqli.php(330): Zend_Db_Statement->__construct(Object(Zend_Db_Adapter_Mysqli), 'INSERT INTO loo...')
#2 C:\AppServ\www\openlib\ZendFramework\1.5.0\library\Zend\Db\Adapter\Abstract.php(405): Zend_Db_Adapter_Mysqli->prepare('INSERT INTO loo...')
#3 C:\AppServ\www\iceworkflow\modules\master\models\MtmenuGeneric.php(79): Zend_Db_Adapter_Abstract->query('INSERT INTO loo...')
#4 C:\AppServ\www\iceworkflow\modules\master\controllers\MtmenuController.php(58): Master_Mtmenu_Generic->saveMenu(Array)
#5 C:\AppServ\www\openlib\ZendFramework\1.5.0\library\Zend\Controller\Action.php(502): Master_MTmenuController->saveAction()
#6 C:\AppServ\www\openlib\ZendFramework\1.5.0\library\Zend\Controller\Dispatcher\Standard.php(293): Zend_Controller_Action->dispatch('saveAction')
#7 C:\AppServ\www\openlib\ZendFramework\1.5.0\library\Zend\Controller\Front.php(914): Zend_Controller_Dispatcher_Standard->dispatch(Object(Zend_Controller_Request_Http), Object(Zend_Controller_Response_Http))
#8 C:\AppServ\www\iceworkflow\index.php(25): Zend_Controller_Front->dispatch()
#9 {main}
2014-06-03T15:30:30+08:00 DEBUG (7): Cannot send headers; headers already sent in C:\AppServ\www\openlib\ZendFramework\1.5.0\library\Zend\Debug.php, line 98
#0 C:\AppServ\www\openlib\ZendFramework\1.5.0\library\Zend\Controller\Response\Abstract.php(147): Zend_Controller_Response_Abstract->canSendHeaders(true)
#1 C:\AppServ\www\openlib\ZendFramework\1.5.0\library\Zend\Controller\Action\Helper\Redirector.php(193): Zend_Controller_Response_Abstract->setRedirect('/iceworkflow/ma...', 302)
#2 C:\AppServ\www\openlib\ZendFramework\1.5.0\library\Zend\Controller\Action\Helper\Redirector.php(364): Zend_Controller_Action_Helper_Redirector->_redirect('/iceworkflow/ma...')
#3 C:\AppServ\www\openlib\ZendFramework\1.5.0\library\Zend\Controller\Action\Helper\Redirector.php(446): Zend_Controller_Action_Helper_Redirector->setGotoUrl('/master/mtmenu/...', Array)
#4 C:\AppServ\www\openlib\ZendFramework\1.5.0\library\Zend\Controller\Action.php(675): Zend_Controller_Action_Helper_Redirector->gotoUrl('/master/mtmenu/...', Array)
#5 C:\AppServ\www\iceworkflow\modules\master\controllers\MtmenuController.php(59): Zend_Controller_Action->_redirect('/master/mtmenu/...')
#6 C:\AppServ\www\openlib\ZendFramework\1.5.0\library\Zend\Controller\Action.php(502): Master_MTmenuController->saveAction()
#7 C:\AppServ\www\openlib\ZendFramework\1.5.0\library\Zend\Controller\Dispatcher\Standard.php(293): Zend_Controller_Action->dispatch('saveAction')
#8 C:\AppServ\www\openlib\ZendFramework\1.5.0\library\Zend\Controller\Front.php(914): Zend_Controller_Dispatcher_Standard->dispatch(Object(Zend_Controller_Request_Http), Object(Zend_Controller_Response_Http))
#9 C:\AppServ\www\iceworkflow\index.php(25): Zend_Controller_Front->dispatch()
#10 {main}
2014-06-03T17:25:21+08:00 DEBUG (7): Invalid bind-variable position ':25'
#0 C:\AppServ\www\openlib\ZendFramework\1.5.0\library\Zend\Db\Statement.php(108): Zend_Db_Statement->_parseParameters('INSERT INTO loo...')
#1 C:\AppServ\www\openlib\ZendFramework\1.5.0\library\Zend\Db\Adapter\Mysqli.php(330): Zend_Db_Statement->__construct(Object(Zend_Db_Adapter_Mysqli), 'INSERT INTO loo...')
#2 C:\AppServ\www\openlib\ZendFramework\1.5.0\library\Zend\Db\Adapter\Abstract.php(405): Zend_Db_Adapter_Mysqli->prepare('INSERT INTO loo...')
#3 C:\AppServ\www\iceworkflow\modules\master\models\MtmenuGeneric.php(79): Zend_Db_Adapter_Abstract->query('INSERT INTO loo...')
#4 C:\AppServ\www\iceworkflow\modules\master\controllers\MtmenuController.php(58): Master_Mtmenu_Generic->saveMenu(Array)
#5 C:\AppServ\www\openlib\ZendFramework\1.5.0\library\Zend\Controller\Action.php(502): Master_MTmenuController->saveAction()
#6 C:\AppServ\www\openlib\ZendFramework\1.5.0\library\Zend\Controller\Dispatcher\Standard.php(293): Zend_Controller_Action->dispatch('saveAction')
#7 C:\AppServ\www\openlib\ZendFramework\1.5.0\library\Zend\Controller\Front.php(914): Zend_Controller_Dispatcher_Standard->dispatch(Object(Zend_Controller_Request_Http), Object(Zend_Controller_Response_Http))
#8 C:\AppServ\www\iceworkflow\index.php(25): Zend_Controller_Front->dispatch()
#9 {main}
2014-06-03T17:35:11+08:00 DEBUG (7): Session must be started before any output has been sent to the browser; output started in C:\AppServ\www\iceworkflow\setup\setup.php/52
#0 C:\AppServ\www\openlib\ZendFramework\1.5.0\library\Zend\Session\Namespace.php(116): Zend_Session::start(true)
#1 C:\AppServ\www\openlib\ZendFramework\1.5.0\library\Zend\Auth\Storage\Session.php(85): Zend_Session_Namespace->__construct('Zend_Auth')
#2 C:\AppServ\www\openlib\ZendFramework\1.5.0\library\Zend\Auth.php(92): Zend_Auth_Storage_Session->__construct()
#3 C:\AppServ\www\openlib\ZendFramework\1.5.0\library\Zend\Auth.php(144): Zend_Auth->getStorage()
#4 C:\AppServ\www\iLibrary\trunk\System\Controller\Action.php(341): Zend_Auth->getIdentity()
#5 C:\AppServ\www\iceworkflow\library\Workflow\Controller\Flow\Action.php(26): System_Controller_Action->getProfile()
#6 C:\AppServ\www\openlib\ZendFramework\1.5.0\library\Zend\Controller\Action.php(129): Workflow_Controller_Flow_Action->init()
#7 C:\AppServ\www\openlib\ZendFramework\1.5.0\library\Zend\Controller\Dispatcher\Standard.php(269): Zend_Controller_Action->__construct(Object(Zend_Controller_Request_Http), Object(Zend_Controller_Response_Http), Array)
#8 C:\AppServ\www\openlib\ZendFramework\1.5.0\library\Zend\Controller\Front.php(914): Zend_Controller_Dispatcher_Standard->dispatch(Object(Zend_Controller_Request_Http), Object(Zend_Controller_Response_Http))
#9 C:\AppServ\www\iceworkflow\index.php(28): Zend_Controller_Front->dispatch()
#10 {main}
2014-06-03T17:37:21+08:00 DEBUG (7): Invalid bind-variable position ':37'
#0 C:\AppServ\www\openlib\ZendFramework\1.5.0\library\Zend\Db\Statement.php(108): Zend_Db_Statement->_parseParameters('INSERT INTO loo...')
#1 C:\AppServ\www\openlib\ZendFramework\1.5.0\library\Zend\Db\Adapter\Mysqli.php(330): Zend_Db_Statement->__construct(Object(Zend_Db_Adapter_Mysqli), 'INSERT INTO loo...')
#2 C:\AppServ\www\openlib\ZendFramework\1.5.0\library\Zend\Db\Adapter\Abstract.php(405): Zend_Db_Adapter_Mysqli->prepare('INSERT INTO loo...')
#3 C:\AppServ\www\iceworkflow\modules\master\models\MtmenuGeneric.php(80): Zend_Db_Adapter_Abstract->query('INSERT INTO loo...')
#4 C:\AppServ\www\iceworkflow\modules\master\controllers\MtmenuController.php(58): Master_Mtmenu_Generic->saveMenu(Array)
#5 C:\AppServ\www\openlib\ZendFramework\1.5.0\library\Zend\Controller\Action.php(502): Master_MTmenuController->saveAction()
#6 C:\AppServ\www\openlib\ZendFramework\1.5.0\library\Zend\Controller\Dispatcher\Standard.php(293): Zend_Controller_Action->dispatch('saveAction')
#7 C:\AppServ\www\openlib\ZendFramework\1.5.0\library\Zend\Controller\Front.php(914): Zend_Controller_Dispatcher_Standard->dispatch(Object(Zend_Controller_Request_Http), Object(Zend_Controller_Response_Http))
#8 C:\AppServ\www\iceworkflow\index.php(28): Zend_Controller_Front->dispatch()
#9 {main}
2014-06-03T17:38:08+08:00 DEBUG (7): Cannot send headers; headers already sent in C:\AppServ\www\openlib\ZendFramework\1.5.0\library\Zend\Debug.php, line 98
#0 C:\AppServ\www\openlib\ZendFramework\1.5.0\library\Zend\Controller\Response\Abstract.php(147): Zend_Controller_Response_Abstract->canSendHeaders(true)
#1 C:\AppServ\www\openlib\ZendFramework\1.5.0\library\Zend\Controller\Action\Helper\Redirector.php(193): Zend_Controller_Response_Abstract->setRedirect('/iceworkflow/ma...', 302)
#2 C:\AppServ\www\openlib\ZendFramework\1.5.0\library\Zend\Controller\Action\Helper\Redirector.php(364): Zend_Controller_Action_Helper_Redirector->_redirect('/iceworkflow/ma...')
#3 C:\AppServ\www\openlib\ZendFramework\1.5.0\library\Zend\Controller\Action\Helper\Redirector.php(446): Zend_Controller_Action_Helper_Redirector->setGotoUrl('/master/mtmenu/...', Array)
#4 C:\AppServ\www\openlib\ZendFramework\1.5.0\library\Zend\Controller\Action.php(675): Zend_Controller_Action_Helper_Redirector->gotoUrl('/master/mtmenu/...', Array)
#5 C:\AppServ\www\iceworkflow\modules\master\controllers\MtmenuController.php(59): Zend_Controller_Action->_redirect('/master/mtmenu/...')
#6 C:\AppServ\www\openlib\ZendFramework\1.5.0\library\Zend\Controller\Action.php(502): Master_MTmenuController->saveAction()
#7 C:\AppServ\www\openlib\ZendFramework\1.5.0\library\Zend\Controller\Dispatcher\Standard.php(293): Zend_Controller_Action->dispatch('saveAction')
#8 C:\AppServ\www\openlib\ZendFramework\1.5.0\library\Zend\Controller\Front.php(914): Zend_Controller_Dispatcher_Standard->dispatch(Object(Zend_Controller_Request_Http), Object(Zend_Controller_Response_Http))
#9 C:\AppServ\www\iceworkflow\index.php(28): Zend_Controller_Front->dispatch()
#10 {main}
2014-06-03T17:38:46+08:00 DEBUG (7): Invalid bind-variable position ':38'
#0 C:\AppServ\www\openlib\ZendFramework\1.5.0\library\Zend\Db\Statement.php(108): Zend_Db_Statement->_parseParameters('INSERT INTO loo...')
#1 C:\AppServ\www\openlib\ZendFramework\1.5.0\library\Zend\Db\Adapter\Mysqli.php(330): Zend_Db_Statement->__construct(Object(Zend_Db_Adapter_Mysqli), 'INSERT INTO loo...')
#2 C:\AppServ\www\openlib\ZendFramework\1.5.0\library\Zend\Db\Adapter\Abstract.php(405): Zend_Db_Adapter_Mysqli->prepare('INSERT INTO loo...')
#3 C:\AppServ\www\iceworkflow\modules\master\models\MtmenuGeneric.php(80): Zend_Db_Adapter_Abstract->query('INSERT INTO loo...')
#4 C:\AppServ\www\iceworkflow\modules\master\controllers\MtmenuController.php(58): Master_Mtmenu_Generic->saveMenu(Array)
#5 C:\AppServ\www\openlib\ZendFramework\1.5.0\library\Zend\Controller\Action.php(502): Master_MTmenuController->saveAction()
#6 C:\AppServ\www\openlib\ZendFramework\1.5.0\library\Zend\Controller\Dispatcher\Standard.php(293): Zend_Controller_Action->dispatch('saveAction')
#7 C:\AppServ\www\openlib\ZendFramework\1.5.0\library\Zend\Controller\Front.php(914): Zend_Controller_Dispatcher_Standard->dispatch(Object(Zend_Controller_Request_Http), Object(Zend_Controller_Response_Http))
#8 C:\AppServ\www\iceworkflow\index.php(28): Zend_Controller_Front->dispatch()
#9 {main}
2014-06-03T17:42:57+08:00 DEBUG (7): Cannot send headers; headers already sent in C:\AppServ\www\openlib\ZendFramework\1.5.0\library\Zend\Debug.php, line 98
#0 C:\AppServ\www\openlib\ZendFramework\1.5.0\library\Zend\Controller\Response\Abstract.php(147): Zend_Controller_Response_Abstract->canSendHeaders(true)
#1 C:\AppServ\www\openlib\ZendFramework\1.5.0\library\Zend\Controller\Action\Helper\Redirector.php(193): Zend_Controller_Response_Abstract->setRedirect('/iceworkflow/ma...', 302)
#2 C:\AppServ\www\openlib\ZendFramework\1.5.0\library\Zend\Controller\Action\Helper\Redirector.php(364): Zend_Controller_Action_Helper_Redirector->_redirect('/iceworkflow/ma...')
#3 C:\AppServ\www\openlib\ZendFramework\1.5.0\library\Zend\Controller\Action\Helper\Redirector.php(446): Zend_Controller_Action_Helper_Redirector->setGotoUrl('/master/mtmenu/...', Array)
#4 C:\AppServ\www\openlib\ZendFramework\1.5.0\library\Zend\Controller\Action.php(675): Zend_Controller_Action_Helper_Redirector->gotoUrl('/master/mtmenu/...', Array)
#5 C:\AppServ\www\iceworkflow\modules\master\controllers\MtmenuController.php(59): Zend_Controller_Action->_redirect('/master/mtmenu/...')
#6 C:\AppServ\www\openlib\ZendFramework\1.5.0\library\Zend\Controller\Action.php(502): Master_MTmenuController->saveAction()
#7 C:\AppServ\www\openlib\ZendFramework\1.5.0\library\Zend\Controller\Dispatcher\Standard.php(293): Zend_Controller_Action->dispatch('saveAction')
#8 C:\AppServ\www\openlib\ZendFramework\1.5.0\library\Zend\Controller\Front.php(914): Zend_Controller_Dispatcher_Standard->dispatch(Object(Zend_Controller_Request_Http), Object(Zend_Controller_Response_Http))
#9 C:\AppServ\www\iceworkflow\index.php(28): Zend_Controller_Front->dispatch()
#10 {main}
2014-06-03T18:11:20+08:00 DEBUG (7): Invalid bind-variable position ':11'
#0 C:\AppServ\www\openlib\ZendFramework\1.5.0\library\Zend\Db\Statement.php(108): Zend_Db_Statement->_parseParameters('INSERT INTO loo...')
#1 C:\AppServ\www\openlib\ZendFramework\1.5.0\library\Zend\Db\Adapter\Mysqli.php(330): Zend_Db_Statement->__construct(Object(Zend_Db_Adapter_Mysqli), 'INSERT INTO loo...')
#2 C:\AppServ\www\openlib\ZendFramework\1.5.0\library\Zend\Db\Adapter\Abstract.php(405): Zend_Db_Adapter_Mysqli->prepare('INSERT INTO loo...')
#3 C:\AppServ\www\iceworkflow\modules\master\models\MtmenuGeneric.php(80): Zend_Db_Adapter_Abstract->query('INSERT INTO loo...')
#4 C:\AppServ\www\iceworkflow\modules\master\controllers\MtmenuController.php(58): Master_Mtmenu_Generic->saveMenu(Array)
#5 C:\AppServ\www\openlib\ZendFramework\1.5.0\library\Zend\Controller\Action.php(502): Master_MTmenuController->saveAction()
#6 C:\AppServ\www\openlib\ZendFramework\1.5.0\library\Zend\Controller\Dispatcher\Standard.php(293): Zend_Controller_Action->dispatch('saveAction')
#7 C:\AppServ\www\openlib\ZendFramework\1.5.0\library\Zend\Controller\Front.php(914): Zend_Controller_Dispatcher_Standard->dispatch(Object(Zend_Controller_Request_Http), Object(Zend_Controller_Response_Http))
#8 C:\AppServ\www\iceworkflow\index.php(28): Zend_Controller_Front->dispatch()
#9 {main}
2014-06-03T18:18:04+08:00 DEBUG (7): Session must be started before any output has been sent to the browser; output started in C:\AppServ\www\iceworkflow\setup\helper.inc.php/5
#0 C:\AppServ\www\openlib\ZendFramework\1.5.0\library\Zend\Session\Namespace.php(116): Zend_Session::start(true)
#1 C:\AppServ\www\openlib\ZendFramework\1.5.0\library\Zend\Auth\Storage\Session.php(85): Zend_Session_Namespace->__construct('Zend_Auth')
#2 C:\AppServ\www\openlib\ZendFramework\1.5.0\library\Zend\Auth.php(92): Zend_Auth_Storage_Session->__construct()
#3 C:\AppServ\www\openlib\ZendFramework\1.5.0\library\Zend\Auth.php(144): Zend_Auth->getStorage()
#4 C:\AppServ\www\iLibrary\trunk\System\Controller\Action.php(341): Zend_Auth->getIdentity()
#5 C:\AppServ\www\iceworkflow\library\Workflow\Controller\Flow\Action.php(26): System_Controller_Action->getProfile()
#6 C:\AppServ\www\openlib\ZendFramework\1.5.0\library\Zend\Controller\Action.php(129): Workflow_Controller_Flow_Action->init()
#7 C:\AppServ\www\openlib\ZendFramework\1.5.0\library\Zend\Controller\Dispatcher\Standard.php(269): Zend_Controller_Action->__construct(Object(Zend_Controller_Request_Http), Object(Zend_Controller_Response_Http), Array)
#8 C:\AppServ\www\openlib\ZendFramework\1.5.0\library\Zend\Controller\Front.php(914): Zend_Controller_Dispatcher_Standard->dispatch(Object(Zend_Controller_Request_Http), Object(Zend_Controller_Response_Http))
#9 C:\AppServ\www\iceworkflow\index.php(28): Zend_Controller_Front->dispatch()
#10 {main}
2014-06-03T18:18:30+08:00 DEBUG (7): Session must be started before any output has been sent to the browser; output started in C:\AppServ\www\iceworkflow\setup\setup.php/46
#0 C:\AppServ\www\openlib\ZendFramework\1.5.0\library\Zend\Session\Namespace.php(116): Zend_Session::start(true)
#1 C:\AppServ\www\openlib\ZendFramework\1.5.0\library\Zend\Auth\Storage\Session.php(85): Zend_Session_Namespace->__construct('Zend_Auth')
#2 C:\AppServ\www\openlib\ZendFramework\1.5.0\library\Zend\Auth.php(92): Zend_Auth_Storage_Session->__construct()
#3 C:\AppServ\www\openlib\ZendFramework\1.5.0\library\Zend\Auth.php(144): Zend_Auth->getStorage()
#4 C:\AppServ\www\iLibrary\trunk\System\Controller\Action.php(341): Zend_Auth->getIdentity()
#5 C:\AppServ\www\iceworkflow\library\Workflow\Controller\Flow\Action.php(26): System_Controller_Action->getProfile()
#6 C:\AppServ\www\openlib\ZendFramework\1.5.0\library\Zend\Controller\Action.php(129): Workflow_Controller_Flow_Action->init()
#7 C:\AppServ\www\openlib\ZendFramework\1.5.0\library\Zend\Controller\Dispatcher\Standard.php(269): Zend_Controller_Action->__construct(Object(Zend_Controller_Request_Http), Object(Zend_Controller_Response_Http), Array)
#8 C:\AppServ\www\openlib\ZendFramework\1.5.0\library\Zend\Controller\Front.php(914): Zend_Controller_Dispatcher_Standard->dispatch(Object(Zend_Controller_Request_Http), Object(Zend_Controller_Response_Http))
#9 C:\AppServ\www\iceworkflow\index.php(28): Zend_Controller_Front->dispatch()
#10 {main}
2014-06-03T18:30:59+08:00 DEBUG (7): Cannot send headers; headers already sent in C:\AppServ\www\openlib\ZendFramework\1.5.0\library\Zend\Debug.php, line 98
#0 C:\AppServ\www\openlib\ZendFramework\1.5.0\library\Zend\Controller\Response\Abstract.php(147): Zend_Controller_Response_Abstract->canSendHeaders(true)
#1 C:\AppServ\www\openlib\ZendFramework\1.5.0\library\Zend\Controller\Action\Helper\Redirector.php(193): Zend_Controller_Response_Abstract->setRedirect('/iceworkflow/ma...', 302)
#2 C:\AppServ\www\openlib\ZendFramework\1.5.0\library\Zend\Controller\Action\Helper\Redirector.php(364): Zend_Controller_Action_Helper_Redirector->_redirect('/iceworkflow/ma...')
#3 C:\AppServ\www\openlib\ZendFramework\1.5.0\library\Zend\Controller\Action\Helper\Redirector.php(446): Zend_Controller_Action_Helper_Redirector->setGotoUrl('/master/mtmenu/...', Array)
#4 C:\AppServ\www\openlib\ZendFramework\1.5.0\library\Zend\Controller\Action.php(675): Zend_Controller_Action_Helper_Redirector->gotoUrl('/master/mtmenu/...', Array)
#5 C:\AppServ\www\iceworkflow\modules\master\controllers\MtmenuController.php(59): Zend_Controller_Action->_redirect('/master/mtmenu/...')
#6 C:\AppServ\www\openlib\ZendFramework\1.5.0\library\Zend\Controller\Action.php(502): Master_MTmenuController->saveAction()
#7 C:\AppServ\www\openlib\ZendFramework\1.5.0\library\Zend\Controller\Dispatcher\Standard.php(293): Zend_Controller_Action->dispatch('saveAction')
#8 C:\AppServ\www\openlib\ZendFramework\1.5.0\library\Zend\Controller\Front.php(914): Zend_Controller_Dispatcher_Standard->dispatch(Object(Zend_Controller_Request_Http), Object(Zend_Controller_Response_Http))
#9 C:\AppServ\www\iceworkflow\index.php(28): Zend_Controller_Front->dispatch()
#10 {main}
2014-06-03T18:31:48+08:00 DEBUG (7): Mysqli prepare error: You have an error in your SQL syntax; check the manual that corresponds to your MySQL server version for the right syntax to use near 's'' at line 1
#0 C:\AppServ\www\openlib\ZendFramework\1.5.0\library\Zend\Db\Statement.php(109): Zend_Db_Statement_Mysqli->_prepare('SELECT COUNT(*)...')
#1 C:\AppServ\www\openlib\ZendFramework\1.5.0\library\Zend\Db\Adapter\Mysqli.php(330): Zend_Db_Statement->__construct(Object(Zend_Db_Adapter_Mysqli), 'SELECT COUNT(*)...')
#2 C:\AppServ\www\openlib\ZendFramework\1.5.0\library\Zend\Db\Adapter\Abstract.php(405): Zend_Db_Adapter_Mysqli->prepare('SELECT COUNT(*)...')
#3 C:\AppServ\www\openlib\ZendFramework\1.5.0\library\Zend\Db\Adapter\Abstract.php(711): Zend_Db_Adapter_Abstract->query('SELECT COUNT(*)...', Array)
#4 C:\AppServ\www\iceworkflow\modules\master\models\MtmenuGeneric.php(61): Zend_Db_Adapter_Abstract->fetchOne('SELECT COUNT(*)...')
#5 C:\AppServ\www\iceworkflow\modules\master\controllers\MtmenuController.php(79): Master_Mtmenu_Generic->checkCode(Array)
#6 C:\AppServ\www\openlib\ZendFramework\1.5.0\library\Zend\Controller\Action.php(502): Master_MTmenuController->checkmenuAction()
#7 C:\AppServ\www\openlib\ZendFramework\1.5.0\library\Zend\Controller\Dispatcher\Standard.php(293): Zend_Controller_Action->dispatch('checkmenuAction')
#8 C:\AppServ\www\openlib\ZendFramework\1.5.0\library\Zend\Controller\Front.php(914): Zend_Controller_Dispatcher_Standard->dispatch(Object(Zend_Controller_Request_Http), Object(Zend_Controller_Response_Http))
#9 C:\AppServ\www\iceworkflow\index.php(28): Zend_Controller_Front->dispatch()
#10 {main}
2014-06-03T18:31:49+08:00 DEBUG (7): Cannot send headers; headers already sent in C:\AppServ\www\openlib\ZendFramework\1.5.0\library\Zend\Debug.php, line 98
#0 C:\AppServ\www\openlib\ZendFramework\1.5.0\library\Zend\Controller\Response\Abstract.php(147): Zend_Controller_Response_Abstract->canSendHeaders(true)
#1 C:\AppServ\www\openlib\ZendFramework\1.5.0\library\Zend\Controller\Action\Helper\Redirector.php(193): Zend_Controller_Response_Abstract->setRedirect('/iceworkflow/ma...', 302)
#2 C:\AppServ\www\openlib\ZendFramework\1.5.0\library\Zend\Controller\Action\Helper\Redirector.php(364): Zend_Controller_Action_Helper_Redirector->_redirect('/iceworkflow/ma...')
#3 C:\AppServ\www\openlib\ZendFramework\1.5.0\library\Zend\Controller\Action\Helper\Redirector.php(446): Zend_Controller_Action_Helper_Redirector->setGotoUrl('/master/mtmenu/...', Array)
#4 C:\AppServ\www\openlib\ZendFramework\1.5.0\library\Zend\Controller\Action.php(675): Zend_Controller_Action_Helper_Redirector->gotoUrl('/master/mtmenu/...', Array)
#5 C:\AppServ\www\iceworkflow\modules\master\controllers\MtmenuController.php(59): Zend_Controller_Action->_redirect('/master/mtmenu/...')
#6 C:\AppServ\www\openlib\ZendFramework\1.5.0\library\Zend\Controller\Action.php(502): Master_MTmenuController->saveAction()
#7 C:\AppServ\www\openlib\ZendFramework\1.5.0\library\Zend\Controller\Dispatcher\Standard.php(293): Zend_Controller_Action->dispatch('saveAction')
#8 C:\AppServ\www\openlib\ZendFramework\1.5.0\library\Zend\Controller\Front.php(914): Zend_Controller_Dispatcher_Standard->dispatch(Object(Zend_Controller_Request_Http), Object(Zend_Controller_Response_Http))
#9 C:\AppServ\www\iceworkflow\index.php(28): Zend_Controller_Front->dispatch()
#10 {main}
2014-06-03T18:35:50+08:00 DEBUG (7): Mysqli prepare error: You have an error in your SQL syntax; check the manual that corresponds to your MySQL server version for the right syntax to use near 's  u'' at line 1
#0 C:\AppServ\www\openlib\ZendFramework\1.5.0\library\Zend\Db\Statement.php(109): Zend_Db_Statement_Mysqli->_prepare('SELECT COUNT(*)...')
#1 C:\AppServ\www\openlib\ZendFramework\1.5.0\library\Zend\Db\Adapter\Mysqli.php(330): Zend_Db_Statement->__construct(Object(Zend_Db_Adapter_Mysqli), 'SELECT COUNT(*)...')
#2 C:\AppServ\www\openlib\ZendFramework\1.5.0\library\Zend\Db\Adapter\Abstract.php(405): Zend_Db_Adapter_Mysqli->prepare('SELECT COUNT(*)...')
#3 C:\AppServ\www\openlib\ZendFramework\1.5.0\library\Zend\Db\Adapter\Abstract.php(711): Zend_Db_Adapter_Abstract->query('SELECT COUNT(*)...', Array)
#4 C:\AppServ\www\iceworkflow\modules\master\models\MtmenuGeneric.php(61): Zend_Db_Adapter_Abstract->fetchOne('SELECT COUNT(*)...')
#5 C:\AppServ\www\iceworkflow\modules\master\controllers\MtmenuController.php(79): Master_Mtmenu_Generic->checkCode(Array)
#6 C:\AppServ\www\openlib\ZendFramework\1.5.0\library\Zend\Controller\Action.php(502): Master_MTmenuController->checkmenuAction()
#7 C:\AppServ\www\openlib\ZendFramework\1.5.0\library\Zend\Controller\Dispatcher\Standard.php(293): Zend_Controller_Action->dispatch('checkmenuAction')
#8 C:\AppServ\www\openlib\ZendFramework\1.5.0\library\Zend\Controller\Front.php(914): Zend_Controller_Dispatcher_Standard->dispatch(Object(Zend_Controller_Request_Http), Object(Zend_Controller_Response_Http))
#9 C:\AppServ\www\iceworkflow\index.php(28): Zend_Controller_Front->dispatch()
#10 {main}
2014-06-03T18:35:50+08:00 DEBUG (7): Cannot send headers; headers already sent in C:\AppServ\www\openlib\ZendFramework\1.5.0\library\Zend\Debug.php, line 98
#0 C:\AppServ\www\openlib\ZendFramework\1.5.0\library\Zend\Controller\Response\Abstract.php(147): Zend_Controller_Response_Abstract->canSendHeaders(true)
#1 C:\AppServ\www\openlib\ZendFramework\1.5.0\library\Zend\Controller\Action\Helper\Redirector.php(193): Zend_Controller_Response_Abstract->setRedirect('/iceworkflow/ma...', 302)
#2 C:\AppServ\www\openlib\ZendFramework\1.5.0\library\Zend\Controller\Action\Helper\Redirector.php(364): Zend_Controller_Action_Helper_Redirector->_redirect('/iceworkflow/ma...')
#3 C:\AppServ\www\openlib\ZendFramework\1.5.0\library\Zend\Controller\Action\Helper\Redirector.php(446): Zend_Controller_Action_Helper_Redirector->setGotoUrl('/master/mtmenu/...', Array)
#4 C:\AppServ\www\openlib\ZendFramework\1.5.0\library\Zend\Controller\Action.php(675): Zend_Controller_Action_Helper_Redirector->gotoUrl('/master/mtmenu/...', Array)
#5 C:\AppServ\www\iceworkflow\modules\master\controllers\MtmenuController.php(59): Zend_Controller_Action->_redirect('/master/mtmenu/...')
#6 C:\AppServ\www\openlib\ZendFramework\1.5.0\library\Zend\Controller\Action.php(502): Master_MTmenuController->saveAction()
#7 C:\AppServ\www\openlib\ZendFramework\1.5.0\library\Zend\Controller\Dispatcher\Standard.php(293): Zend_Controller_Action->dispatch('saveAction')
#8 C:\AppServ\www\openlib\ZendFramework\1.5.0\library\Zend\Controller\Front.php(914): Zend_Controller_Dispatcher_Standard->dispatch(Object(Zend_Controller_Request_Http), Object(Zend_Controller_Response_Http))
#9 C:\AppServ\www\iceworkflow\index.php(28): Zend_Controller_Front->dispatch()
#10 {main}
2014-06-03T18:36:43+08:00 DEBUG (7): Cannot send headers; headers already sent in C:\AppServ\www\openlib\ZendFramework\1.5.0\library\Zend\Debug.php, line 98
#0 C:\AppServ\www\openlib\ZendFramework\1.5.0\library\Zend\Controller\Response\Abstract.php(147): Zend_Controller_Response_Abstract->canSendHeaders(true)
#1 C:\AppServ\www\openlib\ZendFramework\1.5.0\library\Zend\Controller\Action\Helper\Redirector.php(193): Zend_Controller_Response_Abstract->setRedirect('/iceworkflow/ma...', 302)
#2 C:\AppServ\www\openlib\ZendFramework\1.5.0\library\Zend\Controller\Action\Helper\Redirector.php(364): Zend_Controller_Action_Helper_Redirector->_redirect('/iceworkflow/ma...')
#3 C:\AppServ\www\openlib\ZendFramework\1.5.0\library\Zend\Controller\Action\Helper\Redirector.php(446): Zend_Controller_Action_Helper_Redirector->setGotoUrl('/master/mtmenu/...', Array)
#4 C:\AppServ\www\openlib\ZendFramework\1.5.0\library\Zend\Controller\Action.php(675): Zend_Controller_Action_Helper_Redirector->gotoUrl('/master/mtmenu/...', Array)
#5 C:\AppServ\www\iceworkflow\modules\master\controllers\MtmenuController.php(72): Zend_Controller_Action->_redirect('/master/mtmenu/...')
#6 C:\AppServ\www\openlib\ZendFramework\1.5.0\library\Zend\Controller\Action.php(502): Master_MTmenuController->deleteAction()
#7 C:\AppServ\www\openlib\ZendFramework\1.5.0\library\Zend\Controller\Dispatcher\Standard.php(293): Zend_Controller_Action->dispatch('deleteAction')
#8 C:\AppServ\www\openlib\ZendFramework\1.5.0\library\Zend\Controller\Front.php(914): Zend_Controller_Dispatcher_Standard->dispatch(Object(Zend_Controller_Request_Http), Object(Zend_Controller_Response_Http))
#9 C:\AppServ\www\iceworkflow\index.php(28): Zend_Controller_Front->dispatch()
#10 {main}
2014-06-03T18:36:59+08:00 DEBUG (7): Cannot send headers; headers already sent in C:\AppServ\www\openlib\ZendFramework\1.5.0\library\Zend\Debug.php, line 98
#0 C:\AppServ\www\openlib\ZendFramework\1.5.0\library\Zend\Controller\Response\Abstract.php(147): Zend_Controller_Response_Abstract->canSendHeaders(true)
#1 C:\AppServ\www\openlib\ZendFramework\1.5.0\library\Zend\Controller\Action\Helper\Redirector.php(193): Zend_Controller_Response_Abstract->setRedirect('/iceworkflow/ma...', 302)
#2 C:\AppServ\www\openlib\ZendFramework\1.5.0\library\Zend\Controller\Action\Helper\Redirector.php(364): Zend_Controller_Action_Helper_Redirector->_redirect('/iceworkflow/ma...')
#3 C:\AppServ\www\openlib\ZendFramework\1.5.0\library\Zend\Controller\Action\Helper\Redirector.php(446): Zend_Controller_Action_Helper_Redirector->setGotoUrl('/master/mtmenu/...', Array)
#4 C:\AppServ\www\openlib\ZendFramework\1.5.0\library\Zend\Controller\Action.php(675): Zend_Controller_Action_Helper_Redirector->gotoUrl('/master/mtmenu/...', Array)
#5 C:\AppServ\www\iceworkflow\modules\master\controllers\MtmenuController.php(72): Zend_Controller_Action->_redirect('/master/mtmenu/...')
#6 C:\AppServ\www\openlib\ZendFramework\1.5.0\library\Zend\Controller\Action.php(502): Master_MTmenuController->deleteAction()
#7 C:\AppServ\www\openlib\ZendFramework\1.5.0\library\Zend\Controller\Dispatcher\Standard.php(293): Zend_Controller_Action->dispatch('deleteAction')
#8 C:\AppServ\www\openlib\ZendFramework\1.5.0\library\Zend\Controller\Front.php(914): Zend_Controller_Dispatcher_Standard->dispatch(Object(Zend_Controller_Request_Http), Object(Zend_Controller_Response_Http))
#9 C:\AppServ\www\iceworkflow\index.php(28): Zend_Controller_Front->dispatch()
#10 {main}
2014-06-03T18:37:10+08:00 DEBUG (7): Cannot send headers; headers already sent in C:\AppServ\www\openlib\ZendFramework\1.5.0\library\Zend\Debug.php, line 98
#0 C:\AppServ\www\openlib\ZendFramework\1.5.0\library\Zend\Controller\Response\Abstract.php(147): Zend_Controller_Response_Abstract->canSendHeaders(true)
#1 C:\AppServ\www\openlib\ZendFramework\1.5.0\library\Zend\Controller\Action\Helper\Redirector.php(193): Zend_Controller_Response_Abstract->setRedirect('/iceworkflow/ma...', 302)
#2 C:\AppServ\www\openlib\ZendFramework\1.5.0\library\Zend\Controller\Action\Helper\Redirector.php(364): Zend_Controller_Action_Helper_Redirector->_redirect('/iceworkflow/ma...')
#3 C:\AppServ\www\openlib\ZendFramework\1.5.0\library\Zend\Controller\Action\Helper\Redirector.php(446): Zend_Controller_Action_Helper_Redirector->setGotoUrl('/master/mtmenu/...', Array)
#4 C:\AppServ\www\openlib\ZendFramework\1.5.0\library\Zend\Controller\Action.php(675): Zend_Controller_Action_Helper_Redirector->gotoUrl('/master/mtmenu/...', Array)
#5 C:\AppServ\www\iceworkflow\modules\master\controllers\MtmenuController.php(72): Zend_Controller_Action->_redirect('/master/mtmenu/...')
#6 C:\AppServ\www\openlib\ZendFramework\1.5.0\library\Zend\Controller\Action.php(502): Master_MTmenuController->deleteAction()
#7 C:\AppServ\www\openlib\ZendFramework\1.5.0\library\Zend\Controller\Dispatcher\Standard.php(293): Zend_Controller_Action->dispatch('deleteAction')
#8 C:\AppServ\www\openlib\ZendFramework\1.5.0\library\Zend\Controller\Front.php(914): Zend_Controller_Dispatcher_Standard->dispatch(Object(Zend_Controller_Request_Http), Object(Zend_Controller_Response_Http))
#9 C:\AppServ\www\iceworkflow\index.php(28): Zend_Controller_Front->dispatch()
#10 {main}
2014-06-03T18:48:28+08:00 DEBUG (7): Mysqli prepare error: You have an error in your SQL syntax; check the manual that corresponds to your MySQL server version for the right syntax to use near 's'' at line 1
#0 C:\AppServ\www\openlib\ZendFramework\1.5.0\library\Zend\Db\Statement.php(109): Zend_Db_Statement_Mysqli->_prepare('SELECT COUNT(*)...')
#1 C:\AppServ\www\openlib\ZendFramework\1.5.0\library\Zend\Db\Adapter\Mysqli.php(330): Zend_Db_Statement->__construct(Object(Zend_Db_Adapter_Mysqli), 'SELECT COUNT(*)...')
#2 C:\AppServ\www\openlib\ZendFramework\1.5.0\library\Zend\Db\Adapter\Abstract.php(405): Zend_Db_Adapter_Mysqli->prepare('SELECT COUNT(*)...')
#3 C:\AppServ\www\openlib\ZendFramework\1.5.0\library\Zend\Db\Adapter\Abstract.php(711): Zend_Db_Adapter_Abstract->query('SELECT COUNT(*)...', Array)
#4 C:\AppServ\www\iceworkflow\modules\master\models\MtmenuGeneric.php(61): Zend_Db_Adapter_Abstract->fetchOne('SELECT COUNT(*)...')
#5 C:\AppServ\www\iceworkflow\modules\master\controllers\MtmenuController.php(79): Master_Mtmenu_Generic->checkCode(Array)
#6 C:\AppServ\www\openlib\ZendFramework\1.5.0\library\Zend\Controller\Action.php(502): Master_MTmenuController->checkmenuAction()
#7 C:\AppServ\www\openlib\ZendFramework\1.5.0\library\Zend\Controller\Dispatcher\Standard.php(293): Zend_Controller_Action->dispatch('checkmenuAction')
#8 C:\AppServ\www\openlib\ZendFramework\1.5.0\library\Zend\Controller\Front.php(914): Zend_Controller_Dispatcher_Standard->dispatch(Object(Zend_Controller_Request_Http), Object(Zend_Controller_Response_Http))
#9 C:\AppServ\www\iceworkflow\index.php(28): Zend_Controller_Front->dispatch()
#10 {main}
2014-06-03T18:48:29+08:00 DEBUG (7): Cannot send headers; headers already sent in C:\AppServ\www\openlib\ZendFramework\1.5.0\library\Zend\Debug.php, line 98
#0 C:\AppServ\www\openlib\ZendFramework\1.5.0\library\Zend\Controller\Response\Abstract.php(147): Zend_Controller_Response_Abstract->canSendHeaders(true)
#1 C:\AppServ\www\openlib\ZendFramework\1.5.0\library\Zend\Controller\Action\Helper\Redirector.php(193): Zend_Controller_Response_Abstract->setRedirect('/iceworkflow/ma...', 302)
#2 C:\AppServ\www\openlib\ZendFramework\1.5.0\library\Zend\Controller\Action\Helper\Redirector.php(364): Zend_Controller_Action_Helper_Redirector->_redirect('/iceworkflow/ma...')
#3 C:\AppServ\www\openlib\ZendFramework\1.5.0\library\Zend\Controller\Action\Helper\Redirector.php(446): Zend_Controller_Action_Helper_Redirector->setGotoUrl('/master/mtmenu/...', Array)
#4 C:\AppServ\www\openlib\ZendFramework\1.5.0\library\Zend\Controller\Action.php(675): Zend_Controller_Action_Helper_Redirector->gotoUrl('/master/mtmenu/...', Array)
#5 C:\AppServ\www\iceworkflow\modules\master\controllers\MtmenuController.php(59): Zend_Controller_Action->_redirect('/master/mtmenu/...')
#6 C:\AppServ\www\openlib\ZendFramework\1.5.0\library\Zend\Controller\Action.php(502): Master_MTmenuController->saveAction()
#7 C:\AppServ\www\openlib\ZendFramework\1.5.0\library\Zend\Controller\Dispatcher\Standard.php(293): Zend_Controller_Action->dispatch('saveAction')
#8 C:\AppServ\www\openlib\ZendFramework\1.5.0\library\Zend\Controller\Front.php(914): Zend_Controller_Dispatcher_Standard->dispatch(Object(Zend_Controller_Request_Http), Object(Zend_Controller_Response_Http))
#9 C:\AppServ\www\iceworkflow\index.php(28): Zend_Controller_Front->dispatch()
#10 {main}
2014-06-03T18:49:19+08:00 DEBUG (7): Mysqli statement execute error : Duplicate entry '1-DEV' for key 1
#0 C:\AppServ\www\openlib\ZendFramework\1.5.0\library\Zend\Db\Statement.php(283): Zend_Db_Statement_Mysqli->_execute(Array)
#1 C:\AppServ\www\openlib\ZendFramework\1.5.0\library\Zend\Db\Adapter\Abstract.php(406): Zend_Db_Statement->execute(Array)
#2 C:\AppServ\www\openlib\ZendFramework\1.5.0\library\Zend\Db\Adapter\Abstract.php(484): Zend_Db_Adapter_Abstract->query('INSERT INTO `lo...', Array)
#3 C:\AppServ\www\iceworkflow\modules\master\models\MtmenuGeneric.php(86): Zend_Db_Adapter_Abstract->insert('lookup_menu', Array)
#4 C:\AppServ\www\iceworkflow\modules\master\controllers\MtmenuController.php(58): Master_Mtmenu_Generic->saveMenu(Array)
#5 C:\AppServ\www\openlib\ZendFramework\1.5.0\library\Zend\Controller\Action.php(502): Master_MTmenuController->saveAction()
#6 C:\AppServ\www\openlib\ZendFramework\1.5.0\library\Zend\Controller\Dispatcher\Standard.php(293): Zend_Controller_Action->dispatch('saveAction')
#7 C:\AppServ\www\openlib\ZendFramework\1.5.0\library\Zend\Controller\Front.php(914): Zend_Controller_Dispatcher_Standard->dispatch(Object(Zend_Controller_Request_Http), Object(Zend_Controller_Response_Http))
#8 C:\AppServ\www\iceworkflow\index.php(28): Zend_Controller_Front->dispatch()
#9 {main}
2014-06-03T18:53:48+08:00 DEBUG (7): Mysqli statement execute error : Duplicate entry '1-eee' for key 1
#0 C:\AppServ\www\openlib\ZendFramework\1.5.0\library\Zend\Db\Statement.php(283): Zend_Db_Statement_Mysqli->_execute(Array)
#1 C:\AppServ\www\openlib\ZendFramework\1.5.0\library\Zend\Db\Adapter\Abstract.php(406): Zend_Db_Statement->execute(Array)
#2 C:\AppServ\www\openlib\ZendFramework\1.5.0\library\Zend\Db\Adapter\Abstract.php(484): Zend_Db_Adapter_Abstract->query('INSERT INTO `lo...', Array)
#3 C:\AppServ\www\iceworkflow\modules\master\models\MtmenuGeneric.php(86): Zend_Db_Adapter_Abstract->insert('lookup_menu', Array)
#4 C:\AppServ\www\iceworkflow\modules\master\controllers\MtmenuController.php(58): Master_Mtmenu_Generic->saveMenu(Array)
#5 C:\AppServ\www\openlib\ZendFramework\1.5.0\library\Zend\Controller\Action.php(502): Master_MTmenuController->saveAction()
#6 C:\AppServ\www\openlib\ZendFramework\1.5.0\library\Zend\Controller\Dispatcher\Standard.php(293): Zend_Controller_Action->dispatch('saveAction')
#7 C:\AppServ\www\openlib\ZendFramework\1.5.0\library\Zend\Controller\Front.php(914): Zend_Controller_Dispatcher_Standard->dispatch(Object(Zend_Controller_Request_Http), Object(Zend_Controller_Response_Http))
#8 C:\AppServ\www\iceworkflow\index.php(28): Zend_Controller_Front->dispatch()
#9 {main}
2014-06-03T18:54:13+08:00 DEBUG (7): Mysqli prepare error: You have an error in your SQL syntax; check the manual that corresponds to your MySQL server version for the right syntax to use near 'ss'' at line 1
#0 C:\AppServ\www\openlib\ZendFramework\1.5.0\library\Zend\Db\Statement.php(109): Zend_Db_Statement_Mysqli->_prepare('SELECT COUNT(*)...')
#1 C:\AppServ\www\openlib\ZendFramework\1.5.0\library\Zend\Db\Adapter\Mysqli.php(330): Zend_Db_Statement->__construct(Object(Zend_Db_Adapter_Mysqli), 'SELECT COUNT(*)...')
#2 C:\AppServ\www\openlib\ZendFramework\1.5.0\library\Zend\Db\Adapter\Abstract.php(405): Zend_Db_Adapter_Mysqli->prepare('SELECT COUNT(*)...')
#3 C:\AppServ\www\openlib\ZendFramework\1.5.0\library\Zend\Db\Adapter\Abstract.php(711): Zend_Db_Adapter_Abstract->query('SELECT COUNT(*)...', Array)
#4 C:\AppServ\www\iceworkflow\modules\master\models\MtmenuGeneric.php(61): Zend_Db_Adapter_Abstract->fetchOne('SELECT COUNT(*)...')
#5 C:\AppServ\www\iceworkflow\modules\master\controllers\MtmenuController.php(82): Master_Mtmenu_Generic->checkCode(Array)
#6 C:\AppServ\www\openlib\ZendFramework\1.5.0\library\Zend\Controller\Action.php(502): Master_MTmenuController->checkmenuAction()
#7 C:\AppServ\www\openlib\ZendFramework\1.5.0\library\Zend\Controller\Dispatcher\Standard.php(293): Zend_Controller_Action->dispatch('checkmenuAction')
#8 C:\AppServ\www\openlib\ZendFramework\1.5.0\library\Zend\Controller\Front.php(914): Zend_Controller_Dispatcher_Standard->dispatch(Object(Zend_Controller_Request_Http), Object(Zend_Controller_Response_Http))
#9 C:\AppServ\www\iceworkflow\index.php(28): Zend_Controller_Front->dispatch()
#10 {main}
2014-06-03T18:56:51+08:00 DEBUG (7): Mysqli prepare error: You have an error in your SQL syntax; check the manual that corresponds to your MySQL server version for the right syntax to use near 'ss'' at line 1
#0 C:\AppServ\www\openlib\ZendFramework\1.5.0\library\Zend\Db\Statement.php(109): Zend_Db_Statement_Mysqli->_prepare('SELECT COUNT(*)...')
#1 C:\AppServ\www\openlib\ZendFramework\1.5.0\library\Zend\Db\Adapter\Mysqli.php(330): Zend_Db_Statement->__construct(Object(Zend_Db_Adapter_Mysqli), 'SELECT COUNT(*)...')
#2 C:\AppServ\www\openlib\ZendFramework\1.5.0\library\Zend\Db\Adapter\Abstract.php(405): Zend_Db_Adapter_Mysqli->prepare('SELECT COUNT(*)...')
#3 C:\AppServ\www\openlib\ZendFramework\1.5.0\library\Zend\Db\Adapter\Abstract.php(711): Zend_Db_Adapter_Abstract->query('SELECT COUNT(*)...', Array)
#4 C:\AppServ\www\iceworkflow\modules\master\models\MtmenuGeneric.php(61): Zend_Db_Adapter_Abstract->fetchOne('SELECT COUNT(*)...')
#5 C:\AppServ\www\iceworkflow\modules\master\controllers\MtmenuController.php(86): Master_Mtmenu_Generic->checkCode(Array)
#6 C:\AppServ\www\openlib\ZendFramework\1.5.0\library\Zend\Controller\Action.php(502): Master_MTmenuController->checkmenuAction()
#7 C:\AppServ\www\openlib\ZendFramework\1.5.0\library\Zend\Controller\Dispatcher\Standard.php(293): Zend_Controller_Action->dispatch('checkmenuAction')
#8 C:\AppServ\www\openlib\ZendFramework\1.5.0\library\Zend\Controller\Front.php(914): Zend_Controller_Dispatcher_Standard->dispatch(Object(Zend_Controller_Request_Http), Object(Zend_Controller_Response_Http))
#9 C:\AppServ\www\iceworkflow\index.php(28): Zend_Controller_Front->dispatch()
#10 {main}
2014-06-03T18:56:52+08:00 DEBUG (7): Cannot send headers; headers already sent in C:\AppServ\www\openlib\ZendFramework\1.5.0\library\Zend\Debug.php, line 98
#0 C:\AppServ\www\openlib\ZendFramework\1.5.0\library\Zend\Controller\Response\Abstract.php(147): Zend_Controller_Response_Abstract->canSendHeaders(true)
#1 C:\AppServ\www\openlib\ZendFramework\1.5.0\library\Zend\Controller\Action\Helper\Redirector.php(193): Zend_Controller_Response_Abstract->setRedirect('/iceworkflow/ma...', 302)
#2 C:\AppServ\www\openlib\ZendFramework\1.5.0\library\Zend\Controller\Action\Helper\Redirector.php(281): Zend_Controller_Action_Helper_Redirector->_redirect('/iceworkflow/ma...')
#3 C:\AppServ\www\openlib\ZendFramework\1.5.0\library\Zend\Controller\Action\Helper\Redirector.php(378): Zend_Controller_Action_Helper_Redirector->setGoto('display', 'mtmenu', NULL, Array)
#4 C:\AppServ\www\openlib\ZendFramework\1.5.0\library\Zend\Controller\Action\Helper\Redirector.php(496): Zend_Controller_Action_Helper_Redirector->goto('display', 'mtmenu', NULL, Array)
#5 [internal function]: Zend_Controller_Action_Helper_Redirector->direct('display', 'mtmenu')
#6 C:\AppServ\www\openlib\ZendFramework\1.5.0\library\Zend\Controller\Action\HelperBroker.php(356): call_user_func_array(Array, Array)
#7 C:\AppServ\www\iceworkflow\modules\master\controllers\MtmenuController.php(61): Zend_Controller_Action_HelperBroker->__call('redirector', Array)
#8 C:\AppServ\www\iceworkflow\modules\master\controllers\MtmenuController.php(61): Zend_Controller_Action_HelperBroker->redirector('display', 'mtmenu')
#9 C:\AppServ\www\openlib\ZendFramework\1.5.0\library\Zend\Controller\Action.php(502): Master_MTmenuController->saveAction()
#10 C:\AppServ\www\openlib\ZendFramework\1.5.0\library\Zend\Controller\Dispatcher\Standard.php(293): Zend_Controller_Action->dispatch('saveAction')
#11 C:\AppServ\www\openlib\ZendFramework\1.5.0\library\Zend\Controller\Front.php(914): Zend_Controller_Dispatcher_Standard->dispatch(Object(Zend_Controller_Request_Http), Object(Zend_Controller_Response_Http))
#12 C:\AppServ\www\iceworkflow\index.php(28): Zend_Controller_Front->dispatch()
#13 {main}
2014-06-03T18:57:46+08:00 DEBUG (7): Cannot send headers; headers already sent in C:\AppServ\www\openlib\ZendFramework\1.5.0\library\Zend\Debug.php, line 98
#0 C:\AppServ\www\openlib\ZendFramework\1.5.0\library\Zend\Controller\Response\Abstract.php(147): Zend_Controller_Response_Abstract->canSendHeaders(true)
#1 C:\AppServ\www\openlib\ZendFramework\1.5.0\library\Zend\Controller\Action\Helper\Redirector.php(193): Zend_Controller_Response_Abstract->setRedirect('/iceworkflow/ma...', 302)
#2 C:\AppServ\www\openlib\ZendFramework\1.5.0\library\Zend\Controller\Action\Helper\Redirector.php(364): Zend_Controller_Action_Helper_Redirector->_redirect('/iceworkflow/ma...')
#3 C:\AppServ\www\openlib\ZendFramework\1.5.0\library\Zend\Controller\Action\Helper\Redirector.php(446): Zend_Controller_Action_Helper_Redirector->setGotoUrl('/master/mtmenu/...', Array)
#4 C:\AppServ\www\openlib\ZendFramework\1.5.0\library\Zend\Controller\Action.php(675): Zend_Controller_Action_Helper_Redirector->gotoUrl('/master/mtmenu/...', Array)
#5 C:\AppServ\www\iceworkflow\modules\master\controllers\MtmenuController.php(62): Zend_Controller_Action->_redirect('/master/mtmenu/...', Array)
#6 C:\AppServ\www\openlib\ZendFramework\1.5.0\library\Zend\Controller\Action.php(502): Master_MTmenuController->saveAction()
#7 C:\AppServ\www\openlib\ZendFramework\1.5.0\library\Zend\Controller\Dispatcher\Standard.php(293): Zend_Controller_Action->dispatch('saveAction')
#8 C:\AppServ\www\openlib\ZendFramework\1.5.0\library\Zend\Controller\Front.php(914): Zend_Controller_Dispatcher_Standard->dispatch(Object(Zend_Controller_Request_Http), Object(Zend_Controller_Response_Http))
#9 C:\AppServ\www\iceworkflow\index.php(28): Zend_Controller_Front->dispatch()
#10 {main}
2014-06-03T18:58:47+08:00 DEBUG (7): Route /master/mtmenu/display is not defined
#0 C:\AppServ\www\openlib\ZendFramework\1.5.0\library\Zend\Controller\Action\Helper\Redirector.php(306): Zend_Controller_Router_Rewrite->getRoute('/master/mtmenu/...')
#1 C:\AppServ\www\iceworkflow\modules\master\controllers\MtmenuController.php(62): Zend_Controller_Action_Helper_Redirector->setGotoRoute(Array, '/master/mtmenu/...')
#2 C:\AppServ\www\openlib\ZendFramework\1.5.0\library\Zend\Controller\Action.php(502): Master_MTmenuController->saveAction()
#3 C:\AppServ\www\openlib\ZendFramework\1.5.0\library\Zend\Controller\Dispatcher\Standard.php(293): Zend_Controller_Action->dispatch('saveAction')
#4 C:\AppServ\www\openlib\ZendFramework\1.5.0\library\Zend\Controller\Front.php(914): Zend_Controller_Dispatcher_Standard->dispatch(Object(Zend_Controller_Request_Http), Object(Zend_Controller_Response_Http))
#5 C:\AppServ\www\iceworkflow\index.php(28): Zend_Controller_Front->dispatch()
#6 {main}
2014-06-03T18:58:59+08:00 DEBUG (7): Mysqli prepare error: You have an error in your SQL syntax; check the manual that corresponds to your MySQL server version for the right syntax to use near 's'' at line 1
#0 C:\AppServ\www\openlib\ZendFramework\1.5.0\library\Zend\Db\Statement.php(109): Zend_Db_Statement_Mysqli->_prepare('SELECT COUNT(*)...')
#1 C:\AppServ\www\openlib\ZendFramework\1.5.0\library\Zend\Db\Adapter\Mysqli.php(330): Zend_Db_Statement->__construct(Object(Zend_Db_Adapter_Mysqli), 'SELECT COUNT(*)...')
#2 C:\AppServ\www\openlib\ZendFramework\1.5.0\library\Zend\Db\Adapter\Abstract.php(405): Zend_Db_Adapter_Mysqli->prepare('SELECT COUNT(*)...')
#3 C:\AppServ\www\openlib\ZendFramework\1.5.0\library\Zend\Db\Adapter\Abstract.php(711): Zend_Db_Adapter_Abstract->query('SELECT COUNT(*)...', Array)
#4 C:\AppServ\www\iceworkflow\modules\master\models\MtmenuGeneric.php(61): Zend_Db_Adapter_Abstract->fetchOne('SELECT COUNT(*)...')
#5 C:\AppServ\www\iceworkflow\modules\master\controllers\MtmenuController.php(88): Master_Mtmenu_Generic->checkCode(Array)
#6 C:\AppServ\www\openlib\ZendFramework\1.5.0\library\Zend\Controller\Action.php(502): Master_MTmenuController->checkmenuAction()
#7 C:\AppServ\www\openlib\ZendFramework\1.5.0\library\Zend\Controller\Dispatcher\Standard.php(293): Zend_Controller_Action->dispatch('checkmenuAction')
#8 C:\AppServ\www\openlib\ZendFramework\1.5.0\library\Zend\Controller\Front.php(914): Zend_Controller_Dispatcher_Standard->dispatch(Object(Zend_Controller_Request_Http), Object(Zend_Controller_Response_Http))
#9 C:\AppServ\www\iceworkflow\index.php(28): Zend_Controller_Front->dispatch()
#10 {main}
2014-06-03T18:59:00+08:00 DEBUG (7): Route /master/mtmenu/display is not defined
#0 C:\AppServ\www\openlib\ZendFramework\1.5.0\library\Zend\Controller\Action\Helper\Redirector.php(306): Zend_Controller_Router_Rewrite->getRoute('/master/mtmenu/...')
#1 C:\AppServ\www\iceworkflow\modules\master\controllers\MtmenuController.php(62): Zend_Controller_Action_Helper_Redirector->setGotoRoute(Array, '/master/mtmenu/...')
#2 C:\AppServ\www\openlib\ZendFramework\1.5.0\library\Zend\Controller\Action.php(502): Master_MTmenuController->saveAction()
#3 C:\AppServ\www\openlib\ZendFramework\1.5.0\library\Zend\Controller\Dispatcher\Standard.php(293): Zend_Controller_Action->dispatch('saveAction')
#4 C:\AppServ\www\openlib\ZendFramework\1.5.0\library\Zend\Controller\Front.php(914): Zend_Controller_Dispatcher_Standard->dispatch(Object(Zend_Controller_Request_Http), Object(Zend_Controller_Response_Http))
#5 C:\AppServ\www\iceworkflow\index.php(28): Zend_Controller_Front->dispatch()
#6 {main}
2014-06-03T18:59:38+08:00 DEBUG (7): Route /master/mtmenu/display is not defined
#0 C:\AppServ\www\openlib\ZendFramework\1.5.0\library\Zend\Controller\Action\Helper\Redirector.php(306): Zend_Controller_Router_Rewrite->getRoute('/master/mtmenu/...')
#1 C:\AppServ\www\iceworkflow\modules\master\controllers\MtmenuController.php(62): Zend_Controller_Action_Helper_Redirector->setGotoRoute(Array, '/master/mtmenu/...')
#2 C:\AppServ\www\openlib\ZendFramework\1.5.0\library\Zend\Controller\Action.php(502): Master_MTmenuController->saveAction()
#3 C:\AppServ\www\openlib\ZendFramework\1.5.0\library\Zend\Controller\Dispatcher\Standard.php(293): Zend_Controller_Action->dispatch('saveAction')
#4 C:\AppServ\www\openlib\ZendFramework\1.5.0\library\Zend\Controller\Front.php(914): Zend_Controller_Dispatcher_Standard->dispatch(Object(Zend_Controller_Request_Http), Object(Zend_Controller_Response_Http))
#5 C:\AppServ\www\iceworkflow\index.php(28): Zend_Controller_Front->dispatch()
#6 {main}
2014-06-03T19:00:00+08:00 DEBUG (7): Route display is not defined
#0 C:\AppServ\www\openlib\ZendFramework\1.5.0\library\Zend\Controller\Action\Helper\Redirector.php(306): Zend_Controller_Router_Rewrite->getRoute('display')
#1 C:\AppServ\www\iceworkflow\modules\master\controllers\MtmenuController.php(62): Zend_Controller_Action_Helper_Redirector->setGotoRoute(Array, 'display')
#2 C:\AppServ\www\openlib\ZendFramework\1.5.0\library\Zend\Controller\Action.php(502): Master_MTmenuController->saveAction()
#3 C:\AppServ\www\openlib\ZendFramework\1.5.0\library\Zend\Controller\Dispatcher\Standard.php(293): Zend_Controller_Action->dispatch('saveAction')
#4 C:\AppServ\www\openlib\ZendFramework\1.5.0\library\Zend\Controller\Front.php(914): Zend_Controller_Dispatcher_Standard->dispatch(Object(Zend_Controller_Request_Http), Object(Zend_Controller_Response_Http))
#5 C:\AppServ\www\iceworkflow\index.php(28): Zend_Controller_Front->dispatch()
#6 {main}
2014-06-03T19:00:15+08:00 DEBUG (7): Cannot send headers; headers already sent in C:\AppServ\www\openlib\ZendFramework\1.5.0\library\Zend\Debug.php, line 98
#0 C:\AppServ\www\openlib\ZendFramework\1.5.0\library\Zend\Controller\Response\Abstract.php(147): Zend_Controller_Response_Abstract->canSendHeaders(true)
#1 C:\AppServ\www\openlib\ZendFramework\1.5.0\library\Zend\Controller\Action\Helper\Redirector.php(193): Zend_Controller_Response_Abstract->setRedirect('/iceworkflow/ma...', 302)
#2 C:\AppServ\www\openlib\ZendFramework\1.5.0\library\Zend\Controller\Action\Helper\Redirector.php(281): Zend_Controller_Action_Helper_Redirector->_redirect('/iceworkflow/ma...')
#3 C:\AppServ\www\openlib\ZendFramework\1.5.0\library\Zend\Controller\Action\Helper\Redirector.php(378): Zend_Controller_Action_Helper_Redirector->setGoto('display', 'mtmenu', NULL, Array)
#4 C:\AppServ\www\openlib\ZendFramework\1.5.0\library\Zend\Controller\Action\Helper\Redirector.php(496): Zend_Controller_Action_Helper_Redirector->goto('display', 'mtmenu', NULL, Array)
#5 [internal function]: Zend_Controller_Action_Helper_Redirector->direct('display', 'mtmenu')
#6 C:\AppServ\www\openlib\ZendFramework\1.5.0\library\Zend\Controller\Action\HelperBroker.php(356): call_user_func_array(Array, Array)
#7 C:\AppServ\www\iceworkflow\modules\master\controllers\MtmenuController.php(63): Zend_Controller_Action_HelperBroker->__call('redirector', Array)
#8 C:\AppServ\www\iceworkflow\modules\master\controllers\MtmenuController.php(63): Zend_Controller_Action_HelperBroker->redirector('display', 'mtmenu')
#9 C:\AppServ\www\openlib\ZendFramework\1.5.0\library\Zend\Controller\Action.php(502): Master_MTmenuController->saveAction()
#10 C:\AppServ\www\openlib\ZendFramework\1.5.0\library\Zend\Controller\Dispatcher\Standard.php(293): Zend_Controller_Action->dispatch('saveAction')
#11 C:\AppServ\www\openlib\ZendFramework\1.5.0\library\Zend\Controller\Front.php(914): Zend_Controller_Dispatcher_Standard->dispatch(Object(Zend_Controller_Request_Http), Object(Zend_Controller_Response_Http))
#12 C:\AppServ\www\iceworkflow\index.php(28): Zend_Controller_Front->dispatch()
#13 {main}
2014-06-03T19:00:30+08:00 DEBUG (7): Cannot send headers; headers already sent in C:\AppServ\www\openlib\ZendFramework\1.5.0\library\Zend\Debug.php, line 98
#0 C:\AppServ\www\openlib\ZendFramework\1.5.0\library\Zend\Controller\Response\Abstract.php(147): Zend_Controller_Response_Abstract->canSendHeaders(true)
#1 C:\AppServ\www\openlib\ZendFramework\1.5.0\library\Zend\Controller\Action\Helper\Redirector.php(193): Zend_Controller_Response_Abstract->setRedirect('/iceworkflow/ma...', 302)
#2 C:\AppServ\www\openlib\ZendFramework\1.5.0\library\Zend\Controller\Action\Helper\Redirector.php(281): Zend_Controller_Action_Helper_Redirector->_redirect('/iceworkflow/ma...')
#3 C:\AppServ\www\openlib\ZendFramework\1.5.0\library\Zend\Controller\Action\Helper\Redirector.php(378): Zend_Controller_Action_Helper_Redirector->setGoto('display', 'mtmenu', NULL, Array)
#4 C:\AppServ\www\openlib\ZendFramework\1.5.0\library\Zend\Controller\Action\Helper\Redirector.php(496): Zend_Controller_Action_Helper_Redirector->goto('display', 'mtmenu', NULL, Array)
#5 [internal function]: Zend_Controller_Action_Helper_Redirector->direct('display', 'mtmenu')
#6 C:\AppServ\www\openlib\ZendFramework\1.5.0\library\Zend\Controller\Action\HelperBroker.php(356): call_user_func_array(Array, Array)
#7 C:\AppServ\www\iceworkflow\modules\master\controllers\MtmenuController.php(63): Zend_Controller_Action_HelperBroker->__call('redirector', Array)
#8 C:\AppServ\www\iceworkflow\modules\master\controllers\MtmenuController.php(63): Zend_Controller_Action_HelperBroker->redirector('display', 'mtmenu')
#9 C:\AppServ\www\openlib\ZendFramework\1.5.0\library\Zend\Controller\Action.php(502): Master_MTmenuController->saveAction()
#10 C:\AppServ\www\openlib\ZendFramework\1.5.0\library\Zend\Controller\Dispatcher\Standard.php(293): Zend_Controller_Action->dispatch('saveAction')
#11 C:\AppServ\www\openlib\ZendFramework\1.5.0\library\Zend\Controller\Front.php(914): Zend_Controller_Dispatcher_Standard->dispatch(Object(Zend_Controller_Request_Http), Object(Zend_Controller_Response_Http))
#12 C:\AppServ\www\iceworkflow\index.php(28): Zend_Controller_Front->dispatch()
#13 {main}
2014-06-03T19:01:29+08:00 DEBUG (7): Cannot send headers; headers already sent in C:\AppServ\www\openlib\ZendFramework\1.5.0\library\Zend\Debug.php, line 98
#0 C:\AppServ\www\openlib\ZendFramework\1.5.0\library\Zend\Controller\Response\Abstract.php(147): Zend_Controller_Response_Abstract->canSendHeaders(true)
#1 C:\AppServ\www\openlib\ZendFramework\1.5.0\library\Zend\Controller\Action\Helper\Redirector.php(193): Zend_Controller_Response_Abstract->setRedirect('/iceworkflow/di...', 302)
#2 C:\AppServ\www\openlib\ZendFramework\1.5.0\library\Zend\Controller\Action\Helper\Redirector.php(364): Zend_Controller_Action_Helper_Redirector->_redirect('/iceworkflow/di...')
#3 C:\AppServ\www\openlib\ZendFramework\1.5.0\library\Zend\Controller\Action\Helper\Redirector.php(446): Zend_Controller_Action_Helper_Redirector->setGotoUrl('/display', Array)
#4 C:\AppServ\www\openlib\ZendFramework\1.5.0\library\Zend\Controller\Action.php(675): Zend_Controller_Action_Helper_Redirector->gotoUrl('/display', Array)
#5 C:\AppServ\www\iceworkflow\modules\master\controllers\MtmenuController.php(67): Zend_Controller_Action->_redirect('/display')
#6 C:\AppServ\www\openlib\ZendFramework\1.5.0\library\Zend\Controller\Action.php(502): Master_MTmenuController->saveAction()
#7 C:\AppServ\www\openlib\ZendFramework\1.5.0\library\Zend\Controller\Dispatcher\Standard.php(293): Zend_Controller_Action->dispatch('saveAction')
#8 C:\AppServ\www\openlib\ZendFramework\1.5.0\library\Zend\Controller\Front.php(914): Zend_Controller_Dispatcher_Standard->dispatch(Object(Zend_Controller_Request_Http), Object(Zend_Controller_Response_Http))
#9 C:\AppServ\www\iceworkflow\index.php(28): Zend_Controller_Front->dispatch()
#10 {main}
2014-06-03T19:01:40+08:00 DEBUG (7): Cannot send headers; headers already sent in C:\AppServ\www\openlib\ZendFramework\1.5.0\library\Zend\Debug.php, line 98
#0 C:\AppServ\www\openlib\ZendFramework\1.5.0\library\Zend\Controller\Response\Abstract.php(147): Zend_Controller_Response_Abstract->canSendHeaders(true)
#1 C:\AppServ\www\openlib\ZendFramework\1.5.0\library\Zend\Controller\Action\Helper\Redirector.php(193): Zend_Controller_Response_Abstract->setRedirect('/iceworkflow/di...', 302)
#2 C:\AppServ\www\openlib\ZendFramework\1.5.0\library\Zend\Controller\Action\Helper\Redirector.php(364): Zend_Controller_Action_Helper_Redirector->_redirect('/iceworkflow/di...')
#3 C:\AppServ\www\openlib\ZendFramework\1.5.0\library\Zend\Controller\Action\Helper\Redirector.php(446): Zend_Controller_Action_Helper_Redirector->setGotoUrl('display', Array)
#4 C:\AppServ\www\openlib\ZendFramework\1.5.0\library\Zend\Controller\Action.php(675): Zend_Controller_Action_Helper_Redirector->gotoUrl('display', Array)
#5 C:\AppServ\www\iceworkflow\modules\master\controllers\MtmenuController.php(67): Zend_Controller_Action->_redirect('display')
#6 C:\AppServ\www\openlib\ZendFramework\1.5.0\library\Zend\Controller\Action.php(502): Master_MTmenuController->saveAction()
#7 C:\AppServ\www\openlib\ZendFramework\1.5.0\library\Zend\Controller\Dispatcher\Standard.php(293): Zend_Controller_Action->dispatch('saveAction')
#8 C:\AppServ\www\openlib\ZendFramework\1.5.0\library\Zend\Controller\Front.php(914): Zend_Controller_Dispatcher_Standard->dispatch(Object(Zend_Controller_Request_Http), Object(Zend_Controller_Response_Http))
#9 C:\AppServ\www\iceworkflow\index.php(28): Zend_Controller_Front->dispatch()
#10 {main}
2014-06-03T19:10:37+08:00 DEBUG (7): Cannot send headers; headers already sent in C:\AppServ\www\openlib\ZendFramework\1.5.0\library\Zend\Debug.php, line 98
#0 C:\AppServ\www\openlib\ZendFramework\1.5.0\library\Zend\Controller\Response\Abstract.php(147): Zend_Controller_Response_Abstract->canSendHeaders(true)
#1 C:\AppServ\www\openlib\ZendFramework\1.5.0\library\Zend\Controller\Action\Helper\Redirector.php(193): Zend_Controller_Response_Abstract->setRedirect('/iceworkflow/ma...', 302)
#2 C:\AppServ\www\openlib\ZendFramework\1.5.0\library\Zend\Controller\Action\Helper\Redirector.php(312): Zend_Controller_Action_Helper_Redirector->_redirect('/iceworkflow/ma...')
#3 C:\AppServ\www\openlib\ZendFramework\1.5.0\library\Zend\Controller\Action\Helper\Redirector.php(413): Zend_Controller_Action_Helper_Redirector->setGotoRoute(Array, NULL, false)
#4 C:\AppServ\www\iceworkflow\modules\master\controllers\MtmenuController.php(63): Zend_Controller_Action_Helper_Redirector->gotoRoute(Array)
#5 C:\AppServ\www\openlib\ZendFramework\1.5.0\library\Zend\Controller\Action.php(502): Master_MTmenuController->saveAction()
#6 C:\AppServ\www\openlib\ZendFramework\1.5.0\library\Zend\Controller\Dispatcher\Standard.php(293): Zend_Controller_Action->dispatch('saveAction')
#7 C:\AppServ\www\openlib\ZendFramework\1.5.0\library\Zend\Controller\Front.php(914): Zend_Controller_Dispatcher_Standard->dispatch(Object(Zend_Controller_Request_Http), Object(Zend_Controller_Response_Http))
#8 C:\AppServ\www\iceworkflow\index.php(28): Zend_Controller_Front->dispatch()
#9 {main}
2014-06-03T19:47:43+08:00 DEBUG (7): Mysqli prepare error: You have an error in your SQL syntax; check the manual that corresponds to your MySQL server version for the right syntax to use near 's'' at line 1
#0 C:\AppServ\www\openlib\ZendFramework\1.5.0\library\Zend\Db\Statement.php(109): Zend_Db_Statement_Mysqli->_prepare('SELECT COUNT(*)...')
#1 C:\AppServ\www\openlib\ZendFramework\1.5.0\library\Zend\Db\Adapter\Mysqli.php(330): Zend_Db_Statement->__construct(Object(Zend_Db_Adapter_Mysqli), 'SELECT COUNT(*)...')
#2 C:\AppServ\www\openlib\ZendFramework\1.5.0\library\Zend\Db\Adapter\Abstract.php(405): Zend_Db_Adapter_Mysqli->prepare('SELECT COUNT(*)...')
#3 C:\AppServ\www\openlib\ZendFramework\1.5.0\library\Zend\Db\Adapter\Abstract.php(711): Zend_Db_Adapter_Abstract->query('SELECT COUNT(*)...', Array)
#4 C:\AppServ\www\iceworkflow\modules\master\models\MtmenuGeneric.php(61): Zend_Db_Adapter_Abstract->fetchOne('SELECT COUNT(*)...')
#5 C:\AppServ\www\iceworkflow\modules\master\controllers\MtmenuController.php(83): Master_Mtmenu_Generic->checkCode(Array)
#6 C:\AppServ\www\openlib\ZendFramework\1.5.0\library\Zend\Controller\Action.php(502): Master_MTmenuController->checkmenuAction()
#7 C:\AppServ\www\openlib\ZendFramework\1.5.0\library\Zend\Controller\Dispatcher\Standard.php(293): Zend_Controller_Action->dispatch('checkmenuAction')
#8 C:\AppServ\www\openlib\ZendFramework\1.5.0\library\Zend\Controller\Front.php(914): Zend_Controller_Dispatcher_Standard->dispatch(Object(Zend_Controller_Request_Http), Object(Zend_Controller_Response_Http))
#9 C:\AppServ\www\iceworkflow\index.php(28): Zend_Controller_Front->dispatch()
#10 {main}
