2014-10-13T11:19:33+07:00 DEBUG (7): Invalid controller specified (favicon.png)
#0 C:\AppServ\www\openlib\ZendFramework\1.5.0\library\Zend\Controller\Front.php(914): Zend_Controller_Dispatcher_Standard->dispatch(Object(Zend_Controller_Request_Http), Object(Zend_Controller_Response_Http))
#1 C:\AppServ\www\rsEvaluation\public\index.php(200): Zend_Controller_Front->dispatch()
#2 {main}
2014-10-13T11:22:58+07:00 DEBUG (7): Action "img" does not exist and was not trapped in __call()
#0 C:\AppServ\www\openlib\ZendFramework\1.5.0\library\Zend\Controller\Action.php(504): Zend_Controller_Action->__call('imgAction', Array)
#1 C:\AppServ\www\openlib\ZendFramework\1.5.0\library\Zend\Controller\Dispatcher\Standard.php(293): Zend_Controller_Action->dispatch('imgAction')
#2 C:\AppServ\www\openlib\ZendFramework\1.5.0\library\Zend\Controller\Front.php(914): Zend_Controller_Dispatcher_Standard->dispatch(Object(Zend_Controller_Request_Http), Object(Zend_Controller_Response_Http))
#3 C:\AppServ\www\rsEvaluation\public\index.php(200): Zend_Controller_Front->dispatch()
#4 {main}
2014-10-13T11:23:08+07:00 DEBUG (7): Action "img" does not exist and was not trapped in __call()
#0 C:\AppServ\www\openlib\ZendFramework\1.5.0\library\Zend\Controller\Action.php(504): Zend_Controller_Action->__call('imgAction', Array)
#1 C:\AppServ\www\openlib\ZendFramework\1.5.0\library\Zend\Controller\Dispatcher\Standard.php(293): Zend_Controller_Action->dispatch('imgAction')
#2 C:\AppServ\www\openlib\ZendFramework\1.5.0\library\Zend\Controller\Front.php(914): Zend_Controller_Dispatcher_Standard->dispatch(Object(Zend_Controller_Request_Http), Object(Zend_Controller_Response_Http))
#3 C:\AppServ\www\rsEvaluation\public\index.php(200): Zend_Controller_Front->dispatch()
#4 {main}
2014-10-13T11:23:08+07:00 DEBUG (7): Action "img" does not exist and was not trapped in __call()
#0 C:\AppServ\www\openlib\ZendFramework\1.5.0\library\Zend\Controller\Action.php(504): Zend_Controller_Action->__call('imgAction', Array)
#1 C:\AppServ\www\openlib\ZendFramework\1.5.0\library\Zend\Controller\Dispatcher\Standard.php(293): Zend_Controller_Action->dispatch('imgAction')
#2 C:\AppServ\www\openlib\ZendFramework\1.5.0\library\Zend\Controller\Front.php(914): Zend_Controller_Dispatcher_Standard->dispatch(Object(Zend_Controller_Request_Http), Object(Zend_Controller_Response_Http))
#3 C:\AppServ\www\rsEvaluation\public\index.php(200): Zend_Controller_Front->dispatch()
#4 {main}
2014-10-13T11:23:08+07:00 DEBUG (7): Action "img" does not exist and was not trapped in __call()
#0 C:\AppServ\www\openlib\ZendFramework\1.5.0\library\Zend\Controller\Action.php(504): Zend_Controller_Action->__call('imgAction', Array)
#1 C:\AppServ\www\openlib\ZendFramework\1.5.0\library\Zend\Controller\Dispatcher\Standard.php(293): Zend_Controller_Action->dispatch('imgAction')
#2 C:\AppServ\www\openlib\ZendFramework\1.5.0\library\Zend\Controller\Front.php(914): Zend_Controller_Dispatcher_Standard->dispatch(Object(Zend_Controller_Request_Http), Object(Zend_Controller_Response_Http))
#3 C:\AppServ\www\rsEvaluation\public\index.php(200): Zend_Controller_Front->dispatch()
#4 {main}
2014-10-13T11:23:08+07:00 DEBUG (7): Action "img" does not exist and was not trapped in __call()
#0 C:\AppServ\www\openlib\ZendFramework\1.5.0\library\Zend\Controller\Action.php(504): Zend_Controller_Action->__call('imgAction', Array)
#1 C:\AppServ\www\openlib\ZendFramework\1.5.0\library\Zend\Controller\Dispatcher\Standard.php(293): Zend_Controller_Action->dispatch('imgAction')
#2 C:\AppServ\www\openlib\ZendFramework\1.5.0\library\Zend\Controller\Front.php(914): Zend_Controller_Dispatcher_Standard->dispatch(Object(Zend_Controller_Request_Http), Object(Zend_Controller_Response_Http))
#3 C:\AppServ\www\rsEvaluation\public\index.php(200): Zend_Controller_Front->dispatch()
#4 {main}
2014-10-13T11:23:08+07:00 DEBUG (7): Action "img" does not exist and was not trapped in __call()
#0 C:\AppServ\www\openlib\ZendFramework\1.5.0\library\Zend\Controller\Action.php(504): Zend_Controller_Action->__call('imgAction', Array)
#1 C:\AppServ\www\openlib\ZendFramework\1.5.0\library\Zend\Controller\Dispatcher\Standard.php(293): Zend_Controller_Action->dispatch('imgAction')
#2 C:\AppServ\www\openlib\ZendFramework\1.5.0\library\Zend\Controller\Front.php(914): Zend_Controller_Dispatcher_Standard->dispatch(Object(Zend_Controller_Request_Http), Object(Zend_Controller_Response_Http))
#3 C:\AppServ\www\rsEvaluation\public\index.php(200): Zend_Controller_Front->dispatch()
#4 {main}
2014-10-13T11:23:09+07:00 DEBUG (7): Invalid controller specified (favicon.png)
#0 C:\AppServ\www\openlib\ZendFramework\1.5.0\library\Zend\Controller\Front.php(914): Zend_Controller_Dispatcher_Standard->dispatch(Object(Zend_Controller_Request_Http), Object(Zend_Controller_Response_Http))
#1 C:\AppServ\www\rsEvaluation\public\index.php(200): Zend_Controller_Front->dispatch()
#2 {main}
2014-10-13T16:28:57+07:00 DEBUG (7): Invalid controller specified (favicon.png)
#0 C:\AppServ\www\openlib\ZendFramework\1.5.0\library\Zend\Controller\Front.php(914): Zend_Controller_Dispatcher_Standard->dispatch(Object(Zend_Controller_Request_Http), Object(Zend_Controller_Response_Http))
#1 C:\AppServ\www\rsEvaluation\public\index.php(200): Zend_Controller_Front->dispatch()
#2 {main}
2014-10-13T16:55:43+07:00 DEBUG (7): Invalid controller specified (favicon.png)
#0 C:\AppServ\www\openlib\ZendFramework\1.5.0\library\Zend\Controller\Front.php(914): Zend_Controller_Dispatcher_Standard->dispatch(Object(Zend_Controller_Request_Http), Object(Zend_Controller_Response_Http))
#1 C:\AppServ\www\rsEvaluation\public\index.php(200): Zend_Controller_Front->dispatch()
#2 {main}
