2014-06-11T16:09:11+08:00 DEBUG (7): Mysqli prepare error: Unknown column 'm.MAX(sl_column' in 'field list'
#0 C:\AppServ\www\openlib\ZendFramework\1.5.0\library\Zend\Db\Statement.php(109): Zend_Db_Statement_Mysqli->_prepare('SELECT `m`.`MAX...')
#1 C:\AppServ\www\openlib\ZendFramework\1.5.0\library\Zend\Db\Adapter\Mysqli.php(330): Zend_Db_Statement->__construct(Object(Zend_Db_Adapter_Mysqli), 'SELECT `m`.`MAX...')
#2 C:\AppServ\www\openlib\ZendFramework\1.5.0\library\Zend\Db\Adapter\Abstract.php(405): Zend_Db_Adapter_Mysqli->prepare('SELECT `m`.`MAX...')
#3 C:\AppServ\www\openlib\ZendFramework\1.5.0\library\Zend\Db\Select.php(580): Zend_Db_Adapter_Abstract->query(Object(Zend_Db_Select))
#4 C:\AppServ\www\iceworkflow\modules\systemapi\models\datasource\evaluate.php(382): Zend_Db_Select->query()
#5 C:\AppServ\www\iceworkflow\modules\workflow\models\EvaluateGeneric.php(1808): Systemapi_evaluate_Table->getMaxSublineApprove('mph_id = 72 AND...')
#6 C:\AppServ\www\iceworkflow\modules\workflow\controllers\EvaluateController.php(1704): Workflow_Evaluate_Generic->getLastSubLinePI('72')
#7 C:\AppServ\www\openlib\ZendFramework\1.5.0\library\Zend\Controller\Action.php(502): Workflow_EvaluateController->backwardAction()
#8 C:\AppServ\www\openlib\ZendFramework\1.5.0\library\Zend\Controller\Dispatcher\Standard.php(293): Zend_Controller_Action->dispatch('backwardAction')
#9 C:\AppServ\www\openlib\ZendFramework\1.5.0\library\Zend\Controller\Front.php(914): Zend_Controller_Dispatcher_Standard->dispatch(Object(Zend_Controller_Request_Http), Object(Zend_Controller_Response_Http))
#10 C:\AppServ\www\iceworkflow\index.php(28): Zend_Controller_Front->dispatch()
#11 {main}
2014-06-11T16:17:29+08:00 DEBUG (7): Mysqli prepare error: Mixing of GROUP columns (MIN(),MAX(),COUNT(),...) with no GROUP columns is illegal if there is no GROUP BY clause
#0 C:\AppServ\www\openlib\ZendFramework\1.5.0\library\Zend\Db\Statement.php(109): Zend_Db_Statement_Mysqli->_prepare('SELECT `m`.*, M...')
#1 C:\AppServ\www\openlib\ZendFramework\1.5.0\library\Zend\Db\Adapter\Mysqli.php(330): Zend_Db_Statement->__construct(Object(Zend_Db_Adapter_Mysqli), 'SELECT `m`.*, M...')
#2 C:\AppServ\www\openlib\ZendFramework\1.5.0\library\Zend\Db\Adapter\Abstract.php(405): Zend_Db_Adapter_Mysqli->prepare('SELECT `m`.*, M...')
#3 C:\AppServ\www\openlib\ZendFramework\1.5.0\library\Zend\Db\Select.php(580): Zend_Db_Adapter_Abstract->query(Object(Zend_Db_Select))
#4 C:\AppServ\www\iceworkflow\modules\systemapi\models\datasource\evaluate.php(358): Zend_Db_Select->query()
#5 C:\AppServ\www\iceworkflow\modules\workflow\models\EvaluateGeneric.php(1811): Systemapi_evaluate_Table->getEvaluateSubLineLastApprove('mph_id = 72 AND...', NULL)
#6 C:\AppServ\www\iceworkflow\modules\workflow\controllers\EvaluateController.php(1704): Workflow_Evaluate_Generic->getLastSubLinePI('72')
#7 C:\AppServ\www\openlib\ZendFramework\1.5.0\library\Zend\Controller\Action.php(502): Workflow_EvaluateController->backwardAction()
#8 C:\AppServ\www\openlib\ZendFramework\1.5.0\library\Zend\Controller\Dispatcher\Standard.php(293): Zend_Controller_Action->dispatch('backwardAction')
#9 C:\AppServ\www\openlib\ZendFramework\1.5.0\library\Zend\Controller\Front.php(914): Zend_Controller_Dispatcher_Standard->dispatch(Object(Zend_Controller_Request_Http), Object(Zend_Controller_Response_Http))
#10 C:\AppServ\www\iceworkflow\index.php(28): Zend_Controller_Front->dispatch()
#11 {main}
2014-06-11T16:18:17+08:00 DEBUG (7): Mysqli prepare error: Mixing of GROUP columns (MIN(),MAX(),COUNT(),...) with no GROUP columns is illegal if there is no GROUP BY clause
#0 C:\AppServ\www\openlib\ZendFramework\1.5.0\library\Zend\Db\Statement.php(109): Zend_Db_Statement_Mysqli->_prepare('SELECT `m`.*, M...')
#1 C:\AppServ\www\openlib\ZendFramework\1.5.0\library\Zend\Db\Adapter\Mysqli.php(330): Zend_Db_Statement->__construct(Object(Zend_Db_Adapter_Mysqli), 'SELECT `m`.*, M...')
#2 C:\AppServ\www\openlib\ZendFramework\1.5.0\library\Zend\Db\Adapter\Abstract.php(405): Zend_Db_Adapter_Mysqli->prepare('SELECT `m`.*, M...')
#3 C:\AppServ\www\openlib\ZendFramework\1.5.0\library\Zend\Db\Select.php(580): Zend_Db_Adapter_Abstract->query(Object(Zend_Db_Select))
#4 C:\AppServ\www\iceworkflow\modules\systemapi\models\datasource\evaluate.php(358): Zend_Db_Select->query()
#5 C:\AppServ\www\iceworkflow\modules\workflow\models\EvaluateGeneric.php(1810): Systemapi_evaluate_Table->getEvaluateSubLineLastApprove('mph_id = 72 AND...', 6)
#6 C:\AppServ\www\iceworkflow\modules\workflow\controllers\EvaluateController.php(1704): Workflow_Evaluate_Generic->getLastSubLinePI('72')
#7 C:\AppServ\www\openlib\ZendFramework\1.5.0\library\Zend\Controller\Action.php(502): Workflow_EvaluateController->backwardAction()
#8 C:\AppServ\www\openlib\ZendFramework\1.5.0\library\Zend\Controller\Dispatcher\Standard.php(293): Zend_Controller_Action->dispatch('backwardAction')
#9 C:\AppServ\www\openlib\ZendFramework\1.5.0\library\Zend\Controller\Front.php(914): Zend_Controller_Dispatcher_Standard->dispatch(Object(Zend_Controller_Request_Http), Object(Zend_Controller_Response_Http))
#10 C:\AppServ\www\iceworkflow\index.php(28): Zend_Controller_Front->dispatch()
#11 {main}
2014-06-11T19:34:47+08:00 DEBUG (7): Mysqli prepare error: You have an error in your SQL syntax; check the manual that corresponds to your MySQL server version for the right syntax to use near ') ORDER BY `m`.`mpl_id` ASC' at line 1
#0 C:\AppServ\www\openlib\ZendFramework\1.5.0\library\Zend\Db\Statement.php(109): Zend_Db_Statement_Mysqli->_prepare('SELECT `m`.* FR...')
#1 C:\AppServ\www\openlib\ZendFramework\1.5.0\library\Zend\Db\Adapter\Mysqli.php(330): Zend_Db_Statement->__construct(Object(Zend_Db_Adapter_Mysqli), 'SELECT `m`.* FR...')
#2 C:\AppServ\www\openlib\ZendFramework\1.5.0\library\Zend\Db\Adapter\Abstract.php(405): Zend_Db_Adapter_Mysqli->prepare('SELECT `m`.* FR...')
#3 C:\AppServ\www\openlib\ZendFramework\1.5.0\library\Zend\Db\Select.php(580): Zend_Db_Adapter_Abstract->query(Object(Zend_Db_Select))
#4 C:\AppServ\www\iceworkflow\modules\systemapi\models\datasource\evaluate.php(358): Zend_Db_Select->query()
#5 C:\AppServ\www\iceworkflow\modules\workflow\models\EvaluateGeneric.php(1813): Systemapi_evaluate_Table->getEvaluateSubLineLastApprove('mph_id = 72 AND...', NULL)
#6 C:\AppServ\www\iceworkflow\modules\workflow\controllers\EvaluateController.php(1704): Workflow_Evaluate_Generic->getLastSubLinePI('72')
#7 C:\AppServ\www\openlib\ZendFramework\1.5.0\library\Zend\Controller\Action.php(502): Workflow_EvaluateController->backwardAction()
#8 C:\AppServ\www\openlib\ZendFramework\1.5.0\library\Zend\Controller\Dispatcher\Standard.php(293): Zend_Controller_Action->dispatch('backwardAction')
#9 C:\AppServ\www\openlib\ZendFramework\1.5.0\library\Zend\Controller\Front.php(914): Zend_Controller_Dispatcher_Standard->dispatch(Object(Zend_Controller_Request_Http), Object(Zend_Controller_Response_Http))
#10 C:\AppServ\www\iceworkflow\index.php(28): Zend_Controller_Front->dispatch()
#11 {main}
2014-06-11T19:34:55+08:00 DEBUG (7): Mysqli prepare error: You have an error in your SQL syntax; check the manual that corresponds to your MySQL server version for the right syntax to use near ') ORDER BY `m`.`mpl_id` ASC' at line 1
#0 C:\AppServ\www\openlib\ZendFramework\1.5.0\library\Zend\Db\Statement.php(109): Zend_Db_Statement_Mysqli->_prepare('SELECT `m`.* FR...')
#1 C:\AppServ\www\openlib\ZendFramework\1.5.0\library\Zend\Db\Adapter\Mysqli.php(330): Zend_Db_Statement->__construct(Object(Zend_Db_Adapter_Mysqli), 'SELECT `m`.* FR...')
#2 C:\AppServ\www\openlib\ZendFramework\1.5.0\library\Zend\Db\Adapter\Abstract.php(405): Zend_Db_Adapter_Mysqli->prepare('SELECT `m`.* FR...')
#3 C:\AppServ\www\openlib\ZendFramework\1.5.0\library\Zend\Db\Select.php(580): Zend_Db_Adapter_Abstract->query(Object(Zend_Db_Select))
#4 C:\AppServ\www\iceworkflow\modules\systemapi\models\datasource\evaluate.php(358): Zend_Db_Select->query()
#5 C:\AppServ\www\iceworkflow\modules\workflow\models\EvaluateGeneric.php(1813): Systemapi_evaluate_Table->getEvaluateSubLineLastApprove('mph_id = 72 AND...', NULL)
#6 C:\AppServ\www\iceworkflow\modules\workflow\controllers\EvaluateController.php(1704): Workflow_Evaluate_Generic->getLastSubLinePI('72')
#7 C:\AppServ\www\openlib\ZendFramework\1.5.0\library\Zend\Controller\Action.php(502): Workflow_EvaluateController->backwardAction()
#8 C:\AppServ\www\openlib\ZendFramework\1.5.0\library\Zend\Controller\Dispatcher\Standard.php(293): Zend_Controller_Action->dispatch('backwardAction')
#9 C:\AppServ\www\openlib\ZendFramework\1.5.0\library\Zend\Controller\Front.php(914): Zend_Controller_Dispatcher_Standard->dispatch(Object(Zend_Controller_Request_Http), Object(Zend_Controller_Response_Http))
#10 C:\AppServ\www\iceworkflow\index.php(28): Zend_Controller_Front->dispatch()
#11 {main}
