2014-10-08T10:03:00+07:00 DEBUG (7): Action "img" does not exist and was not trapped in __call()
#0 C:\AppServ\www\openlib\ZendFramework\1.5.0\library\Zend\Controller\Action.php(504): Zend_Controller_Action->__call('imgAction', Array)
#1 C:\AppServ\www\openlib\ZendFramework\1.5.0\library\Zend\Controller\Dispatcher\Standard.php(293): Zend_Controller_Action->dispatch('imgAction')
#2 C:\AppServ\www\openlib\ZendFramework\1.5.0\library\Zend\Controller\Front.php(914): Zend_Controller_Dispatcher_Standard->dispatch(Object(Zend_Controller_Request_Http), Object(Zend_Controller_Response_Http))
#3 C:\AppServ\www\rsEvaluation\public\index.php(199): Zend_Controller_Front->dispatch()
#4 {main}
2014-10-08T10:03:00+07:00 DEBUG (7): Action "img" does not exist and was not trapped in __call()
#0 C:\AppServ\www\openlib\ZendFramework\1.5.0\library\Zend\Controller\Action.php(504): Zend_Controller_Action->__call('imgAction', Array)
#1 C:\AppServ\www\openlib\ZendFramework\1.5.0\library\Zend\Controller\Dispatcher\Standard.php(293): Zend_Controller_Action->dispatch('imgAction')
#2 C:\AppServ\www\openlib\ZendFramework\1.5.0\library\Zend\Controller\Front.php(914): Zend_Controller_Dispatcher_Standard->dispatch(Object(Zend_Controller_Request_Http), Object(Zend_Controller_Response_Http))
#3 C:\AppServ\www\rsEvaluation\public\index.php(199): Zend_Controller_Front->dispatch()
#4 {main}
2014-10-08T10:03:00+07:00 DEBUG (7): Action "img" does not exist and was not trapped in __call()
#0 C:\AppServ\www\openlib\ZendFramework\1.5.0\library\Zend\Controller\Action.php(504): Zend_Controller_Action->__call('imgAction', Array)
#1 C:\AppServ\www\openlib\ZendFramework\1.5.0\library\Zend\Controller\Dispatcher\Standard.php(293): Zend_Controller_Action->dispatch('imgAction')
#2 C:\AppServ\www\openlib\ZendFramework\1.5.0\library\Zend\Controller\Front.php(914): Zend_Controller_Dispatcher_Standard->dispatch(Object(Zend_Controller_Request_Http), Object(Zend_Controller_Response_Http))
#3 C:\AppServ\www\rsEvaluation\public\index.php(199): Zend_Controller_Front->dispatch()
#4 {main}
2014-10-08T10:03:01+07:00 DEBUG (7): Action "img" does not exist and was not trapped in __call()
#0 C:\AppServ\www\openlib\ZendFramework\1.5.0\library\Zend\Controller\Action.php(504): Zend_Controller_Action->__call('imgAction', Array)
#1 C:\AppServ\www\openlib\ZendFramework\1.5.0\library\Zend\Controller\Dispatcher\Standard.php(293): Zend_Controller_Action->dispatch('imgAction')
#2 C:\AppServ\www\openlib\ZendFramework\1.5.0\library\Zend\Controller\Front.php(914): Zend_Controller_Dispatcher_Standard->dispatch(Object(Zend_Controller_Request_Http), Object(Zend_Controller_Response_Http))
#3 C:\AppServ\www\rsEvaluation\public\index.php(199): Zend_Controller_Front->dispatch()
#4 {main}
2014-10-08T10:03:01+07:00 DEBUG (7): Action "img" does not exist and was not trapped in __call()
#0 C:\AppServ\www\openlib\ZendFramework\1.5.0\library\Zend\Controller\Action.php(504): Zend_Controller_Action->__call('imgAction', Array)
#1 C:\AppServ\www\openlib\ZendFramework\1.5.0\library\Zend\Controller\Dispatcher\Standard.php(293): Zend_Controller_Action->dispatch('imgAction')
#2 C:\AppServ\www\openlib\ZendFramework\1.5.0\library\Zend\Controller\Front.php(914): Zend_Controller_Dispatcher_Standard->dispatch(Object(Zend_Controller_Request_Http), Object(Zend_Controller_Response_Http))
#3 C:\AppServ\www\rsEvaluation\public\index.php(199): Zend_Controller_Front->dispatch()
#4 {main}
2014-10-08T13:44:13+07:00 DEBUG (7): Invalid controller specified (account)
#0 C:\AppServ\www\openlib\ZendFramework\1.5.0\library\Zend\Controller\Front.php(914): Zend_Controller_Dispatcher_Standard->dispatch(Object(Zend_Controller_Request_Http), Object(Zend_Controller_Response_Http))
#1 C:\AppServ\www\rsEvaluation\public\index.php(200): Zend_Controller_Front->dispatch()
#2 {main}
2014-10-08T13:52:35+07:00 DEBUG (7): Invalid controller specified (account)
#0 C:\AppServ\www\openlib\ZendFramework\1.5.0\library\Zend\Controller\Front.php(914): Zend_Controller_Dispatcher_Standard->dispatch(Object(Zend_Controller_Request_Http), Object(Zend_Controller_Response_Http))
#1 C:\AppServ\www\rsEvaluation\public\index.php(200): Zend_Controller_Front->dispatch()
#2 {main}
2014-10-08T14:20:22+07:00 DEBUG (7): Invalid controller specified (account)
#0 C:\AppServ\www\openlib\ZendFramework\1.5.0\library\Zend\Controller\Front.php(914): Zend_Controller_Dispatcher_Standard->dispatch(Object(Zend_Controller_Request_Http), Object(Zend_Controller_Response_Http))
#1 C:\AppServ\www\rsEvaluation\public\index.php(200): Zend_Controller_Front->dispatch()
#2 {main}
2014-10-08T17:04:47+07:00 DEBUG (7): Action "img" does not exist and was not trapped in __call()
#0 C:\AppServ\www\openlib\ZendFramework\1.5.0\library\Zend\Controller\Action.php(504): Zend_Controller_Action->__call('imgAction', Array)
#1 C:\AppServ\www\openlib\ZendFramework\1.5.0\library\Zend\Controller\Dispatcher\Standard.php(293): Zend_Controller_Action->dispatch('imgAction')
#2 C:\AppServ\www\openlib\ZendFramework\1.5.0\library\Zend\Controller\Front.php(914): Zend_Controller_Dispatcher_Standard->dispatch(Object(Zend_Controller_Request_Http), Object(Zend_Controller_Response_Http))
#3 C:\AppServ\www\rsEvaluation\public\index.php(200): Zend_Controller_Front->dispatch()
#4 {main}
