2014-06-13T10:38:45+08:00 DEBUG (7): Action "pifr" does not exist and was not trapped in __call()
#0 C:\AppServ\www\openlib\ZendFramework\1.5.0\library\Zend\Controller\Action.php(504): Zend_Controller_Action->__call('pifrAction', Array)
#1 C:\AppServ\www\openlib\ZendFramework\1.5.0\library\Zend\Controller\Dispatcher\Standard.php(293): Zend_Controller_Action->dispatch('pifrAction')
#2 C:\AppServ\www\openlib\ZendFramework\1.5.0\library\Zend\Controller\Front.php(914): Zend_Controller_Dispatcher_Standard->dispatch(Object(Zend_Controller_Request_Http), Object(Zend_Controller_Response_Http))
#3 C:\AppServ\www\iceworkflow\index.php(50): Zend_Controller_Front->dispatch()
#4 {main}
2014-06-13T11:15:40+08:00 DEBUG (7): Mysqli statement execute error : No data supplied for parameters in prepared statement
#0 C:\AppServ\www\openlib\ZendFramework\1.5.0\library\Zend\Db\Statement.php(283): Zend_Db_Statement_Mysqli->_execute(Array)
#1 C:\AppServ\www\openlib\ZendFramework\1.5.0\library\Zend\Db\Adapter\Abstract.php(406): Zend_Db_Statement->execute(Array)
#2 C:\AppServ\www\openlib\ZendFramework\1.5.0\library\Zend\Db\Select.php(580): Zend_Db_Adapter_Abstract->query(Object(Zend_Db_Select))
#3 C:\AppServ\www\iceworkflow\modules\systemapi\models\datasource\evaluate.php(393): Zend_Db_Select->query()
#4 C:\AppServ\www\iceworkflow\modules\workflow\models\SummaryGeneric.php(428): Systemapi_evaluate_Table->getEvaluateHeadByMonth('mph_month = '05...', NULL)
#5 C:\AppServ\www\iceworkflow\modules\workflow\controllers\SummaryController.php(127): Workflow_Summary_Generic->getAllEvaByMonth(Array)
#6 C:\AppServ\www\openlib\ZendFramework\1.5.0\library\Zend\Controller\Action.php(502): Workflow_SummaryController->incentiveAction()
#7 C:\AppServ\www\openlib\ZendFramework\1.5.0\library\Zend\Controller\Dispatcher\Standard.php(293): Zend_Controller_Action->dispatch('incentiveAction')
#8 C:\AppServ\www\openlib\ZendFramework\1.5.0\library\Zend\Controller\Front.php(914): Zend_Controller_Dispatcher_Standard->dispatch(Object(Zend_Controller_Request_Http), Object(Zend_Controller_Response_Http))
#9 C:\AppServ\www\iceworkflow\index.php(50): Zend_Controller_Front->dispatch()
#10 {main}
2014-06-13T17:11:44+08:00 DEBUG (7): Session must be started before any output has been sent to the browser; output started in C:\AppServ\www\iceworkflow\config\config.php/54
#0 C:\AppServ\www\openlib\ZendFramework\1.5.0\library\Zend\Session\Namespace.php(116): Zend_Session::start(true)
#1 C:\AppServ\www\openlib\ZendFramework\1.5.0\library\Zend\Auth\Storage\Session.php(85): Zend_Session_Namespace->__construct('Zend_Auth')
#2 C:\AppServ\www\openlib\ZendFramework\1.5.0\library\Zend\Auth.php(92): Zend_Auth_Storage_Session->__construct()
#3 C:\AppServ\www\openlib\ZendFramework\1.5.0\library\Zend\Auth.php(144): Zend_Auth->getStorage()
#4 C:\AppServ\www\iLibrary\trunk\System\Controller\Action.php(341): Zend_Auth->getIdentity()
#5 C:\AppServ\www\iceworkflow\library\Workflow\Controller\Flow\Action.php(26): System_Controller_Action->getProfile()
#6 C:\AppServ\www\openlib\ZendFramework\1.5.0\library\Zend\Controller\Action.php(129): Workflow_Controller_Flow_Action->init()
#7 C:\AppServ\www\openlib\ZendFramework\1.5.0\library\Zend\Controller\Dispatcher\Standard.php(269): Zend_Controller_Action->__construct(Object(Zend_Controller_Request_Http), Object(Zend_Controller_Response_Http), Array)
#8 C:\AppServ\www\openlib\ZendFramework\1.5.0\library\Zend\Controller\Front.php(914): Zend_Controller_Dispatcher_Standard->dispatch(Object(Zend_Controller_Request_Http), Object(Zend_Controller_Response_Http))
#9 C:\AppServ\www\iceworkflow\index.php(49): Zend_Controller_Front->dispatch()
#10 {main}
2014-06-13T17:20:45+08:00 DEBUG (7): Session must be started before any output has been sent to the browser; output started in C:\AppServ\www\iceworkflow\index.php/20
#0 C:\AppServ\www\openlib\ZendFramework\1.5.0\library\Zend\Session\Namespace.php(116): Zend_Session::start(true)
#1 C:\AppServ\www\openlib\ZendFramework\1.5.0\library\Zend\Auth\Storage\Session.php(85): Zend_Session_Namespace->__construct('Zend_Auth')
#2 C:\AppServ\www\openlib\ZendFramework\1.5.0\library\Zend\Auth.php(92): Zend_Auth_Storage_Session->__construct()
#3 C:\AppServ\www\openlib\ZendFramework\1.5.0\library\Zend\Auth.php(144): Zend_Auth->getStorage()
#4 C:\AppServ\www\iLibrary\trunk\System\Controller\Action.php(341): Zend_Auth->getIdentity()
#5 C:\AppServ\www\iceworkflow\library\Workflow\Controller\Flow\Action.php(26): System_Controller_Action->getProfile()
#6 C:\AppServ\www\openlib\ZendFramework\1.5.0\library\Zend\Controller\Action.php(129): Workflow_Controller_Flow_Action->init()
#7 C:\AppServ\www\openlib\ZendFramework\1.5.0\library\Zend\Controller\Dispatcher\Standard.php(269): Zend_Controller_Action->__construct(Object(Zend_Controller_Request_Http), Object(Zend_Controller_Response_Http), Array)
#8 C:\AppServ\www\openlib\ZendFramework\1.5.0\library\Zend\Controller\Front.php(914): Zend_Controller_Dispatcher_Standard->dispatch(Object(Zend_Controller_Request_Http), Object(Zend_Controller_Response_Http))
#9 C:\AppServ\www\iceworkflow\index.php(49): Zend_Controller_Front->dispatch()
#10 {main}
2014-06-13T17:21:07+08:00 DEBUG (7): Session must be started before any output has been sent to the browser; output started in C:\AppServ\www\iceworkflow\setup\helper.inc.php/5
#0 C:\AppServ\www\openlib\ZendFramework\1.5.0\library\Zend\Session\Namespace.php(116): Zend_Session::start(true)
#1 C:\AppServ\www\openlib\ZendFramework\1.5.0\library\Zend\Auth\Storage\Session.php(85): Zend_Session_Namespace->__construct('Zend_Auth')
#2 C:\AppServ\www\openlib\ZendFramework\1.5.0\library\Zend\Auth.php(92): Zend_Auth_Storage_Session->__construct()
#3 C:\AppServ\www\openlib\ZendFramework\1.5.0\library\Zend\Auth.php(144): Zend_Auth->getStorage()
#4 C:\AppServ\www\iLibrary\trunk\System\Controller\Action.php(341): Zend_Auth->getIdentity()
#5 C:\AppServ\www\iceworkflow\library\Workflow\Controller\Flow\Action.php(26): System_Controller_Action->getProfile()
#6 C:\AppServ\www\openlib\ZendFramework\1.5.0\library\Zend\Controller\Action.php(129): Workflow_Controller_Flow_Action->init()
#7 C:\AppServ\www\openlib\ZendFramework\1.5.0\library\Zend\Controller\Dispatcher\Standard.php(269): Zend_Controller_Action->__construct(Object(Zend_Controller_Request_Http), Object(Zend_Controller_Response_Http), Array)
#8 C:\AppServ\www\openlib\ZendFramework\1.5.0\library\Zend\Controller\Front.php(914): Zend_Controller_Dispatcher_Standard->dispatch(Object(Zend_Controller_Request_Http), Object(Zend_Controller_Response_Http))
#9 C:\AppServ\www\iceworkflow\index.php(49): Zend_Controller_Front->dispatch()
#10 {main}
2014-06-13T17:21:37+08:00 DEBUG (7): Session must be started before any output has been sent to the browser; output started in C:\AppServ\www\iceworkflow\setup\helper.inc.php/14
#0 C:\AppServ\www\openlib\ZendFramework\1.5.0\library\Zend\Session\Namespace.php(116): Zend_Session::start(true)
#1 C:\AppServ\www\openlib\ZendFramework\1.5.0\library\Zend\Auth\Storage\Session.php(85): Zend_Session_Namespace->__construct('Zend_Auth')
#2 C:\AppServ\www\openlib\ZendFramework\1.5.0\library\Zend\Auth.php(92): Zend_Auth_Storage_Session->__construct()
#3 C:\AppServ\www\openlib\ZendFramework\1.5.0\library\Zend\Auth.php(144): Zend_Auth->getStorage()
#4 C:\AppServ\www\iLibrary\trunk\System\Controller\Action.php(341): Zend_Auth->getIdentity()
#5 C:\AppServ\www\iceworkflow\library\Workflow\Controller\Flow\Action.php(26): System_Controller_Action->getProfile()
#6 C:\AppServ\www\openlib\ZendFramework\1.5.0\library\Zend\Controller\Action.php(129): Workflow_Controller_Flow_Action->init()
#7 C:\AppServ\www\openlib\ZendFramework\1.5.0\library\Zend\Controller\Dispatcher\Standard.php(269): Zend_Controller_Action->__construct(Object(Zend_Controller_Request_Http), Object(Zend_Controller_Response_Http), Array)
#8 C:\AppServ\www\openlib\ZendFramework\1.5.0\library\Zend\Controller\Front.php(914): Zend_Controller_Dispatcher_Standard->dispatch(Object(Zend_Controller_Request_Http), Object(Zend_Controller_Response_Http))
#9 C:\AppServ\www\iceworkflow\index.php(49): Zend_Controller_Front->dispatch()
#10 {main}
2014-06-13T17:23:20+08:00 DEBUG (7): Session must be started before any output has been sent to the browser; output started in C:\AppServ\www\iceworkflow\setup\helper.inc.php/14
#0 C:\AppServ\www\openlib\ZendFramework\1.5.0\library\Zend\Session\Namespace.php(116): Zend_Session::start(true)
#1 C:\AppServ\www\openlib\ZendFramework\1.5.0\library\Zend\Auth\Storage\Session.php(85): Zend_Session_Namespace->__construct('Zend_Auth')
#2 C:\AppServ\www\openlib\ZendFramework\1.5.0\library\Zend\Auth.php(92): Zend_Auth_Storage_Session->__construct()
#3 C:\AppServ\www\openlib\ZendFramework\1.5.0\library\Zend\Auth.php(144): Zend_Auth->getStorage()
#4 C:\AppServ\www\iLibrary\trunk\System\Controller\Action.php(341): Zend_Auth->getIdentity()
#5 C:\AppServ\www\iceworkflow\library\Workflow\Controller\Flow\Action.php(26): System_Controller_Action->getProfile()
#6 C:\AppServ\www\openlib\ZendFramework\1.5.0\library\Zend\Controller\Action.php(129): Workflow_Controller_Flow_Action->init()
#7 C:\AppServ\www\openlib\ZendFramework\1.5.0\library\Zend\Controller\Dispatcher\Standard.php(269): Zend_Controller_Action->__construct(Object(Zend_Controller_Request_Http), Object(Zend_Controller_Response_Http), Array)
#8 C:\AppServ\www\openlib\ZendFramework\1.5.0\library\Zend\Controller\Front.php(914): Zend_Controller_Dispatcher_Standard->dispatch(Object(Zend_Controller_Request_Http), Object(Zend_Controller_Response_Http))
#9 C:\AppServ\www\iceworkflow\index.php(49): Zend_Controller_Front->dispatch()
#10 {main}
2014-06-13T17:23:35+08:00 DEBUG (7): Session must be started before any output has been sent to the browser; output started in C:\AppServ\www\iceworkflow\setup\helper.inc.php/14
#0 C:\AppServ\www\openlib\ZendFramework\1.5.0\library\Zend\Session\Namespace.php(116): Zend_Session::start(true)
#1 C:\AppServ\www\openlib\ZendFramework\1.5.0\library\Zend\Auth\Storage\Session.php(85): Zend_Session_Namespace->__construct('Zend_Auth')
#2 C:\AppServ\www\openlib\ZendFramework\1.5.0\library\Zend\Auth.php(92): Zend_Auth_Storage_Session->__construct()
#3 C:\AppServ\www\openlib\ZendFramework\1.5.0\library\Zend\Auth.php(144): Zend_Auth->getStorage()
#4 C:\AppServ\www\iLibrary\trunk\System\Controller\Action.php(341): Zend_Auth->getIdentity()
#5 C:\AppServ\www\iceworkflow\library\Workflow\Controller\Flow\Action.php(26): System_Controller_Action->getProfile()
#6 C:\AppServ\www\openlib\ZendFramework\1.5.0\library\Zend\Controller\Action.php(129): Workflow_Controller_Flow_Action->init()
#7 C:\AppServ\www\openlib\ZendFramework\1.5.0\library\Zend\Controller\Dispatcher\Standard.php(269): Zend_Controller_Action->__construct(Object(Zend_Controller_Request_Http), Object(Zend_Controller_Response_Http), Array)
#8 C:\AppServ\www\openlib\ZendFramework\1.5.0\library\Zend\Controller\Front.php(914): Zend_Controller_Dispatcher_Standard->dispatch(Object(Zend_Controller_Request_Http), Object(Zend_Controller_Response_Http))
#9 C:\AppServ\www\iceworkflow\index.php(49): Zend_Controller_Front->dispatch()
#10 {main}
2014-06-13T17:24:43+08:00 DEBUG (7): No entry is registered for key 'public_urls'
#0 C:\AppServ\www\iceworkflow\library\Workflow\Controller\Flow\Action.php(29): Zend_Registry::get('public_urls')
#1 C:\AppServ\www\openlib\ZendFramework\1.5.0\library\Zend\Controller\Action.php(129): Workflow_Controller_Flow_Action->init()
#2 C:\AppServ\www\openlib\ZendFramework\1.5.0\library\Zend\Controller\Dispatcher\Standard.php(269): Zend_Controller_Action->__construct(Object(Zend_Controller_Request_Http), Object(Zend_Controller_Response_Http), Array)
#3 C:\AppServ\www\openlib\ZendFramework\1.5.0\library\Zend\Controller\Front.php(914): Zend_Controller_Dispatcher_Standard->dispatch(Object(Zend_Controller_Request_Http), Object(Zend_Controller_Response_Http))
#4 C:\AppServ\www\iceworkflow\index.php(49): Zend_Controller_Front->dispatch()
#5 {main}
