2014-06-29T21:11:41+08:00 DEBUG (7): Mysqli prepare error: You have an error in your SQL syntax; check the manual that corresponds to your MySQL server version for the right syntax to use near ') ORDER BY `m`.`mpl_id` ASC' at line 1
#0 C:\AppServ\www\openlib\ZendFramework\1.5.0\library\Zend\Db\Statement.php(109): Zend_Db_Statement_Mysqli->_prepare('SELECT `m`.* FR...')
#1 C:\AppServ\www\openlib\ZendFramework\1.5.0\library\Zend\Db\Adapter\Mysqli.php(330): Zend_Db_Statement->__construct(Object(Zend_Db_Adapter_Mysqli), 'SELECT `m`.* FR...')
#2 C:\AppServ\www\openlib\ZendFramework\1.5.0\library\Zend\Db\Adapter\Abstract.php(405): Zend_Db_Adapter_Mysqli->prepare('SELECT `m`.* FR...')
#3 C:\AppServ\www\openlib\ZendFramework\1.5.0\library\Zend\Db\Select.php(580): Zend_Db_Adapter_Abstract->query(Object(Zend_Db_Select))
#4 C:\AppServ\www\iceworkflow\modules\systemapi\models\datasource\evaluate.php(358): Zend_Db_Select->query()
#5 C:\AppServ\www\iceworkflow\modules\workflow\models\EvaluateGeneric.php(1797): Systemapi_evaluate_Table->getEvaluateSubLineLastApprove('mph_id = 113', NULL)
#6 C:\AppServ\www\iceworkflow\modules\workflow\controllers\EvaluateController.php(1781): Workflow_Evaluate_Generic->getLastSubLinePI('113')
#7 C:\AppServ\www\openlib\ZendFramework\1.5.0\library\Zend\Controller\Action.php(502): Workflow_EvaluateController->backwardAction()
#8 C:\AppServ\www\openlib\ZendFramework\1.5.0\library\Zend\Controller\Dispatcher\Standard.php(293): Zend_Controller_Action->dispatch('backwardAction')
#9 C:\AppServ\www\openlib\ZendFramework\1.5.0\library\Zend\Controller\Front.php(914): Zend_Controller_Dispatcher_Standard->dispatch(Object(Zend_Controller_Request_Http), Object(Zend_Controller_Response_Http))
#10 C:\AppServ\www\iceworkflow\index.php(58): Zend_Controller_Front->dispatch()
#11 {main}
2014-06-29T21:11:52+08:00 DEBUG (7): Mysqli prepare error: You have an error in your SQL syntax; check the manual that corresponds to your MySQL server version for the right syntax to use near ') ORDER BY `m`.`mpl_id` ASC' at line 1
#0 C:\AppServ\www\openlib\ZendFramework\1.5.0\library\Zend\Db\Statement.php(109): Zend_Db_Statement_Mysqli->_prepare('SELECT `m`.* FR...')
#1 C:\AppServ\www\openlib\ZendFramework\1.5.0\library\Zend\Db\Adapter\Mysqli.php(330): Zend_Db_Statement->__construct(Object(Zend_Db_Adapter_Mysqli), 'SELECT `m`.* FR...')
#2 C:\AppServ\www\openlib\ZendFramework\1.5.0\library\Zend\Db\Adapter\Abstract.php(405): Zend_Db_Adapter_Mysqli->prepare('SELECT `m`.* FR...')
#3 C:\AppServ\www\openlib\ZendFramework\1.5.0\library\Zend\Db\Select.php(580): Zend_Db_Adapter_Abstract->query(Object(Zend_Db_Select))
#4 C:\AppServ\www\iceworkflow\modules\systemapi\models\datasource\evaluate.php(358): Zend_Db_Select->query()
#5 C:\AppServ\www\iceworkflow\modules\workflow\models\EvaluateGeneric.php(1797): Systemapi_evaluate_Table->getEvaluateSubLineLastApprove('mph_id = 113', NULL)
#6 C:\AppServ\www\iceworkflow\modules\workflow\controllers\EvaluateController.php(1781): Workflow_Evaluate_Generic->getLastSubLinePI('113')
#7 C:\AppServ\www\openlib\ZendFramework\1.5.0\library\Zend\Controller\Action.php(502): Workflow_EvaluateController->backwardAction()
#8 C:\AppServ\www\openlib\ZendFramework\1.5.0\library\Zend\Controller\Dispatcher\Standard.php(293): Zend_Controller_Action->dispatch('backwardAction')
#9 C:\AppServ\www\openlib\ZendFramework\1.5.0\library\Zend\Controller\Front.php(914): Zend_Controller_Dispatcher_Standard->dispatch(Object(Zend_Controller_Request_Http), Object(Zend_Controller_Response_Http))
#10 C:\AppServ\www\iceworkflow\index.php(58): Zend_Controller_Front->dispatch()
#11 {main}
2014-06-29T21:12:19+08:00 DEBUG (7): Mysqli prepare error: You have an error in your SQL syntax; check the manual that corresponds to your MySQL server version for the right syntax to use near ') ORDER BY `m`.`mpl_id` ASC' at line 1
#0 C:\AppServ\www\openlib\ZendFramework\1.5.0\library\Zend\Db\Statement.php(109): Zend_Db_Statement_Mysqli->_prepare('SELECT `m`.* FR...')
#1 C:\AppServ\www\openlib\ZendFramework\1.5.0\library\Zend\Db\Adapter\Mysqli.php(330): Zend_Db_Statement->__construct(Object(Zend_Db_Adapter_Mysqli), 'SELECT `m`.* FR...')
#2 C:\AppServ\www\openlib\ZendFramework\1.5.0\library\Zend\Db\Adapter\Abstract.php(405): Zend_Db_Adapter_Mysqli->prepare('SELECT `m`.* FR...')
#3 C:\AppServ\www\openlib\ZendFramework\1.5.0\library\Zend\Db\Select.php(580): Zend_Db_Adapter_Abstract->query(Object(Zend_Db_Select))
#4 C:\AppServ\www\iceworkflow\modules\systemapi\models\datasource\evaluate.php(358): Zend_Db_Select->query()
#5 C:\AppServ\www\iceworkflow\modules\workflow\models\EvaluateGeneric.php(1797): Systemapi_evaluate_Table->getEvaluateSubLineLastApprove('mph_id = 113', NULL)
#6 C:\AppServ\www\iceworkflow\modules\workflow\controllers\EvaluateController.php(1781): Workflow_Evaluate_Generic->getLastSubLinePI('113')
#7 C:\AppServ\www\openlib\ZendFramework\1.5.0\library\Zend\Controller\Action.php(502): Workflow_EvaluateController->backwardAction()
#8 C:\AppServ\www\openlib\ZendFramework\1.5.0\library\Zend\Controller\Dispatcher\Standard.php(293): Zend_Controller_Action->dispatch('backwardAction')
#9 C:\AppServ\www\openlib\ZendFramework\1.5.0\library\Zend\Controller\Front.php(914): Zend_Controller_Dispatcher_Standard->dispatch(Object(Zend_Controller_Request_Http), Object(Zend_Controller_Response_Http))
#10 C:\AppServ\www\iceworkflow\index.php(58): Zend_Controller_Front->dispatch()
#11 {main}
