2014-09-26T11:03:34+07:00 DEBUG (7): Invalid controller specified (font-awesome)
#0 C:\AppServ\www\openlib\ZendFramework\1.5.0\library\Zend\Controller\Front.php(914): Zend_Controller_Dispatcher_Standard->dispatch(Object(Zend_Controller_Request_Http), Object(Zend_Controller_Response_Http))
#1 C:\AppServ\www\rsEvaluation\public\index.php(201): Zend_Controller_Front->dispatch()
#2 {main}
2014-09-26T11:03:34+07:00 DEBUG (7): Invalid controller specified (font-awesome)
#0 C:\AppServ\www\openlib\ZendFramework\1.5.0\library\Zend\Controller\Front.php(914): Zend_Controller_Dispatcher_Standard->dispatch(Object(Zend_Controller_Request_Http), Object(Zend_Controller_Response_Http))
#1 C:\AppServ\www\rsEvaluation\public\index.php(201): Zend_Controller_Front->dispatch()
#2 {main}
2014-09-26T11:59:23+07:00 DEBUG (7): Invalid controller specified (font-awesome)
#0 C:\AppServ\www\openlib\ZendFramework\1.5.0\library\Zend\Controller\Front.php(914): Zend_Controller_Dispatcher_Standard->dispatch(Object(Zend_Controller_Request_Http), Object(Zend_Controller_Response_Http))
#1 C:\AppServ\www\rsEvaluation\public\index.php(201): Zend_Controller_Front->dispatch()
#2 {main}
2014-09-26T11:59:24+07:00 DEBUG (7): Invalid controller specified (font-awesome)
#0 C:\AppServ\www\openlib\ZendFramework\1.5.0\library\Zend\Controller\Front.php(914): Zend_Controller_Dispatcher_Standard->dispatch(Object(Zend_Controller_Request_Http), Object(Zend_Controller_Response_Http))
#1 C:\AppServ\www\rsEvaluation\public\index.php(201): Zend_Controller_Front->dispatch()
#2 {main}
2014-09-26T13:36:02+07:00 DEBUG (7): Invalid controller specified (index.html)
#0 C:\AppServ\www\openlib\ZendFramework\1.5.0\library\Zend\Controller\Front.php(914): Zend_Controller_Dispatcher_Standard->dispatch(Object(Zend_Controller_Request_Http), Object(Zend_Controller_Response_Http))
#1 C:\AppServ\www\rsEvaluation\public\index.php(201): Zend_Controller_Front->dispatch()
#2 {main}
2014-09-26T13:36:14+07:00 DEBUG (7): Invalid controller specified (account)
#0 C:\AppServ\www\openlib\ZendFramework\1.5.0\library\Zend\Controller\Front.php(914): Zend_Controller_Dispatcher_Standard->dispatch(Object(Zend_Controller_Request_Http), Object(Zend_Controller_Response_Http))
#1 C:\AppServ\www\rsEvaluation\public\index.php(201): Zend_Controller_Front->dispatch()
#2 {main}
2014-09-26T13:36:19+07:00 DEBUG (7): Invalid controller specified (account)
#0 C:\AppServ\www\openlib\ZendFramework\1.5.0\library\Zend\Controller\Front.php(914): Zend_Controller_Dispatcher_Standard->dispatch(Object(Zend_Controller_Request_Http), Object(Zend_Controller_Response_Http))
#1 C:\AppServ\www\rsEvaluation\public\index.php(201): Zend_Controller_Front->dispatch()
#2 {main}
2014-09-26T13:36:33+07:00 DEBUG (7): Invalid controller specified (account)
#0 C:\AppServ\www\openlib\ZendFramework\1.5.0\library\Zend\Controller\Front.php(914): Zend_Controller_Dispatcher_Standard->dispatch(Object(Zend_Controller_Request_Http), Object(Zend_Controller_Response_Http))
#1 C:\AppServ\www\rsEvaluation\public\index.php(201): Zend_Controller_Front->dispatch()
#2 {main}
2014-09-26T13:36:36+07:00 DEBUG (7): Invalid controller specified (account)
#0 C:\AppServ\www\openlib\ZendFramework\1.5.0\library\Zend\Controller\Front.php(914): Zend_Controller_Dispatcher_Standard->dispatch(Object(Zend_Controller_Request_Http), Object(Zend_Controller_Response_Http))
#1 C:\AppServ\www\rsEvaluation\public\index.php(201): Zend_Controller_Front->dispatch()
#2 {main}
2014-09-26T13:37:33+07:00 DEBUG (7): Invalid controller specified (account)
#0 C:\AppServ\www\openlib\ZendFramework\1.5.0\library\Zend\Controller\Front.php(914): Zend_Controller_Dispatcher_Standard->dispatch(Object(Zend_Controller_Request_Http), Object(Zend_Controller_Response_Http))
#1 C:\AppServ\www\rsEvaluation\public\index.php(201): Zend_Controller_Front->dispatch()
#2 {main}
2014-09-26T13:38:13+07:00 DEBUG (7): Invalid controller specified (account)
#0 C:\AppServ\www\openlib\ZendFramework\1.5.0\library\Zend\Controller\Front.php(914): Zend_Controller_Dispatcher_Standard->dispatch(Object(Zend_Controller_Request_Http), Object(Zend_Controller_Response_Http))
#1 C:\AppServ\www\rsEvaluation\public\index.php(201): Zend_Controller_Front->dispatch()
#2 {main}
2014-09-26T13:38:18+07:00 DEBUG (7): Invalid controller specified (index.html)
#0 C:\AppServ\www\openlib\ZendFramework\1.5.0\library\Zend\Controller\Front.php(914): Zend_Controller_Dispatcher_Standard->dispatch(Object(Zend_Controller_Request_Http), Object(Zend_Controller_Response_Http))
#1 C:\AppServ\www\rsEvaluation\public\index.php(201): Zend_Controller_Front->dispatch()
#2 {main}
2014-09-26T13:39:30+07:00 DEBUG (7): Invalid controller specified (index.html)
#0 C:\AppServ\www\openlib\ZendFramework\1.5.0\library\Zend\Controller\Front.php(914): Zend_Controller_Dispatcher_Standard->dispatch(Object(Zend_Controller_Request_Http), Object(Zend_Controller_Response_Http))
#1 C:\AppServ\www\rsEvaluation\public\index.php(201): Zend_Controller_Front->dispatch()
#2 {main}
2014-09-26T13:39:32+07:00 DEBUG (7): Invalid controller specified (index.html)
#0 C:\AppServ\www\openlib\ZendFramework\1.5.0\library\Zend\Controller\Front.php(914): Zend_Controller_Dispatcher_Standard->dispatch(Object(Zend_Controller_Request_Http), Object(Zend_Controller_Response_Http))
#1 C:\AppServ\www\rsEvaluation\public\index.php(201): Zend_Controller_Front->dispatch()
#2 {main}
2014-09-26T13:39:34+07:00 DEBUG (7): Invalid controller specified (index.html)
#0 C:\AppServ\www\openlib\ZendFramework\1.5.0\library\Zend\Controller\Front.php(914): Zend_Controller_Dispatcher_Standard->dispatch(Object(Zend_Controller_Request_Http), Object(Zend_Controller_Response_Http))
#1 C:\AppServ\www\rsEvaluation\public\index.php(201): Zend_Controller_Front->dispatch()
#2 {main}
2014-09-26T13:46:48+07:00 DEBUG (7): Invalid controller specified (font-awesome)
#0 C:\AppServ\www\openlib\ZendFramework\1.5.0\library\Zend\Controller\Front.php(914): Zend_Controller_Dispatcher_Standard->dispatch(Object(Zend_Controller_Request_Http), Object(Zend_Controller_Response_Http))
#1 C:\AppServ\www\rsEvaluation\public\index.php(201): Zend_Controller_Front->dispatch()
#2 {main}
2014-09-26T13:46:49+07:00 DEBUG (7): Invalid controller specified (font-awesome)
#0 C:\AppServ\www\openlib\ZendFramework\1.5.0\library\Zend\Controller\Front.php(914): Zend_Controller_Dispatcher_Standard->dispatch(Object(Zend_Controller_Request_Http), Object(Zend_Controller_Response_Http))
#1 C:\AppServ\www\rsEvaluation\public\index.php(201): Zend_Controller_Front->dispatch()
#2 {main}
2014-09-26T13:50:03+07:00 DEBUG (7): Invalid controller specified (font-awesome)
#0 C:\AppServ\www\openlib\ZendFramework\1.5.0\library\Zend\Controller\Front.php(914): Zend_Controller_Dispatcher_Standard->dispatch(Object(Zend_Controller_Request_Http), Object(Zend_Controller_Response_Http))
#1 C:\AppServ\www\rsEvaluation\public\index.php(201): Zend_Controller_Front->dispatch()
#2 {main}
2014-09-26T13:50:03+07:00 DEBUG (7): Invalid controller specified (font-awesome)
#0 C:\AppServ\www\openlib\ZendFramework\1.5.0\library\Zend\Controller\Front.php(914): Zend_Controller_Dispatcher_Standard->dispatch(Object(Zend_Controller_Request_Http), Object(Zend_Controller_Response_Http))
#1 C:\AppServ\www\rsEvaluation\public\index.php(201): Zend_Controller_Front->dispatch()
#2 {main}
2014-09-26T13:51:01+07:00 DEBUG (7): Invalid controller specified (font-awesome)
#0 C:\AppServ\www\openlib\ZendFramework\1.5.0\library\Zend\Controller\Front.php(914): Zend_Controller_Dispatcher_Standard->dispatch(Object(Zend_Controller_Request_Http), Object(Zend_Controller_Response_Http))
#1 C:\AppServ\www\rsEvaluation\public\index.php(201): Zend_Controller_Front->dispatch()
#2 {main}
2014-09-26T13:51:02+07:00 DEBUG (7): Invalid controller specified (font-awesome)
#0 C:\AppServ\www\openlib\ZendFramework\1.5.0\library\Zend\Controller\Front.php(914): Zend_Controller_Dispatcher_Standard->dispatch(Object(Zend_Controller_Request_Http), Object(Zend_Controller_Response_Http))
#1 C:\AppServ\www\rsEvaluation\public\index.php(201): Zend_Controller_Front->dispatch()
#2 {main}
2014-09-26T13:58:49+07:00 DEBUG (7): Invalid controller specified (font-awesome)
#0 C:\AppServ\www\openlib\ZendFramework\1.5.0\library\Zend\Controller\Front.php(914): Zend_Controller_Dispatcher_Standard->dispatch(Object(Zend_Controller_Request_Http), Object(Zend_Controller_Response_Http))
#1 C:\AppServ\www\rsEvaluation\public\index.php(201): Zend_Controller_Front->dispatch()
#2 {main}
2014-09-26T13:58:50+07:00 DEBUG (7): Invalid controller specified (font-awesome)
#0 C:\AppServ\www\openlib\ZendFramework\1.5.0\library\Zend\Controller\Front.php(914): Zend_Controller_Dispatcher_Standard->dispatch(Object(Zend_Controller_Request_Http), Object(Zend_Controller_Response_Http))
#1 C:\AppServ\www\rsEvaluation\public\index.php(201): Zend_Controller_Front->dispatch()
#2 {main}
2014-09-26T14:00:30+07:00 DEBUG (7): Invalid controller specified (fonts)
#0 C:\AppServ\www\openlib\ZendFramework\1.5.0\library\Zend\Controller\Front.php(914): Zend_Controller_Dispatcher_Standard->dispatch(Object(Zend_Controller_Request_Http), Object(Zend_Controller_Response_Http))
#1 C:\AppServ\www\rsEvaluation\public\index.php(201): Zend_Controller_Front->dispatch()
#2 {main}
2014-09-26T14:00:30+07:00 DEBUG (7): Invalid controller specified (fonts)
#0 C:\AppServ\www\openlib\ZendFramework\1.5.0\library\Zend\Controller\Front.php(914): Zend_Controller_Dispatcher_Standard->dispatch(Object(Zend_Controller_Request_Http), Object(Zend_Controller_Response_Http))
#1 C:\AppServ\www\rsEvaluation\public\index.php(201): Zend_Controller_Front->dispatch()
#2 {main}
2014-09-26T14:01:13+07:00 DEBUG (7): Invalid controller specified (font-awesome)
#0 C:\AppServ\www\openlib\ZendFramework\1.5.0\library\Zend\Controller\Front.php(914): Zend_Controller_Dispatcher_Standard->dispatch(Object(Zend_Controller_Request_Http), Object(Zend_Controller_Response_Http))
#1 C:\AppServ\www\rsEvaluation\public\index.php(201): Zend_Controller_Front->dispatch()
#2 {main}
2014-09-26T14:01:14+07:00 DEBUG (7): Invalid controller specified (font-awesome)
#0 C:\AppServ\www\openlib\ZendFramework\1.5.0\library\Zend\Controller\Front.php(914): Zend_Controller_Dispatcher_Standard->dispatch(Object(Zend_Controller_Request_Http), Object(Zend_Controller_Response_Http))
#1 C:\AppServ\www\rsEvaluation\public\index.php(201): Zend_Controller_Front->dispatch()
#2 {main}
2014-09-26T14:03:37+07:00 DEBUG (7): Invalid controller specified (font-awesome)
#0 C:\AppServ\www\openlib\ZendFramework\1.5.0\library\Zend\Controller\Front.php(914): Zend_Controller_Dispatcher_Standard->dispatch(Object(Zend_Controller_Request_Http), Object(Zend_Controller_Response_Http))
#1 C:\AppServ\www\rsEvaluation\public\index.php(201): Zend_Controller_Front->dispatch()
#2 {main}
2014-09-26T14:03:37+07:00 DEBUG (7): Invalid controller specified (font-awesome)
#0 C:\AppServ\www\openlib\ZendFramework\1.5.0\library\Zend\Controller\Front.php(914): Zend_Controller_Dispatcher_Standard->dispatch(Object(Zend_Controller_Request_Http), Object(Zend_Controller_Response_Http))
#1 C:\AppServ\www\rsEvaluation\public\index.php(201): Zend_Controller_Front->dispatch()
#2 {main}
2014-09-26T14:04:06+07:00 DEBUG (7): Invalid controller specified (font-awesome)
#0 C:\AppServ\www\openlib\ZendFramework\1.5.0\library\Zend\Controller\Front.php(914): Zend_Controller_Dispatcher_Standard->dispatch(Object(Zend_Controller_Request_Http), Object(Zend_Controller_Response_Http))
#1 C:\AppServ\www\rsEvaluation\public\index.php(201): Zend_Controller_Front->dispatch()
#2 {main}
2014-09-26T14:04:06+07:00 DEBUG (7): Invalid controller specified (font-awesome)
#0 C:\AppServ\www\openlib\ZendFramework\1.5.0\library\Zend\Controller\Front.php(914): Zend_Controller_Dispatcher_Standard->dispatch(Object(Zend_Controller_Request_Http), Object(Zend_Controller_Response_Http))
#1 C:\AppServ\www\rsEvaluation\public\index.php(201): Zend_Controller_Front->dispatch()
#2 {main}
2014-09-26T14:05:07+07:00 DEBUG (7): Invalid controller specified (font-awesome)
#0 C:\AppServ\www\openlib\ZendFramework\1.5.0\library\Zend\Controller\Front.php(914): Zend_Controller_Dispatcher_Standard->dispatch(Object(Zend_Controller_Request_Http), Object(Zend_Controller_Response_Http))
#1 C:\AppServ\www\rsEvaluation\public\index.php(201): Zend_Controller_Front->dispatch()
#2 {main}
2014-09-26T14:05:16+07:00 DEBUG (7): Invalid controller specified (font-awesome)
#0 C:\AppServ\www\openlib\ZendFramework\1.5.0\library\Zend\Controller\Front.php(914): Zend_Controller_Dispatcher_Standard->dispatch(Object(Zend_Controller_Request_Http), Object(Zend_Controller_Response_Http))
#1 C:\AppServ\www\rsEvaluation\public\index.php(201): Zend_Controller_Front->dispatch()
#2 {main}
2014-09-26T14:21:52+07:00 DEBUG (7): Invalid controller specified (assets)
#0 C:\AppServ\www\openlib\ZendFramework\1.5.0\library\Zend\Controller\Front.php(914): Zend_Controller_Dispatcher_Standard->dispatch(Object(Zend_Controller_Request_Http), Object(Zend_Controller_Response_Http))
#1 C:\AppServ\www\rsEvaluation\public\index.php(201): Zend_Controller_Front->dispatch()
#2 {main}
2014-09-26T14:24:16+07:00 DEBUG (7): Invalid controller specified (font-awesome)
#0 C:\AppServ\www\openlib\ZendFramework\1.5.0\library\Zend\Controller\Front.php(914): Zend_Controller_Dispatcher_Standard->dispatch(Object(Zend_Controller_Request_Http), Object(Zend_Controller_Response_Http))
#1 C:\AppServ\www\rsEvaluation\public\index.php(201): Zend_Controller_Front->dispatch()
#2 {main}
2014-09-26T14:28:10+07:00 DEBUG (7): Invalid controller specified (account)
#0 C:\AppServ\www\openlib\ZendFramework\1.5.0\library\Zend\Controller\Front.php(914): Zend_Controller_Dispatcher_Standard->dispatch(Object(Zend_Controller_Request_Http), Object(Zend_Controller_Response_Http))
#1 C:\AppServ\www\rsEvaluation\public\index.php(201): Zend_Controller_Front->dispatch()
#2 {main}
2014-09-26T14:32:25+07:00 DEBUG (7): Invalid controller specified (font-awesome)
#0 C:\AppServ\www\openlib\ZendFramework\1.5.0\library\Zend\Controller\Front.php(914): Zend_Controller_Dispatcher_Standard->dispatch(Object(Zend_Controller_Request_Http), Object(Zend_Controller_Response_Http))
#1 C:\AppServ\www\rsEvaluation\public\index.php(201): Zend_Controller_Front->dispatch()
#2 {main}
2014-09-26T14:32:33+07:00 DEBUG (7): Invalid controller specified (font-awesome)
#0 C:\AppServ\www\openlib\ZendFramework\1.5.0\library\Zend\Controller\Front.php(914): Zend_Controller_Dispatcher_Standard->dispatch(Object(Zend_Controller_Request_Http), Object(Zend_Controller_Response_Http))
#1 C:\AppServ\www\rsEvaluation\public\index.php(201): Zend_Controller_Front->dispatch()
#2 {main}
2014-09-26T14:32:41+07:00 DEBUG (7): Invalid controller specified (font-awesome)
#0 C:\AppServ\www\openlib\ZendFramework\1.5.0\library\Zend\Controller\Front.php(914): Zend_Controller_Dispatcher_Standard->dispatch(Object(Zend_Controller_Request_Http), Object(Zend_Controller_Response_Http))
#1 C:\AppServ\www\rsEvaluation\public\index.php(201): Zend_Controller_Front->dispatch()
#2 {main}
2014-09-26T14:32:44+07:00 DEBUG (7): Invalid controller specified (font-awesome)
#0 C:\AppServ\www\openlib\ZendFramework\1.5.0\library\Zend\Controller\Front.php(914): Zend_Controller_Dispatcher_Standard->dispatch(Object(Zend_Controller_Request_Http), Object(Zend_Controller_Response_Http))
#1 C:\AppServ\www\rsEvaluation\public\index.php(201): Zend_Controller_Front->dispatch()
#2 {main}
2014-09-26T14:37:50+07:00 DEBUG (7): Invalid controller specified (account)
#0 C:\AppServ\www\openlib\ZendFramework\1.5.0\library\Zend\Controller\Front.php(914): Zend_Controller_Dispatcher_Standard->dispatch(Object(Zend_Controller_Request_Http), Object(Zend_Controller_Response_Http))
#1 C:\AppServ\www\rsEvaluation\public\index.php(201): Zend_Controller_Front->dispatch()
#2 {main}
2014-09-26T14:56:48+07:00 DEBUG (7): Invalid controller specified (font-awesome)
#0 C:\AppServ\www\openlib\ZendFramework\1.5.0\library\Zend\Controller\Front.php(914): Zend_Controller_Dispatcher_Standard->dispatch(Object(Zend_Controller_Request_Http), Object(Zend_Controller_Response_Http))
#1 C:\AppServ\www\rsEvaluation\public\index.php(201): Zend_Controller_Front->dispatch()
#2 {main}
2014-09-26T14:56:49+07:00 DEBUG (7): Invalid controller specified (font-awesome)
#0 C:\AppServ\www\openlib\ZendFramework\1.5.0\library\Zend\Controller\Front.php(914): Zend_Controller_Dispatcher_Standard->dispatch(Object(Zend_Controller_Request_Http), Object(Zend_Controller_Response_Http))
#1 C:\AppServ\www\rsEvaluation\public\index.php(201): Zend_Controller_Front->dispatch()
#2 {main}
2014-09-26T16:22:17+07:00 DEBUG (7): Invalid controller specified (font-awesome)
#0 C:\AppServ\www\openlib\ZendFramework\1.5.0\library\Zend\Controller\Front.php(914): Zend_Controller_Dispatcher_Standard->dispatch(Object(Zend_Controller_Request_Http), Object(Zend_Controller_Response_Http))
#1 C:\AppServ\www\rsEvaluation\public\index.php(199): Zend_Controller_Front->dispatch()
#2 {main}
2014-09-26T16:22:17+07:00 DEBUG (7): Invalid controller specified (font-awesome)
#0 C:\AppServ\www\openlib\ZendFramework\1.5.0\library\Zend\Controller\Front.php(914): Zend_Controller_Dispatcher_Standard->dispatch(Object(Zend_Controller_Request_Http), Object(Zend_Controller_Response_Http))
#1 C:\AppServ\www\rsEvaluation\public\index.php(199): Zend_Controller_Front->dispatch()
#2 {main}
2014-09-26T16:22:53+07:00 DEBUG (7): Invalid controller specified (font-awesome)
#0 C:\AppServ\www\openlib\ZendFramework\1.5.0\library\Zend\Controller\Front.php(914): Zend_Controller_Dispatcher_Standard->dispatch(Object(Zend_Controller_Request_Http), Object(Zend_Controller_Response_Http))
#1 C:\AppServ\www\rsEvaluation\public\index.php(199): Zend_Controller_Front->dispatch()
#2 {main}
2014-09-26T16:22:53+07:00 DEBUG (7): Invalid controller specified (font-awesome)
#0 C:\AppServ\www\openlib\ZendFramework\1.5.0\library\Zend\Controller\Front.php(914): Zend_Controller_Dispatcher_Standard->dispatch(Object(Zend_Controller_Request_Http), Object(Zend_Controller_Response_Http))
#1 C:\AppServ\www\rsEvaluation\public\index.php(199): Zend_Controller_Front->dispatch()
#2 {main}
2014-09-26T16:22:57+07:00 DEBUG (7): Invalid controller specified (font-awesome)
#0 C:\AppServ\www\openlib\ZendFramework\1.5.0\library\Zend\Controller\Front.php(914): Zend_Controller_Dispatcher_Standard->dispatch(Object(Zend_Controller_Request_Http), Object(Zend_Controller_Response_Http))
#1 C:\AppServ\www\rsEvaluation\public\index.php(199): Zend_Controller_Front->dispatch()
#2 {main}
2014-09-26T16:22:57+07:00 DEBUG (7): Invalid controller specified (font-awesome)
#0 C:\AppServ\www\openlib\ZendFramework\1.5.0\library\Zend\Controller\Front.php(914): Zend_Controller_Dispatcher_Standard->dispatch(Object(Zend_Controller_Request_Http), Object(Zend_Controller_Response_Http))
#1 C:\AppServ\www\rsEvaluation\public\index.php(199): Zend_Controller_Front->dispatch()
#2 {main}
2014-09-26T16:23:46+07:00 DEBUG (7): Invalid controller specified (font-awesome)
#0 C:\AppServ\www\openlib\ZendFramework\1.5.0\library\Zend\Controller\Front.php(914): Zend_Controller_Dispatcher_Standard->dispatch(Object(Zend_Controller_Request_Http), Object(Zend_Controller_Response_Http))
#1 C:\AppServ\www\rsEvaluation\public\index.php(199): Zend_Controller_Front->dispatch()
#2 {main}
2014-09-26T16:24:25+07:00 DEBUG (7): Invalid controller specified (account)
#0 C:\AppServ\www\openlib\ZendFramework\1.5.0\library\Zend\Controller\Front.php(914): Zend_Controller_Dispatcher_Standard->dispatch(Object(Zend_Controller_Request_Http), Object(Zend_Controller_Response_Http))
#1 C:\AppServ\www\rsEvaluation\public\index.php(199): Zend_Controller_Front->dispatch()
#2 {main}
2014-09-26T16:24:33+07:00 DEBUG (7): Invalid controller specified (account)
#0 C:\AppServ\www\openlib\ZendFramework\1.5.0\library\Zend\Controller\Front.php(914): Zend_Controller_Dispatcher_Standard->dispatch(Object(Zend_Controller_Request_Http), Object(Zend_Controller_Response_Http))
#1 C:\AppServ\www\rsEvaluation\public\index.php(199): Zend_Controller_Front->dispatch()
#2 {main}
2014-09-26T16:24:50+07:00 DEBUG (7): Invalid controller specified (account)
#0 C:\AppServ\www\openlib\ZendFramework\1.5.0\library\Zend\Controller\Front.php(914): Zend_Controller_Dispatcher_Standard->dispatch(Object(Zend_Controller_Request_Http), Object(Zend_Controller_Response_Http))
#1 C:\AppServ\www\rsEvaluation\public\index.php(199): Zend_Controller_Front->dispatch()
#2 {main}
2014-09-26T16:25:31+07:00 DEBUG (7): Invalid controller specified (font-awesome)
#0 C:\AppServ\www\openlib\ZendFramework\1.5.0\library\Zend\Controller\Front.php(914): Zend_Controller_Dispatcher_Standard->dispatch(Object(Zend_Controller_Request_Http), Object(Zend_Controller_Response_Http))
#1 C:\AppServ\www\rsEvaluation\public\index.php(199): Zend_Controller_Front->dispatch()
#2 {main}
2014-09-26T16:25:31+07:00 DEBUG (7): Invalid controller specified (font-awesome)
#0 C:\AppServ\www\openlib\ZendFramework\1.5.0\library\Zend\Controller\Front.php(914): Zend_Controller_Dispatcher_Standard->dispatch(Object(Zend_Controller_Request_Http), Object(Zend_Controller_Response_Http))
#1 C:\AppServ\www\rsEvaluation\public\index.php(199): Zend_Controller_Front->dispatch()
#2 {main}
2014-09-26T16:25:36+07:00 DEBUG (7): Invalid controller specified (account)
#0 C:\AppServ\www\openlib\ZendFramework\1.5.0\library\Zend\Controller\Front.php(914): Zend_Controller_Dispatcher_Standard->dispatch(Object(Zend_Controller_Request_Http), Object(Zend_Controller_Response_Http))
#1 C:\AppServ\www\rsEvaluation\public\index.php(199): Zend_Controller_Front->dispatch()
#2 {main}
2014-09-26T16:26:11+07:00 DEBUG (7): Invalid controller specified (account)
#0 C:\AppServ\www\openlib\ZendFramework\1.5.0\library\Zend\Controller\Front.php(914): Zend_Controller_Dispatcher_Standard->dispatch(Object(Zend_Controller_Request_Http), Object(Zend_Controller_Response_Http))
#1 C:\AppServ\www\rsEvaluation\public\index.php(199): Zend_Controller_Front->dispatch()
#2 {main}
2014-09-26T16:26:32+07:00 DEBUG (7): Invalid controller specified (account)
#0 C:\AppServ\www\openlib\ZendFramework\1.5.0\library\Zend\Controller\Front.php(914): Zend_Controller_Dispatcher_Standard->dispatch(Object(Zend_Controller_Request_Http), Object(Zend_Controller_Response_Http))
#1 C:\AppServ\www\rsEvaluation\public\index.php(199): Zend_Controller_Front->dispatch()
#2 {main}
2014-09-26T16:30:19+07:00 DEBUG (7): Invalid controller specified (account)
#0 C:\AppServ\www\openlib\ZendFramework\1.5.0\library\Zend\Controller\Front.php(914): Zend_Controller_Dispatcher_Standard->dispatch(Object(Zend_Controller_Request_Http), Object(Zend_Controller_Response_Http))
#1 C:\AppServ\www\rsEvaluation\public\index.php(199): Zend_Controller_Front->dispatch()
#2 {main}
2014-09-26T16:30:31+07:00 DEBUG (7): Invalid controller specified (account)
#0 C:\AppServ\www\openlib\ZendFramework\1.5.0\library\Zend\Controller\Front.php(914): Zend_Controller_Dispatcher_Standard->dispatch(Object(Zend_Controller_Request_Http), Object(Zend_Controller_Response_Http))
#1 C:\AppServ\www\rsEvaluation\public\index.php(199): Zend_Controller_Front->dispatch()
#2 {main}
2014-09-26T16:30:55+07:00 DEBUG (7): Invalid controller specified (account)
#0 C:\AppServ\www\openlib\ZendFramework\1.5.0\library\Zend\Controller\Front.php(914): Zend_Controller_Dispatcher_Standard->dispatch(Object(Zend_Controller_Request_Http), Object(Zend_Controller_Response_Http))
#1 C:\AppServ\www\rsEvaluation\public\index.php(199): Zend_Controller_Front->dispatch()
#2 {main}
2014-09-26T16:30:58+07:00 DEBUG (7): Invalid controller specified (account)
#0 C:\AppServ\www\openlib\ZendFramework\1.5.0\library\Zend\Controller\Front.php(914): Zend_Controller_Dispatcher_Standard->dispatch(Object(Zend_Controller_Request_Http), Object(Zend_Controller_Response_Http))
#1 C:\AppServ\www\rsEvaluation\public\index.php(199): Zend_Controller_Front->dispatch()
#2 {main}
2014-09-26T16:38:13+07:00 DEBUG (7): Invalid controller specified (account)
#0 C:\AppServ\www\openlib\ZendFramework\1.5.0\library\Zend\Controller\Front.php(914): Zend_Controller_Dispatcher_Standard->dispatch(Object(Zend_Controller_Request_Http), Object(Zend_Controller_Response_Http))
#1 C:\AppServ\www\rsEvaluation\public\index.php(199): Zend_Controller_Front->dispatch()
#2 {main}
2014-09-26T16:38:15+07:00 DEBUG (7): Invalid controller specified (account)
#0 C:\AppServ\www\openlib\ZendFramework\1.5.0\library\Zend\Controller\Front.php(914): Zend_Controller_Dispatcher_Standard->dispatch(Object(Zend_Controller_Request_Http), Object(Zend_Controller_Response_Http))
#1 C:\AppServ\www\rsEvaluation\public\index.php(199): Zend_Controller_Front->dispatch()
#2 {main}
2014-09-26T16:41:44+07:00 DEBUG (7): Invalid controller specified (account)
#0 C:\AppServ\www\openlib\ZendFramework\1.5.0\library\Zend\Controller\Front.php(914): Zend_Controller_Dispatcher_Standard->dispatch(Object(Zend_Controller_Request_Http), Object(Zend_Controller_Response_Http))
#1 C:\AppServ\www\rsEvaluation\public\index.php(199): Zend_Controller_Front->dispatch()
#2 {main}
2014-09-26T16:47:29+07:00 DEBUG (7): Invalid controller specified (account)
#0 C:\AppServ\www\openlib\ZendFramework\1.5.0\library\Zend\Controller\Front.php(914): Zend_Controller_Dispatcher_Standard->dispatch(Object(Zend_Controller_Request_Http), Object(Zend_Controller_Response_Http))
#1 C:\AppServ\www\rsEvaluation\public\index.php(199): Zend_Controller_Front->dispatch()
#2 {main}
2014-09-26T17:03:33+07:00 DEBUG (7): Invalid controller specified (account)
#0 C:\AppServ\www\openlib\ZendFramework\1.5.0\library\Zend\Controller\Front.php(914): Zend_Controller_Dispatcher_Standard->dispatch(Object(Zend_Controller_Request_Http), Object(Zend_Controller_Response_Http))
#1 C:\AppServ\www\rsEvaluation\public\index.php(199): Zend_Controller_Front->dispatch()
#2 {main}
2014-09-26T17:03:38+07:00 DEBUG (7): Invalid controller specified (font-awesome)
#0 C:\AppServ\www\openlib\ZendFramework\1.5.0\library\Zend\Controller\Front.php(914): Zend_Controller_Dispatcher_Standard->dispatch(Object(Zend_Controller_Request_Http), Object(Zend_Controller_Response_Http))
#1 C:\AppServ\www\rsEvaluation\public\index.php(199): Zend_Controller_Front->dispatch()
#2 {main}
2014-09-26T17:03:38+07:00 DEBUG (7): Invalid controller specified (font-awesome)
#0 C:\AppServ\www\openlib\ZendFramework\1.5.0\library\Zend\Controller\Front.php(914): Zend_Controller_Dispatcher_Standard->dispatch(Object(Zend_Controller_Request_Http), Object(Zend_Controller_Response_Http))
#1 C:\AppServ\www\rsEvaluation\public\index.php(199): Zend_Controller_Front->dispatch()
#2 {main}
2014-09-26T17:04:05+07:00 DEBUG (7): Invalid controller specified (account)
#0 C:\AppServ\www\openlib\ZendFramework\1.5.0\library\Zend\Controller\Front.php(914): Zend_Controller_Dispatcher_Standard->dispatch(Object(Zend_Controller_Request_Http), Object(Zend_Controller_Response_Http))
#1 C:\AppServ\www\rsEvaluation\public\index.php(199): Zend_Controller_Front->dispatch()
#2 {main}
2014-09-26T17:11:58+07:00 DEBUG (7): Invalid controller specified (account)
#0 C:\AppServ\www\openlib\ZendFramework\1.5.0\library\Zend\Controller\Front.php(914): Zend_Controller_Dispatcher_Standard->dispatch(Object(Zend_Controller_Request_Http), Object(Zend_Controller_Response_Http))
#1 C:\AppServ\www\rsEvaluation\public\index.php(199): Zend_Controller_Front->dispatch()
#2 {main}
2014-09-26T17:13:07+07:00 DEBUG (7): Invalid controller specified (account)
#0 C:\AppServ\www\openlib\ZendFramework\1.5.0\library\Zend\Controller\Front.php(914): Zend_Controller_Dispatcher_Standard->dispatch(Object(Zend_Controller_Request_Http), Object(Zend_Controller_Response_Http))
#1 C:\AppServ\www\rsEvaluation\public\index.php(199): Zend_Controller_Front->dispatch()
#2 {main}
2014-09-26T17:13:10+07:00 DEBUG (7): Invalid controller specified (account)
#0 C:\AppServ\www\openlib\ZendFramework\1.5.0\library\Zend\Controller\Front.php(914): Zend_Controller_Dispatcher_Standard->dispatch(Object(Zend_Controller_Request_Http), Object(Zend_Controller_Response_Http))
#1 C:\AppServ\www\rsEvaluation\public\index.php(199): Zend_Controller_Front->dispatch()
#2 {main}
2014-09-26T17:13:19+07:00 DEBUG (7): Invalid controller specified (font-awesome)
#0 C:\AppServ\www\openlib\ZendFramework\1.5.0\library\Zend\Controller\Front.php(914): Zend_Controller_Dispatcher_Standard->dispatch(Object(Zend_Controller_Request_Http), Object(Zend_Controller_Response_Http))
#1 C:\AppServ\www\rsEvaluation\public\index.php(199): Zend_Controller_Front->dispatch()
#2 {main}
2014-09-26T17:13:20+07:00 DEBUG (7): Invalid controller specified (font-awesome)
#0 C:\AppServ\www\openlib\ZendFramework\1.5.0\library\Zend\Controller\Front.php(914): Zend_Controller_Dispatcher_Standard->dispatch(Object(Zend_Controller_Request_Http), Object(Zend_Controller_Response_Http))
#1 C:\AppServ\www\rsEvaluation\public\index.php(199): Zend_Controller_Front->dispatch()
#2 {main}
2014-09-26T17:13:24+07:00 DEBUG (7): Invalid controller specified (account)
#0 C:\AppServ\www\openlib\ZendFramework\1.5.0\library\Zend\Controller\Front.php(914): Zend_Controller_Dispatcher_Standard->dispatch(Object(Zend_Controller_Request_Http), Object(Zend_Controller_Response_Http))
#1 C:\AppServ\www\rsEvaluation\public\index.php(199): Zend_Controller_Front->dispatch()
#2 {main}
2014-09-26T17:17:53+07:00 DEBUG (7): Invalid controller specified (account)
#0 C:\AppServ\www\openlib\ZendFramework\1.5.0\library\Zend\Controller\Front.php(914): Zend_Controller_Dispatcher_Standard->dispatch(Object(Zend_Controller_Request_Http), Object(Zend_Controller_Response_Http))
#1 C:\AppServ\www\rsEvaluation\public\index.php(199): Zend_Controller_Front->dispatch()
#2 {main}
