2014-08-20T12:12:08+08:00 DEBUG (7): Mysqli prepare error: Table 'dev_dhas_workflow.eva_comment' doesn't exist
#0 C:\AppServ\www\openlib\ZendFramework\1.5.0\library\Zend\Db\Statement.php(109): Zend_Db_Statement_Mysqli->_prepare('SELECT `c`.* FR...')
#1 C:\AppServ\www\openlib\ZendFramework\1.5.0\library\Zend\Db\Adapter\Mysqli.php(330): Zend_Db_Statement->__construct(Object(Zend_Db_Adapter_Mysqli), 'SELECT `c`.* FR...')
#2 C:\AppServ\www\openlib\ZendFramework\1.5.0\library\Zend\Db\Adapter\Abstract.php(405): Zend_Db_Adapter_Mysqli->prepare('SELECT `c`.* FR...')
#3 C:\AppServ\www\openlib\ZendFramework\1.5.0\library\Zend\Db\Select.php(580): Zend_Db_Adapter_Abstract->query(Object(Zend_Db_Select))
#4 C:\AppServ\www\iceworkflow\modules\systemapi\models\datasource\evaluate.php(448): Zend_Db_Select->query()
#5 C:\AppServ\www\iceworkflow\modules\workflow\models\EvaluateGeneric.php(2142): Systemapi_evaluate_Table->getCommentList('comm_mph_id = '...')
#6 C:\AppServ\www\iceworkflow\modules\workflow\controllers\EvaluateController.php(1115): Workflow_Evaluate_Generic->getCommentList(Array)
#7 C:\AppServ\www\openlib\ZendFramework\1.5.0\library\Zend\Controller\Action.php(502): Workflow_EvaluateController->pifrmAction()
#8 C:\AppServ\www\openlib\ZendFramework\1.5.0\library\Zend\Controller\Dispatcher\Standard.php(293): Zend_Controller_Action->dispatch('pifrmAction')
#9 C:\AppServ\www\openlib\ZendFramework\1.5.0\library\Zend\Controller\Front.php(914): Zend_Controller_Dispatcher_Standard->dispatch(Object(Zend_Controller_Request_Http), Object(Zend_Controller_Response_Http))
#10 C:\AppServ\www\iceworkflow\index.php(58): Zend_Controller_Front->dispatch()
#11 {main}
2014-08-20T12:13:05+08:00 DEBUG (7): Mysqli prepare error: Table 'dev_dhas_workflow.eva_comment' doesn't exist
#0 C:\AppServ\www\openlib\ZendFramework\1.5.0\library\Zend\Db\Statement.php(109): Zend_Db_Statement_Mysqli->_prepare('SELECT `c`.* FR...')
#1 C:\AppServ\www\openlib\ZendFramework\1.5.0\library\Zend\Db\Adapter\Mysqli.php(330): Zend_Db_Statement->__construct(Object(Zend_Db_Adapter_Mysqli), 'SELECT `c`.* FR...')
#2 C:\AppServ\www\openlib\ZendFramework\1.5.0\library\Zend\Db\Adapter\Abstract.php(405): Zend_Db_Adapter_Mysqli->prepare('SELECT `c`.* FR...')
#3 C:\AppServ\www\openlib\ZendFramework\1.5.0\library\Zend\Db\Select.php(580): Zend_Db_Adapter_Abstract->query(Object(Zend_Db_Select))
#4 C:\AppServ\www\iceworkflow\modules\systemapi\models\datasource\evaluate.php(448): Zend_Db_Select->query()
#5 C:\AppServ\www\iceworkflow\modules\workflow\models\EvaluateGeneric.php(2142): Systemapi_evaluate_Table->getCommentList('comm_mph_id = '...')
#6 C:\AppServ\www\iceworkflow\modules\workflow\controllers\EvaluateController.php(1115): Workflow_Evaluate_Generic->getCommentList(Array)
#7 C:\AppServ\www\openlib\ZendFramework\1.5.0\library\Zend\Controller\Action.php(502): Workflow_EvaluateController->pifrmAction()
#8 C:\AppServ\www\openlib\ZendFramework\1.5.0\library\Zend\Controller\Dispatcher\Standard.php(293): Zend_Controller_Action->dispatch('pifrmAction')
#9 C:\AppServ\www\openlib\ZendFramework\1.5.0\library\Zend\Controller\Front.php(914): Zend_Controller_Dispatcher_Standard->dispatch(Object(Zend_Controller_Request_Http), Object(Zend_Controller_Response_Http))
#10 C:\AppServ\www\iceworkflow\index.php(58): Zend_Controller_Front->dispatch()
#11 {main}
2014-08-20T12:13:52+08:00 DEBUG (7): Mysqli prepare error: Table 'dev_dhas_workflow.eva_comment' doesn't exist
#0 C:\AppServ\www\openlib\ZendFramework\1.5.0\library\Zend\Db\Statement.php(109): Zend_Db_Statement_Mysqli->_prepare('SELECT `c`.* FR...')
#1 C:\AppServ\www\openlib\ZendFramework\1.5.0\library\Zend\Db\Adapter\Mysqli.php(330): Zend_Db_Statement->__construct(Object(Zend_Db_Adapter_Mysqli), 'SELECT `c`.* FR...')
#2 C:\AppServ\www\openlib\ZendFramework\1.5.0\library\Zend\Db\Adapter\Abstract.php(405): Zend_Db_Adapter_Mysqli->prepare('SELECT `c`.* FR...')
#3 C:\AppServ\www\openlib\ZendFramework\1.5.0\library\Zend\Db\Select.php(580): Zend_Db_Adapter_Abstract->query(Object(Zend_Db_Select))
#4 C:\AppServ\www\iceworkflow\modules\systemapi\models\datasource\evaluate.php(448): Zend_Db_Select->query()
#5 C:\AppServ\www\iceworkflow\modules\workflow\models\EvaluateGeneric.php(2142): Systemapi_evaluate_Table->getCommentList('comm_mph_id = '...')
#6 C:\AppServ\www\iceworkflow\modules\workflow\controllers\EvaluateController.php(1115): Workflow_Evaluate_Generic->getCommentList(Array)
#7 C:\AppServ\www\openlib\ZendFramework\1.5.0\library\Zend\Controller\Action.php(502): Workflow_EvaluateController->pifrmAction()
#8 C:\AppServ\www\openlib\ZendFramework\1.5.0\library\Zend\Controller\Dispatcher\Standard.php(293): Zend_Controller_Action->dispatch('pifrmAction')
#9 C:\AppServ\www\openlib\ZendFramework\1.5.0\library\Zend\Controller\Front.php(914): Zend_Controller_Dispatcher_Standard->dispatch(Object(Zend_Controller_Request_Http), Object(Zend_Controller_Response_Http))
#10 C:\AppServ\www\iceworkflow\index.php(58): Zend_Controller_Front->dispatch()
#11 {main}
2014-08-20T12:13:56+08:00 DEBUG (7): Mysqli prepare error: Table 'dev_dhas_workflow.eva_comment' doesn't exist
#0 C:\AppServ\www\openlib\ZendFramework\1.5.0\library\Zend\Db\Statement.php(109): Zend_Db_Statement_Mysqli->_prepare('SELECT `c`.* FR...')
#1 C:\AppServ\www\openlib\ZendFramework\1.5.0\library\Zend\Db\Adapter\Mysqli.php(330): Zend_Db_Statement->__construct(Object(Zend_Db_Adapter_Mysqli), 'SELECT `c`.* FR...')
#2 C:\AppServ\www\openlib\ZendFramework\1.5.0\library\Zend\Db\Adapter\Abstract.php(405): Zend_Db_Adapter_Mysqli->prepare('SELECT `c`.* FR...')
#3 C:\AppServ\www\openlib\ZendFramework\1.5.0\library\Zend\Db\Select.php(580): Zend_Db_Adapter_Abstract->query(Object(Zend_Db_Select))
#4 C:\AppServ\www\iceworkflow\modules\systemapi\models\datasource\evaluate.php(448): Zend_Db_Select->query()
#5 C:\AppServ\www\iceworkflow\modules\workflow\models\EvaluateGeneric.php(2142): Systemapi_evaluate_Table->getCommentList('comm_mph_id = '...')
#6 C:\AppServ\www\iceworkflow\modules\workflow\controllers\EvaluateController.php(1115): Workflow_Evaluate_Generic->getCommentList(Array)
#7 C:\AppServ\www\openlib\ZendFramework\1.5.0\library\Zend\Controller\Action.php(502): Workflow_EvaluateController->pifrmAction()
#8 C:\AppServ\www\openlib\ZendFramework\1.5.0\library\Zend\Controller\Dispatcher\Standard.php(293): Zend_Controller_Action->dispatch('pifrmAction')
#9 C:\AppServ\www\openlib\ZendFramework\1.5.0\library\Zend\Controller\Front.php(914): Zend_Controller_Dispatcher_Standard->dispatch(Object(Zend_Controller_Request_Http), Object(Zend_Controller_Response_Http))
#10 C:\AppServ\www\iceworkflow\index.php(58): Zend_Controller_Front->dispatch()
#11 {main}
2014-08-20T14:55:19+08:00 DEBUG (7): Mysqli prepare error: Table 'dev_dhas_workflow.eva_comment' doesn't exist
#0 C:\AppServ\www\openlib\ZendFramework\1.5.0\library\Zend\Db\Statement.php(109): Zend_Db_Statement_Mysqli->_prepare('SELECT `c`.* FR...')
#1 C:\AppServ\www\openlib\ZendFramework\1.5.0\library\Zend\Db\Adapter\Mysqli.php(330): Zend_Db_Statement->__construct(Object(Zend_Db_Adapter_Mysqli), 'SELECT `c`.* FR...')
#2 C:\AppServ\www\openlib\ZendFramework\1.5.0\library\Zend\Db\Adapter\Abstract.php(405): Zend_Db_Adapter_Mysqli->prepare('SELECT `c`.* FR...')
#3 C:\AppServ\www\openlib\ZendFramework\1.5.0\library\Zend\Db\Select.php(580): Zend_Db_Adapter_Abstract->query(Object(Zend_Db_Select))
#4 C:\AppServ\www\iEvaluation\modules\systemapi\models\datasource\evaluate.php(448): Zend_Db_Select->query()
#5 C:\AppServ\www\iEvaluation\modules\workflow\models\EvaluateGeneric.php(2142): Systemapi_evaluate_Table->getCommentList('comm_mph_id = '...')
#6 C:\AppServ\www\iEvaluation\modules\workflow\controllers\EvaluateController.php(1115): Workflow_Evaluate_Generic->getCommentList(Array)
#7 C:\AppServ\www\openlib\ZendFramework\1.5.0\library\Zend\Controller\Action.php(502): Workflow_EvaluateController->pifrmAction()
#8 C:\AppServ\www\openlib\ZendFramework\1.5.0\library\Zend\Controller\Dispatcher\Standard.php(293): Zend_Controller_Action->dispatch('pifrmAction')
#9 C:\AppServ\www\openlib\ZendFramework\1.5.0\library\Zend\Controller\Front.php(914): Zend_Controller_Dispatcher_Standard->dispatch(Object(Zend_Controller_Request_Http), Object(Zend_Controller_Response_Http))
#10 C:\AppServ\www\iEvaluation\index.php(58): Zend_Controller_Front->dispatch()
#11 {main}
