2014-09-16T15:37:54+08:00 DEBUG (7): Invalid controller specified (account)
#0 C:\AppServ\www\openlib\ZendFramework\1.5.0\library\Zend\Controller\Front.php(914): Zend_Controller_Dispatcher_Standard->dispatch(Object(Zend_Controller_Request_Http), Object(Zend_Controller_Response_Http))
#1 C:\AppServ\www\rsEvaluation\index.php(64): Zend_Controller_Front->dispatch()
#2 {main}
2014-09-16T15:38:03+08:00 DEBUG (7): Invalid controller specified (account)
#0 C:\AppServ\www\openlib\ZendFramework\1.5.0\library\Zend\Controller\Front.php(914): Zend_Controller_Dispatcher_Standard->dispatch(Object(Zend_Controller_Request_Http), Object(Zend_Controller_Response_Http))
#1 C:\AppServ\www\rsEvaluation\index.php(64): Zend_Controller_Front->dispatch()
#2 {main}
2014-09-16T15:38:29+08:00 DEBUG (7): Invalid controller specified (account)
#0 C:\AppServ\www\openlib\ZendFramework\1.5.0\library\Zend\Controller\Front.php(914): Zend_Controller_Dispatcher_Standard->dispatch(Object(Zend_Controller_Request_Http), Object(Zend_Controller_Response_Http))
#1 C:\AppServ\www\rsEvaluation\index.php(64): Zend_Controller_Front->dispatch()
#2 {main}
2014-09-16T15:39:43+08:00 DEBUG (7): Invalid controller specified (account)
#0 C:\AppServ\www\openlib\ZendFramework\1.5.0\library\Zend\Controller\Front.php(914): Zend_Controller_Dispatcher_Standard->dispatch(Object(Zend_Controller_Request_Http), Object(Zend_Controller_Response_Http))
#1 C:\AppServ\www\rsEvaluation\index.php(64): Zend_Controller_Front->dispatch()
#2 {main}
2014-09-16T15:41:45+08:00 DEBUG (7): Invalid controller specified (account)
#0 C:\AppServ\www\openlib\ZendFramework\1.5.0\library\Zend\Controller\Front.php(914): Zend_Controller_Dispatcher_Standard->dispatch(Object(Zend_Controller_Request_Http), Object(Zend_Controller_Response_Http))
#1 C:\AppServ\www\rsEvaluation\index.php(64): Zend_Controller_Front->dispatch()
#2 {main}
2014-09-16T15:58:43+08:00 DEBUG (7): Invalid controller specified (account)
#0 C:\AppServ\www\openlib\ZendFramework\1.5.0\library\Zend\Controller\Front.php(914): Zend_Controller_Dispatcher_Standard->dispatch(Object(Zend_Controller_Request_Http), Object(Zend_Controller_Response_Http))
#1 C:\AppServ\www\rsEvaluation\index.php(64): Zend_Controller_Front->dispatch()
#2 {main}
2014-09-16T16:19:05+08:00 DEBUG (7): Invalid controller specified (account)
#0 C:\AppServ\www\openlib\ZendFramework\1.5.0\library\Zend\Controller\Front.php(914): Zend_Controller_Dispatcher_Standard->dispatch(Object(Zend_Controller_Request_Http), Object(Zend_Controller_Response_Http))
#1 C:\AppServ\www\rsEvaluation\index.php(64): Zend_Controller_Front->dispatch()
#2 {main}
2014-09-16T15:19:11+07:00 DEBUG (7): Invalid controller specified (font-awesome)
#0 C:\AppServ\www\openlib\ZendFramework\1.5.0\library\Zend\Controller\Front.php(914): Zend_Controller_Dispatcher_Standard->dispatch(Object(Zend_Controller_Request_Http), Object(Zend_Controller_Response_Http))
#1 C:\AppServ\www\rsEvaluation\public\index.php(199): Zend_Controller_Front->dispatch()
#2 {main}
2014-09-16T15:19:12+07:00 DEBUG (7): Invalid controller specified (font-awesome)
#0 C:\AppServ\www\openlib\ZendFramework\1.5.0\library\Zend\Controller\Front.php(914): Zend_Controller_Dispatcher_Standard->dispatch(Object(Zend_Controller_Request_Http), Object(Zend_Controller_Response_Http))
#1 C:\AppServ\www\rsEvaluation\public\index.php(199): Zend_Controller_Front->dispatch()
#2 {main}
2014-09-16T15:21:15+07:00 DEBUG (7): Session must be started before any output has been sent to the browser; output started in C:\AppServ\www\rsEvaluation\library\Workflow\Controller\Action.php/236
#0 C:\AppServ\www\openlib\ZendFramework\1.5.0\library\Zend\Session\Namespace.php(116): Zend_Session::start(true)
#1 C:\AppServ\www\openlib\ZendFramework\1.5.0\library\Zend\Auth\Storage\Session.php(85): Zend_Session_Namespace->__construct('Zend_Auth')
#2 C:\AppServ\www\openlib\ZendFramework\1.5.0\library\Zend\Auth.php(92): Zend_Auth_Storage_Session->__construct()
#3 C:\AppServ\www\openlib\ZendFramework\1.5.0\library\Zend\Auth.php(144): Zend_Auth->getStorage()
#4 C:\AppServ\www\iLibrary\trunk\System\Controller\Action.php(341): Zend_Auth->getIdentity()
#5 C:\AppServ\www\rsEvaluation\library\Workflow\Controller\Flow\Action.php(30): System_Controller_Action->getProfile()
#6 C:\AppServ\www\openlib\ZendFramework\1.5.0\library\Zend\Controller\Action.php(129): Workflow_Controller_Flow_Action->init()
#7 C:\AppServ\www\openlib\ZendFramework\1.5.0\library\Zend\Controller\Dispatcher\Standard.php(269): Zend_Controller_Action->__construct(Object(Zend_Controller_Request_Http), Object(Zend_Controller_Response_Http), Array)
#8 C:\AppServ\www\openlib\ZendFramework\1.5.0\library\Zend\Controller\Front.php(914): Zend_Controller_Dispatcher_Standard->dispatch(Object(Zend_Controller_Request_Http), Object(Zend_Controller_Response_Http))
#9 C:\AppServ\www\rsEvaluation\public\index.php(199): Zend_Controller_Front->dispatch()
#10 {main}
2014-09-16T15:24:13+07:00 DEBUG (7): Session must be started before any output has been sent to the browser; output started in C:\AppServ\www\rsEvaluation\library\Workflow\Controller\Action.php/237
#0 C:\AppServ\www\openlib\ZendFramework\1.5.0\library\Zend\Session\Namespace.php(116): Zend_Session::start(true)
#1 C:\AppServ\www\openlib\ZendFramework\1.5.0\library\Zend\Auth\Storage\Session.php(85): Zend_Session_Namespace->__construct('Zend_Auth')
#2 C:\AppServ\www\openlib\ZendFramework\1.5.0\library\Zend\Auth.php(92): Zend_Auth_Storage_Session->__construct()
#3 C:\AppServ\www\openlib\ZendFramework\1.5.0\library\Zend\Auth.php(144): Zend_Auth->getStorage()
#4 C:\AppServ\www\iLibrary\trunk\System\Controller\Action.php(341): Zend_Auth->getIdentity()
#5 C:\AppServ\www\rsEvaluation\library\Workflow\Controller\Flow\Action.php(30): System_Controller_Action->getProfile()
#6 C:\AppServ\www\openlib\ZendFramework\1.5.0\library\Zend\Controller\Action.php(129): Workflow_Controller_Flow_Action->init()
#7 C:\AppServ\www\openlib\ZendFramework\1.5.0\library\Zend\Controller\Dispatcher\Standard.php(269): Zend_Controller_Action->__construct(Object(Zend_Controller_Request_Http), Object(Zend_Controller_Response_Http), Array)
#8 C:\AppServ\www\openlib\ZendFramework\1.5.0\library\Zend\Controller\Front.php(914): Zend_Controller_Dispatcher_Standard->dispatch(Object(Zend_Controller_Request_Http), Object(Zend_Controller_Response_Http))
#9 C:\AppServ\www\rsEvaluation\public\index.php(199): Zend_Controller_Front->dispatch()
#10 {main}
2014-09-16T15:24:40+07:00 DEBUG (7): Session must be started before any output has been sent to the browser; output started in C:\AppServ\www\rsEvaluation\library\Workflow\Controller\Action.php/237
#0 C:\AppServ\www\openlib\ZendFramework\1.5.0\library\Zend\Session\Namespace.php(116): Zend_Session::start(true)
#1 C:\AppServ\www\openlib\ZendFramework\1.5.0\library\Zend\Auth\Storage\Session.php(85): Zend_Session_Namespace->__construct('Zend_Auth')
#2 C:\AppServ\www\openlib\ZendFramework\1.5.0\library\Zend\Auth.php(92): Zend_Auth_Storage_Session->__construct()
#3 C:\AppServ\www\openlib\ZendFramework\1.5.0\library\Zend\Auth.php(144): Zend_Auth->getStorage()
#4 C:\AppServ\www\iLibrary\trunk\System\Controller\Action.php(341): Zend_Auth->getIdentity()
#5 C:\AppServ\www\rsEvaluation\library\Workflow\Controller\Flow\Action.php(30): System_Controller_Action->getProfile()
#6 C:\AppServ\www\openlib\ZendFramework\1.5.0\library\Zend\Controller\Action.php(129): Workflow_Controller_Flow_Action->init()
#7 C:\AppServ\www\openlib\ZendFramework\1.5.0\library\Zend\Controller\Dispatcher\Standard.php(269): Zend_Controller_Action->__construct(Object(Zend_Controller_Request_Http), Object(Zend_Controller_Response_Http), Array)
#8 C:\AppServ\www\openlib\ZendFramework\1.5.0\library\Zend\Controller\Front.php(914): Zend_Controller_Dispatcher_Standard->dispatch(Object(Zend_Controller_Request_Http), Object(Zend_Controller_Response_Http))
#9 C:\AppServ\www\rsEvaluation\public\index.php(199): Zend_Controller_Front->dispatch()
#10 {main}
2014-09-16T15:26:55+07:00 DEBUG (7): Session must be started before any output has been sent to the browser; output started in C:\AppServ\www\rsEvaluation\library\Workflow\Controller\Action.php/240
#0 C:\AppServ\www\openlib\ZendFramework\1.5.0\library\Zend\Session\Namespace.php(116): Zend_Session::start(true)
#1 C:\AppServ\www\openlib\ZendFramework\1.5.0\library\Zend\Auth\Storage\Session.php(85): Zend_Session_Namespace->__construct('Zend_Auth')
#2 C:\AppServ\www\openlib\ZendFramework\1.5.0\library\Zend\Auth.php(92): Zend_Auth_Storage_Session->__construct()
#3 C:\AppServ\www\openlib\ZendFramework\1.5.0\library\Zend\Auth.php(144): Zend_Auth->getStorage()
#4 C:\AppServ\www\iLibrary\trunk\System\Controller\Action.php(341): Zend_Auth->getIdentity()
#5 C:\AppServ\www\rsEvaluation\library\Workflow\Controller\Flow\Action.php(30): System_Controller_Action->getProfile()
#6 C:\AppServ\www\openlib\ZendFramework\1.5.0\library\Zend\Controller\Action.php(129): Workflow_Controller_Flow_Action->init()
#7 C:\AppServ\www\openlib\ZendFramework\1.5.0\library\Zend\Controller\Dispatcher\Standard.php(269): Zend_Controller_Action->__construct(Object(Zend_Controller_Request_Http), Object(Zend_Controller_Response_Http), Array)
#8 C:\AppServ\www\openlib\ZendFramework\1.5.0\library\Zend\Controller\Front.php(914): Zend_Controller_Dispatcher_Standard->dispatch(Object(Zend_Controller_Request_Http), Object(Zend_Controller_Response_Http))
#9 C:\AppServ\www\rsEvaluation\public\index.php(199): Zend_Controller_Front->dispatch()
#10 {main}
2014-09-16T15:28:11+07:00 DEBUG (7): Session must be started before any output has been sent to the browser; output started in C:\AppServ\www\rsEvaluation\library\Workflow\Controller\Action.php/206
#0 C:\AppServ\www\openlib\ZendFramework\1.5.0\library\Zend\Session\Namespace.php(116): Zend_Session::start(true)
#1 C:\AppServ\www\openlib\ZendFramework\1.5.0\library\Zend\Auth\Storage\Session.php(85): Zend_Session_Namespace->__construct('Zend_Auth')
#2 C:\AppServ\www\openlib\ZendFramework\1.5.0\library\Zend\Auth.php(92): Zend_Auth_Storage_Session->__construct()
#3 C:\AppServ\www\openlib\ZendFramework\1.5.0\library\Zend\Auth.php(144): Zend_Auth->getStorage()
#4 C:\AppServ\www\iLibrary\trunk\System\Controller\Action.php(341): Zend_Auth->getIdentity()
#5 C:\AppServ\www\rsEvaluation\library\Workflow\Controller\Flow\Action.php(30): System_Controller_Action->getProfile()
#6 C:\AppServ\www\openlib\ZendFramework\1.5.0\library\Zend\Controller\Action.php(129): Workflow_Controller_Flow_Action->init()
#7 C:\AppServ\www\openlib\ZendFramework\1.5.0\library\Zend\Controller\Dispatcher\Standard.php(269): Zend_Controller_Action->__construct(Object(Zend_Controller_Request_Http), Object(Zend_Controller_Response_Http), Array)
#8 C:\AppServ\www\openlib\ZendFramework\1.5.0\library\Zend\Controller\Front.php(914): Zend_Controller_Dispatcher_Standard->dispatch(Object(Zend_Controller_Request_Http), Object(Zend_Controller_Response_Http))
#9 C:\AppServ\www\rsEvaluation\public\index.php(199): Zend_Controller_Front->dispatch()
#10 {main}
2014-09-16T15:28:25+07:00 DEBUG (7): Session must be started before any output has been sent to the browser; output started in C:\AppServ\www\rsEvaluation\library\Workflow\Controller\Action.php/206
#0 C:\AppServ\www\openlib\ZendFramework\1.5.0\library\Zend\Session\Namespace.php(116): Zend_Session::start(true)
#1 C:\AppServ\www\openlib\ZendFramework\1.5.0\library\Zend\Auth\Storage\Session.php(85): Zend_Session_Namespace->__construct('Zend_Auth')
#2 C:\AppServ\www\openlib\ZendFramework\1.5.0\library\Zend\Auth.php(92): Zend_Auth_Storage_Session->__construct()
#3 C:\AppServ\www\openlib\ZendFramework\1.5.0\library\Zend\Auth.php(144): Zend_Auth->getStorage()
#4 C:\AppServ\www\iLibrary\trunk\System\Controller\Action.php(341): Zend_Auth->getIdentity()
#5 C:\AppServ\www\rsEvaluation\library\Workflow\Controller\Flow\Action.php(30): System_Controller_Action->getProfile()
#6 C:\AppServ\www\openlib\ZendFramework\1.5.0\library\Zend\Controller\Action.php(129): Workflow_Controller_Flow_Action->init()
#7 C:\AppServ\www\openlib\ZendFramework\1.5.0\library\Zend\Controller\Dispatcher\Standard.php(269): Zend_Controller_Action->__construct(Object(Zend_Controller_Request_Http), Object(Zend_Controller_Response_Http), Array)
#8 C:\AppServ\www\openlib\ZendFramework\1.5.0\library\Zend\Controller\Front.php(914): Zend_Controller_Dispatcher_Standard->dispatch(Object(Zend_Controller_Request_Http), Object(Zend_Controller_Response_Http))
#9 C:\AppServ\www\rsEvaluation\public\index.php(199): Zend_Controller_Front->dispatch()
#10 {main}
2014-09-16T15:28:28+07:00 DEBUG (7): Session must be started before any output has been sent to the browser; output started in C:\AppServ\www\rsEvaluation\library\Workflow\Controller\Action.php/206
#0 C:\AppServ\www\openlib\ZendFramework\1.5.0\library\Zend\Session\Namespace.php(116): Zend_Session::start(true)
#1 C:\AppServ\www\openlib\ZendFramework\1.5.0\library\Zend\Auth\Storage\Session.php(85): Zend_Session_Namespace->__construct('Zend_Auth')
#2 C:\AppServ\www\openlib\ZendFramework\1.5.0\library\Zend\Auth.php(92): Zend_Auth_Storage_Session->__construct()
#3 C:\AppServ\www\openlib\ZendFramework\1.5.0\library\Zend\Auth.php(144): Zend_Auth->getStorage()
#4 C:\AppServ\www\iLibrary\trunk\System\Controller\Action.php(341): Zend_Auth->getIdentity()
#5 C:\AppServ\www\rsEvaluation\library\Workflow\Controller\Flow\Action.php(30): System_Controller_Action->getProfile()
#6 C:\AppServ\www\openlib\ZendFramework\1.5.0\library\Zend\Controller\Action.php(129): Workflow_Controller_Flow_Action->init()
#7 C:\AppServ\www\openlib\ZendFramework\1.5.0\library\Zend\Controller\Dispatcher\Standard.php(269): Zend_Controller_Action->__construct(Object(Zend_Controller_Request_Http), Object(Zend_Controller_Response_Http), Array)
#8 C:\AppServ\www\openlib\ZendFramework\1.5.0\library\Zend\Controller\Front.php(914): Zend_Controller_Dispatcher_Standard->dispatch(Object(Zend_Controller_Request_Http), Object(Zend_Controller_Response_Http))
#9 C:\AppServ\www\rsEvaluation\public\index.php(199): Zend_Controller_Front->dispatch()
#10 {main}
2014-09-16T15:28:29+07:00 DEBUG (7): Session must be started before any output has been sent to the browser; output started in C:\AppServ\www\rsEvaluation\library\Workflow\Controller\Action.php/206
#0 C:\AppServ\www\openlib\ZendFramework\1.5.0\library\Zend\Session\Namespace.php(116): Zend_Session::start(true)
#1 C:\AppServ\www\openlib\ZendFramework\1.5.0\library\Zend\Auth\Storage\Session.php(85): Zend_Session_Namespace->__construct('Zend_Auth')
#2 C:\AppServ\www\openlib\ZendFramework\1.5.0\library\Zend\Auth.php(92): Zend_Auth_Storage_Session->__construct()
#3 C:\AppServ\www\openlib\ZendFramework\1.5.0\library\Zend\Auth.php(144): Zend_Auth->getStorage()
#4 C:\AppServ\www\iLibrary\trunk\System\Controller\Action.php(341): Zend_Auth->getIdentity()
#5 C:\AppServ\www\rsEvaluation\library\Workflow\Controller\Flow\Action.php(30): System_Controller_Action->getProfile()
#6 C:\AppServ\www\openlib\ZendFramework\1.5.0\library\Zend\Controller\Action.php(129): Workflow_Controller_Flow_Action->init()
#7 C:\AppServ\www\openlib\ZendFramework\1.5.0\library\Zend\Controller\Dispatcher\Standard.php(269): Zend_Controller_Action->__construct(Object(Zend_Controller_Request_Http), Object(Zend_Controller_Response_Http), Array)
#8 C:\AppServ\www\openlib\ZendFramework\1.5.0\library\Zend\Controller\Front.php(914): Zend_Controller_Dispatcher_Standard->dispatch(Object(Zend_Controller_Request_Http), Object(Zend_Controller_Response_Http))
#9 C:\AppServ\www\rsEvaluation\public\index.php(199): Zend_Controller_Front->dispatch()
#10 {main}
2014-09-16T15:28:29+07:00 DEBUG (7): Session must be started before any output has been sent to the browser; output started in C:\AppServ\www\rsEvaluation\library\Workflow\Controller\Action.php/206
#0 C:\AppServ\www\openlib\ZendFramework\1.5.0\library\Zend\Session\Namespace.php(116): Zend_Session::start(true)
#1 C:\AppServ\www\openlib\ZendFramework\1.5.0\library\Zend\Auth\Storage\Session.php(85): Zend_Session_Namespace->__construct('Zend_Auth')
#2 C:\AppServ\www\openlib\ZendFramework\1.5.0\library\Zend\Auth.php(92): Zend_Auth_Storage_Session->__construct()
#3 C:\AppServ\www\openlib\ZendFramework\1.5.0\library\Zend\Auth.php(144): Zend_Auth->getStorage()
#4 C:\AppServ\www\iLibrary\trunk\System\Controller\Action.php(341): Zend_Auth->getIdentity()
#5 C:\AppServ\www\rsEvaluation\library\Workflow\Controller\Flow\Action.php(30): System_Controller_Action->getProfile()
#6 C:\AppServ\www\openlib\ZendFramework\1.5.0\library\Zend\Controller\Action.php(129): Workflow_Controller_Flow_Action->init()
#7 C:\AppServ\www\openlib\ZendFramework\1.5.0\library\Zend\Controller\Dispatcher\Standard.php(269): Zend_Controller_Action->__construct(Object(Zend_Controller_Request_Http), Object(Zend_Controller_Response_Http), Array)
#8 C:\AppServ\www\openlib\ZendFramework\1.5.0\library\Zend\Controller\Front.php(914): Zend_Controller_Dispatcher_Standard->dispatch(Object(Zend_Controller_Request_Http), Object(Zend_Controller_Response_Http))
#9 C:\AppServ\www\rsEvaluation\public\index.php(199): Zend_Controller_Front->dispatch()
#10 {main}
2014-09-16T15:28:29+07:00 DEBUG (7): Session must be started before any output has been sent to the browser; output started in C:\AppServ\www\rsEvaluation\library\Workflow\Controller\Action.php/206
#0 C:\AppServ\www\openlib\ZendFramework\1.5.0\library\Zend\Session\Namespace.php(116): Zend_Session::start(true)
#1 C:\AppServ\www\openlib\ZendFramework\1.5.0\library\Zend\Auth\Storage\Session.php(85): Zend_Session_Namespace->__construct('Zend_Auth')
#2 C:\AppServ\www\openlib\ZendFramework\1.5.0\library\Zend\Auth.php(92): Zend_Auth_Storage_Session->__construct()
#3 C:\AppServ\www\openlib\ZendFramework\1.5.0\library\Zend\Auth.php(144): Zend_Auth->getStorage()
#4 C:\AppServ\www\iLibrary\trunk\System\Controller\Action.php(341): Zend_Auth->getIdentity()
#5 C:\AppServ\www\rsEvaluation\library\Workflow\Controller\Flow\Action.php(30): System_Controller_Action->getProfile()
#6 C:\AppServ\www\openlib\ZendFramework\1.5.0\library\Zend\Controller\Action.php(129): Workflow_Controller_Flow_Action->init()
#7 C:\AppServ\www\openlib\ZendFramework\1.5.0\library\Zend\Controller\Dispatcher\Standard.php(269): Zend_Controller_Action->__construct(Object(Zend_Controller_Request_Http), Object(Zend_Controller_Response_Http), Array)
#8 C:\AppServ\www\openlib\ZendFramework\1.5.0\library\Zend\Controller\Front.php(914): Zend_Controller_Dispatcher_Standard->dispatch(Object(Zend_Controller_Request_Http), Object(Zend_Controller_Response_Http))
#9 C:\AppServ\www\rsEvaluation\public\index.php(199): Zend_Controller_Front->dispatch()
#10 {main}
2014-09-16T15:30:38+07:00 DEBUG (7): Session must be started before any output has been sent to the browser; output started in C:\AppServ\www\rsEvaluation\library\Workflow\Controller\Action.php/158
#0 C:\AppServ\www\openlib\ZendFramework\1.5.0\library\Zend\Session\Namespace.php(116): Zend_Session::start(true)
#1 C:\AppServ\www\openlib\ZendFramework\1.5.0\library\Zend\Auth\Storage\Session.php(85): Zend_Session_Namespace->__construct('Zend_Auth')
#2 C:\AppServ\www\openlib\ZendFramework\1.5.0\library\Zend\Auth.php(92): Zend_Auth_Storage_Session->__construct()
#3 C:\AppServ\www\openlib\ZendFramework\1.5.0\library\Zend\Auth.php(144): Zend_Auth->getStorage()
#4 C:\AppServ\www\iLibrary\trunk\System\Controller\Action.php(341): Zend_Auth->getIdentity()
#5 C:\AppServ\www\rsEvaluation\library\Workflow\Controller\Flow\Action.php(30): System_Controller_Action->getProfile()
#6 C:\AppServ\www\openlib\ZendFramework\1.5.0\library\Zend\Controller\Action.php(129): Workflow_Controller_Flow_Action->init()
#7 C:\AppServ\www\openlib\ZendFramework\1.5.0\library\Zend\Controller\Dispatcher\Standard.php(269): Zend_Controller_Action->__construct(Object(Zend_Controller_Request_Http), Object(Zend_Controller_Response_Http), Array)
#8 C:\AppServ\www\openlib\ZendFramework\1.5.0\library\Zend\Controller\Front.php(914): Zend_Controller_Dispatcher_Standard->dispatch(Object(Zend_Controller_Request_Http), Object(Zend_Controller_Response_Http))
#9 C:\AppServ\www\rsEvaluation\public\index.php(199): Zend_Controller_Front->dispatch()
#10 {main}
2014-09-16T15:31:24+07:00 DEBUG (7): Session must be started before any output has been sent to the browser; output started in C:\AppServ\www\rsEvaluation\library\Workflow\Controller\Action.php/158
#0 C:\AppServ\www\openlib\ZendFramework\1.5.0\library\Zend\Session\Namespace.php(116): Zend_Session::start(true)
#1 C:\AppServ\www\openlib\ZendFramework\1.5.0\library\Zend\Auth\Storage\Session.php(85): Zend_Session_Namespace->__construct('Zend_Auth')
#2 C:\AppServ\www\openlib\ZendFramework\1.5.0\library\Zend\Auth.php(92): Zend_Auth_Storage_Session->__construct()
#3 C:\AppServ\www\openlib\ZendFramework\1.5.0\library\Zend\Auth.php(144): Zend_Auth->getStorage()
#4 C:\AppServ\www\iLibrary\trunk\System\Controller\Action.php(341): Zend_Auth->getIdentity()
#5 C:\AppServ\www\rsEvaluation\library\Workflow\Controller\Flow\Action.php(30): System_Controller_Action->getProfile()
#6 C:\AppServ\www\openlib\ZendFramework\1.5.0\library\Zend\Controller\Action.php(129): Workflow_Controller_Flow_Action->init()
#7 C:\AppServ\www\openlib\ZendFramework\1.5.0\library\Zend\Controller\Dispatcher\Standard.php(269): Zend_Controller_Action->__construct(Object(Zend_Controller_Request_Http), Object(Zend_Controller_Response_Http), Array)
#8 C:\AppServ\www\openlib\ZendFramework\1.5.0\library\Zend\Controller\Front.php(914): Zend_Controller_Dispatcher_Standard->dispatch(Object(Zend_Controller_Request_Http), Object(Zend_Controller_Response_Http))
#9 C:\AppServ\www\rsEvaluation\public\index.php(199): Zend_Controller_Front->dispatch()
#10 {main}
2014-09-16T15:31:53+07:00 DEBUG (7): Session must be started before any output has been sent to the browser; output started in C:\AppServ\www\rsEvaluation\library\Workflow\Controller\Action.php/158
#0 C:\AppServ\www\openlib\ZendFramework\1.5.0\library\Zend\Session\Namespace.php(116): Zend_Session::start(true)
#1 C:\AppServ\www\openlib\ZendFramework\1.5.0\library\Zend\Auth\Storage\Session.php(85): Zend_Session_Namespace->__construct('Zend_Auth')
#2 C:\AppServ\www\openlib\ZendFramework\1.5.0\library\Zend\Auth.php(92): Zend_Auth_Storage_Session->__construct()
#3 C:\AppServ\www\openlib\ZendFramework\1.5.0\library\Zend\Auth.php(144): Zend_Auth->getStorage()
#4 C:\AppServ\www\iLibrary\trunk\System\Controller\Action.php(341): Zend_Auth->getIdentity()
#5 C:\AppServ\www\rsEvaluation\library\Workflow\Controller\Flow\Action.php(30): System_Controller_Action->getProfile()
#6 C:\AppServ\www\openlib\ZendFramework\1.5.0\library\Zend\Controller\Action.php(129): Workflow_Controller_Flow_Action->init()
#7 C:\AppServ\www\openlib\ZendFramework\1.5.0\library\Zend\Controller\Dispatcher\Standard.php(269): Zend_Controller_Action->__construct(Object(Zend_Controller_Request_Http), Object(Zend_Controller_Response_Http), Array)
#8 C:\AppServ\www\openlib\ZendFramework\1.5.0\library\Zend\Controller\Front.php(914): Zend_Controller_Dispatcher_Standard->dispatch(Object(Zend_Controller_Request_Http), Object(Zend_Controller_Response_Http))
#9 C:\AppServ\www\rsEvaluation\public\index.php(199): Zend_Controller_Front->dispatch()
#10 {main}
2014-09-16T15:31:55+07:00 DEBUG (7): Session must be started before any output has been sent to the browser; output started in C:\AppServ\www\rsEvaluation\library\Workflow\Controller\Action.php/158
#0 C:\AppServ\www\openlib\ZendFramework\1.5.0\library\Zend\Session\Namespace.php(116): Zend_Session::start(true)
#1 C:\AppServ\www\openlib\ZendFramework\1.5.0\library\Zend\Auth\Storage\Session.php(85): Zend_Session_Namespace->__construct('Zend_Auth')
#2 C:\AppServ\www\openlib\ZendFramework\1.5.0\library\Zend\Auth.php(92): Zend_Auth_Storage_Session->__construct()
#3 C:\AppServ\www\openlib\ZendFramework\1.5.0\library\Zend\Auth.php(144): Zend_Auth->getStorage()
#4 C:\AppServ\www\iLibrary\trunk\System\Controller\Action.php(341): Zend_Auth->getIdentity()
#5 C:\AppServ\www\rsEvaluation\library\Workflow\Controller\Flow\Action.php(30): System_Controller_Action->getProfile()
#6 C:\AppServ\www\openlib\ZendFramework\1.5.0\library\Zend\Controller\Action.php(129): Workflow_Controller_Flow_Action->init()
#7 C:\AppServ\www\openlib\ZendFramework\1.5.0\library\Zend\Controller\Dispatcher\Standard.php(269): Zend_Controller_Action->__construct(Object(Zend_Controller_Request_Http), Object(Zend_Controller_Response_Http), Array)
#8 C:\AppServ\www\openlib\ZendFramework\1.5.0\library\Zend\Controller\Front.php(914): Zend_Controller_Dispatcher_Standard->dispatch(Object(Zend_Controller_Request_Http), Object(Zend_Controller_Response_Http))
#9 C:\AppServ\www\rsEvaluation\public\index.php(199): Zend_Controller_Front->dispatch()
#10 {main}
2014-09-16T15:32:11+07:00 DEBUG (7): Session must be started before any output has been sent to the browser; output started in C:\AppServ\www\rsEvaluation\library\Workflow\Controller\Action.php/158
#0 C:\AppServ\www\openlib\ZendFramework\1.5.0\library\Zend\Session\Namespace.php(116): Zend_Session::start(true)
#1 C:\AppServ\www\openlib\ZendFramework\1.5.0\library\Zend\Auth\Storage\Session.php(85): Zend_Session_Namespace->__construct('Zend_Auth')
#2 C:\AppServ\www\openlib\ZendFramework\1.5.0\library\Zend\Auth.php(92): Zend_Auth_Storage_Session->__construct()
#3 C:\AppServ\www\openlib\ZendFramework\1.5.0\library\Zend\Auth.php(144): Zend_Auth->getStorage()
#4 C:\AppServ\www\iLibrary\trunk\System\Controller\Action.php(341): Zend_Auth->getIdentity()
#5 C:\AppServ\www\rsEvaluation\library\Workflow\Controller\Flow\Action.php(30): System_Controller_Action->getProfile()
#6 C:\AppServ\www\openlib\ZendFramework\1.5.0\library\Zend\Controller\Action.php(129): Workflow_Controller_Flow_Action->init()
#7 C:\AppServ\www\openlib\ZendFramework\1.5.0\library\Zend\Controller\Dispatcher\Standard.php(269): Zend_Controller_Action->__construct(Object(Zend_Controller_Request_Http), Object(Zend_Controller_Response_Http), Array)
#8 C:\AppServ\www\openlib\ZendFramework\1.5.0\library\Zend\Controller\Front.php(914): Zend_Controller_Dispatcher_Standard->dispatch(Object(Zend_Controller_Request_Http), Object(Zend_Controller_Response_Http))
#9 C:\AppServ\www\rsEvaluation\public\index.php(199): Zend_Controller_Front->dispatch()
#10 {main}
2014-09-16T15:35:30+07:00 DEBUG (7): Session must be started before any output has been sent to the browser; output started in C:\AppServ\www\rsEvaluation\library\Workflow\Controller\Action.php/219
#0 C:\AppServ\www\openlib\ZendFramework\1.5.0\library\Zend\Session\Namespace.php(116): Zend_Session::start(true)
#1 C:\AppServ\www\openlib\ZendFramework\1.5.0\library\Zend\Auth\Storage\Session.php(85): Zend_Session_Namespace->__construct('Zend_Auth')
#2 C:\AppServ\www\openlib\ZendFramework\1.5.0\library\Zend\Auth.php(92): Zend_Auth_Storage_Session->__construct()
#3 C:\AppServ\www\openlib\ZendFramework\1.5.0\library\Zend\Auth.php(144): Zend_Auth->getStorage()
#4 C:\AppServ\www\iLibrary\trunk\System\Controller\Action.php(341): Zend_Auth->getIdentity()
#5 C:\AppServ\www\rsEvaluation\library\Workflow\Controller\Flow\Action.php(30): System_Controller_Action->getProfile()
#6 C:\AppServ\www\openlib\ZendFramework\1.5.0\library\Zend\Controller\Action.php(129): Workflow_Controller_Flow_Action->init()
#7 C:\AppServ\www\openlib\ZendFramework\1.5.0\library\Zend\Controller\Dispatcher\Standard.php(269): Zend_Controller_Action->__construct(Object(Zend_Controller_Request_Http), Object(Zend_Controller_Response_Http), Array)
#8 C:\AppServ\www\openlib\ZendFramework\1.5.0\library\Zend\Controller\Front.php(914): Zend_Controller_Dispatcher_Standard->dispatch(Object(Zend_Controller_Request_Http), Object(Zend_Controller_Response_Http))
#9 C:\AppServ\www\rsEvaluation\public\index.php(199): Zend_Controller_Front->dispatch()
#10 {main}
2014-09-16T15:35:41+07:00 DEBUG (7): Session must be started before any output has been sent to the browser; output started in C:\AppServ\www\rsEvaluation\library\Workflow\Controller\Action.php/219
#0 C:\AppServ\www\openlib\ZendFramework\1.5.0\library\Zend\Session\Namespace.php(116): Zend_Session::start(true)
#1 C:\AppServ\www\openlib\ZendFramework\1.5.0\library\Zend\Auth\Storage\Session.php(85): Zend_Session_Namespace->__construct('Zend_Auth')
#2 C:\AppServ\www\openlib\ZendFramework\1.5.0\library\Zend\Auth.php(92): Zend_Auth_Storage_Session->__construct()
#3 C:\AppServ\www\openlib\ZendFramework\1.5.0\library\Zend\Auth.php(144): Zend_Auth->getStorage()
#4 C:\AppServ\www\iLibrary\trunk\System\Controller\Action.php(341): Zend_Auth->getIdentity()
#5 C:\AppServ\www\rsEvaluation\library\Workflow\Controller\Flow\Action.php(30): System_Controller_Action->getProfile()
#6 C:\AppServ\www\openlib\ZendFramework\1.5.0\library\Zend\Controller\Action.php(129): Workflow_Controller_Flow_Action->init()
#7 C:\AppServ\www\openlib\ZendFramework\1.5.0\library\Zend\Controller\Dispatcher\Standard.php(269): Zend_Controller_Action->__construct(Object(Zend_Controller_Request_Http), Object(Zend_Controller_Response_Http), Array)
#8 C:\AppServ\www\openlib\ZendFramework\1.5.0\library\Zend\Controller\Front.php(914): Zend_Controller_Dispatcher_Standard->dispatch(Object(Zend_Controller_Request_Http), Object(Zend_Controller_Response_Http))
#9 C:\AppServ\www\rsEvaluation\public\index.php(199): Zend_Controller_Front->dispatch()
#10 {main}
2014-09-16T15:43:47+07:00 DEBUG (7): Session must be started before any output has been sent to the browser; output started in C:\AppServ\www\rsEvaluation\library\Workflow\Controller\Action.php/219
#0 C:\AppServ\www\openlib\ZendFramework\1.5.0\library\Zend\Session\Namespace.php(116): Zend_Session::start(true)
#1 C:\AppServ\www\openlib\ZendFramework\1.5.0\library\Zend\Auth\Storage\Session.php(85): Zend_Session_Namespace->__construct('Zend_Auth')
#2 C:\AppServ\www\openlib\ZendFramework\1.5.0\library\Zend\Auth.php(92): Zend_Auth_Storage_Session->__construct()
#3 C:\AppServ\www\openlib\ZendFramework\1.5.0\library\Zend\Auth.php(144): Zend_Auth->getStorage()
#4 C:\AppServ\www\iLibrary\trunk\System\Controller\Action.php(341): Zend_Auth->getIdentity()
#5 C:\AppServ\www\rsEvaluation\library\Workflow\Controller\Flow\Action.php(30): System_Controller_Action->getProfile()
#6 C:\AppServ\www\openlib\ZendFramework\1.5.0\library\Zend\Controller\Action.php(129): Workflow_Controller_Flow_Action->init()
#7 C:\AppServ\www\openlib\ZendFramework\1.5.0\library\Zend\Controller\Dispatcher\Standard.php(269): Zend_Controller_Action->__construct(Object(Zend_Controller_Request_Http), Object(Zend_Controller_Response_Http), Array)
#8 C:\AppServ\www\openlib\ZendFramework\1.5.0\library\Zend\Controller\Front.php(914): Zend_Controller_Dispatcher_Standard->dispatch(Object(Zend_Controller_Request_Http), Object(Zend_Controller_Response_Http))
#9 C:\AppServ\www\rsEvaluation\public\index.php(199): Zend_Controller_Front->dispatch()
#10 {main}
2014-09-16T15:48:10+07:00 DEBUG (7): Session must be started before any output has been sent to the browser; output started in C:\AppServ\www\rsEvaluation\library\Workflow\Controller\Action.php/220
#0 C:\AppServ\www\openlib\ZendFramework\1.5.0\library\Zend\Session\Namespace.php(116): Zend_Session::start(true)
#1 C:\AppServ\www\openlib\ZendFramework\1.5.0\library\Zend\Auth\Storage\Session.php(85): Zend_Session_Namespace->__construct('Zend_Auth')
#2 C:\AppServ\www\openlib\ZendFramework\1.5.0\library\Zend\Auth.php(92): Zend_Auth_Storage_Session->__construct()
#3 C:\AppServ\www\openlib\ZendFramework\1.5.0\library\Zend\Auth.php(144): Zend_Auth->getStorage()
#4 C:\AppServ\www\iLibrary\trunk\System\Controller\Action.php(341): Zend_Auth->getIdentity()
#5 C:\AppServ\www\rsEvaluation\library\Workflow\Controller\Flow\Action.php(30): System_Controller_Action->getProfile()
#6 C:\AppServ\www\openlib\ZendFramework\1.5.0\library\Zend\Controller\Action.php(129): Workflow_Controller_Flow_Action->init()
#7 C:\AppServ\www\openlib\ZendFramework\1.5.0\library\Zend\Controller\Dispatcher\Standard.php(269): Zend_Controller_Action->__construct(Object(Zend_Controller_Request_Http), Object(Zend_Controller_Response_Http), Array)
#8 C:\AppServ\www\openlib\ZendFramework\1.5.0\library\Zend\Controller\Front.php(914): Zend_Controller_Dispatcher_Standard->dispatch(Object(Zend_Controller_Request_Http), Object(Zend_Controller_Response_Http))
#9 C:\AppServ\www\rsEvaluation\public\index.php(199): Zend_Controller_Front->dispatch()
#10 {main}
2014-09-16T16:02:44+07:00 DEBUG (7): Session must be started before any output has been sent to the browser; output started in C:\AppServ\www\rsEvaluation\library\Workflow\Controller\Action.php/219
#0 C:\AppServ\www\openlib\ZendFramework\1.5.0\library\Zend\Session\Namespace.php(116): Zend_Session::start(true)
#1 C:\AppServ\www\openlib\ZendFramework\1.5.0\library\Zend\Auth\Storage\Session.php(85): Zend_Session_Namespace->__construct('Zend_Auth')
#2 C:\AppServ\www\openlib\ZendFramework\1.5.0\library\Zend\Auth.php(92): Zend_Auth_Storage_Session->__construct()
#3 C:\AppServ\www\openlib\ZendFramework\1.5.0\library\Zend\Auth.php(144): Zend_Auth->getStorage()
#4 C:\AppServ\www\iLibrary\trunk\System\Controller\Action.php(341): Zend_Auth->getIdentity()
#5 C:\AppServ\www\rsEvaluation\library\Workflow\Controller\Flow\Action.php(30): System_Controller_Action->getProfile()
#6 C:\AppServ\www\openlib\ZendFramework\1.5.0\library\Zend\Controller\Action.php(129): Workflow_Controller_Flow_Action->init()
#7 C:\AppServ\www\openlib\ZendFramework\1.5.0\library\Zend\Controller\Dispatcher\Standard.php(269): Zend_Controller_Action->__construct(Object(Zend_Controller_Request_Http), Object(Zend_Controller_Response_Http), Array)
#8 C:\AppServ\www\openlib\ZendFramework\1.5.0\library\Zend\Controller\Front.php(914): Zend_Controller_Dispatcher_Standard->dispatch(Object(Zend_Controller_Request_Http), Object(Zend_Controller_Response_Http))
#9 C:\AppServ\www\rsEvaluation\public\index.php(199): Zend_Controller_Front->dispatch()
#10 {main}
2014-09-16T16:15:43+07:00 DEBUG (7): Invalid controller specified (font-awesome)
#0 C:\AppServ\www\openlib\ZendFramework\1.5.0\library\Zend\Controller\Front.php(914): Zend_Controller_Dispatcher_Standard->dispatch(Object(Zend_Controller_Request_Http), Object(Zend_Controller_Response_Http))
#1 C:\AppServ\www\rsEvaluation\public\index.php(199): Zend_Controller_Front->dispatch()
#2 {main}
2014-09-16T16:15:44+07:00 DEBUG (7): Invalid controller specified (font-awesome)
#0 C:\AppServ\www\openlib\ZendFramework\1.5.0\library\Zend\Controller\Front.php(914): Zend_Controller_Dispatcher_Standard->dispatch(Object(Zend_Controller_Request_Http), Object(Zend_Controller_Response_Http))
#1 C:\AppServ\www\rsEvaluation\public\index.php(199): Zend_Controller_Front->dispatch()
#2 {main}
2014-09-16T16:28:42+07:00 DEBUG (7): Invalid controller specified (font-awesome)
#0 C:\AppServ\www\openlib\ZendFramework\1.5.0\library\Zend\Controller\Front.php(914): Zend_Controller_Dispatcher_Standard->dispatch(Object(Zend_Controller_Request_Http), Object(Zend_Controller_Response_Http))
#1 C:\AppServ\www\rsEvaluation\public\index.php(199): Zend_Controller_Front->dispatch()
#2 {main}
2014-09-16T16:28:43+07:00 DEBUG (7): Invalid controller specified (font-awesome)
#0 C:\AppServ\www\openlib\ZendFramework\1.5.0\library\Zend\Controller\Front.php(914): Zend_Controller_Dispatcher_Standard->dispatch(Object(Zend_Controller_Request_Http), Object(Zend_Controller_Response_Http))
#1 C:\AppServ\www\rsEvaluation\public\index.php(199): Zend_Controller_Front->dispatch()
#2 {main}
2014-09-16T17:43:47+08:00 DEBUG (7): Missing Generic Service class ("Account_Systemapi_Generic")
#0 C:\AppServ\www\iLibrary\trunk\System\Controller\Action.php(339): System_Controller->getGeneric('systemapi')
#1 C:\AppServ\www\rsEvaluation\library\Workflow\Controller\Flow\Action.php(59): System_Controller_Action->getGeneric('systemapi', 'systemapi')
#2 C:\AppServ\www\openlib\ZendFramework\1.5.0\library\Zend\Controller\Action.php(129): Workflow_Controller_Flow_Action->init()
#3 C:\AppServ\www\openlib\ZendFramework\1.5.0\library\Zend\Controller\Dispatcher\Standard.php(269): Zend_Controller_Action->__construct(Object(Zend_Controller_Request_Http), Object(Zend_Controller_Response_Http), Array)
#4 C:\AppServ\www\openlib\ZendFramework\1.5.0\library\Zend\Controller\Front.php(914): Zend_Controller_Dispatcher_Standard->dispatch(Object(Zend_Controller_Request_Http), Object(Zend_Controller_Response_Http))
#5 C:\AppServ\www\rsEvaluation\index.php(64): Zend_Controller_Front->dispatch()
#6 {main}
2014-09-16T16:44:07+07:00 DEBUG (7): Missing Generic Service class ("Account_Systemapi_Generic")
#0 C:\AppServ\www\iLibrary\trunk\System\Controller\Action.php(339): System_Controller->getGeneric('systemapi')
#1 C:\AppServ\www\rsEvaluation\library\Workflow\Controller\Flow\Action.php(59): System_Controller_Action->getGeneric('systemapi', 'systemapi')
#2 C:\AppServ\www\openlib\ZendFramework\1.5.0\library\Zend\Controller\Action.php(129): Workflow_Controller_Flow_Action->init()
#3 C:\AppServ\www\openlib\ZendFramework\1.5.0\library\Zend\Controller\Dispatcher\Standard.php(269): Zend_Controller_Action->__construct(Object(Zend_Controller_Request_Http), Object(Zend_Controller_Response_Http), Array)
#4 C:\AppServ\www\openlib\ZendFramework\1.5.0\library\Zend\Controller\Front.php(914): Zend_Controller_Dispatcher_Standard->dispatch(Object(Zend_Controller_Request_Http), Object(Zend_Controller_Response_Http))
#5 C:\AppServ\www\rsEvaluation\public\index.php(199): Zend_Controller_Front->dispatch()
#6 {main}
2014-09-16T16:44:34+07:00 DEBUG (7): Invalid controller specified (font-awesome)
#0 C:\AppServ\www\openlib\ZendFramework\1.5.0\library\Zend\Controller\Front.php(914): Zend_Controller_Dispatcher_Standard->dispatch(Object(Zend_Controller_Request_Http), Object(Zend_Controller_Response_Http))
#1 C:\AppServ\www\rsEvaluation\public\index.php(199): Zend_Controller_Front->dispatch()
#2 {main}
2014-09-16T16:44:35+07:00 DEBUG (7): Invalid controller specified (font-awesome)
#0 C:\AppServ\www\openlib\ZendFramework\1.5.0\library\Zend\Controller\Front.php(914): Zend_Controller_Dispatcher_Standard->dispatch(Object(Zend_Controller_Request_Http), Object(Zend_Controller_Response_Http))
#1 C:\AppServ\www\rsEvaluation\public\index.php(199): Zend_Controller_Front->dispatch()
#2 {main}
2014-09-16T17:45:28+08:00 DEBUG (7): Missing Generic Service class ("Account_Systemapi_Generic")
#0 C:\AppServ\www\iLibrary\trunk\System\Controller\Action.php(339): System_Controller->getGeneric('systemapi')
#1 C:\AppServ\www\rsEvaluation\library\Workflow\Controller\Flow\Action.php(59): System_Controller_Action->getGeneric('systemapi', 'systemapi')
#2 C:\AppServ\www\openlib\ZendFramework\1.5.0\library\Zend\Controller\Action.php(129): Workflow_Controller_Flow_Action->init()
#3 C:\AppServ\www\openlib\ZendFramework\1.5.0\library\Zend\Controller\Dispatcher\Standard.php(269): Zend_Controller_Action->__construct(Object(Zend_Controller_Request_Http), Object(Zend_Controller_Response_Http), Array)
#4 C:\AppServ\www\openlib\ZendFramework\1.5.0\library\Zend\Controller\Front.php(914): Zend_Controller_Dispatcher_Standard->dispatch(Object(Zend_Controller_Request_Http), Object(Zend_Controller_Response_Http))
#5 C:\AppServ\www\rsEvaluation\index.php(64): Zend_Controller_Front->dispatch()
#6 {main}
2014-09-16T16:45:32+07:00 DEBUG (7): Missing Generic Service class ("Account_Systemapi_Generic")
#0 C:\AppServ\www\iLibrary\trunk\System\Controller\Action.php(339): System_Controller->getGeneric('systemapi')
#1 C:\AppServ\www\rsEvaluation\library\Workflow\Controller\Flow\Action.php(59): System_Controller_Action->getGeneric('systemapi', 'systemapi')
#2 C:\AppServ\www\openlib\ZendFramework\1.5.0\library\Zend\Controller\Action.php(129): Workflow_Controller_Flow_Action->init()
#3 C:\AppServ\www\openlib\ZendFramework\1.5.0\library\Zend\Controller\Dispatcher\Standard.php(269): Zend_Controller_Action->__construct(Object(Zend_Controller_Request_Http), Object(Zend_Controller_Response_Http), Array)
#4 C:\AppServ\www\openlib\ZendFramework\1.5.0\library\Zend\Controller\Front.php(914): Zend_Controller_Dispatcher_Standard->dispatch(Object(Zend_Controller_Request_Http), Object(Zend_Controller_Response_Http))
#5 C:\AppServ\www\rsEvaluation\public\index.php(199): Zend_Controller_Front->dispatch()
#6 {main}
2014-09-16T17:51:05+08:00 DEBUG (7): Missing Generic Service class ("Account_Systemapi_Generic")
#0 C:\AppServ\www\rsEvaluation\library\Workflow\Controller\Action.php(148): System_Controller->getGeneric('systemapi')
#1 C:\AppServ\www\rsEvaluation\library\Workflow\Controller\Flow\Action.php(60): Workflow_Controller_Action->getGeneric('systemapi', 'systemapi')
#2 C:\AppServ\www\openlib\ZendFramework\1.5.0\library\Zend\Controller\Action.php(129): Workflow_Controller_Flow_Action->init()
#3 C:\AppServ\www\openlib\ZendFramework\1.5.0\library\Zend\Controller\Dispatcher\Standard.php(269): Zend_Controller_Action->__construct(Object(Zend_Controller_Request_Http), Object(Zend_Controller_Response_Http), Array)
#4 C:\AppServ\www\openlib\ZendFramework\1.5.0\library\Zend\Controller\Front.php(914): Zend_Controller_Dispatcher_Standard->dispatch(Object(Zend_Controller_Request_Http), Object(Zend_Controller_Response_Http))
#5 C:\AppServ\www\rsEvaluation\index.php(64): Zend_Controller_Front->dispatch()
#6 {main}
2014-09-16T16:51:11+07:00 DEBUG (7): Missing Generic Service class ("Account_Systemapi_Generic")
#0 C:\AppServ\www\rsEvaluation\library\Workflow\Controller\Action.php(148): System_Controller->getGeneric('systemapi')
#1 C:\AppServ\www\rsEvaluation\library\Workflow\Controller\Flow\Action.php(60): Workflow_Controller_Action->getGeneric('systemapi', 'systemapi')
#2 C:\AppServ\www\openlib\ZendFramework\1.5.0\library\Zend\Controller\Action.php(129): Workflow_Controller_Flow_Action->init()
#3 C:\AppServ\www\openlib\ZendFramework\1.5.0\library\Zend\Controller\Dispatcher\Standard.php(269): Zend_Controller_Action->__construct(Object(Zend_Controller_Request_Http), Object(Zend_Controller_Response_Http), Array)
#4 C:\AppServ\www\openlib\ZendFramework\1.5.0\library\Zend\Controller\Front.php(914): Zend_Controller_Dispatcher_Standard->dispatch(Object(Zend_Controller_Request_Http), Object(Zend_Controller_Response_Http))
#5 C:\AppServ\www\rsEvaluation\public\index.php(199): Zend_Controller_Front->dispatch()
#6 {main}
2014-09-16T16:54:30+07:00 DEBUG (7): Session must be started before any output has been sent to the browser; output started in C:\AppServ\www\rsEvaluation\library\Workflow\Controller\Action.php/190
#0 C:\AppServ\www\openlib\ZendFramework\1.5.0\library\Zend\Session\Namespace.php(116): Zend_Session::start(true)
#1 C:\AppServ\www\openlib\ZendFramework\1.5.0\library\Zend\Auth\Storage\Session.php(85): Zend_Session_Namespace->__construct('Zend_Auth')
#2 C:\AppServ\www\openlib\ZendFramework\1.5.0\library\Zend\Auth.php(92): Zend_Auth_Storage_Session->__construct()
#3 C:\AppServ\www\openlib\ZendFramework\1.5.0\library\Zend\Auth.php(144): Zend_Auth->getStorage()
#4 C:\AppServ\www\iLibrary\trunk\System\Controller\Action.php(341): Zend_Auth->getIdentity()
#5 C:\AppServ\www\rsEvaluation\library\Workflow\Controller\Flow\Action.php(30): System_Controller_Action->getProfile()
#6 C:\AppServ\www\openlib\ZendFramework\1.5.0\library\Zend\Controller\Action.php(129): Workflow_Controller_Flow_Action->init()
#7 C:\AppServ\www\openlib\ZendFramework\1.5.0\library\Zend\Controller\Dispatcher\Standard.php(269): Zend_Controller_Action->__construct(Object(Zend_Controller_Request_Http), Object(Zend_Controller_Response_Http), Array)
#8 C:\AppServ\www\openlib\ZendFramework\1.5.0\library\Zend\Controller\Front.php(914): Zend_Controller_Dispatcher_Standard->dispatch(Object(Zend_Controller_Request_Http), Object(Zend_Controller_Response_Http))
#9 C:\AppServ\www\rsEvaluation\public\index.php(199): Zend_Controller_Front->dispatch()
#10 {main}
2014-09-16T16:56:59+07:00 DEBUG (7): Session must be started before any output has been sent to the browser; output started in C:\AppServ\www\rsEvaluation\library\Workflow\Controller\Action.php/190
#0 C:\AppServ\www\openlib\ZendFramework\1.5.0\library\Zend\Session\Namespace.php(116): Zend_Session::start(true)
#1 C:\AppServ\www\openlib\ZendFramework\1.5.0\library\Zend\Auth\Storage\Session.php(85): Zend_Session_Namespace->__construct('Zend_Auth')
#2 C:\AppServ\www\openlib\ZendFramework\1.5.0\library\Zend\Auth.php(92): Zend_Auth_Storage_Session->__construct()
#3 C:\AppServ\www\openlib\ZendFramework\1.5.0\library\Zend\Auth.php(144): Zend_Auth->getStorage()
#4 C:\AppServ\www\iLibrary\trunk\System\Controller\Action.php(341): Zend_Auth->getIdentity()
#5 C:\AppServ\www\rsEvaluation\library\Workflow\Controller\Flow\Action.php(30): System_Controller_Action->getProfile()
#6 C:\AppServ\www\openlib\ZendFramework\1.5.0\library\Zend\Controller\Action.php(129): Workflow_Controller_Flow_Action->init()
#7 C:\AppServ\www\openlib\ZendFramework\1.5.0\library\Zend\Controller\Dispatcher\Standard.php(269): Zend_Controller_Action->__construct(Object(Zend_Controller_Request_Http), Object(Zend_Controller_Response_Http), Array)
#8 C:\AppServ\www\openlib\ZendFramework\1.5.0\library\Zend\Controller\Front.php(914): Zend_Controller_Dispatcher_Standard->dispatch(Object(Zend_Controller_Request_Http), Object(Zend_Controller_Response_Http))
#9 C:\AppServ\www\rsEvaluation\public\index.php(199): Zend_Controller_Front->dispatch()
#10 {main}
2014-09-16T16:57:17+07:00 DEBUG (7): Session must be started before any output has been sent to the browser; output started in C:\AppServ\www\rsEvaluation\library\Workflow\Controller\Action.php/190
#0 C:\AppServ\www\openlib\ZendFramework\1.5.0\library\Zend\Session\Namespace.php(116): Zend_Session::start(true)
#1 C:\AppServ\www\openlib\ZendFramework\1.5.0\library\Zend\Auth\Storage\Session.php(85): Zend_Session_Namespace->__construct('Zend_Auth')
#2 C:\AppServ\www\openlib\ZendFramework\1.5.0\library\Zend\Auth.php(92): Zend_Auth_Storage_Session->__construct()
#3 C:\AppServ\www\openlib\ZendFramework\1.5.0\library\Zend\Auth.php(144): Zend_Auth->getStorage()
#4 C:\AppServ\www\iLibrary\trunk\System\Controller\Action.php(341): Zend_Auth->getIdentity()
#5 C:\AppServ\www\rsEvaluation\library\Workflow\Controller\Flow\Action.php(30): System_Controller_Action->getProfile()
#6 C:\AppServ\www\openlib\ZendFramework\1.5.0\library\Zend\Controller\Action.php(129): Workflow_Controller_Flow_Action->init()
#7 C:\AppServ\www\openlib\ZendFramework\1.5.0\library\Zend\Controller\Dispatcher\Standard.php(269): Zend_Controller_Action->__construct(Object(Zend_Controller_Request_Http), Object(Zend_Controller_Response_Http), Array)
#8 C:\AppServ\www\openlib\ZendFramework\1.5.0\library\Zend\Controller\Front.php(914): Zend_Controller_Dispatcher_Standard->dispatch(Object(Zend_Controller_Request_Http), Object(Zend_Controller_Response_Http))
#9 C:\AppServ\www\rsEvaluation\public\index.php(199): Zend_Controller_Front->dispatch()
#10 {main}
2014-09-16T16:57:27+07:00 DEBUG (7): Session must be started before any output has been sent to the browser; output started in C:\AppServ\www\rsEvaluation\library\Workflow\Controller\Action.php/190
#0 C:\AppServ\www\openlib\ZendFramework\1.5.0\library\Zend\Session\Namespace.php(116): Zend_Session::start(true)
#1 C:\AppServ\www\openlib\ZendFramework\1.5.0\library\Zend\Auth\Storage\Session.php(85): Zend_Session_Namespace->__construct('Zend_Auth')
#2 C:\AppServ\www\openlib\ZendFramework\1.5.0\library\Zend\Auth.php(92): Zend_Auth_Storage_Session->__construct()
#3 C:\AppServ\www\openlib\ZendFramework\1.5.0\library\Zend\Auth.php(144): Zend_Auth->getStorage()
#4 C:\AppServ\www\iLibrary\trunk\System\Controller\Action.php(341): Zend_Auth->getIdentity()
#5 C:\AppServ\www\rsEvaluation\library\Workflow\Controller\Flow\Action.php(30): System_Controller_Action->getProfile()
#6 C:\AppServ\www\openlib\ZendFramework\1.5.0\library\Zend\Controller\Action.php(129): Workflow_Controller_Flow_Action->init()
#7 C:\AppServ\www\openlib\ZendFramework\1.5.0\library\Zend\Controller\Dispatcher\Standard.php(269): Zend_Controller_Action->__construct(Object(Zend_Controller_Request_Http), Object(Zend_Controller_Response_Http), Array)
#8 C:\AppServ\www\openlib\ZendFramework\1.5.0\library\Zend\Controller\Front.php(914): Zend_Controller_Dispatcher_Standard->dispatch(Object(Zend_Controller_Request_Http), Object(Zend_Controller_Response_Http))
#9 C:\AppServ\www\rsEvaluation\public\index.php(199): Zend_Controller_Front->dispatch()
#10 {main}
2014-09-16T16:59:47+07:00 DEBUG (7): Session must be started before any output has been sent to the browser; output started in C:\AppServ\www\rsEvaluation\library\Workflow\Controller\Action.php/190
#0 C:\AppServ\www\openlib\ZendFramework\1.5.0\library\Zend\Session\Namespace.php(116): Zend_Session::start(true)
#1 C:\AppServ\www\openlib\ZendFramework\1.5.0\library\Zend\Auth\Storage\Session.php(85): Zend_Session_Namespace->__construct('Zend_Auth')
#2 C:\AppServ\www\openlib\ZendFramework\1.5.0\library\Zend\Auth.php(92): Zend_Auth_Storage_Session->__construct()
#3 C:\AppServ\www\openlib\ZendFramework\1.5.0\library\Zend\Auth.php(144): Zend_Auth->getStorage()
#4 C:\AppServ\www\iLibrary\trunk\System\Controller\Action.php(341): Zend_Auth->getIdentity()
#5 C:\AppServ\www\rsEvaluation\library\Workflow\Controller\Flow\Action.php(30): System_Controller_Action->getProfile()
#6 C:\AppServ\www\openlib\ZendFramework\1.5.0\library\Zend\Controller\Action.php(129): Workflow_Controller_Flow_Action->init()
#7 C:\AppServ\www\openlib\ZendFramework\1.5.0\library\Zend\Controller\Dispatcher\Standard.php(269): Zend_Controller_Action->__construct(Object(Zend_Controller_Request_Http), Object(Zend_Controller_Response_Http), Array)
#8 C:\AppServ\www\openlib\ZendFramework\1.5.0\library\Zend\Controller\Front.php(914): Zend_Controller_Dispatcher_Standard->dispatch(Object(Zend_Controller_Request_Http), Object(Zend_Controller_Response_Http))
#9 C:\AppServ\www\rsEvaluation\public\index.php(199): Zend_Controller_Front->dispatch()
#10 {main}
2014-09-16T17:00:27+07:00 DEBUG (7): Invalid controller specified (font-awesome)
#0 C:\AppServ\www\openlib\ZendFramework\1.5.0\library\Zend\Controller\Front.php(914): Zend_Controller_Dispatcher_Standard->dispatch(Object(Zend_Controller_Request_Http), Object(Zend_Controller_Response_Http))
#1 C:\AppServ\www\rsEvaluation\public\index.php(199): Zend_Controller_Front->dispatch()
#2 {main}
2014-09-16T17:00:27+07:00 DEBUG (7): Invalid controller specified (font-awesome)
#0 C:\AppServ\www\openlib\ZendFramework\1.5.0\library\Zend\Controller\Front.php(914): Zend_Controller_Dispatcher_Standard->dispatch(Object(Zend_Controller_Request_Http), Object(Zend_Controller_Response_Http))
#1 C:\AppServ\www\rsEvaluation\public\index.php(199): Zend_Controller_Front->dispatch()
#2 {main}
2014-09-16T18:26:01+07:00 DEBUG (7): Invalid controller specified (font-awesome)
#0 C:\AppServ\www\openlib\ZendFramework\1.5.0\library\Zend\Controller\Front.php(914): Zend_Controller_Dispatcher_Standard->dispatch(Object(Zend_Controller_Request_Http), Object(Zend_Controller_Response_Http))
#1 C:\AppServ\www\rsEvaluation\public\index.php(200): Zend_Controller_Front->dispatch()
#2 {main}
2014-09-16T18:26:02+07:00 DEBUG (7): Invalid controller specified (font-awesome)
#0 C:\AppServ\www\openlib\ZendFramework\1.5.0\library\Zend\Controller\Front.php(914): Zend_Controller_Dispatcher_Standard->dispatch(Object(Zend_Controller_Request_Http), Object(Zend_Controller_Response_Http))
#1 C:\AppServ\www\rsEvaluation\public\index.php(200): Zend_Controller_Front->dispatch()
#2 {main}
2014-09-16T18:26:42+07:00 DEBUG (7): Invalid controller specified (font-awesome)
#0 C:\AppServ\www\openlib\ZendFramework\1.5.0\library\Zend\Controller\Front.php(914): Zend_Controller_Dispatcher_Standard->dispatch(Object(Zend_Controller_Request_Http), Object(Zend_Controller_Response_Http))
#1 C:\AppServ\www\rsEvaluation\public\index.php(200): Zend_Controller_Front->dispatch()
#2 {main}
2014-09-16T18:26:43+07:00 DEBUG (7): Invalid controller specified (font-awesome)
#0 C:\AppServ\www\openlib\ZendFramework\1.5.0\library\Zend\Controller\Front.php(914): Zend_Controller_Dispatcher_Standard->dispatch(Object(Zend_Controller_Request_Http), Object(Zend_Controller_Response_Http))
#1 C:\AppServ\www\rsEvaluation\public\index.php(200): Zend_Controller_Front->dispatch()
#2 {main}
2014-09-16T18:28:38+07:00 DEBUG (7): Invalid controller specified (font-awesome)
#0 C:\AppServ\www\openlib\ZendFramework\1.5.0\library\Zend\Controller\Front.php(914): Zend_Controller_Dispatcher_Standard->dispatch(Object(Zend_Controller_Request_Http), Object(Zend_Controller_Response_Http))
#1 C:\AppServ\www\rsEvaluation\public\index.php(200): Zend_Controller_Front->dispatch()
#2 {main}
2014-09-16T18:28:39+07:00 DEBUG (7): Invalid controller specified (font-awesome)
#0 C:\AppServ\www\openlib\ZendFramework\1.5.0\library\Zend\Controller\Front.php(914): Zend_Controller_Dispatcher_Standard->dispatch(Object(Zend_Controller_Request_Http), Object(Zend_Controller_Response_Http))
#1 C:\AppServ\www\rsEvaluation\public\index.php(200): Zend_Controller_Front->dispatch()
#2 {main}
2014-09-16T18:29:28+07:00 DEBUG (7): Invalid controller specified (font-awesome)
#0 C:\AppServ\www\openlib\ZendFramework\1.5.0\library\Zend\Controller\Front.php(914): Zend_Controller_Dispatcher_Standard->dispatch(Object(Zend_Controller_Request_Http), Object(Zend_Controller_Response_Http))
#1 C:\AppServ\www\rsEvaluation\public\index.php(200): Zend_Controller_Front->dispatch()
#2 {main}
2014-09-16T18:29:28+07:00 DEBUG (7): Invalid controller specified (font-awesome)
#0 C:\AppServ\www\openlib\ZendFramework\1.5.0\library\Zend\Controller\Front.php(914): Zend_Controller_Dispatcher_Standard->dispatch(Object(Zend_Controller_Request_Http), Object(Zend_Controller_Response_Http))
#1 C:\AppServ\www\rsEvaluation\public\index.php(200): Zend_Controller_Front->dispatch()
#2 {main}
2014-09-16T18:31:26+07:00 DEBUG (7): Invalid controller specified (font-awesome)
#0 C:\AppServ\www\openlib\ZendFramework\1.5.0\library\Zend\Controller\Front.php(914): Zend_Controller_Dispatcher_Standard->dispatch(Object(Zend_Controller_Request_Http), Object(Zend_Controller_Response_Http))
#1 C:\AppServ\www\rsEvaluation\public\index.php(200): Zend_Controller_Front->dispatch()
#2 {main}
2014-09-16T18:31:26+07:00 DEBUG (7): Invalid controller specified (font-awesome)
#0 C:\AppServ\www\openlib\ZendFramework\1.5.0\library\Zend\Controller\Front.php(914): Zend_Controller_Dispatcher_Standard->dispatch(Object(Zend_Controller_Request_Http), Object(Zend_Controller_Response_Http))
#1 C:\AppServ\www\rsEvaluation\public\index.php(200): Zend_Controller_Front->dispatch()
#2 {main}
2014-09-16T18:32:24+07:00 DEBUG (7): Invalid controller specified (font-awesome)
#0 C:\AppServ\www\openlib\ZendFramework\1.5.0\library\Zend\Controller\Front.php(914): Zend_Controller_Dispatcher_Standard->dispatch(Object(Zend_Controller_Request_Http), Object(Zend_Controller_Response_Http))
#1 C:\AppServ\www\rsEvaluation\public\index.php(201): Zend_Controller_Front->dispatch()
#2 {main}
2014-09-16T18:32:25+07:00 DEBUG (7): Invalid controller specified (font-awesome)
#0 C:\AppServ\www\openlib\ZendFramework\1.5.0\library\Zend\Controller\Front.php(914): Zend_Controller_Dispatcher_Standard->dispatch(Object(Zend_Controller_Request_Http), Object(Zend_Controller_Response_Http))
#1 C:\AppServ\www\rsEvaluation\public\index.php(201): Zend_Controller_Front->dispatch()
#2 {main}
2014-09-16T19:32:55+08:00 DEBUG (7): Session must be started before any output has been sent to the browser; output started in C:\AppServ\www\rsEvaluation\config\config.php/16
#0 C:\AppServ\www\openlib\ZendFramework\1.5.0\library\Zend\Session\Namespace.php(116): Zend_Session::start(true)
#1 C:\AppServ\www\openlib\ZendFramework\1.5.0\library\Zend\Auth\Storage\Session.php(85): Zend_Session_Namespace->__construct('Zend_Auth')
#2 C:\AppServ\www\openlib\ZendFramework\1.5.0\library\Zend\Auth.php(92): Zend_Auth_Storage_Session->__construct()
#3 C:\AppServ\www\openlib\ZendFramework\1.5.0\library\Zend\Auth.php(144): Zend_Auth->getStorage()
#4 C:\AppServ\www\iLibrary\trunk\System\Controller\Action.php(341): Zend_Auth->getIdentity()
#5 C:\AppServ\www\rsEvaluation\library\Workflow\Controller\Flow\Action.php(30): System_Controller_Action->getProfile()
#6 C:\AppServ\www\openlib\ZendFramework\1.5.0\library\Zend\Controller\Action.php(129): Workflow_Controller_Flow_Action->init()
#7 C:\AppServ\www\openlib\ZendFramework\1.5.0\library\Zend\Controller\Dispatcher\Standard.php(269): Zend_Controller_Action->__construct(Object(Zend_Controller_Request_Http), Object(Zend_Controller_Response_Http), Array)
#8 C:\AppServ\www\openlib\ZendFramework\1.5.0\library\Zend\Controller\Front.php(914): Zend_Controller_Dispatcher_Standard->dispatch(Object(Zend_Controller_Request_Http), Object(Zend_Controller_Response_Http))
#9 C:\AppServ\www\rsEvaluation\index.php(59): Zend_Controller_Front->dispatch()
#10 {main}
