2014-06-09T11:55:12+08:00 DEBUG (7): Invalid controller specified (backward)
#0 C:\AppServ\www\openlib\ZendFramework\1.5.0\library\Zend\Controller\Front.php(914): Zend_Controller_Dispatcher_Standard->dispatch(Object(Zend_Controller_Request_Http), Object(Zend_Controller_Response_Http))
#1 C:\AppServ\www\iceworkflow\index.php(28): Zend_Controller_Front->dispatch()
#2 {main}
2014-06-09T11:55:28+08:00 DEBUG (7): Invalid controller specified (backward)
#0 C:\AppServ\www\openlib\ZendFramework\1.5.0\library\Zend\Controller\Front.php(914): Zend_Controller_Dispatcher_Standard->dispatch(Object(Zend_Controller_Request_Http), Object(Zend_Controller_Response_Http))
#1 C:\AppServ\www\iceworkflow\index.php(28): Zend_Controller_Front->dispatch()
#2 {main}
2014-06-09T12:03:29+08:00 DEBUG (7): Action "" does not exist and was not trapped in __call()
#0 C:\AppServ\www\openlib\ZendFramework\1.5.0\library\Zend\Controller\Action.php(504): Zend_Controller_Action->__call('Action', Array)
#1 C:\AppServ\www\openlib\ZendFramework\1.5.0\library\Zend\Controller\Dispatcher\Standard.php(293): Zend_Controller_Action->dispatch('Action')
#2 C:\AppServ\www\openlib\ZendFramework\1.5.0\library\Zend\Controller\Front.php(914): Zend_Controller_Dispatcher_Standard->dispatch(Object(Zend_Controller_Request_Http), Object(Zend_Controller_Response_Http))
#3 C:\AppServ\www\iceworkflow\index.php(28): Zend_Controller_Front->dispatch()
#4 {main}
2014-06-09T12:05:18+08:00 DEBUG (7): Action "" does not exist and was not trapped in __call()
#0 C:\AppServ\www\openlib\ZendFramework\1.5.0\library\Zend\Controller\Action.php(504): Zend_Controller_Action->__call('Action', Array)
#1 C:\AppServ\www\openlib\ZendFramework\1.5.0\library\Zend\Controller\Dispatcher\Standard.php(293): Zend_Controller_Action->dispatch('Action')
#2 C:\AppServ\www\openlib\ZendFramework\1.5.0\library\Zend\Controller\Front.php(914): Zend_Controller_Dispatcher_Standard->dispatch(Object(Zend_Controller_Request_Http), Object(Zend_Controller_Response_Http))
#3 C:\AppServ\www\iceworkflow\index.php(28): Zend_Controller_Front->dispatch()
#4 {main}
2014-06-09T12:57:04+08:00 DEBUG (7): Mysqli prepare error: You have an error in your SQL syntax; check the manual that corresponds to your MySQL server version for the right syntax to use near 'mph_status IN ('F')) ORDER BY `mph_type` ASC, `mph_month` ASC' at line 3
#0 C:\AppServ\www\openlib\ZendFramework\1.5.0\library\Zend\Db\Statement.php(109): Zend_Db_Statement_Mysqli->_prepare('SELECT `h`.*, `...')
#1 C:\AppServ\www\openlib\ZendFramework\1.5.0\library\Zend\Db\Adapter\Mysqli.php(330): Zend_Db_Statement->__construct(Object(Zend_Db_Adapter_Mysqli), 'SELECT `h`.*, `...')
#2 C:\AppServ\www\openlib\ZendFramework\1.5.0\library\Zend\Db\Adapter\Abstract.php(405): Zend_Db_Adapter_Mysqli->prepare('SELECT `h`.*, `...')
#3 C:\AppServ\www\openlib\ZendFramework\1.5.0\library\Zend\Db\Select.php(580): Zend_Db_Adapter_Abstract->query(Object(Zend_Db_Select))
#4 C:\AppServ\www\iceworkflow\modules\systemapi\models\datasource\evaluate.php(342): Zend_Db_Select->query()
#5 C:\AppServ\www\iceworkflow\modules\workflow\models\EvaluateGeneric.php(1727): Systemapi_evaluate_Table->GetDataMasterNoPage('mph_month = '05...')
#6 C:\AppServ\www\iceworkflow\modules\workflow\controllers\EvaluateController.php(1699): Workflow_Evaluate_Generic->getFinishList(Array)
#7 C:\AppServ\www\openlib\ZendFramework\1.5.0\library\Zend\Controller\Action.php(502): Workflow_EvaluateController->backwardAction()
#8 C:\AppServ\www\openlib\ZendFramework\1.5.0\library\Zend\Controller\Dispatcher\Standard.php(293): Zend_Controller_Action->dispatch('backwardAction')
#9 C:\AppServ\www\openlib\ZendFramework\1.5.0\library\Zend\Controller\Front.php(914): Zend_Controller_Dispatcher_Standard->dispatch(Object(Zend_Controller_Request_Http), Object(Zend_Controller_Response_Http))
#10 C:\AppServ\www\iceworkflow\index.php(28): Zend_Controller_Front->dispatch()
#11 {main}
2014-06-09T12:58:00+08:00 DEBUG (7): Mysqli prepare error: Column 'user_sec_depart' in where clause is ambiguous
#0 C:\AppServ\www\openlib\ZendFramework\1.5.0\library\Zend\Db\Statement.php(109): Zend_Db_Statement_Mysqli->_prepare('SELECT `h`.*, `...')
#1 C:\AppServ\www\openlib\ZendFramework\1.5.0\library\Zend\Db\Adapter\Mysqli.php(330): Zend_Db_Statement->__construct(Object(Zend_Db_Adapter_Mysqli), 'SELECT `h`.*, `...')
#2 C:\AppServ\www\openlib\ZendFramework\1.5.0\library\Zend\Db\Adapter\Abstract.php(405): Zend_Db_Adapter_Mysqli->prepare('SELECT `h`.*, `...')
#3 C:\AppServ\www\openlib\ZendFramework\1.5.0\library\Zend\Db\Select.php(580): Zend_Db_Adapter_Abstract->query(Object(Zend_Db_Select))
#4 C:\AppServ\www\iceworkflow\modules\systemapi\models\datasource\evaluate.php(342): Zend_Db_Select->query()
#5 C:\AppServ\www\iceworkflow\modules\workflow\models\EvaluateGeneric.php(1727): Systemapi_evaluate_Table->GetDataMasterNoPage('mph_month = '05...')
#6 C:\AppServ\www\iceworkflow\modules\workflow\controllers\EvaluateController.php(1699): Workflow_Evaluate_Generic->getFinishList(Array)
#7 C:\AppServ\www\openlib\ZendFramework\1.5.0\library\Zend\Controller\Action.php(502): Workflow_EvaluateController->backwardAction()
#8 C:\AppServ\www\openlib\ZendFramework\1.5.0\library\Zend\Controller\Dispatcher\Standard.php(293): Zend_Controller_Action->dispatch('backwardAction')
#9 C:\AppServ\www\openlib\ZendFramework\1.5.0\library\Zend\Controller\Front.php(914): Zend_Controller_Dispatcher_Standard->dispatch(Object(Zend_Controller_Request_Http), Object(Zend_Controller_Response_Http))
#10 C:\AppServ\www\iceworkflow\index.php(28): Zend_Controller_Front->dispatch()
#11 {main}
2014-06-09T13:03:01+08:00 DEBUG (7): Mysqli prepare error: Unknown column 'u.user_sec_depart' in 'where clause'
#0 C:\AppServ\www\openlib\ZendFramework\1.5.0\library\Zend\Db\Statement.php(109): Zend_Db_Statement_Mysqli->_prepare('SELECT COUNT(*)...')
#1 C:\AppServ\www\openlib\ZendFramework\1.5.0\library\Zend\Db\Adapter\Mysqli.php(330): Zend_Db_Statement->__construct(Object(Zend_Db_Adapter_Mysqli), 'SELECT COUNT(*)...')
#2 C:\AppServ\www\openlib\ZendFramework\1.5.0\library\Zend\Db\Adapter\Abstract.php(405): Zend_Db_Adapter_Mysqli->prepare('SELECT COUNT(*)...')
#3 C:\AppServ\www\openlib\ZendFramework\1.5.0\library\Zend\Db\Adapter\Abstract.php(711): Zend_Db_Adapter_Abstract->query(Object(Zend_Db_Select), Array)
#4 C:\AppServ\www\iceworkflow\modules\systemapi\models\datasource\evaluate.php(343): Zend_Db_Adapter_Abstract->fetchOne(Object(Zend_Db_Select))
#5 C:\AppServ\www\iceworkflow\modules\workflow\models\EvaluateGeneric.php(1727): Systemapi_evaluate_Table->GetDataMasterNoPage('mph_month = '05...')
#6 C:\AppServ\www\iceworkflow\modules\workflow\controllers\EvaluateController.php(1699): Workflow_Evaluate_Generic->getFinishList(Array)
#7 C:\AppServ\www\openlib\ZendFramework\1.5.0\library\Zend\Controller\Action.php(502): Workflow_EvaluateController->backwardAction()
#8 C:\AppServ\www\openlib\ZendFramework\1.5.0\library\Zend\Controller\Dispatcher\Standard.php(293): Zend_Controller_Action->dispatch('backwardAction')
#9 C:\AppServ\www\openlib\ZendFramework\1.5.0\library\Zend\Controller\Front.php(914): Zend_Controller_Dispatcher_Standard->dispatch(Object(Zend_Controller_Request_Http), Object(Zend_Controller_Response_Http))
#10 C:\AppServ\www\iceworkflow\index.php(28): Zend_Controller_Front->dispatch()
#11 {main}
2014-06-09T13:05:38+08:00 DEBUG (7): Mysqli prepare error: Unknown column 'u.user_sec_depart' in 'where clause'
#0 C:\AppServ\www\openlib\ZendFramework\1.5.0\library\Zend\Db\Statement.php(109): Zend_Db_Statement_Mysqli->_prepare('SELECT COUNT(*)...')
#1 C:\AppServ\www\openlib\ZendFramework\1.5.0\library\Zend\Db\Adapter\Mysqli.php(330): Zend_Db_Statement->__construct(Object(Zend_Db_Adapter_Mysqli), 'SELECT COUNT(*)...')
#2 C:\AppServ\www\openlib\ZendFramework\1.5.0\library\Zend\Db\Adapter\Abstract.php(405): Zend_Db_Adapter_Mysqli->prepare('SELECT COUNT(*)...')
#3 C:\AppServ\www\openlib\ZendFramework\1.5.0\library\Zend\Db\Adapter\Abstract.php(711): Zend_Db_Adapter_Abstract->query(Object(Zend_Db_Select), Array)
#4 C:\AppServ\www\iceworkflow\modules\systemapi\models\datasource\evaluate.php(343): Zend_Db_Adapter_Abstract->fetchOne(Object(Zend_Db_Select))
#5 C:\AppServ\www\iceworkflow\modules\workflow\models\EvaluateGeneric.php(1727): Systemapi_evaluate_Table->GetDataMasterNoPage('mph_month = '05...')
#6 C:\AppServ\www\iceworkflow\modules\workflow\controllers\EvaluateController.php(1699): Workflow_Evaluate_Generic->getFinishList(Array)
#7 C:\AppServ\www\openlib\ZendFramework\1.5.0\library\Zend\Controller\Action.php(502): Workflow_EvaluateController->backwardAction()
#8 C:\AppServ\www\openlib\ZendFramework\1.5.0\library\Zend\Controller\Dispatcher\Standard.php(293): Zend_Controller_Action->dispatch('backwardAction')
#9 C:\AppServ\www\openlib\ZendFramework\1.5.0\library\Zend\Controller\Front.php(914): Zend_Controller_Dispatcher_Standard->dispatch(Object(Zend_Controller_Request_Http), Object(Zend_Controller_Response_Http))
#10 C:\AppServ\www\iceworkflow\index.php(28): Zend_Controller_Front->dispatch()
#11 {main}
2014-06-09T13:05:51+08:00 DEBUG (7): Mysqli prepare error: Unknown column 'u.user_sec_depart' in 'where clause'
#0 C:\AppServ\www\openlib\ZendFramework\1.5.0\library\Zend\Db\Statement.php(109): Zend_Db_Statement_Mysqli->_prepare('SELECT COUNT(*)...')
#1 C:\AppServ\www\openlib\ZendFramework\1.5.0\library\Zend\Db\Adapter\Mysqli.php(330): Zend_Db_Statement->__construct(Object(Zend_Db_Adapter_Mysqli), 'SELECT COUNT(*)...')
#2 C:\AppServ\www\openlib\ZendFramework\1.5.0\library\Zend\Db\Adapter\Abstract.php(405): Zend_Db_Adapter_Mysqli->prepare('SELECT COUNT(*)...')
#3 C:\AppServ\www\openlib\ZendFramework\1.5.0\library\Zend\Db\Adapter\Abstract.php(711): Zend_Db_Adapter_Abstract->query(Object(Zend_Db_Select), Array)
#4 C:\AppServ\www\iceworkflow\modules\systemapi\models\datasource\evaluate.php(343): Zend_Db_Adapter_Abstract->fetchOne(Object(Zend_Db_Select))
#5 C:\AppServ\www\iceworkflow\modules\workflow\models\EvaluateGeneric.php(1727): Systemapi_evaluate_Table->GetDataMasterNoPage('mph_month = '03...')
#6 C:\AppServ\www\iceworkflow\modules\workflow\controllers\EvaluateController.php(1699): Workflow_Evaluate_Generic->getFinishList(Array)
#7 C:\AppServ\www\openlib\ZendFramework\1.5.0\library\Zend\Controller\Action.php(502): Workflow_EvaluateController->backwardAction()
#8 C:\AppServ\www\openlib\ZendFramework\1.5.0\library\Zend\Controller\Dispatcher\Standard.php(293): Zend_Controller_Action->dispatch('backwardAction')
#9 C:\AppServ\www\openlib\ZendFramework\1.5.0\library\Zend\Controller\Front.php(914): Zend_Controller_Dispatcher_Standard->dispatch(Object(Zend_Controller_Request_Http), Object(Zend_Controller_Response_Http))
#10 C:\AppServ\www\iceworkflow\index.php(28): Zend_Controller_Front->dispatch()
#11 {main}
2014-06-09T13:13:11+08:00 DEBUG (7): Mysqli prepare error: Unknown column 'user_sec_depart' in 'where clause'
#0 C:\AppServ\www\openlib\ZendFramework\1.5.0\library\Zend\Db\Statement.php(109): Zend_Db_Statement_Mysqli->_prepare('SELECT COUNT(*)...')
#1 C:\AppServ\www\openlib\ZendFramework\1.5.0\library\Zend\Db\Adapter\Mysqli.php(330): Zend_Db_Statement->__construct(Object(Zend_Db_Adapter_Mysqli), 'SELECT COUNT(*)...')
#2 C:\AppServ\www\openlib\ZendFramework\1.5.0\library\Zend\Db\Adapter\Abstract.php(405): Zend_Db_Adapter_Mysqli->prepare('SELECT COUNT(*)...')
#3 C:\AppServ\www\openlib\ZendFramework\1.5.0\library\Zend\Db\Adapter\Abstract.php(711): Zend_Db_Adapter_Abstract->query(Object(Zend_Db_Select), Array)
#4 C:\AppServ\www\iceworkflow\modules\systemapi\models\datasource\evaluate.php(344): Zend_Db_Adapter_Abstract->fetchOne(Object(Zend_Db_Select))
#5 C:\AppServ\www\iceworkflow\modules\workflow\models\EvaluateGeneric.php(1727): Systemapi_evaluate_Table->GetDataMasterNoPage('mph_month = '03...')
#6 C:\AppServ\www\iceworkflow\modules\workflow\controllers\EvaluateController.php(1699): Workflow_Evaluate_Generic->getFinishList(Array)
#7 C:\AppServ\www\openlib\ZendFramework\1.5.0\library\Zend\Controller\Action.php(502): Workflow_EvaluateController->backwardAction()
#8 C:\AppServ\www\openlib\ZendFramework\1.5.0\library\Zend\Controller\Dispatcher\Standard.php(293): Zend_Controller_Action->dispatch('backwardAction')
#9 C:\AppServ\www\openlib\ZendFramework\1.5.0\library\Zend\Controller\Front.php(914): Zend_Controller_Dispatcher_Standard->dispatch(Object(Zend_Controller_Request_Http), Object(Zend_Controller_Response_Http))
#10 C:\AppServ\www\iceworkflow\index.php(28): Zend_Controller_Front->dispatch()
#11 {main}
2014-06-09T13:14:43+08:00 DEBUG (7): Mysqli prepare error: Mixing of GROUP columns (MIN(),MAX(),COUNT(),...) with no GROUP columns is illegal if there is no GROUP BY clause
#0 C:\AppServ\www\openlib\ZendFramework\1.5.0\library\Zend\Db\Statement.php(109): Zend_Db_Statement_Mysqli->_prepare('SELECT COUNT(*)...')
#1 C:\AppServ\www\openlib\ZendFramework\1.5.0\library\Zend\Db\Adapter\Mysqli.php(330): Zend_Db_Statement->__construct(Object(Zend_Db_Adapter_Mysqli), 'SELECT COUNT(*)...')
#2 C:\AppServ\www\openlib\ZendFramework\1.5.0\library\Zend\Db\Adapter\Abstract.php(405): Zend_Db_Adapter_Mysqli->prepare('SELECT COUNT(*)...')
#3 C:\AppServ\www\openlib\ZendFramework\1.5.0\library\Zend\Db\Adapter\Abstract.php(711): Zend_Db_Adapter_Abstract->query(Object(Zend_Db_Select), Array)
#4 C:\AppServ\www\iceworkflow\modules\systemapi\models\datasource\evaluate.php(345): Zend_Db_Adapter_Abstract->fetchOne(Object(Zend_Db_Select))
#5 C:\AppServ\www\iceworkflow\modules\workflow\models\EvaluateGeneric.php(1727): Systemapi_evaluate_Table->GetDataMasterNoPage('mph_month = '03...')
#6 C:\AppServ\www\iceworkflow\modules\workflow\controllers\EvaluateController.php(1699): Workflow_Evaluate_Generic->getFinishList(Array)
#7 C:\AppServ\www\openlib\ZendFramework\1.5.0\library\Zend\Controller\Action.php(502): Workflow_EvaluateController->backwardAction()
#8 C:\AppServ\www\openlib\ZendFramework\1.5.0\library\Zend\Controller\Dispatcher\Standard.php(293): Zend_Controller_Action->dispatch('backwardAction')
#9 C:\AppServ\www\openlib\ZendFramework\1.5.0\library\Zend\Controller\Front.php(914): Zend_Controller_Dispatcher_Standard->dispatch(Object(Zend_Controller_Request_Http), Object(Zend_Controller_Response_Http))
#10 C:\AppServ\www\iceworkflow\index.php(28): Zend_Controller_Front->dispatch()
#11 {main}
