2014-09-19T10:42:02+07:00 DEBUG (7): Invalid controller specified (font-awesome)
#0 C:\AppServ\www\openlib\ZendFramework\1.5.0\library\Zend\Controller\Front.php(914): Zend_Controller_Dispatcher_Standard->dispatch(Object(Zend_Controller_Request_Http), Object(Zend_Controller_Response_Http))
#1 C:\AppServ\www\rsEvaluation\public\index.php(201): Zend_Controller_Front->dispatch()
#2 {main}
2014-09-19T10:42:03+07:00 DEBUG (7): Invalid controller specified (font-awesome)
#0 C:\AppServ\www\openlib\ZendFramework\1.5.0\library\Zend\Controller\Front.php(914): Zend_Controller_Dispatcher_Standard->dispatch(Object(Zend_Controller_Request_Http), Object(Zend_Controller_Response_Http))
#1 C:\AppServ\www\rsEvaluation\public\index.php(201): Zend_Controller_Front->dispatch()
#2 {main}
2014-09-19T12:04:25+07:00 DEBUG (7): Invalid controller specified (account)
#0 C:\AppServ\www\openlib\ZendFramework\1.5.0\library\Zend\Controller\Front.php(914): Zend_Controller_Dispatcher_Standard->dispatch(Object(Zend_Controller_Request_Http), Object(Zend_Controller_Response_Http))
#1 C:\AppServ\www\rsEvaluation\public\index.php(201): Zend_Controller_Front->dispatch()
#2 {main}
2014-09-19T16:26:04+07:00 DEBUG (7): Invalid controller specified (font-awesome)
#0 C:\AppServ\www\openlib\ZendFramework\1.5.0\library\Zend\Controller\Front.php(914): Zend_Controller_Dispatcher_Standard->dispatch(Object(Zend_Controller_Request_Http), Object(Zend_Controller_Response_Http))
#1 C:\AppServ\www\rsEvaluation\public\index.php(201): Zend_Controller_Front->dispatch()
#2 {main}
2014-09-19T16:26:04+07:00 DEBUG (7): Invalid controller specified (font-awesome)
#0 C:\AppServ\www\openlib\ZendFramework\1.5.0\library\Zend\Controller\Front.php(914): Zend_Controller_Dispatcher_Standard->dispatch(Object(Zend_Controller_Request_Http), Object(Zend_Controller_Response_Http))
#1 C:\AppServ\www\rsEvaluation\public\index.php(201): Zend_Controller_Front->dispatch()
#2 {main}
2014-09-19T16:29:42+07:00 DEBUG (7): Invalid controller specified (font-awesome)
#0 C:\AppServ\www\openlib\ZendFramework\1.5.0\library\Zend\Controller\Front.php(914): Zend_Controller_Dispatcher_Standard->dispatch(Object(Zend_Controller_Request_Http), Object(Zend_Controller_Response_Http))
#1 C:\AppServ\www\rsEvaluation\public\index.php(201): Zend_Controller_Front->dispatch()
#2 {main}
2014-09-19T16:29:42+07:00 DEBUG (7): Invalid controller specified (font-awesome)
#0 C:\AppServ\www\openlib\ZendFramework\1.5.0\library\Zend\Controller\Front.php(914): Zend_Controller_Dispatcher_Standard->dispatch(Object(Zend_Controller_Request_Http), Object(Zend_Controller_Response_Http))
#1 C:\AppServ\www\rsEvaluation\public\index.php(201): Zend_Controller_Front->dispatch()
#2 {main}
