2014-10-14T10:45:35+07:00 DEBUG (7): Invalid controller specified (favicon.png)
#0 C:\AppServ\www\openlib\ZendFramework\1.5.0\library\Zend\Controller\Front.php(914): Zend_Controller_Dispatcher_Standard->dispatch(Object(Zend_Controller_Request_Http), Object(Zend_Controller_Response_Http))
#1 C:\AppServ\www\evaluate\evaluate\public\index.php(200): Zend_Controller_Front->dispatch()
#2 {main}
2014-10-14T10:46:41+07:00 DEBUG (7): Action "img" does not exist and was not trapped in __call()
#0 C:\AppServ\www\openlib\ZendFramework\1.5.0\library\Zend\Controller\Action.php(504): Zend_Controller_Action->__call('imgAction', Array)
#1 C:\AppServ\www\openlib\ZendFramework\1.5.0\library\Zend\Controller\Dispatcher\Standard.php(293): Zend_Controller_Action->dispatch('imgAction')
#2 C:\AppServ\www\openlib\ZendFramework\1.5.0\library\Zend\Controller\Front.php(914): Zend_Controller_Dispatcher_Standard->dispatch(Object(Zend_Controller_Request_Http), Object(Zend_Controller_Response_Http))
#3 C:\AppServ\www\evaluate\evaluate\public\index.php(200): Zend_Controller_Front->dispatch()
#4 {main}
2014-10-14T10:47:44+07:00 DEBUG (7): Invalid controller specified (favicon.png)
#0 C:\AppServ\www\openlib\ZendFramework\1.5.0\library\Zend\Controller\Front.php(914): Zend_Controller_Dispatcher_Standard->dispatch(Object(Zend_Controller_Request_Http), Object(Zend_Controller_Response_Http))
#1 C:\AppServ\www\evaluate\evaluate\public\index.php(200): Zend_Controller_Front->dispatch()
#2 {main}
2014-10-14T10:53:33+07:00 DEBUG (7): Invalid controller specified (account)
#0 C:\AppServ\www\openlib\ZendFramework\1.5.0\library\Zend\Controller\Front.php(914): Zend_Controller_Dispatcher_Standard->dispatch(Object(Zend_Controller_Request_Http), Object(Zend_Controller_Response_Http))
#1 C:\AppServ\www\evaluate\evaluate\public\index.php(200): Zend_Controller_Front->dispatch()
#2 {main}
2014-10-14T10:53:41+07:00 DEBUG (7): Invalid controller specified (account)
#0 C:\AppServ\www\openlib\ZendFramework\1.5.0\library\Zend\Controller\Front.php(914): Zend_Controller_Dispatcher_Standard->dispatch(Object(Zend_Controller_Request_Http), Object(Zend_Controller_Response_Http))
#1 C:\AppServ\www\evaluate\evaluate\public\index.php(200): Zend_Controller_Front->dispatch()
#2 {main}
2014-10-14T10:53:55+07:00 DEBUG (7): Invalid controller specified (account)
#0 C:\AppServ\www\openlib\ZendFramework\1.5.0\library\Zend\Controller\Front.php(914): Zend_Controller_Dispatcher_Standard->dispatch(Object(Zend_Controller_Request_Http), Object(Zend_Controller_Response_Http))
#1 C:\AppServ\www\evaluate\evaluate\public\index.php(200): Zend_Controller_Front->dispatch()
#2 {main}
2014-10-14T10:54:27+07:00 DEBUG (7): Invalid controller specified (account)
#0 C:\AppServ\www\openlib\ZendFramework\1.5.0\library\Zend\Controller\Front.php(914): Zend_Controller_Dispatcher_Standard->dispatch(Object(Zend_Controller_Request_Http), Object(Zend_Controller_Response_Http))
#1 C:\AppServ\www\evaluate\evaluate\public\index.php(200): Zend_Controller_Front->dispatch()
#2 {main}
2014-10-14T10:54:30+07:00 DEBUG (7): Invalid controller specified (account)
#0 C:\AppServ\www\openlib\ZendFramework\1.5.0\library\Zend\Controller\Front.php(914): Zend_Controller_Dispatcher_Standard->dispatch(Object(Zend_Controller_Request_Http), Object(Zend_Controller_Response_Http))
#1 C:\AppServ\www\evaluate\evaluate\public\index.php(200): Zend_Controller_Front->dispatch()
#2 {main}
2014-10-14T10:55:09+07:00 DEBUG (7): Invalid controller specified (account)
#0 C:\AppServ\www\openlib\ZendFramework\1.5.0\library\Zend\Controller\Front.php(914): Zend_Controller_Dispatcher_Standard->dispatch(Object(Zend_Controller_Request_Http), Object(Zend_Controller_Response_Http))
#1 C:\AppServ\www\evaluate\evaluate\public\index.php(200): Zend_Controller_Front->dispatch()
#2 {main}
2014-10-14T10:55:15+07:00 DEBUG (7): Invalid controller specified (account)
#0 C:\AppServ\www\openlib\ZendFramework\1.5.0\library\Zend\Controller\Front.php(914): Zend_Controller_Dispatcher_Standard->dispatch(Object(Zend_Controller_Request_Http), Object(Zend_Controller_Response_Http))
#1 C:\AppServ\www\evaluate\evaluate\public\index.php(200): Zend_Controller_Front->dispatch()
#2 {main}
2014-10-14T10:55:50+07:00 DEBUG (7): Invalid controller specified (account)
#0 C:\AppServ\www\openlib\ZendFramework\1.5.0\library\Zend\Controller\Front.php(914): Zend_Controller_Dispatcher_Standard->dispatch(Object(Zend_Controller_Request_Http), Object(Zend_Controller_Response_Http))
#1 C:\AppServ\www\evaluate\evaluate\public\index.php(200): Zend_Controller_Front->dispatch()
#2 {main}
2014-10-14T10:56:01+07:00 DEBUG (7): Invalid controller specified (account)
#0 C:\AppServ\www\openlib\ZendFramework\1.5.0\library\Zend\Controller\Front.php(914): Zend_Controller_Dispatcher_Standard->dispatch(Object(Zend_Controller_Request_Http), Object(Zend_Controller_Response_Http))
#1 C:\AppServ\www\evaluate\evaluate\public\index.php(200): Zend_Controller_Front->dispatch()
#2 {main}
2014-10-14T10:57:30+07:00 DEBUG (7): Invalid controller specified (account)
#0 C:\AppServ\www\openlib\ZendFramework\1.5.0\library\Zend\Controller\Front.php(914): Zend_Controller_Dispatcher_Standard->dispatch(Object(Zend_Controller_Request_Http), Object(Zend_Controller_Response_Http))
#1 C:\AppServ\www\evaluate\evaluate\public\index.php(200): Zend_Controller_Front->dispatch()
#2 {main}
2014-10-14T11:27:11+07:00 DEBUG (7): Missing Generic Service class ("Workflow_Index_Generic")
#0 C:\AppServ\www\iLibrary\trunk\System\Controller\Action.php(339): System_Controller->getGeneric('index')
#1 C:\AppServ\www\evaluate\evaluate\application\modules\workflow\controllers\IndexController.php(13): System_Controller_Action->getGeneric()
#2 C:\AppServ\www\openlib\ZendFramework\1.5.0\library\Zend\Controller\Action.php(502): Workflow_IndexController->indexAction()
#3 C:\AppServ\www\openlib\ZendFramework\1.5.0\library\Zend\Controller\Dispatcher\Standard.php(293): Zend_Controller_Action->dispatch('indexAction')
#4 C:\AppServ\www\openlib\ZendFramework\1.5.0\library\Zend\Controller\Front.php(914): Zend_Controller_Dispatcher_Standard->dispatch(Object(Zend_Controller_Request_Http), Object(Zend_Controller_Response_Http))
#5 C:\AppServ\www\evaluate\evaluate\public\index.php(200): Zend_Controller_Front->dispatch()
#6 {main}
2014-10-14T11:27:12+07:00 DEBUG (7): Invalid controller specified (account)
#0 C:\AppServ\www\openlib\ZendFramework\1.5.0\library\Zend\Controller\Front.php(914): Zend_Controller_Dispatcher_Standard->dispatch(Object(Zend_Controller_Request_Http), Object(Zend_Controller_Response_Http))
#1 C:\AppServ\www\evaluate\evaluate\public\index.php(200): Zend_Controller_Front->dispatch()
#2 {main}
2014-10-14T11:27:18+07:00 DEBUG (7): Missing Generic Service class ("Workflow_Index_Generic")
#0 C:\AppServ\www\iLibrary\trunk\System\Controller\Action.php(339): System_Controller->getGeneric('index')
#1 C:\AppServ\www\evaluate\evaluate\application\modules\workflow\controllers\IndexController.php(13): System_Controller_Action->getGeneric()
#2 C:\AppServ\www\openlib\ZendFramework\1.5.0\library\Zend\Controller\Action.php(502): Workflow_IndexController->indexAction()
#3 C:\AppServ\www\openlib\ZendFramework\1.5.0\library\Zend\Controller\Dispatcher\Standard.php(293): Zend_Controller_Action->dispatch('indexAction')
#4 C:\AppServ\www\openlib\ZendFramework\1.5.0\library\Zend\Controller\Front.php(914): Zend_Controller_Dispatcher_Standard->dispatch(Object(Zend_Controller_Request_Http), Object(Zend_Controller_Response_Http))
#5 C:\AppServ\www\evaluate\evaluate\public\index.php(200): Zend_Controller_Front->dispatch()
#6 {main}
2014-10-14T11:27:19+07:00 DEBUG (7): Invalid controller specified (account)
#0 C:\AppServ\www\openlib\ZendFramework\1.5.0\library\Zend\Controller\Front.php(914): Zend_Controller_Dispatcher_Standard->dispatch(Object(Zend_Controller_Request_Http), Object(Zend_Controller_Response_Http))
#1 C:\AppServ\www\evaluate\evaluate\public\index.php(200): Zend_Controller_Front->dispatch()
#2 {main}
2014-10-14T11:28:18+07:00 DEBUG (7): Missing Generic Service class ("Workflow_Index_Generic")
#0 C:\AppServ\www\iLibrary\trunk\System\Controller\Action.php(339): System_Controller->getGeneric('index')
#1 C:\AppServ\www\evaluate\evaluate\application\modules\workflow\controllers\IndexController.php(13): System_Controller_Action->getGeneric()
#2 C:\AppServ\www\openlib\ZendFramework\1.5.0\library\Zend\Controller\Action.php(502): Workflow_IndexController->indexAction()
#3 C:\AppServ\www\openlib\ZendFramework\1.5.0\library\Zend\Controller\Dispatcher\Standard.php(293): Zend_Controller_Action->dispatch('indexAction')
#4 C:\AppServ\www\openlib\ZendFramework\1.5.0\library\Zend\Controller\Front.php(914): Zend_Controller_Dispatcher_Standard->dispatch(Object(Zend_Controller_Request_Http), Object(Zend_Controller_Response_Http))
#5 C:\AppServ\www\evaluate\evaluate\public\index.php(200): Zend_Controller_Front->dispatch()
#6 {main}
2014-10-14T11:28:19+07:00 DEBUG (7): Invalid controller specified (account)
#0 C:\AppServ\www\openlib\ZendFramework\1.5.0\library\Zend\Controller\Front.php(914): Zend_Controller_Dispatcher_Standard->dispatch(Object(Zend_Controller_Request_Http), Object(Zend_Controller_Response_Http))
#1 C:\AppServ\www\evaluate\evaluate\public\index.php(200): Zend_Controller_Front->dispatch()
#2 {main}
2014-10-14T11:29:29+07:00 DEBUG (7): Missing Generic Service class ("Workflow_Index_Generic")
#0 C:\AppServ\www\iLibrary\trunk\System\Controller\Action.php(339): System_Controller->getGeneric('index')
#1 C:\AppServ\www\evaluate\evaluate\application\modules\workflow\controllers\IndexController.php(13): System_Controller_Action->getGeneric()
#2 C:\AppServ\www\openlib\ZendFramework\1.5.0\library\Zend\Controller\Action.php(502): Workflow_IndexController->indexAction()
#3 C:\AppServ\www\openlib\ZendFramework\1.5.0\library\Zend\Controller\Dispatcher\Standard.php(293): Zend_Controller_Action->dispatch('indexAction')
#4 C:\AppServ\www\openlib\ZendFramework\1.5.0\library\Zend\Controller\Front.php(914): Zend_Controller_Dispatcher_Standard->dispatch(Object(Zend_Controller_Request_Http), Object(Zend_Controller_Response_Http))
#5 C:\AppServ\www\evaluate\evaluate\public\index.php(200): Zend_Controller_Front->dispatch()
#6 {main}
2014-10-14T11:29:30+07:00 DEBUG (7): Invalid controller specified (account)
#0 C:\AppServ\www\openlib\ZendFramework\1.5.0\library\Zend\Controller\Front.php(914): Zend_Controller_Dispatcher_Standard->dispatch(Object(Zend_Controller_Request_Http), Object(Zend_Controller_Response_Http))
#1 C:\AppServ\www\evaluate\evaluate\public\index.php(200): Zend_Controller_Front->dispatch()
#2 {main}
2014-10-14T11:30:04+07:00 DEBUG (7): Invalid controller specified (account)
#0 C:\AppServ\www\openlib\ZendFramework\1.5.0\library\Zend\Controller\Front.php(914): Zend_Controller_Dispatcher_Standard->dispatch(Object(Zend_Controller_Request_Http), Object(Zend_Controller_Response_Http))
#1 C:\AppServ\www\evaluate\evaluate\public\index.php(200): Zend_Controller_Front->dispatch()
#2 {main}
2014-10-14T11:30:29+07:00 DEBUG (7): Missing Generic Service class ("Workflow_Index_Generic")
#0 C:\AppServ\www\iLibrary\trunk\System\Controller\Action.php(339): System_Controller->getGeneric('index')
#1 C:\AppServ\www\evaluate\evaluate\application\modules\workflow\controllers\IndexController.php(14): System_Controller_Action->getGeneric()
#2 C:\AppServ\www\openlib\ZendFramework\1.5.0\library\Zend\Controller\Action.php(502): Workflow_IndexController->indexAction()
#3 C:\AppServ\www\openlib\ZendFramework\1.5.0\library\Zend\Controller\Dispatcher\Standard.php(293): Zend_Controller_Action->dispatch('indexAction')
#4 C:\AppServ\www\openlib\ZendFramework\1.5.0\library\Zend\Controller\Front.php(914): Zend_Controller_Dispatcher_Standard->dispatch(Object(Zend_Controller_Request_Http), Object(Zend_Controller_Response_Http))
#5 C:\AppServ\www\evaluate\evaluate\public\index.php(200): Zend_Controller_Front->dispatch()
#6 {main}
2014-10-14T11:30:30+07:00 DEBUG (7): Invalid controller specified (account)
#0 C:\AppServ\www\openlib\ZendFramework\1.5.0\library\Zend\Controller\Front.php(914): Zend_Controller_Dispatcher_Standard->dispatch(Object(Zend_Controller_Request_Http), Object(Zend_Controller_Response_Http))
#1 C:\AppServ\www\evaluate\evaluate\public\index.php(200): Zend_Controller_Front->dispatch()
#2 {main}
2014-10-14T11:31:31+07:00 DEBUG (7): Invalid controller specified (account)
#0 C:\AppServ\www\openlib\ZendFramework\1.5.0\library\Zend\Controller\Front.php(914): Zend_Controller_Dispatcher_Standard->dispatch(Object(Zend_Controller_Request_Http), Object(Zend_Controller_Response_Http))
#1 C:\AppServ\www\evaluate\evaluate\public\index.php(200): Zend_Controller_Front->dispatch()
#2 {main}
2014-10-14T12:09:05+07:00 DEBUG (7): Invalid controller specified (account)
#0 C:\AppServ\www\openlib\ZendFramework\1.5.0\library\Zend\Controller\Front.php(914): Zend_Controller_Dispatcher_Standard->dispatch(Object(Zend_Controller_Request_Http), Object(Zend_Controller_Response_Http))
#1 C:\AppServ\www\evaluate\evaluate\public\index.php(200): Zend_Controller_Front->dispatch()
#2 {main}
2014-10-14T12:09:14+07:00 DEBUG (7): Invalid controller specified (account)
#0 C:\AppServ\www\openlib\ZendFramework\1.5.0\library\Zend\Controller\Front.php(914): Zend_Controller_Dispatcher_Standard->dispatch(Object(Zend_Controller_Request_Http), Object(Zend_Controller_Response_Http))
#1 C:\AppServ\www\evaluate\evaluate\public\index.php(200): Zend_Controller_Front->dispatch()
#2 {main}
2014-10-14T12:09:45+07:00 DEBUG (7): Invalid controller specified (account)
#0 C:\AppServ\www\openlib\ZendFramework\1.5.0\library\Zend\Controller\Front.php(914): Zend_Controller_Dispatcher_Standard->dispatch(Object(Zend_Controller_Request_Http), Object(Zend_Controller_Response_Http))
#1 C:\AppServ\www\evaluate\evaluate\public\index.php(200): Zend_Controller_Front->dispatch()
#2 {main}
2014-10-14T12:12:40+07:00 DEBUG (7): Invalid controller specified (favicon.png)
#0 C:\AppServ\www\openlib\ZendFramework\1.5.0\library\Zend\Controller\Front.php(914): Zend_Controller_Dispatcher_Standard->dispatch(Object(Zend_Controller_Request_Http), Object(Zend_Controller_Response_Http))
#1 C:\AppServ\www\evaluate\evaluate\public\index.php(200): Zend_Controller_Front->dispatch()
#2 {main}
2014-10-14T13:29:57+07:00 DEBUG (7): Invalid controller specified (favicon.png)
#0 C:\AppServ\www\openlib\ZendFramework\1.5.0\library\Zend\Controller\Front.php(914): Zend_Controller_Dispatcher_Standard->dispatch(Object(Zend_Controller_Request_Http), Object(Zend_Controller_Response_Http))
#1 C:\AppServ\www\evaluate\evaluate\public\index.php(200): Zend_Controller_Front->dispatch()
#2 {main}
2014-10-14T13:33:55+07:00 DEBUG (7): Invalid controller specified (account)
#0 C:\AppServ\www\openlib\ZendFramework\1.5.0\library\Zend\Controller\Front.php(914): Zend_Controller_Dispatcher_Standard->dispatch(Object(Zend_Controller_Request_Http), Object(Zend_Controller_Response_Http))
#1 C:\AppServ\www\evaluate\evaluate\public\index.php(200): Zend_Controller_Front->dispatch()
#2 {main}
2014-10-14T13:39:19+07:00 DEBUG (7): Invalid controller specified (favicon.png)
#0 C:\AppServ\www\openlib\ZendFramework\1.5.0\library\Zend\Controller\Front.php(914): Zend_Controller_Dispatcher_Standard->dispatch(Object(Zend_Controller_Request_Http), Object(Zend_Controller_Response_Http))
#1 C:\AppServ\www\evaluate\evaluate\public\index.php(200): Zend_Controller_Front->dispatch()
#2 {main}
2014-10-14T14:04:43+07:00 DEBUG (7): Invalid controller specified (favicon.png)
#0 C:\AppServ\www\openlib\ZendFramework\1.5.0\library\Zend\Controller\Front.php(914): Zend_Controller_Dispatcher_Standard->dispatch(Object(Zend_Controller_Request_Http), Object(Zend_Controller_Response_Http))
#1 C:\AppServ\www\evaluate\evaluate\public\index.php(200): Zend_Controller_Front->dispatch()
#2 {main}
2014-10-14T14:06:02+07:00 DEBUG (7): Invalid controller specified (favicon.png)
#0 C:\AppServ\www\openlib\ZendFramework\1.5.0\library\Zend\Controller\Front.php(914): Zend_Controller_Dispatcher_Standard->dispatch(Object(Zend_Controller_Request_Http), Object(Zend_Controller_Response_Http))
#1 C:\AppServ\www\evaluate\evaluate\public\index.php(200): Zend_Controller_Front->dispatch()
#2 {main}
2014-10-14T14:24:54+07:00 DEBUG (7): Invalid controller specified (favicon.png)
#0 C:\AppServ\www\openlib\ZendFramework\1.5.0\library\Zend\Controller\Front.php(914): Zend_Controller_Dispatcher_Standard->dispatch(Object(Zend_Controller_Request_Http), Object(Zend_Controller_Response_Http))
#1 C:\AppServ\www\evaluate\evaluate\public\index.php(200): Zend_Controller_Front->dispatch()
#2 {main}
2014-10-14T16:04:23+07:00 DEBUG (7): Invalid controller specified (account)
#0 C:\AppServ\www\openlib\ZendFramework\1.5.0\library\Zend\Controller\Front.php(914): Zend_Controller_Dispatcher_Standard->dispatch(Object(Zend_Controller_Request_Http), Object(Zend_Controller_Response_Http))
#1 C:\AppServ\www\evaluate\evaluate\public\index.php(200): Zend_Controller_Front->dispatch()
#2 {main}
2014-10-14T16:04:35+07:00 DEBUG (7): Invalid controller specified (account)
#0 C:\AppServ\www\openlib\ZendFramework\1.5.0\library\Zend\Controller\Front.php(914): Zend_Controller_Dispatcher_Standard->dispatch(Object(Zend_Controller_Request_Http), Object(Zend_Controller_Response_Http))
#1 C:\AppServ\www\evaluate\evaluate\public\index.php(200): Zend_Controller_Front->dispatch()
#2 {main}
2014-10-14T16:09:00+07:00 DEBUG (7): Invalid controller specified (account)
#0 C:\AppServ\www\openlib\ZendFramework\1.5.0\library\Zend\Controller\Front.php(914): Zend_Controller_Dispatcher_Standard->dispatch(Object(Zend_Controller_Request_Http), Object(Zend_Controller_Response_Http))
#1 C:\AppServ\www\evaluate\evaluate\public\index.php(200): Zend_Controller_Front->dispatch()
#2 {main}
2014-10-14T16:09:27+07:00 DEBUG (7): Invalid controller specified (account)
#0 C:\AppServ\www\openlib\ZendFramework\1.5.0\library\Zend\Controller\Front.php(914): Zend_Controller_Dispatcher_Standard->dispatch(Object(Zend_Controller_Request_Http), Object(Zend_Controller_Response_Http))
#1 C:\AppServ\www\evaluate\evaluate\public\index.php(200): Zend_Controller_Front->dispatch()
#2 {main}
2014-10-14T16:16:27+07:00 DEBUG (7): Action "index" does not exist and was not trapped in __call()
#0 C:\AppServ\www\openlib\ZendFramework\1.5.0\library\Zend\Controller\Action.php(504): Zend_Controller_Action->__call('indexAction', Array)
#1 C:\AppServ\www\openlib\ZendFramework\1.5.0\library\Zend\Controller\Dispatcher\Standard.php(293): Zend_Controller_Action->dispatch('indexAction')
#2 C:\AppServ\www\openlib\ZendFramework\1.5.0\library\Zend\Controller\Front.php(914): Zend_Controller_Dispatcher_Standard->dispatch(Object(Zend_Controller_Request_Http), Object(Zend_Controller_Response_Http))
#3 C:\AppServ\www\evaluate\evaluate\public\index.php(200): Zend_Controller_Front->dispatch()
#4 {main}
2014-10-14T16:16:28+07:00 DEBUG (7): Invalid controller specified (account)
#0 C:\AppServ\www\openlib\ZendFramework\1.5.0\library\Zend\Controller\Front.php(914): Zend_Controller_Dispatcher_Standard->dispatch(Object(Zend_Controller_Request_Http), Object(Zend_Controller_Response_Http))
#1 C:\AppServ\www\evaluate\evaluate\public\index.php(200): Zend_Controller_Front->dispatch()
#2 {main}
2014-10-14T16:17:46+07:00 DEBUG (7): Invalid controller specified (favicon.png)
#0 C:\AppServ\www\openlib\ZendFramework\1.5.0\library\Zend\Controller\Front.php(914): Zend_Controller_Dispatcher_Standard->dispatch(Object(Zend_Controller_Request_Http), Object(Zend_Controller_Response_Http))
#1 C:\AppServ\www\evaluate\evaluate\public\index.php(200): Zend_Controller_Front->dispatch()
#2 {main}
2014-10-14T16:22:24+07:00 DEBUG (7): Invalid controller specified (favicon.png)
#0 C:\AppServ\www\openlib\ZendFramework\1.5.0\library\Zend\Controller\Front.php(914): Zend_Controller_Dispatcher_Standard->dispatch(Object(Zend_Controller_Request_Http), Object(Zend_Controller_Response_Http))
#1 C:\AppServ\www\evaluate\evaluate\public\index.php(200): Zend_Controller_Front->dispatch()
#2 {main}
2014-10-14T16:23:17+07:00 DEBUG (7): Invalid controller specified (favicon.png)
#0 C:\AppServ\www\openlib\ZendFramework\1.5.0\library\Zend\Controller\Front.php(914): Zend_Controller_Dispatcher_Standard->dispatch(Object(Zend_Controller_Request_Http), Object(Zend_Controller_Response_Http))
#1 C:\AppServ\www\evaluate\evaluate\public\index.php(200): Zend_Controller_Front->dispatch()
#2 {main}
2014-10-14T16:24:53+07:00 DEBUG (7): Invalid controller specified (favicon.png)
#0 C:\AppServ\www\openlib\ZendFramework\1.5.0\library\Zend\Controller\Front.php(914): Zend_Controller_Dispatcher_Standard->dispatch(Object(Zend_Controller_Request_Http), Object(Zend_Controller_Response_Http))
#1 C:\AppServ\www\evaluate\evaluate\public\index.php(200): Zend_Controller_Front->dispatch()
#2 {main}
2014-10-14T16:30:46+07:00 DEBUG (7): Invalid controller specified (favicon.png)
#0 C:\AppServ\www\openlib\ZendFramework\1.5.0\library\Zend\Controller\Front.php(914): Zend_Controller_Dispatcher_Standard->dispatch(Object(Zend_Controller_Request_Http), Object(Zend_Controller_Response_Http))
#1 C:\AppServ\www\evaluate\evaluate\public\index.php(200): Zend_Controller_Front->dispatch()
#2 {main}
2014-10-14T16:31:17+07:00 DEBUG (7): Invalid controller specified (favicon.png)
#0 C:\AppServ\www\openlib\ZendFramework\1.5.0\library\Zend\Controller\Front.php(914): Zend_Controller_Dispatcher_Standard->dispatch(Object(Zend_Controller_Request_Http), Object(Zend_Controller_Response_Http))
#1 C:\AppServ\www\evaluate\evaluate\public\index.php(200): Zend_Controller_Front->dispatch()
#2 {main}
2014-10-14T16:31:31+07:00 DEBUG (7): Invalid controller specified (favicon.png)
#0 C:\AppServ\www\openlib\ZendFramework\1.5.0\library\Zend\Controller\Front.php(914): Zend_Controller_Dispatcher_Standard->dispatch(Object(Zend_Controller_Request_Http), Object(Zend_Controller_Response_Http))
#1 C:\AppServ\www\evaluate\evaluate\public\index.php(200): Zend_Controller_Front->dispatch()
#2 {main}
2014-10-14T16:33:38+07:00 DEBUG (7): Invalid controller specified (favicon.png)
#0 C:\AppServ\www\openlib\ZendFramework\1.5.0\library\Zend\Controller\Front.php(914): Zend_Controller_Dispatcher_Standard->dispatch(Object(Zend_Controller_Request_Http), Object(Zend_Controller_Response_Http))
#1 C:\AppServ\www\evaluate\evaluate\public\index.php(200): Zend_Controller_Front->dispatch()
#2 {main}
2014-10-14T16:38:26+07:00 DEBUG (7): Invalid controller specified (favicon.png)
#0 C:\AppServ\www\openlib\ZendFramework\1.5.0\library\Zend\Controller\Front.php(914): Zend_Controller_Dispatcher_Standard->dispatch(Object(Zend_Controller_Request_Http), Object(Zend_Controller_Response_Http))
#1 C:\AppServ\www\evaluate\evaluate\public\index.php(200): Zend_Controller_Front->dispatch()
#2 {main}
2014-10-14T16:40:20+07:00 DEBUG (7): Invalid controller specified (favicon.png)
#0 C:\AppServ\www\openlib\ZendFramework\1.5.0\library\Zend\Controller\Front.php(914): Zend_Controller_Dispatcher_Standard->dispatch(Object(Zend_Controller_Request_Http), Object(Zend_Controller_Response_Http))
#1 C:\AppServ\www\evaluate\evaluate\public\index.php(200): Zend_Controller_Front->dispatch()
#2 {main}
2014-10-14T16:40:22+07:00 DEBUG (7): Invalid controller specified (favicon.png)
#0 C:\AppServ\www\openlib\ZendFramework\1.5.0\library\Zend\Controller\Front.php(914): Zend_Controller_Dispatcher_Standard->dispatch(Object(Zend_Controller_Request_Http), Object(Zend_Controller_Response_Http))
#1 C:\AppServ\www\evaluate\evaluate\public\index.php(200): Zend_Controller_Front->dispatch()
#2 {main}
2014-10-14T16:43:49+07:00 DEBUG (7): Invalid controller specified (favicon.png)
#0 C:\AppServ\www\openlib\ZendFramework\1.5.0\library\Zend\Controller\Front.php(914): Zend_Controller_Dispatcher_Standard->dispatch(Object(Zend_Controller_Request_Http), Object(Zend_Controller_Response_Http))
#1 C:\AppServ\www\evaluate\evaluate\public\index.php(200): Zend_Controller_Front->dispatch()
#2 {main}
2014-10-14T17:42:30+07:00 DEBUG (7): Invalid controller specified (favicon.png)
#0 C:\AppServ\www\openlib\ZendFramework\1.5.0\library\Zend\Controller\Front.php(914): Zend_Controller_Dispatcher_Standard->dispatch(Object(Zend_Controller_Request_Http), Object(Zend_Controller_Response_Http))
#1 C:\AppServ\www\evaluate\evaluate\public\index.php(200): Zend_Controller_Front->dispatch()
#2 {main}
