2014-06-17T11:57:16+08:00 DEBUG (7): Mysqli prepare error: Unknown column 'mpl_id' in 'where clause'
#0 C:\AppServ\www\openlib\ZendFramework\1.5.0\library\Zend\Db\Statement.php(109): Zend_Db_Statement_Mysqli->_prepare('UPDATE `eva_mip...')
#1 C:\AppServ\www\openlib\ZendFramework\1.5.0\library\Zend\Db\Adapter\Mysqli.php(330): Zend_Db_Statement->__construct(Object(Zend_Db_Adapter_Mysqli), 'UPDATE `eva_mip...')
#2 C:\AppServ\www\openlib\ZendFramework\1.5.0\library\Zend\Db\Adapter\Abstract.php(405): Zend_Db_Adapter_Mysqli->prepare('UPDATE `eva_mip...')
#3 C:\AppServ\www\openlib\ZendFramework\1.5.0\library\Zend\Db\Adapter\Abstract.php(527): Zend_Db_Adapter_Abstract->query('UPDATE `eva_mip...', Array)
#4 C:\AppServ\www\iceworkflow\modules\workflow\models\EvaluateGeneric.php(1872): Zend_Db_Adapter_Abstract->update('eva_mipi_head', Array, 'mpl_id = '1225'...')
#5 C:\AppServ\www\iceworkflow\modules\workflow\controllers\EvaluateController.php(898): Workflow_Evaluate_Generic->updatePIAcpDetail(Array, '64', Array, 'ok')
#6 C:\AppServ\www\openlib\ZendFramework\1.5.0\library\Zend\Controller\Action.php(502): Workflow_EvaluateController->updatedetailpiAction()
#7 C:\AppServ\www\openlib\ZendFramework\1.5.0\library\Zend\Controller\Dispatcher\Standard.php(293): Zend_Controller_Action->dispatch('updatedetailpiA...')
#8 C:\AppServ\www\openlib\ZendFramework\1.5.0\library\Zend\Controller\Front.php(914): Zend_Controller_Dispatcher_Standard->dispatch(Object(Zend_Controller_Request_Http), Object(Zend_Controller_Response_Http))
#9 C:\AppServ\www\iceworkflow\index.php(58): Zend_Controller_Front->dispatch()
#10 {main}
2014-06-17T11:57:50+08:00 DEBUG (7): Mysqli prepare error: Unknown column 'mpl_id' in 'where clause'
#0 C:\AppServ\www\openlib\ZendFramework\1.5.0\library\Zend\Db\Statement.php(109): Zend_Db_Statement_Mysqli->_prepare('UPDATE `eva_mip...')
#1 C:\AppServ\www\openlib\ZendFramework\1.5.0\library\Zend\Db\Adapter\Mysqli.php(330): Zend_Db_Statement->__construct(Object(Zend_Db_Adapter_Mysqli), 'UPDATE `eva_mip...')
#2 C:\AppServ\www\openlib\ZendFramework\1.5.0\library\Zend\Db\Adapter\Abstract.php(405): Zend_Db_Adapter_Mysqli->prepare('UPDATE `eva_mip...')
#3 C:\AppServ\www\openlib\ZendFramework\1.5.0\library\Zend\Db\Adapter\Abstract.php(527): Zend_Db_Adapter_Abstract->query('UPDATE `eva_mip...', Array)
#4 C:\AppServ\www\iceworkflow\modules\workflow\models\EvaluateGeneric.php(1872): Zend_Db_Adapter_Abstract->update('eva_mipi_head', Array, 'mpl_id = '1225'...')
#5 C:\AppServ\www\iceworkflow\modules\workflow\controllers\EvaluateController.php(898): Workflow_Evaluate_Generic->updatePIAcpDetail(Array, '64', Array, 'ok')
#6 C:\AppServ\www\openlib\ZendFramework\1.5.0\library\Zend\Controller\Action.php(502): Workflow_EvaluateController->updatedetailpiAction()
#7 C:\AppServ\www\openlib\ZendFramework\1.5.0\library\Zend\Controller\Dispatcher\Standard.php(293): Zend_Controller_Action->dispatch('updatedetailpiA...')
#8 C:\AppServ\www\openlib\ZendFramework\1.5.0\library\Zend\Controller\Front.php(914): Zend_Controller_Dispatcher_Standard->dispatch(Object(Zend_Controller_Request_Http), Object(Zend_Controller_Response_Http))
#9 C:\AppServ\www\iceworkflow\index.php(58): Zend_Controller_Front->dispatch()
#10 {main}
2014-06-17T11:58:18+08:00 DEBUG (7): Mysqli prepare error: Unknown column 'mpl_id' in 'where clause'
#0 C:\AppServ\www\openlib\ZendFramework\1.5.0\library\Zend\Db\Statement.php(109): Zend_Db_Statement_Mysqli->_prepare('UPDATE `eva_mip...')
#1 C:\AppServ\www\openlib\ZendFramework\1.5.0\library\Zend\Db\Adapter\Mysqli.php(330): Zend_Db_Statement->__construct(Object(Zend_Db_Adapter_Mysqli), 'UPDATE `eva_mip...')
#2 C:\AppServ\www\openlib\ZendFramework\1.5.0\library\Zend\Db\Adapter\Abstract.php(405): Zend_Db_Adapter_Mysqli->prepare('UPDATE `eva_mip...')
#3 C:\AppServ\www\openlib\ZendFramework\1.5.0\library\Zend\Db\Adapter\Abstract.php(527): Zend_Db_Adapter_Abstract->query('UPDATE `eva_mip...', Array)
#4 C:\AppServ\www\iceworkflow\modules\workflow\models\EvaluateGeneric.php(1872): Zend_Db_Adapter_Abstract->update('eva_mipi_head', Array, 'mpl_id = '1225'...')
#5 C:\AppServ\www\iceworkflow\modules\workflow\controllers\EvaluateController.php(898): Workflow_Evaluate_Generic->updatePIAcpDetail(Array, '64', Array, 'ok')
#6 C:\AppServ\www\openlib\ZendFramework\1.5.0\library\Zend\Controller\Action.php(502): Workflow_EvaluateController->updatedetailpiAction()
#7 C:\AppServ\www\openlib\ZendFramework\1.5.0\library\Zend\Controller\Dispatcher\Standard.php(293): Zend_Controller_Action->dispatch('updatedetailpiA...')
#8 C:\AppServ\www\openlib\ZendFramework\1.5.0\library\Zend\Controller\Front.php(914): Zend_Controller_Dispatcher_Standard->dispatch(Object(Zend_Controller_Request_Http), Object(Zend_Controller_Response_Http))
#9 C:\AppServ\www\iceworkflow\index.php(58): Zend_Controller_Front->dispatch()
#10 {main}
2014-06-17T12:00:25+08:00 DEBUG (7): Mysqli prepare error: Unknown column 'mpl_id' in 'where clause'
#0 C:\AppServ\www\openlib\ZendFramework\1.5.0\library\Zend\Db\Statement.php(109): Zend_Db_Statement_Mysqli->_prepare('UPDATE `eva_mip...')
#1 C:\AppServ\www\openlib\ZendFramework\1.5.0\library\Zend\Db\Adapter\Mysqli.php(330): Zend_Db_Statement->__construct(Object(Zend_Db_Adapter_Mysqli), 'UPDATE `eva_mip...')
#2 C:\AppServ\www\openlib\ZendFramework\1.5.0\library\Zend\Db\Adapter\Abstract.php(405): Zend_Db_Adapter_Mysqli->prepare('UPDATE `eva_mip...')
#3 C:\AppServ\www\openlib\ZendFramework\1.5.0\library\Zend\Db\Adapter\Abstract.php(527): Zend_Db_Adapter_Abstract->query('UPDATE `eva_mip...', Array)
#4 C:\AppServ\www\iceworkflow\modules\workflow\models\EvaluateGeneric.php(1872): Zend_Db_Adapter_Abstract->update('eva_mipi_head', Array, 'mpl_id = '1225'...')
#5 C:\AppServ\www\iceworkflow\modules\workflow\controllers\EvaluateController.php(894): Workflow_Evaluate_Generic->updatePIAcpDetail(Array, '64', Array, 'ok')
#6 C:\AppServ\www\openlib\ZendFramework\1.5.0\library\Zend\Controller\Action.php(502): Workflow_EvaluateController->updatedetailpiAction()
#7 C:\AppServ\www\openlib\ZendFramework\1.5.0\library\Zend\Controller\Dispatcher\Standard.php(293): Zend_Controller_Action->dispatch('updatedetailpiA...')
#8 C:\AppServ\www\openlib\ZendFramework\1.5.0\library\Zend\Controller\Front.php(914): Zend_Controller_Dispatcher_Standard->dispatch(Object(Zend_Controller_Request_Http), Object(Zend_Controller_Response_Http))
#9 C:\AppServ\www\iceworkflow\index.php(58): Zend_Controller_Front->dispatch()
#10 {main}
2014-06-17T14:34:55+08:00 DEBUG (7): Mysqli prepare error: Unknown column 'mpl_id' in 'where clause'
#0 C:\AppServ\www\openlib\ZendFramework\1.5.0\library\Zend\Db\Statement.php(109): Zend_Db_Statement_Mysqli->_prepare('UPDATE `eva_mip...')
#1 C:\AppServ\www\openlib\ZendFramework\1.5.0\library\Zend\Db\Adapter\Mysqli.php(330): Zend_Db_Statement->__construct(Object(Zend_Db_Adapter_Mysqli), 'UPDATE `eva_mip...')
#2 C:\AppServ\www\openlib\ZendFramework\1.5.0\library\Zend\Db\Adapter\Abstract.php(405): Zend_Db_Adapter_Mysqli->prepare('UPDATE `eva_mip...')
#3 C:\AppServ\www\openlib\ZendFramework\1.5.0\library\Zend\Db\Adapter\Abstract.php(527): Zend_Db_Adapter_Abstract->query('UPDATE `eva_mip...', Array)
#4 C:\AppServ\www\iceworkflow\modules\workflow\models\EvaluateGeneric.php(1872): Zend_Db_Adapter_Abstract->update('eva_mipi_head', Array, 'mpl_id = '1316'...')
#5 C:\AppServ\www\iceworkflow\modules\workflow\controllers\EvaluateController.php(894): Workflow_Evaluate_Generic->updatePIAcpDetail(Array, '72', Array, 'ok')
#6 C:\AppServ\www\openlib\ZendFramework\1.5.0\library\Zend\Controller\Action.php(502): Workflow_EvaluateController->updatedetailpiAction()
#7 C:\AppServ\www\openlib\ZendFramework\1.5.0\library\Zend\Controller\Dispatcher\Standard.php(293): Zend_Controller_Action->dispatch('updatedetailpiA...')
#8 C:\AppServ\www\openlib\ZendFramework\1.5.0\library\Zend\Controller\Front.php(914): Zend_Controller_Dispatcher_Standard->dispatch(Object(Zend_Controller_Request_Http), Object(Zend_Controller_Response_Http))
#9 C:\AppServ\www\iceworkflow\index.php(58): Zend_Controller_Front->dispatch()
#10 {main}
2014-06-17T14:38:28+08:00 DEBUG (7): Mysqli prepare error: Unknown column 'mpl_id' in 'where clause'
#0 C:\AppServ\www\openlib\ZendFramework\1.5.0\library\Zend\Db\Statement.php(109): Zend_Db_Statement_Mysqli->_prepare('UPDATE `eva_mip...')
#1 C:\AppServ\www\openlib\ZendFramework\1.5.0\library\Zend\Db\Adapter\Mysqli.php(330): Zend_Db_Statement->__construct(Object(Zend_Db_Adapter_Mysqli), 'UPDATE `eva_mip...')
#2 C:\AppServ\www\openlib\ZendFramework\1.5.0\library\Zend\Db\Adapter\Abstract.php(405): Zend_Db_Adapter_Mysqli->prepare('UPDATE `eva_mip...')
#3 C:\AppServ\www\openlib\ZendFramework\1.5.0\library\Zend\Db\Adapter\Abstract.php(527): Zend_Db_Adapter_Abstract->query('UPDATE `eva_mip...', Array)
#4 C:\AppServ\www\iceworkflow\modules\workflow\models\EvaluateGeneric.php(1872): Zend_Db_Adapter_Abstract->update('eva_mipi_head', Array, 'mpl_id = '1316'...')
#5 C:\AppServ\www\iceworkflow\modules\workflow\controllers\EvaluateController.php(894): Workflow_Evaluate_Generic->updatePIAcpDetail(Array, '72', Array, 'ok')
#6 C:\AppServ\www\openlib\ZendFramework\1.5.0\library\Zend\Controller\Action.php(502): Workflow_EvaluateController->updatedetailpiAction()
#7 C:\AppServ\www\openlib\ZendFramework\1.5.0\library\Zend\Controller\Dispatcher\Standard.php(293): Zend_Controller_Action->dispatch('updatedetailpiA...')
#8 C:\AppServ\www\openlib\ZendFramework\1.5.0\library\Zend\Controller\Front.php(914): Zend_Controller_Dispatcher_Standard->dispatch(Object(Zend_Controller_Request_Http), Object(Zend_Controller_Response_Http))
#9 C:\AppServ\www\iceworkflow\index.php(58): Zend_Controller_Front->dispatch()
#10 {main}
2014-06-17T14:40:48+08:00 DEBUG (7): Mysqli prepare error: Unknown column 'mpl_id' in 'where clause'
#0 C:\AppServ\www\openlib\ZendFramework\1.5.0\library\Zend\Db\Statement.php(109): Zend_Db_Statement_Mysqli->_prepare('UPDATE `eva_mip...')
#1 C:\AppServ\www\openlib\ZendFramework\1.5.0\library\Zend\Db\Adapter\Mysqli.php(330): Zend_Db_Statement->__construct(Object(Zend_Db_Adapter_Mysqli), 'UPDATE `eva_mip...')
#2 C:\AppServ\www\openlib\ZendFramework\1.5.0\library\Zend\Db\Adapter\Abstract.php(405): Zend_Db_Adapter_Mysqli->prepare('UPDATE `eva_mip...')
#3 C:\AppServ\www\openlib\ZendFramework\1.5.0\library\Zend\Db\Adapter\Abstract.php(527): Zend_Db_Adapter_Abstract->query('UPDATE `eva_mip...', Array)
#4 C:\AppServ\www\iceworkflow\modules\workflow\models\EvaluateGeneric.php(1872): Zend_Db_Adapter_Abstract->update('eva_mipi_head', Array, 'mpl_id = '1316'...')
#5 C:\AppServ\www\iceworkflow\modules\workflow\controllers\EvaluateController.php(1824): Workflow_Evaluate_Generic->updatePIAcpDetail(Array, '72', Array, 'ok')
#6 C:\AppServ\www\openlib\ZendFramework\1.5.0\library\Zend\Controller\Action.php(502): Workflow_EvaluateController->updatedetailpibyadminAction()
#7 C:\AppServ\www\openlib\ZendFramework\1.5.0\library\Zend\Controller\Dispatcher\Standard.php(293): Zend_Controller_Action->dispatch('updatedetailpib...')
#8 C:\AppServ\www\openlib\ZendFramework\1.5.0\library\Zend\Controller\Front.php(914): Zend_Controller_Dispatcher_Standard->dispatch(Object(Zend_Controller_Request_Http), Object(Zend_Controller_Response_Http))
#9 C:\AppServ\www\iceworkflow\index.php(58): Zend_Controller_Front->dispatch()
#10 {main}
2014-06-17T14:42:17+08:00 DEBUG (7): Mysqli prepare error: Unknown column 'mpl_id' in 'where clause'
#0 C:\AppServ\www\openlib\ZendFramework\1.5.0\library\Zend\Db\Statement.php(109): Zend_Db_Statement_Mysqli->_prepare('UPDATE `eva_mip...')
#1 C:\AppServ\www\openlib\ZendFramework\1.5.0\library\Zend\Db\Adapter\Mysqli.php(330): Zend_Db_Statement->__construct(Object(Zend_Db_Adapter_Mysqli), 'UPDATE `eva_mip...')
#2 C:\AppServ\www\openlib\ZendFramework\1.5.0\library\Zend\Db\Adapter\Abstract.php(405): Zend_Db_Adapter_Mysqli->prepare('UPDATE `eva_mip...')
#3 C:\AppServ\www\openlib\ZendFramework\1.5.0\library\Zend\Db\Adapter\Abstract.php(527): Zend_Db_Adapter_Abstract->query('UPDATE `eva_mip...', Array)
#4 C:\AppServ\www\iceworkflow\modules\workflow\models\EvaluateGeneric.php(1872): Zend_Db_Adapter_Abstract->update('eva_mipi_head', Array, 'mpl_id = '986' ')
#5 C:\AppServ\www\iceworkflow\modules\workflow\controllers\EvaluateController.php(1825): Workflow_Evaluate_Generic->updatePIAcpDetail(Array, '95', Array, 'ok')
#6 C:\AppServ\www\openlib\ZendFramework\1.5.0\library\Zend\Controller\Action.php(502): Workflow_EvaluateController->updatedetailpibyadminAction()
#7 C:\AppServ\www\openlib\ZendFramework\1.5.0\library\Zend\Controller\Dispatcher\Standard.php(293): Zend_Controller_Action->dispatch('updatedetailpib...')
#8 C:\AppServ\www\openlib\ZendFramework\1.5.0\library\Zend\Controller\Front.php(914): Zend_Controller_Dispatcher_Standard->dispatch(Object(Zend_Controller_Request_Http), Object(Zend_Controller_Response_Http))
#9 C:\AppServ\www\iceworkflow\index.php(58): Zend_Controller_Front->dispatch()
#10 {main}
2014-06-17T14:52:08+08:00 DEBUG (7): Mysqli prepare error: Unknown column 'mpl_id' in 'where clause'
#0 C:\AppServ\www\openlib\ZendFramework\1.5.0\library\Zend\Db\Statement.php(109): Zend_Db_Statement_Mysqli->_prepare('UPDATE `eva_mip...')
#1 C:\AppServ\www\openlib\ZendFramework\1.5.0\library\Zend\Db\Adapter\Mysqli.php(330): Zend_Db_Statement->__construct(Object(Zend_Db_Adapter_Mysqli), 'UPDATE `eva_mip...')
#2 C:\AppServ\www\openlib\ZendFramework\1.5.0\library\Zend\Db\Adapter\Abstract.php(405): Zend_Db_Adapter_Mysqli->prepare('UPDATE `eva_mip...')
#3 C:\AppServ\www\openlib\ZendFramework\1.5.0\library\Zend\Db\Adapter\Abstract.php(527): Zend_Db_Adapter_Abstract->query('UPDATE `eva_mip...', Array)
#4 C:\AppServ\www\iceworkflow\modules\workflow\models\EvaluateGeneric.php(1872): Zend_Db_Adapter_Abstract->update('eva_mipi_head', Array, 'mpl_id = '986' ')
#5 C:\AppServ\www\iceworkflow\modules\workflow\controllers\EvaluateController.php(1830): Workflow_Evaluate_Generic->updatePIAcpDetail(Array, '95', Array, NULL)
#6 C:\AppServ\www\openlib\ZendFramework\1.5.0\library\Zend\Controller\Action.php(502): Workflow_EvaluateController->updatedetailpibyadminAction()
#7 C:\AppServ\www\openlib\ZendFramework\1.5.0\library\Zend\Controller\Dispatcher\Standard.php(293): Zend_Controller_Action->dispatch('updatedetailpib...')
#8 C:\AppServ\www\openlib\ZendFramework\1.5.0\library\Zend\Controller\Front.php(914): Zend_Controller_Dispatcher_Standard->dispatch(Object(Zend_Controller_Request_Http), Object(Zend_Controller_Response_Http))
#9 C:\AppServ\www\iceworkflow\index.php(58): Zend_Controller_Front->dispatch()
#10 {main}
2014-06-17T14:52:32+08:00 DEBUG (7): Mysqli prepare error: Unknown column 'mpl_id' in 'where clause'
#0 C:\AppServ\www\openlib\ZendFramework\1.5.0\library\Zend\Db\Statement.php(109): Zend_Db_Statement_Mysqli->_prepare('UPDATE `eva_mip...')
#1 C:\AppServ\www\openlib\ZendFramework\1.5.0\library\Zend\Db\Adapter\Mysqli.php(330): Zend_Db_Statement->__construct(Object(Zend_Db_Adapter_Mysqli), 'UPDATE `eva_mip...')
#2 C:\AppServ\www\openlib\ZendFramework\1.5.0\library\Zend\Db\Adapter\Abstract.php(405): Zend_Db_Adapter_Mysqli->prepare('UPDATE `eva_mip...')
#3 C:\AppServ\www\openlib\ZendFramework\1.5.0\library\Zend\Db\Adapter\Abstract.php(527): Zend_Db_Adapter_Abstract->query('UPDATE `eva_mip...', Array)
#4 C:\AppServ\www\iceworkflow\modules\workflow\models\EvaluateGeneric.php(1872): Zend_Db_Adapter_Abstract->update('eva_mipi_head', Array, 'mpl_id = '1225'...')
#5 C:\AppServ\www\iceworkflow\modules\workflow\controllers\EvaluateController.php(1830): Workflow_Evaluate_Generic->updatePIAcpDetail(Array, '64', Array, 'ok')
#6 C:\AppServ\www\openlib\ZendFramework\1.5.0\library\Zend\Controller\Action.php(502): Workflow_EvaluateController->updatedetailpibyadminAction()
#7 C:\AppServ\www\openlib\ZendFramework\1.5.0\library\Zend\Controller\Dispatcher\Standard.php(293): Zend_Controller_Action->dispatch('updatedetailpib...')
#8 C:\AppServ\www\openlib\ZendFramework\1.5.0\library\Zend\Controller\Front.php(914): Zend_Controller_Dispatcher_Standard->dispatch(Object(Zend_Controller_Request_Http), Object(Zend_Controller_Response_Http))
#9 C:\AppServ\www\iceworkflow\index.php(58): Zend_Controller_Front->dispatch()
#10 {main}
2014-06-17T14:52:55+08:00 DEBUG (7): Mysqli prepare error: Unknown column 'mpl_id' in 'where clause'
#0 C:\AppServ\www\openlib\ZendFramework\1.5.0\library\Zend\Db\Statement.php(109): Zend_Db_Statement_Mysqli->_prepare('UPDATE `eva_mip...')
#1 C:\AppServ\www\openlib\ZendFramework\1.5.0\library\Zend\Db\Adapter\Mysqli.php(330): Zend_Db_Statement->__construct(Object(Zend_Db_Adapter_Mysqli), 'UPDATE `eva_mip...')
#2 C:\AppServ\www\openlib\ZendFramework\1.5.0\library\Zend\Db\Adapter\Abstract.php(405): Zend_Db_Adapter_Mysqli->prepare('UPDATE `eva_mip...')
#3 C:\AppServ\www\openlib\ZendFramework\1.5.0\library\Zend\Db\Adapter\Abstract.php(527): Zend_Db_Adapter_Abstract->query('UPDATE `eva_mip...', Array)
#4 C:\AppServ\www\iceworkflow\modules\workflow\models\EvaluateGeneric.php(1872): Zend_Db_Adapter_Abstract->update('eva_mipi_head', Array, 'mpl_id = '1133'...')
#5 C:\AppServ\www\iceworkflow\modules\workflow\controllers\EvaluateController.php(1830): Workflow_Evaluate_Generic->updatePIAcpDetail(Array, '107', Array, 'ok')
#6 C:\AppServ\www\openlib\ZendFramework\1.5.0\library\Zend\Controller\Action.php(502): Workflow_EvaluateController->updatedetailpibyadminAction()
#7 C:\AppServ\www\openlib\ZendFramework\1.5.0\library\Zend\Controller\Dispatcher\Standard.php(293): Zend_Controller_Action->dispatch('updatedetailpib...')
#8 C:\AppServ\www\openlib\ZendFramework\1.5.0\library\Zend\Controller\Front.php(914): Zend_Controller_Dispatcher_Standard->dispatch(Object(Zend_Controller_Request_Http), Object(Zend_Controller_Response_Http))
#9 C:\AppServ\www\iceworkflow\index.php(58): Zend_Controller_Front->dispatch()
#10 {main}
2014-06-17T14:55:12+08:00 DEBUG (7): Mysqli prepare error: Unknown column 'mpl_id' in 'where clause'
#0 C:\AppServ\www\openlib\ZendFramework\1.5.0\library\Zend\Db\Statement.php(109): Zend_Db_Statement_Mysqli->_prepare('UPDATE `eva_mip...')
#1 C:\AppServ\www\openlib\ZendFramework\1.5.0\library\Zend\Db\Adapter\Mysqli.php(330): Zend_Db_Statement->__construct(Object(Zend_Db_Adapter_Mysqli), 'UPDATE `eva_mip...')
#2 C:\AppServ\www\openlib\ZendFramework\1.5.0\library\Zend\Db\Adapter\Abstract.php(405): Zend_Db_Adapter_Mysqli->prepare('UPDATE `eva_mip...')
#3 C:\AppServ\www\openlib\ZendFramework\1.5.0\library\Zend\Db\Adapter\Abstract.php(527): Zend_Db_Adapter_Abstract->query('UPDATE `eva_mip...', Array)
#4 C:\AppServ\www\iceworkflow\modules\workflow\models\EvaluateGeneric.php(1872): Zend_Db_Adapter_Abstract->update('eva_mipi_head', Array, 'mpl_id = '1225'...')
#5 C:\AppServ\www\iceworkflow\modules\workflow\controllers\EvaluateController.php(1830): Workflow_Evaluate_Generic->updatePIAcpDetail(Array, '64', Array, 'ok')
#6 C:\AppServ\www\openlib\ZendFramework\1.5.0\library\Zend\Controller\Action.php(502): Workflow_EvaluateController->updatedetailpibyadminAction()
#7 C:\AppServ\www\openlib\ZendFramework\1.5.0\library\Zend\Controller\Dispatcher\Standard.php(293): Zend_Controller_Action->dispatch('updatedetailpib...')
#8 C:\AppServ\www\openlib\ZendFramework\1.5.0\library\Zend\Controller\Front.php(914): Zend_Controller_Dispatcher_Standard->dispatch(Object(Zend_Controller_Request_Http), Object(Zend_Controller_Response_Http))
#9 C:\AppServ\www\iceworkflow\index.php(58): Zend_Controller_Front->dispatch()
#10 {main}
2014-06-17T14:56:50+08:00 DEBUG (7): Mysqli prepare error: Unknown column 'mpl_id' in 'where clause'
#0 C:\AppServ\www\openlib\ZendFramework\1.5.0\library\Zend\Db\Statement.php(109): Zend_Db_Statement_Mysqli->_prepare('UPDATE `eva_mip...')
#1 C:\AppServ\www\openlib\ZendFramework\1.5.0\library\Zend\Db\Adapter\Mysqli.php(330): Zend_Db_Statement->__construct(Object(Zend_Db_Adapter_Mysqli), 'UPDATE `eva_mip...')
#2 C:\AppServ\www\openlib\ZendFramework\1.5.0\library\Zend\Db\Adapter\Abstract.php(405): Zend_Db_Adapter_Mysqli->prepare('UPDATE `eva_mip...')
#3 C:\AppServ\www\openlib\ZendFramework\1.5.0\library\Zend\Db\Adapter\Abstract.php(527): Zend_Db_Adapter_Abstract->query('UPDATE `eva_mip...', Array)
#4 C:\AppServ\www\iceworkflow\modules\workflow\models\EvaluateGeneric.php(1872): Zend_Db_Adapter_Abstract->update('eva_mipi_head', Array, 'mpl_id = '1316'...')
#5 C:\AppServ\www\iceworkflow\modules\workflow\controllers\EvaluateController.php(1830): Workflow_Evaluate_Generic->updatePIAcpDetail(Array, '72', Array, 'ok')
#6 C:\AppServ\www\openlib\ZendFramework\1.5.0\library\Zend\Controller\Action.php(502): Workflow_EvaluateController->updatedetailpibyadminAction()
#7 C:\AppServ\www\openlib\ZendFramework\1.5.0\library\Zend\Controller\Dispatcher\Standard.php(293): Zend_Controller_Action->dispatch('updatedetailpib...')
#8 C:\AppServ\www\openlib\ZendFramework\1.5.0\library\Zend\Controller\Front.php(914): Zend_Controller_Dispatcher_Standard->dispatch(Object(Zend_Controller_Request_Http), Object(Zend_Controller_Response_Http))
#9 C:\AppServ\www\iceworkflow\index.php(58): Zend_Controller_Front->dispatch()
#10 {main}
2014-06-17T15:04:27+08:00 DEBUG (7): Mysqli prepare error: Unknown column 'mpl_id' in 'where clause'
#0 C:\AppServ\www\openlib\ZendFramework\1.5.0\library\Zend\Db\Statement.php(109): Zend_Db_Statement_Mysqli->_prepare('UPDATE `eva_mip...')
#1 C:\AppServ\www\openlib\ZendFramework\1.5.0\library\Zend\Db\Adapter\Mysqli.php(330): Zend_Db_Statement->__construct(Object(Zend_Db_Adapter_Mysqli), 'UPDATE `eva_mip...')
#2 C:\AppServ\www\openlib\ZendFramework\1.5.0\library\Zend\Db\Adapter\Abstract.php(405): Zend_Db_Adapter_Mysqli->prepare('UPDATE `eva_mip...')
#3 C:\AppServ\www\openlib\ZendFramework\1.5.0\library\Zend\Db\Adapter\Abstract.php(527): Zend_Db_Adapter_Abstract->query('UPDATE `eva_mip...', Array)
#4 C:\AppServ\www\iceworkflow\modules\workflow\models\EvaluateGeneric.php(1873): Zend_Db_Adapter_Abstract->update('eva_mipi_head', Array, 'mpl_id = '1133'...')
#5 C:\AppServ\www\iceworkflow\modules\workflow\controllers\EvaluateController.php(1830): Workflow_Evaluate_Generic->updatePIAcpDetail(Array, '107', Array, 'ok')
#6 C:\AppServ\www\openlib\ZendFramework\1.5.0\library\Zend\Controller\Action.php(502): Workflow_EvaluateController->updatedetailpibyadminAction()
#7 C:\AppServ\www\openlib\ZendFramework\1.5.0\library\Zend\Controller\Dispatcher\Standard.php(293): Zend_Controller_Action->dispatch('updatedetailpib...')
#8 C:\AppServ\www\openlib\ZendFramework\1.5.0\library\Zend\Controller\Front.php(914): Zend_Controller_Dispatcher_Standard->dispatch(Object(Zend_Controller_Request_Http), Object(Zend_Controller_Response_Http))
#9 C:\AppServ\www\iceworkflow\index.php(58): Zend_Controller_Front->dispatch()
#10 {main}
2014-06-17T15:09:58+08:00 DEBUG (7): Mysqli prepare error: Unknown column 'mpl_id' in 'where clause'
#0 C:\AppServ\www\openlib\ZendFramework\1.5.0\library\Zend\Db\Statement.php(109): Zend_Db_Statement_Mysqli->_prepare('UPDATE `eva_mip...')
#1 C:\AppServ\www\openlib\ZendFramework\1.5.0\library\Zend\Db\Adapter\Mysqli.php(330): Zend_Db_Statement->__construct(Object(Zend_Db_Adapter_Mysqli), 'UPDATE `eva_mip...')
#2 C:\AppServ\www\openlib\ZendFramework\1.5.0\library\Zend\Db\Adapter\Abstract.php(405): Zend_Db_Adapter_Mysqli->prepare('UPDATE `eva_mip...')
#3 C:\AppServ\www\openlib\ZendFramework\1.5.0\library\Zend\Db\Adapter\Abstract.php(527): Zend_Db_Adapter_Abstract->query('UPDATE `eva_mip...', Array)
#4 C:\AppServ\www\iceworkflow\modules\workflow\models\EvaluateGeneric.php(1876): Zend_Db_Adapter_Abstract->update('eva_mipi_head', Array, 'mpl_id = '1316'...')
#5 C:\AppServ\www\iceworkflow\modules\workflow\controllers\EvaluateController.php(1830): Workflow_Evaluate_Generic->updatePIAcpDetail(Array, '72', Array, 'ok')
#6 C:\AppServ\www\openlib\ZendFramework\1.5.0\library\Zend\Controller\Action.php(502): Workflow_EvaluateController->updatedetailpibyadminAction()
#7 C:\AppServ\www\openlib\ZendFramework\1.5.0\library\Zend\Controller\Dispatcher\Standard.php(293): Zend_Controller_Action->dispatch('updatedetailpib...')
#8 C:\AppServ\www\openlib\ZendFramework\1.5.0\library\Zend\Controller\Front.php(914): Zend_Controller_Dispatcher_Standard->dispatch(Object(Zend_Controller_Request_Http), Object(Zend_Controller_Response_Http))
#9 C:\AppServ\www\iceworkflow\index.php(58): Zend_Controller_Front->dispatch()
#10 {main}
2014-06-17T15:11:21+08:00 DEBUG (7): Mysqli prepare error: Unknown column 'sl_recive' in 'field list'
#0 C:\AppServ\www\openlib\ZendFramework\1.5.0\library\Zend\Db\Statement.php(109): Zend_Db_Statement_Mysqli->_prepare('INSERT INTO `ev...')
#1 C:\AppServ\www\openlib\ZendFramework\1.5.0\library\Zend\Db\Adapter\Mysqli.php(330): Zend_Db_Statement->__construct(Object(Zend_Db_Adapter_Mysqli), 'INSERT INTO `ev...')
#2 C:\AppServ\www\openlib\ZendFramework\1.5.0\library\Zend\Db\Adapter\Abstract.php(405): Zend_Db_Adapter_Mysqli->prepare('INSERT INTO `ev...')
#3 C:\AppServ\www\openlib\ZendFramework\1.5.0\library\Zend\Db\Adapter\Abstract.php(484): Zend_Db_Adapter_Abstract->query('INSERT INTO `ev...', Array)
#4 C:\AppServ\www\iceworkflow\modules\workflow\models\EvaluateGeneric.php(1916): Zend_Db_Adapter_Abstract->insert('eva_mipi_sublin...', Array)
#5 C:\AppServ\www\iceworkflow\modules\workflow\controllers\EvaluateController.php(1830): Workflow_Evaluate_Generic->updatePIAcpDetail(Array, '95', Array, 'ok')
#6 C:\AppServ\www\openlib\ZendFramework\1.5.0\library\Zend\Controller\Action.php(502): Workflow_EvaluateController->updatedetailpibyadminAction()
#7 C:\AppServ\www\openlib\ZendFramework\1.5.0\library\Zend\Controller\Dispatcher\Standard.php(293): Zend_Controller_Action->dispatch('updatedetailpib...')
#8 C:\AppServ\www\openlib\ZendFramework\1.5.0\library\Zend\Controller\Front.php(914): Zend_Controller_Dispatcher_Standard->dispatch(Object(Zend_Controller_Request_Http), Object(Zend_Controller_Response_Http))
#9 C:\AppServ\www\iceworkflow\index.php(58): Zend_Controller_Front->dispatch()
#10 {main}
2014-06-17T15:12:21+08:00 DEBUG (7): Mysqli prepare error: Unknown column 'sl_recive' in 'field list'
#0 C:\AppServ\www\openlib\ZendFramework\1.5.0\library\Zend\Db\Statement.php(109): Zend_Db_Statement_Mysqli->_prepare('INSERT INTO `ev...')
#1 C:\AppServ\www\openlib\ZendFramework\1.5.0\library\Zend\Db\Adapter\Mysqli.php(330): Zend_Db_Statement->__construct(Object(Zend_Db_Adapter_Mysqli), 'INSERT INTO `ev...')
#2 C:\AppServ\www\openlib\ZendFramework\1.5.0\library\Zend\Db\Adapter\Abstract.php(405): Zend_Db_Adapter_Mysqli->prepare('INSERT INTO `ev...')
#3 C:\AppServ\www\openlib\ZendFramework\1.5.0\library\Zend\Db\Adapter\Abstract.php(484): Zend_Db_Adapter_Abstract->query('INSERT INTO `ev...', Array)
#4 C:\AppServ\www\iceworkflow\modules\workflow\models\EvaluateGeneric.php(1917): Zend_Db_Adapter_Abstract->insert('eva_mipi_sublin...', Array)
#5 C:\AppServ\www\iceworkflow\modules\workflow\controllers\EvaluateController.php(1830): Workflow_Evaluate_Generic->updatePIAcpDetail(Array, '107', Array, 'ok')
#6 C:\AppServ\www\openlib\ZendFramework\1.5.0\library\Zend\Controller\Action.php(502): Workflow_EvaluateController->updatedetailpibyadminAction()
#7 C:\AppServ\www\openlib\ZendFramework\1.5.0\library\Zend\Controller\Dispatcher\Standard.php(293): Zend_Controller_Action->dispatch('updatedetailpib...')
#8 C:\AppServ\www\openlib\ZendFramework\1.5.0\library\Zend\Controller\Front.php(914): Zend_Controller_Dispatcher_Standard->dispatch(Object(Zend_Controller_Request_Http), Object(Zend_Controller_Response_Http))
#9 C:\AppServ\www\iceworkflow\index.php(58): Zend_Controller_Front->dispatch()
#10 {main}
2014-06-17T17:44:58+08:00 DEBUG (7): Mysqli prepare error: Unknown column 'ss' in 'where clause'
#0 C:\AppServ\www\openlib\ZendFramework\1.5.0\library\Zend\Db\Statement.php(109): Zend_Db_Statement_Mysqli->_prepare('SELECT SUM(CASE...')
#1 C:\AppServ\www\openlib\ZendFramework\1.5.0\library\Zend\Db\Adapter\Mysqli.php(330): Zend_Db_Statement->__construct(Object(Zend_Db_Adapter_Mysqli), 'SELECT SUM(CASE...')
#2 C:\AppServ\www\openlib\ZendFramework\1.5.0\library\Zend\Db\Adapter\Abstract.php(405): Zend_Db_Adapter_Mysqli->prepare('SELECT SUM(CASE...')
#3 C:\AppServ\www\openlib\ZendFramework\1.5.0\library\Zend\Db\Select.php(580): Zend_Db_Adapter_Abstract->query(Object(Zend_Db_Select))
#4 C:\AppServ\www\iceworkflow\modules\systemapi\models\datasource\evaluate.php(377): Zend_Db_Select->query()
#5 C:\AppServ\www\iceworkflow\modules\systemapi\models\SystemapiGeneric.php(39): Systemapi_evaluate_Table->getSummaryBadge('ss')
#6 C:\AppServ\www\iceworkflow\library\Workflow\Controller\Flow\Action.php(77): Systemapi_Systemapi_Generic->getSummaryBadge('ss')
#7 C:\AppServ\www\openlib\ZendFramework\1.5.0\library\Zend\Controller\Action.php(129): Workflow_Controller_Flow_Action->init()
#8 C:\AppServ\www\openlib\ZendFramework\1.5.0\library\Zend\Controller\Dispatcher\Standard.php(269): Zend_Controller_Action->__construct(Object(Zend_Controller_Request_Http), Object(Zend_Controller_Response_Http), Array)
#9 C:\AppServ\www\openlib\ZendFramework\1.5.0\library\Zend\Controller\Front.php(914): Zend_Controller_Dispatcher_Standard->dispatch(Object(Zend_Controller_Request_Http), Object(Zend_Controller_Response_Http))
#10 C:\AppServ\www\iceworkflow\index.php(58): Zend_Controller_Front->dispatch()
#11 {main}
2014-06-17T17:46:20+08:00 DEBUG (7): Mysqli prepare error: Unknown column 'ss' in 'where clause'
#0 C:\AppServ\www\openlib\ZendFramework\1.5.0\library\Zend\Db\Statement.php(109): Zend_Db_Statement_Mysqli->_prepare('SELECT SUM(CASE...')
#1 C:\AppServ\www\openlib\ZendFramework\1.5.0\library\Zend\Db\Adapter\Mysqli.php(330): Zend_Db_Statement->__construct(Object(Zend_Db_Adapter_Mysqli), 'SELECT SUM(CASE...')
#2 C:\AppServ\www\openlib\ZendFramework\1.5.0\library\Zend\Db\Adapter\Abstract.php(405): Zend_Db_Adapter_Mysqli->prepare('SELECT SUM(CASE...')
#3 C:\AppServ\www\openlib\ZendFramework\1.5.0\library\Zend\Db\Select.php(580): Zend_Db_Adapter_Abstract->query(Object(Zend_Db_Select))
#4 C:\AppServ\www\iceworkflow\modules\systemapi\models\datasource\evaluate.php(377): Zend_Db_Select->query()
#5 C:\AppServ\www\iceworkflow\modules\systemapi\models\SystemapiGeneric.php(39): Systemapi_evaluate_Table->getSummaryBadge('ss')
#6 C:\AppServ\www\iceworkflow\library\Workflow\Controller\Flow\Action.php(77): Systemapi_Systemapi_Generic->getSummaryBadge('ss')
#7 C:\AppServ\www\openlib\ZendFramework\1.5.0\library\Zend\Controller\Action.php(129): Workflow_Controller_Flow_Action->init()
#8 C:\AppServ\www\openlib\ZendFramework\1.5.0\library\Zend\Controller\Dispatcher\Standard.php(269): Zend_Controller_Action->__construct(Object(Zend_Controller_Request_Http), Object(Zend_Controller_Response_Http), Array)
#9 C:\AppServ\www\openlib\ZendFramework\1.5.0\library\Zend\Controller\Front.php(914): Zend_Controller_Dispatcher_Standard->dispatch(Object(Zend_Controller_Request_Http), Object(Zend_Controller_Response_Http))
#10 C:\AppServ\www\iceworkflow\index.php(58): Zend_Controller_Front->dispatch()
#11 {main}
2014-06-17T17:46:30+08:00 DEBUG (7): Mysqli prepare error: Unknown column 'ss' in 'where clause'
#0 C:\AppServ\www\openlib\ZendFramework\1.5.0\library\Zend\Db\Statement.php(109): Zend_Db_Statement_Mysqli->_prepare('SELECT SUM(CASE...')
#1 C:\AppServ\www\openlib\ZendFramework\1.5.0\library\Zend\Db\Adapter\Mysqli.php(330): Zend_Db_Statement->__construct(Object(Zend_Db_Adapter_Mysqli), 'SELECT SUM(CASE...')
#2 C:\AppServ\www\openlib\ZendFramework\1.5.0\library\Zend\Db\Adapter\Abstract.php(405): Zend_Db_Adapter_Mysqli->prepare('SELECT SUM(CASE...')
#3 C:\AppServ\www\openlib\ZendFramework\1.5.0\library\Zend\Db\Select.php(580): Zend_Db_Adapter_Abstract->query(Object(Zend_Db_Select))
#4 C:\AppServ\www\iceworkflow\modules\systemapi\models\datasource\evaluate.php(377): Zend_Db_Select->query()
#5 C:\AppServ\www\iceworkflow\modules\systemapi\models\SystemapiGeneric.php(39): Systemapi_evaluate_Table->getSummaryBadge('ss')
#6 C:\AppServ\www\iceworkflow\library\Workflow\Controller\Flow\Action.php(77): Systemapi_Systemapi_Generic->getSummaryBadge('ss')
#7 C:\AppServ\www\openlib\ZendFramework\1.5.0\library\Zend\Controller\Action.php(129): Workflow_Controller_Flow_Action->init()
#8 C:\AppServ\www\openlib\ZendFramework\1.5.0\library\Zend\Controller\Dispatcher\Standard.php(269): Zend_Controller_Action->__construct(Object(Zend_Controller_Request_Http), Object(Zend_Controller_Response_Http), Array)
#9 C:\AppServ\www\openlib\ZendFramework\1.5.0\library\Zend\Controller\Front.php(914): Zend_Controller_Dispatcher_Standard->dispatch(Object(Zend_Controller_Request_Http), Object(Zend_Controller_Response_Http))
#10 C:\AppServ\www\iceworkflow\index.php(58): Zend_Controller_Front->dispatch()
#11 {main}
2014-06-17T17:46:52+08:00 DEBUG (7): Mysqli prepare error: Unknown column 'ss' in 'where clause'
#0 C:\AppServ\www\openlib\ZendFramework\1.5.0\library\Zend\Db\Statement.php(109): Zend_Db_Statement_Mysqli->_prepare('SELECT SUM(CASE...')
#1 C:\AppServ\www\openlib\ZendFramework\1.5.0\library\Zend\Db\Adapter\Mysqli.php(330): Zend_Db_Statement->__construct(Object(Zend_Db_Adapter_Mysqli), 'SELECT SUM(CASE...')
#2 C:\AppServ\www\openlib\ZendFramework\1.5.0\library\Zend\Db\Adapter\Abstract.php(405): Zend_Db_Adapter_Mysqli->prepare('SELECT SUM(CASE...')
#3 C:\AppServ\www\openlib\ZendFramework\1.5.0\library\Zend\Db\Select.php(580): Zend_Db_Adapter_Abstract->query(Object(Zend_Db_Select))
#4 C:\AppServ\www\iceworkflow\modules\systemapi\models\datasource\evaluate.php(377): Zend_Db_Select->query()
#5 C:\AppServ\www\iceworkflow\modules\systemapi\models\SystemapiGeneric.php(39): Systemapi_evaluate_Table->getSummaryBadge('ss')
#6 C:\AppServ\www\iceworkflow\library\Workflow\Controller\Flow\Action.php(77): Systemapi_Systemapi_Generic->getSummaryBadge('ss')
#7 C:\AppServ\www\openlib\ZendFramework\1.5.0\library\Zend\Controller\Action.php(129): Workflow_Controller_Flow_Action->init()
#8 C:\AppServ\www\openlib\ZendFramework\1.5.0\library\Zend\Controller\Dispatcher\Standard.php(269): Zend_Controller_Action->__construct(Object(Zend_Controller_Request_Http), Object(Zend_Controller_Response_Http), Array)
#9 C:\AppServ\www\openlib\ZendFramework\1.5.0\library\Zend\Controller\Front.php(914): Zend_Controller_Dispatcher_Standard->dispatch(Object(Zend_Controller_Request_Http), Object(Zend_Controller_Response_Http))
#10 C:\AppServ\www\iceworkflow\index.php(58): Zend_Controller_Front->dispatch()
#11 {main}
2014-06-17T17:49:06+08:00 DEBUG (7): Mysqli prepare error: Unknown column 'ss' in 'where clause'
#0 C:\AppServ\www\openlib\ZendFramework\1.5.0\library\Zend\Db\Statement.php(109): Zend_Db_Statement_Mysqli->_prepare('SELECT SUM(CASE...')
#1 C:\AppServ\www\openlib\ZendFramework\1.5.0\library\Zend\Db\Adapter\Mysqli.php(330): Zend_Db_Statement->__construct(Object(Zend_Db_Adapter_Mysqli), 'SELECT SUM(CASE...')
#2 C:\AppServ\www\openlib\ZendFramework\1.5.0\library\Zend\Db\Adapter\Abstract.php(405): Zend_Db_Adapter_Mysqli->prepare('SELECT SUM(CASE...')
#3 C:\AppServ\www\openlib\ZendFramework\1.5.0\library\Zend\Db\Select.php(580): Zend_Db_Adapter_Abstract->query(Object(Zend_Db_Select))
#4 C:\AppServ\www\iceworkflow\modules\systemapi\models\datasource\evaluate.php(377): Zend_Db_Select->query()
#5 C:\AppServ\www\iceworkflow\modules\systemapi\models\SystemapiGeneric.php(39): Systemapi_evaluate_Table->getSummaryBadge('ss')
#6 C:\AppServ\www\iceworkflow\library\Workflow\Controller\Flow\Action.php(77): Systemapi_Systemapi_Generic->getSummaryBadge('ss')
#7 C:\AppServ\www\openlib\ZendFramework\1.5.0\library\Zend\Controller\Action.php(129): Workflow_Controller_Flow_Action->init()
#8 C:\AppServ\www\openlib\ZendFramework\1.5.0\library\Zend\Controller\Dispatcher\Standard.php(269): Zend_Controller_Action->__construct(Object(Zend_Controller_Request_Http), Object(Zend_Controller_Response_Http), Array)
#9 C:\AppServ\www\openlib\ZendFramework\1.5.0\library\Zend\Controller\Front.php(914): Zend_Controller_Dispatcher_Standard->dispatch(Object(Zend_Controller_Request_Http), Object(Zend_Controller_Response_Http))
#10 C:\AppServ\www\iceworkflow\index.php(58): Zend_Controller_Front->dispatch()
#11 {main}
2014-06-17T17:50:43+08:00 DEBUG (7): Mysqli prepare error: Unknown column 'ss' in 'where clause'
#0 C:\AppServ\www\openlib\ZendFramework\1.5.0\library\Zend\Db\Statement.php(109): Zend_Db_Statement_Mysqli->_prepare('SELECT SUM(CASE...')
#1 C:\AppServ\www\openlib\ZendFramework\1.5.0\library\Zend\Db\Adapter\Mysqli.php(330): Zend_Db_Statement->__construct(Object(Zend_Db_Adapter_Mysqli), 'SELECT SUM(CASE...')
#2 C:\AppServ\www\openlib\ZendFramework\1.5.0\library\Zend\Db\Adapter\Abstract.php(405): Zend_Db_Adapter_Mysqli->prepare('SELECT SUM(CASE...')
#3 C:\AppServ\www\openlib\ZendFramework\1.5.0\library\Zend\Db\Select.php(580): Zend_Db_Adapter_Abstract->query(Object(Zend_Db_Select))
#4 C:\AppServ\www\iceworkflow\modules\systemapi\models\datasource\evaluate.php(377): Zend_Db_Select->query()
#5 C:\AppServ\www\iceworkflow\modules\systemapi\models\SystemapiGeneric.php(39): Systemapi_evaluate_Table->getSummaryBadge('ss')
#6 C:\AppServ\www\iceworkflow\library\Workflow\Controller\Flow\Action.php(77): Systemapi_Systemapi_Generic->getSummaryBadge('ss')
#7 C:\AppServ\www\openlib\ZendFramework\1.5.0\library\Zend\Controller\Action.php(129): Workflow_Controller_Flow_Action->init()
#8 C:\AppServ\www\openlib\ZendFramework\1.5.0\library\Zend\Controller\Dispatcher\Standard.php(269): Zend_Controller_Action->__construct(Object(Zend_Controller_Request_Http), Object(Zend_Controller_Response_Http), Array)
#9 C:\AppServ\www\openlib\ZendFramework\1.5.0\library\Zend\Controller\Front.php(914): Zend_Controller_Dispatcher_Standard->dispatch(Object(Zend_Controller_Request_Http), Object(Zend_Controller_Response_Http))
#10 C:\AppServ\www\iceworkflow\index.php(58): Zend_Controller_Front->dispatch()
#11 {main}
2014-06-17T17:56:01+08:00 DEBUG (7): Mysqli prepare error: Unknown column 'ss' in 'where clause'
#0 C:\AppServ\www\openlib\ZendFramework\1.5.0\library\Zend\Db\Statement.php(109): Zend_Db_Statement_Mysqli->_prepare('SELECT SUM(CASE...')
#1 C:\AppServ\www\openlib\ZendFramework\1.5.0\library\Zend\Db\Adapter\Mysqli.php(330): Zend_Db_Statement->__construct(Object(Zend_Db_Adapter_Mysqli), 'SELECT SUM(CASE...')
#2 C:\AppServ\www\openlib\ZendFramework\1.5.0\library\Zend\Db\Adapter\Abstract.php(405): Zend_Db_Adapter_Mysqli->prepare('SELECT SUM(CASE...')
#3 C:\AppServ\www\openlib\ZendFramework\1.5.0\library\Zend\Db\Select.php(580): Zend_Db_Adapter_Abstract->query(Object(Zend_Db_Select))
#4 C:\AppServ\www\iceworkflow\modules\systemapi\models\datasource\evaluate.php(377): Zend_Db_Select->query()
#5 C:\AppServ\www\iceworkflow\modules\systemapi\models\SystemapiGeneric.php(39): Systemapi_evaluate_Table->getSummaryBadge('ss')
#6 C:\AppServ\www\iceworkflow\library\Workflow\Controller\Flow\Action.php(77): Systemapi_Systemapi_Generic->getSummaryBadge('ss')
#7 C:\AppServ\www\openlib\ZendFramework\1.5.0\library\Zend\Controller\Action.php(129): Workflow_Controller_Flow_Action->init()
#8 C:\AppServ\www\openlib\ZendFramework\1.5.0\library\Zend\Controller\Dispatcher\Standard.php(269): Zend_Controller_Action->__construct(Object(Zend_Controller_Request_Http), Object(Zend_Controller_Response_Http), Array)
#9 C:\AppServ\www\openlib\ZendFramework\1.5.0\library\Zend\Controller\Front.php(914): Zend_Controller_Dispatcher_Standard->dispatch(Object(Zend_Controller_Request_Http), Object(Zend_Controller_Response_Http))
#10 C:\AppServ\www\iceworkflow\index.php(58): Zend_Controller_Front->dispatch()
#11 {main}
2014-06-17T17:59:41+08:00 DEBUG (7): Mysqli prepare error: Unknown column 'ss' in 'where clause'
#0 C:\AppServ\www\openlib\ZendFramework\1.5.0\library\Zend\Db\Statement.php(109): Zend_Db_Statement_Mysqli->_prepare('SELECT SUM(CASE...')
#1 C:\AppServ\www\openlib\ZendFramework\1.5.0\library\Zend\Db\Adapter\Mysqli.php(330): Zend_Db_Statement->__construct(Object(Zend_Db_Adapter_Mysqli), 'SELECT SUM(CASE...')
#2 C:\AppServ\www\openlib\ZendFramework\1.5.0\library\Zend\Db\Adapter\Abstract.php(405): Zend_Db_Adapter_Mysqli->prepare('SELECT SUM(CASE...')
#3 C:\AppServ\www\openlib\ZendFramework\1.5.0\library\Zend\Db\Select.php(580): Zend_Db_Adapter_Abstract->query(Object(Zend_Db_Select))
#4 C:\AppServ\www\iceworkflow\modules\systemapi\models\datasource\evaluate.php(377): Zend_Db_Select->query()
#5 C:\AppServ\www\iceworkflow\modules\systemapi\models\SystemapiGeneric.php(39): Systemapi_evaluate_Table->getSummaryBadge('ss')
#6 C:\AppServ\www\iceworkflow\library\Workflow\Controller\Flow\Action.php(77): Systemapi_Systemapi_Generic->getSummaryBadge('ss')
#7 C:\AppServ\www\openlib\ZendFramework\1.5.0\library\Zend\Controller\Action.php(129): Workflow_Controller_Flow_Action->init()
#8 C:\AppServ\www\openlib\ZendFramework\1.5.0\library\Zend\Controller\Dispatcher\Standard.php(269): Zend_Controller_Action->__construct(Object(Zend_Controller_Request_Http), Object(Zend_Controller_Response_Http), Array)
#9 C:\AppServ\www\openlib\ZendFramework\1.5.0\library\Zend\Controller\Front.php(914): Zend_Controller_Dispatcher_Standard->dispatch(Object(Zend_Controller_Request_Http), Object(Zend_Controller_Response_Http))
#10 C:\AppServ\www\iceworkflow\index.php(58): Zend_Controller_Front->dispatch()
#11 {main}
2014-06-17T18:02:28+08:00 DEBUG (7): Mysqli prepare error: Unknown column 'ss' in 'where clause'
#0 C:\AppServ\www\openlib\ZendFramework\1.5.0\library\Zend\Db\Statement.php(109): Zend_Db_Statement_Mysqli->_prepare('SELECT SUM(CASE...')
#1 C:\AppServ\www\openlib\ZendFramework\1.5.0\library\Zend\Db\Adapter\Mysqli.php(330): Zend_Db_Statement->__construct(Object(Zend_Db_Adapter_Mysqli), 'SELECT SUM(CASE...')
#2 C:\AppServ\www\openlib\ZendFramework\1.5.0\library\Zend\Db\Adapter\Abstract.php(405): Zend_Db_Adapter_Mysqli->prepare('SELECT SUM(CASE...')
#3 C:\AppServ\www\openlib\ZendFramework\1.5.0\library\Zend\Db\Select.php(580): Zend_Db_Adapter_Abstract->query(Object(Zend_Db_Select))
#4 C:\AppServ\www\iceworkflow\modules\systemapi\models\datasource\evaluate.php(377): Zend_Db_Select->query()
#5 C:\AppServ\www\iceworkflow\modules\systemapi\models\SystemapiGeneric.php(39): Systemapi_evaluate_Table->getSummaryBadge('ss')
#6 C:\AppServ\www\iceworkflow\library\Workflow\Controller\Flow\Action.php(77): Systemapi_Systemapi_Generic->getSummaryBadge('ss')
#7 C:\AppServ\www\openlib\ZendFramework\1.5.0\library\Zend\Controller\Action.php(129): Workflow_Controller_Flow_Action->init()
#8 C:\AppServ\www\openlib\ZendFramework\1.5.0\library\Zend\Controller\Dispatcher\Standard.php(269): Zend_Controller_Action->__construct(Object(Zend_Controller_Request_Http), Object(Zend_Controller_Response_Http), Array)
#9 C:\AppServ\www\openlib\ZendFramework\1.5.0\library\Zend\Controller\Front.php(914): Zend_Controller_Dispatcher_Standard->dispatch(Object(Zend_Controller_Request_Http), Object(Zend_Controller_Response_Http))
#10 C:\AppServ\www\iceworkflow\index.php(58): Zend_Controller_Front->dispatch()
#11 {main}
2014-06-17T18:03:33+08:00 DEBUG (7): Mysqli prepare error: Unknown column 'ss' in 'where clause'
#0 C:\AppServ\www\openlib\ZendFramework\1.5.0\library\Zend\Db\Statement.php(109): Zend_Db_Statement_Mysqli->_prepare('SELECT SUM(CASE...')
#1 C:\AppServ\www\openlib\ZendFramework\1.5.0\library\Zend\Db\Adapter\Mysqli.php(330): Zend_Db_Statement->__construct(Object(Zend_Db_Adapter_Mysqli), 'SELECT SUM(CASE...')
#2 C:\AppServ\www\openlib\ZendFramework\1.5.0\library\Zend\Db\Adapter\Abstract.php(405): Zend_Db_Adapter_Mysqli->prepare('SELECT SUM(CASE...')
#3 C:\AppServ\www\openlib\ZendFramework\1.5.0\library\Zend\Db\Select.php(580): Zend_Db_Adapter_Abstract->query(Object(Zend_Db_Select))
#4 C:\AppServ\www\iceworkflow\modules\systemapi\models\datasource\evaluate.php(377): Zend_Db_Select->query()
#5 C:\AppServ\www\iceworkflow\modules\systemapi\models\SystemapiGeneric.php(39): Systemapi_evaluate_Table->getSummaryBadge('ss')
#6 C:\AppServ\www\iceworkflow\library\Workflow\Controller\Flow\Action.php(77): Systemapi_Systemapi_Generic->getSummaryBadge('ss')
#7 C:\AppServ\www\openlib\ZendFramework\1.5.0\library\Zend\Controller\Action.php(129): Workflow_Controller_Flow_Action->init()
#8 C:\AppServ\www\openlib\ZendFramework\1.5.0\library\Zend\Controller\Dispatcher\Standard.php(269): Zend_Controller_Action->__construct(Object(Zend_Controller_Request_Http), Object(Zend_Controller_Response_Http), Array)
#9 C:\AppServ\www\openlib\ZendFramework\1.5.0\library\Zend\Controller\Front.php(914): Zend_Controller_Dispatcher_Standard->dispatch(Object(Zend_Controller_Request_Http), Object(Zend_Controller_Response_Http))
#10 C:\AppServ\www\iceworkflow\index.php(58): Zend_Controller_Front->dispatch()
#11 {main}
2014-06-17T18:04:02+08:00 DEBUG (7): Mysqli prepare error: Unknown column 'ss' in 'where clause'
#0 C:\AppServ\www\openlib\ZendFramework\1.5.0\library\Zend\Db\Statement.php(109): Zend_Db_Statement_Mysqli->_prepare('SELECT SUM(CASE...')
#1 C:\AppServ\www\openlib\ZendFramework\1.5.0\library\Zend\Db\Adapter\Mysqli.php(330): Zend_Db_Statement->__construct(Object(Zend_Db_Adapter_Mysqli), 'SELECT SUM(CASE...')
#2 C:\AppServ\www\openlib\ZendFramework\1.5.0\library\Zend\Db\Adapter\Abstract.php(405): Zend_Db_Adapter_Mysqli->prepare('SELECT SUM(CASE...')
#3 C:\AppServ\www\openlib\ZendFramework\1.5.0\library\Zend\Db\Select.php(580): Zend_Db_Adapter_Abstract->query(Object(Zend_Db_Select))
#4 C:\AppServ\www\iceworkflow\modules\systemapi\models\datasource\evaluate.php(377): Zend_Db_Select->query()
#5 C:\AppServ\www\iceworkflow\modules\systemapi\models\SystemapiGeneric.php(39): Systemapi_evaluate_Table->getSummaryBadge('ss')
#6 C:\AppServ\www\iceworkflow\library\Workflow\Controller\Flow\Action.php(77): Systemapi_Systemapi_Generic->getSummaryBadge('ss')
#7 C:\AppServ\www\openlib\ZendFramework\1.5.0\library\Zend\Controller\Action.php(129): Workflow_Controller_Flow_Action->init()
#8 C:\AppServ\www\openlib\ZendFramework\1.5.0\library\Zend\Controller\Dispatcher\Standard.php(269): Zend_Controller_Action->__construct(Object(Zend_Controller_Request_Http), Object(Zend_Controller_Response_Http), Array)
#9 C:\AppServ\www\openlib\ZendFramework\1.5.0\library\Zend\Controller\Front.php(914): Zend_Controller_Dispatcher_Standard->dispatch(Object(Zend_Controller_Request_Http), Object(Zend_Controller_Response_Http))
#10 C:\AppServ\www\iceworkflow\index.php(58): Zend_Controller_Front->dispatch()
#11 {main}
2014-06-17T18:09:45+08:00 DEBUG (7): Mysqli prepare error: Unknown column 'ss' in 'where clause'
#0 C:\AppServ\www\openlib\ZendFramework\1.5.0\library\Zend\Db\Statement.php(109): Zend_Db_Statement_Mysqli->_prepare('SELECT SUM(CASE...')
#1 C:\AppServ\www\openlib\ZendFramework\1.5.0\library\Zend\Db\Adapter\Mysqli.php(330): Zend_Db_Statement->__construct(Object(Zend_Db_Adapter_Mysqli), 'SELECT SUM(CASE...')
#2 C:\AppServ\www\openlib\ZendFramework\1.5.0\library\Zend\Db\Adapter\Abstract.php(405): Zend_Db_Adapter_Mysqli->prepare('SELECT SUM(CASE...')
#3 C:\AppServ\www\openlib\ZendFramework\1.5.0\library\Zend\Db\Select.php(580): Zend_Db_Adapter_Abstract->query(Object(Zend_Db_Select))
#4 C:\AppServ\www\iceworkflow\modules\systemapi\models\datasource\evaluate.php(377): Zend_Db_Select->query()
#5 C:\AppServ\www\iceworkflow\modules\systemapi\models\SystemapiGeneric.php(39): Systemapi_evaluate_Table->getSummaryBadge('ss')
#6 C:\AppServ\www\iceworkflow\library\Workflow\Controller\Flow\Action.php(77): Systemapi_Systemapi_Generic->getSummaryBadge('ss')
#7 C:\AppServ\www\openlib\ZendFramework\1.5.0\library\Zend\Controller\Action.php(129): Workflow_Controller_Flow_Action->init()
#8 C:\AppServ\www\openlib\ZendFramework\1.5.0\library\Zend\Controller\Dispatcher\Standard.php(269): Zend_Controller_Action->__construct(Object(Zend_Controller_Request_Http), Object(Zend_Controller_Response_Http), Array)
#9 C:\AppServ\www\openlib\ZendFramework\1.5.0\library\Zend\Controller\Front.php(914): Zend_Controller_Dispatcher_Standard->dispatch(Object(Zend_Controller_Request_Http), Object(Zend_Controller_Response_Http))
#10 C:\AppServ\www\iceworkflow\index.php(58): Zend_Controller_Front->dispatch()
#11 {main}
2014-06-17T18:09:54+08:00 DEBUG (7): Mysqli prepare error: Unknown column 'ss' in 'where clause'
#0 C:\AppServ\www\openlib\ZendFramework\1.5.0\library\Zend\Db\Statement.php(109): Zend_Db_Statement_Mysqli->_prepare('SELECT SUM(CASE...')
#1 C:\AppServ\www\openlib\ZendFramework\1.5.0\library\Zend\Db\Adapter\Mysqli.php(330): Zend_Db_Statement->__construct(Object(Zend_Db_Adapter_Mysqli), 'SELECT SUM(CASE...')
#2 C:\AppServ\www\openlib\ZendFramework\1.5.0\library\Zend\Db\Adapter\Abstract.php(405): Zend_Db_Adapter_Mysqli->prepare('SELECT SUM(CASE...')
#3 C:\AppServ\www\openlib\ZendFramework\1.5.0\library\Zend\Db\Select.php(580): Zend_Db_Adapter_Abstract->query(Object(Zend_Db_Select))
#4 C:\AppServ\www\iceworkflow\modules\systemapi\models\datasource\evaluate.php(377): Zend_Db_Select->query()
#5 C:\AppServ\www\iceworkflow\modules\systemapi\models\SystemapiGeneric.php(39): Systemapi_evaluate_Table->getSummaryBadge('ss')
#6 C:\AppServ\www\iceworkflow\library\Workflow\Controller\Flow\Action.php(77): Systemapi_Systemapi_Generic->getSummaryBadge('ss')
#7 C:\AppServ\www\openlib\ZendFramework\1.5.0\library\Zend\Controller\Action.php(129): Workflow_Controller_Flow_Action->init()
#8 C:\AppServ\www\openlib\ZendFramework\1.5.0\library\Zend\Controller\Dispatcher\Standard.php(269): Zend_Controller_Action->__construct(Object(Zend_Controller_Request_Http), Object(Zend_Controller_Response_Http), Array)
#9 C:\AppServ\www\openlib\ZendFramework\1.5.0\library\Zend\Controller\Front.php(914): Zend_Controller_Dispatcher_Standard->dispatch(Object(Zend_Controller_Request_Http), Object(Zend_Controller_Response_Http))
#10 C:\AppServ\www\iceworkflow\index.php(58): Zend_Controller_Front->dispatch()
#11 {main}
2014-06-17T18:10:20+08:00 DEBUG (7): Mysqli prepare error: Unknown column 'ss' in 'where clause'
#0 C:\AppServ\www\openlib\ZendFramework\1.5.0\library\Zend\Db\Statement.php(109): Zend_Db_Statement_Mysqli->_prepare('SELECT SUM(CASE...')
#1 C:\AppServ\www\openlib\ZendFramework\1.5.0\library\Zend\Db\Adapter\Mysqli.php(330): Zend_Db_Statement->__construct(Object(Zend_Db_Adapter_Mysqli), 'SELECT SUM(CASE...')
#2 C:\AppServ\www\openlib\ZendFramework\1.5.0\library\Zend\Db\Adapter\Abstract.php(405): Zend_Db_Adapter_Mysqli->prepare('SELECT SUM(CASE...')
#3 C:\AppServ\www\openlib\ZendFramework\1.5.0\library\Zend\Db\Select.php(580): Zend_Db_Adapter_Abstract->query(Object(Zend_Db_Select))
#4 C:\AppServ\www\iceworkflow\modules\systemapi\models\datasource\evaluate.php(377): Zend_Db_Select->query()
#5 C:\AppServ\www\iceworkflow\modules\systemapi\models\SystemapiGeneric.php(39): Systemapi_evaluate_Table->getSummaryBadge('ss')
#6 C:\AppServ\www\iceworkflow\library\Workflow\Controller\Flow\Action.php(77): Systemapi_Systemapi_Generic->getSummaryBadge('ss')
#7 C:\AppServ\www\openlib\ZendFramework\1.5.0\library\Zend\Controller\Action.php(129): Workflow_Controller_Flow_Action->init()
#8 C:\AppServ\www\openlib\ZendFramework\1.5.0\library\Zend\Controller\Dispatcher\Standard.php(269): Zend_Controller_Action->__construct(Object(Zend_Controller_Request_Http), Object(Zend_Controller_Response_Http), Array)
#9 C:\AppServ\www\openlib\ZendFramework\1.5.0\library\Zend\Controller\Front.php(914): Zend_Controller_Dispatcher_Standard->dispatch(Object(Zend_Controller_Request_Http), Object(Zend_Controller_Response_Http))
#10 C:\AppServ\www\iceworkflow\index.php(58): Zend_Controller_Front->dispatch()
#11 {main}
2014-06-17T18:10:31+08:00 DEBUG (7): Mysqli prepare error: Unknown column 'ss' in 'where clause'
#0 C:\AppServ\www\openlib\ZendFramework\1.5.0\library\Zend\Db\Statement.php(109): Zend_Db_Statement_Mysqli->_prepare('SELECT SUM(CASE...')
#1 C:\AppServ\www\openlib\ZendFramework\1.5.0\library\Zend\Db\Adapter\Mysqli.php(330): Zend_Db_Statement->__construct(Object(Zend_Db_Adapter_Mysqli), 'SELECT SUM(CASE...')
#2 C:\AppServ\www\openlib\ZendFramework\1.5.0\library\Zend\Db\Adapter\Abstract.php(405): Zend_Db_Adapter_Mysqli->prepare('SELECT SUM(CASE...')
#3 C:\AppServ\www\openlib\ZendFramework\1.5.0\library\Zend\Db\Select.php(580): Zend_Db_Adapter_Abstract->query(Object(Zend_Db_Select))
#4 C:\AppServ\www\iceworkflow\modules\systemapi\models\datasource\evaluate.php(377): Zend_Db_Select->query()
#5 C:\AppServ\www\iceworkflow\modules\systemapi\models\SystemapiGeneric.php(39): Systemapi_evaluate_Table->getSummaryBadge('ss')
#6 C:\AppServ\www\iceworkflow\library\Workflow\Controller\Flow\Action.php(77): Systemapi_Systemapi_Generic->getSummaryBadge('ss')
#7 C:\AppServ\www\openlib\ZendFramework\1.5.0\library\Zend\Controller\Action.php(129): Workflow_Controller_Flow_Action->init()
#8 C:\AppServ\www\openlib\ZendFramework\1.5.0\library\Zend\Controller\Dispatcher\Standard.php(269): Zend_Controller_Action->__construct(Object(Zend_Controller_Request_Http), Object(Zend_Controller_Response_Http), Array)
#9 C:\AppServ\www\openlib\ZendFramework\1.5.0\library\Zend\Controller\Front.php(914): Zend_Controller_Dispatcher_Standard->dispatch(Object(Zend_Controller_Request_Http), Object(Zend_Controller_Response_Http))
#10 C:\AppServ\www\iceworkflow\index.php(58): Zend_Controller_Front->dispatch()
#11 {main}
2014-06-17T18:11:31+08:00 DEBUG (7): Mysqli prepare error: Unknown column 'ss' in 'where clause'
#0 C:\AppServ\www\openlib\ZendFramework\1.5.0\library\Zend\Db\Statement.php(109): Zend_Db_Statement_Mysqli->_prepare('SELECT SUM(CASE...')
#1 C:\AppServ\www\openlib\ZendFramework\1.5.0\library\Zend\Db\Adapter\Mysqli.php(330): Zend_Db_Statement->__construct(Object(Zend_Db_Adapter_Mysqli), 'SELECT SUM(CASE...')
#2 C:\AppServ\www\openlib\ZendFramework\1.5.0\library\Zend\Db\Adapter\Abstract.php(405): Zend_Db_Adapter_Mysqli->prepare('SELECT SUM(CASE...')
#3 C:\AppServ\www\openlib\ZendFramework\1.5.0\library\Zend\Db\Select.php(580): Zend_Db_Adapter_Abstract->query(Object(Zend_Db_Select))
#4 C:\AppServ\www\iceworkflow\modules\systemapi\models\datasource\evaluate.php(377): Zend_Db_Select->query()
#5 C:\AppServ\www\iceworkflow\modules\systemapi\models\SystemapiGeneric.php(39): Systemapi_evaluate_Table->getSummaryBadge('ss')
#6 C:\AppServ\www\iceworkflow\library\Workflow\Controller\Flow\Action.php(77): Systemapi_Systemapi_Generic->getSummaryBadge('ss')
#7 C:\AppServ\www\openlib\ZendFramework\1.5.0\library\Zend\Controller\Action.php(129): Workflow_Controller_Flow_Action->init()
#8 C:\AppServ\www\openlib\ZendFramework\1.5.0\library\Zend\Controller\Dispatcher\Standard.php(269): Zend_Controller_Action->__construct(Object(Zend_Controller_Request_Http), Object(Zend_Controller_Response_Http), Array)
#9 C:\AppServ\www\openlib\ZendFramework\1.5.0\library\Zend\Controller\Front.php(914): Zend_Controller_Dispatcher_Standard->dispatch(Object(Zend_Controller_Request_Http), Object(Zend_Controller_Response_Http))
#10 C:\AppServ\www\iceworkflow\index.php(58): Zend_Controller_Front->dispatch()
#11 {main}
2014-06-17T18:11:46+08:00 DEBUG (7): Mysqli prepare error: Unknown column 'ss' in 'where clause'
#0 C:\AppServ\www\openlib\ZendFramework\1.5.0\library\Zend\Db\Statement.php(109): Zend_Db_Statement_Mysqli->_prepare('SELECT SUM(CASE...')
#1 C:\AppServ\www\openlib\ZendFramework\1.5.0\library\Zend\Db\Adapter\Mysqli.php(330): Zend_Db_Statement->__construct(Object(Zend_Db_Adapter_Mysqli), 'SELECT SUM(CASE...')
#2 C:\AppServ\www\openlib\ZendFramework\1.5.0\library\Zend\Db\Adapter\Abstract.php(405): Zend_Db_Adapter_Mysqli->prepare('SELECT SUM(CASE...')
#3 C:\AppServ\www\openlib\ZendFramework\1.5.0\library\Zend\Db\Select.php(580): Zend_Db_Adapter_Abstract->query(Object(Zend_Db_Select))
#4 C:\AppServ\www\iceworkflow\modules\systemapi\models\datasource\evaluate.php(377): Zend_Db_Select->query()
#5 C:\AppServ\www\iceworkflow\modules\systemapi\models\SystemapiGeneric.php(39): Systemapi_evaluate_Table->getSummaryBadge('ss')
#6 C:\AppServ\www\iceworkflow\library\Workflow\Controller\Flow\Action.php(77): Systemapi_Systemapi_Generic->getSummaryBadge('ss')
#7 C:\AppServ\www\openlib\ZendFramework\1.5.0\library\Zend\Controller\Action.php(129): Workflow_Controller_Flow_Action->init()
#8 C:\AppServ\www\openlib\ZendFramework\1.5.0\library\Zend\Controller\Dispatcher\Standard.php(269): Zend_Controller_Action->__construct(Object(Zend_Controller_Request_Http), Object(Zend_Controller_Response_Http), Array)
#9 C:\AppServ\www\openlib\ZendFramework\1.5.0\library\Zend\Controller\Front.php(914): Zend_Controller_Dispatcher_Standard->dispatch(Object(Zend_Controller_Request_Http), Object(Zend_Controller_Response_Http))
#10 C:\AppServ\www\iceworkflow\index.php(58): Zend_Controller_Front->dispatch()
#11 {main}
2014-06-17T18:13:35+08:00 DEBUG (7): Mysqli prepare error: Unknown column 'ss' in 'where clause'
#0 C:\AppServ\www\openlib\ZendFramework\1.5.0\library\Zend\Db\Statement.php(109): Zend_Db_Statement_Mysqli->_prepare('SELECT SUM(CASE...')
#1 C:\AppServ\www\openlib\ZendFramework\1.5.0\library\Zend\Db\Adapter\Mysqli.php(330): Zend_Db_Statement->__construct(Object(Zend_Db_Adapter_Mysqli), 'SELECT SUM(CASE...')
#2 C:\AppServ\www\openlib\ZendFramework\1.5.0\library\Zend\Db\Adapter\Abstract.php(405): Zend_Db_Adapter_Mysqli->prepare('SELECT SUM(CASE...')
#3 C:\AppServ\www\openlib\ZendFramework\1.5.0\library\Zend\Db\Select.php(580): Zend_Db_Adapter_Abstract->query(Object(Zend_Db_Select))
#4 C:\AppServ\www\iceworkflow\modules\systemapi\models\datasource\evaluate.php(377): Zend_Db_Select->query()
#5 C:\AppServ\www\iceworkflow\modules\systemapi\models\SystemapiGeneric.php(39): Systemapi_evaluate_Table->getSummaryBadge('ss')
#6 C:\AppServ\www\iceworkflow\library\Workflow\Controller\Flow\Action.php(77): Systemapi_Systemapi_Generic->getSummaryBadge('ss')
#7 C:\AppServ\www\openlib\ZendFramework\1.5.0\library\Zend\Controller\Action.php(129): Workflow_Controller_Flow_Action->init()
#8 C:\AppServ\www\openlib\ZendFramework\1.5.0\library\Zend\Controller\Dispatcher\Standard.php(269): Zend_Controller_Action->__construct(Object(Zend_Controller_Request_Http), Object(Zend_Controller_Response_Http), Array)
#9 C:\AppServ\www\openlib\ZendFramework\1.5.0\library\Zend\Controller\Front.php(914): Zend_Controller_Dispatcher_Standard->dispatch(Object(Zend_Controller_Request_Http), Object(Zend_Controller_Response_Http))
#10 C:\AppServ\www\iceworkflow\index.php(58): Zend_Controller_Front->dispatch()
#11 {main}
2014-06-17T18:13:41+08:00 DEBUG (7): Mysqli prepare error: Unknown column 'ss' in 'where clause'
#0 C:\AppServ\www\openlib\ZendFramework\1.5.0\library\Zend\Db\Statement.php(109): Zend_Db_Statement_Mysqli->_prepare('SELECT SUM(CASE...')
#1 C:\AppServ\www\openlib\ZendFramework\1.5.0\library\Zend\Db\Adapter\Mysqli.php(330): Zend_Db_Statement->__construct(Object(Zend_Db_Adapter_Mysqli), 'SELECT SUM(CASE...')
#2 C:\AppServ\www\openlib\ZendFramework\1.5.0\library\Zend\Db\Adapter\Abstract.php(405): Zend_Db_Adapter_Mysqli->prepare('SELECT SUM(CASE...')
#3 C:\AppServ\www\openlib\ZendFramework\1.5.0\library\Zend\Db\Select.php(580): Zend_Db_Adapter_Abstract->query(Object(Zend_Db_Select))
#4 C:\AppServ\www\iceworkflow\modules\systemapi\models\datasource\evaluate.php(377): Zend_Db_Select->query()
#5 C:\AppServ\www\iceworkflow\modules\systemapi\models\SystemapiGeneric.php(39): Systemapi_evaluate_Table->getSummaryBadge('ss')
#6 C:\AppServ\www\iceworkflow\library\Workflow\Controller\Flow\Action.php(77): Systemapi_Systemapi_Generic->getSummaryBadge('ss')
#7 C:\AppServ\www\openlib\ZendFramework\1.5.0\library\Zend\Controller\Action.php(129): Workflow_Controller_Flow_Action->init()
#8 C:\AppServ\www\openlib\ZendFramework\1.5.0\library\Zend\Controller\Dispatcher\Standard.php(269): Zend_Controller_Action->__construct(Object(Zend_Controller_Request_Http), Object(Zend_Controller_Response_Http), Array)
#9 C:\AppServ\www\openlib\ZendFramework\1.5.0\library\Zend\Controller\Front.php(914): Zend_Controller_Dispatcher_Standard->dispatch(Object(Zend_Controller_Request_Http), Object(Zend_Controller_Response_Http))
#10 C:\AppServ\www\iceworkflow\index.php(58): Zend_Controller_Front->dispatch()
#11 {main}
2014-06-17T18:28:05+08:00 DEBUG (7): Mysqli prepare error: Unknown column 'ss' in 'where clause'
#0 C:\AppServ\www\openlib\ZendFramework\1.5.0\library\Zend\Db\Statement.php(109): Zend_Db_Statement_Mysqli->_prepare('SELECT SUM(CASE...')
#1 C:\AppServ\www\openlib\ZendFramework\1.5.0\library\Zend\Db\Adapter\Mysqli.php(330): Zend_Db_Statement->__construct(Object(Zend_Db_Adapter_Mysqli), 'SELECT SUM(CASE...')
#2 C:\AppServ\www\openlib\ZendFramework\1.5.0\library\Zend\Db\Adapter\Abstract.php(405): Zend_Db_Adapter_Mysqli->prepare('SELECT SUM(CASE...')
#3 C:\AppServ\www\openlib\ZendFramework\1.5.0\library\Zend\Db\Select.php(580): Zend_Db_Adapter_Abstract->query(Object(Zend_Db_Select))
#4 C:\AppServ\www\iceworkflow\modules\systemapi\models\datasource\evaluate.php(377): Zend_Db_Select->query()
#5 C:\AppServ\www\iceworkflow\modules\systemapi\models\SystemapiGeneric.php(39): Systemapi_evaluate_Table->getSummaryBadge('ss')
#6 C:\AppServ\www\iceworkflow\library\Workflow\Controller\Flow\Action.php(77): Systemapi_Systemapi_Generic->getSummaryBadge('ss')
#7 C:\AppServ\www\openlib\ZendFramework\1.5.0\library\Zend\Controller\Action.php(129): Workflow_Controller_Flow_Action->init()
#8 C:\AppServ\www\openlib\ZendFramework\1.5.0\library\Zend\Controller\Dispatcher\Standard.php(269): Zend_Controller_Action->__construct(Object(Zend_Controller_Request_Http), Object(Zend_Controller_Response_Http), Array)
#9 C:\AppServ\www\openlib\ZendFramework\1.5.0\library\Zend\Controller\Front.php(914): Zend_Controller_Dispatcher_Standard->dispatch(Object(Zend_Controller_Request_Http), Object(Zend_Controller_Response_Http))
#10 C:\AppServ\www\iceworkflow\index.php(58): Zend_Controller_Front->dispatch()
#11 {main}
2014-06-17T18:32:22+08:00 DEBUG (7): Mysqli prepare error: Unknown column 'ss' in 'where clause'
#0 C:\AppServ\www\openlib\ZendFramework\1.5.0\library\Zend\Db\Statement.php(109): Zend_Db_Statement_Mysqli->_prepare('SELECT SUM(CASE...')
#1 C:\AppServ\www\openlib\ZendFramework\1.5.0\library\Zend\Db\Adapter\Mysqli.php(330): Zend_Db_Statement->__construct(Object(Zend_Db_Adapter_Mysqli), 'SELECT SUM(CASE...')
#2 C:\AppServ\www\openlib\ZendFramework\1.5.0\library\Zend\Db\Adapter\Abstract.php(405): Zend_Db_Adapter_Mysqli->prepare('SELECT SUM(CASE...')
#3 C:\AppServ\www\openlib\ZendFramework\1.5.0\library\Zend\Db\Select.php(580): Zend_Db_Adapter_Abstract->query(Object(Zend_Db_Select))
#4 C:\AppServ\www\iceworkflow\modules\systemapi\models\datasource\evaluate.php(377): Zend_Db_Select->query()
#5 C:\AppServ\www\iceworkflow\modules\systemapi\models\SystemapiGeneric.php(39): Systemapi_evaluate_Table->getSummaryBadge('ss')
#6 C:\AppServ\www\iceworkflow\library\Workflow\Controller\Flow\Action.php(77): Systemapi_Systemapi_Generic->getSummaryBadge('ss')
#7 C:\AppServ\www\openlib\ZendFramework\1.5.0\library\Zend\Controller\Action.php(129): Workflow_Controller_Flow_Action->init()
#8 C:\AppServ\www\openlib\ZendFramework\1.5.0\library\Zend\Controller\Dispatcher\Standard.php(269): Zend_Controller_Action->__construct(Object(Zend_Controller_Request_Http), Object(Zend_Controller_Response_Http), Array)
#9 C:\AppServ\www\openlib\ZendFramework\1.5.0\library\Zend\Controller\Front.php(914): Zend_Controller_Dispatcher_Standard->dispatch(Object(Zend_Controller_Request_Http), Object(Zend_Controller_Response_Http))
#10 C:\AppServ\www\iceworkflow\index.php(58): Zend_Controller_Front->dispatch()
#11 {main}
2014-06-17T18:35:43+08:00 DEBUG (7): Mysqli prepare error: Unknown column 'ss' in 'where clause'
#0 C:\AppServ\www\openlib\ZendFramework\1.5.0\library\Zend\Db\Statement.php(109): Zend_Db_Statement_Mysqli->_prepare('SELECT SUM(CASE...')
#1 C:\AppServ\www\openlib\ZendFramework\1.5.0\library\Zend\Db\Adapter\Mysqli.php(330): Zend_Db_Statement->__construct(Object(Zend_Db_Adapter_Mysqli), 'SELECT SUM(CASE...')
#2 C:\AppServ\www\openlib\ZendFramework\1.5.0\library\Zend\Db\Adapter\Abstract.php(405): Zend_Db_Adapter_Mysqli->prepare('SELECT SUM(CASE...')
#3 C:\AppServ\www\openlib\ZendFramework\1.5.0\library\Zend\Db\Select.php(580): Zend_Db_Adapter_Abstract->query(Object(Zend_Db_Select))
#4 C:\AppServ\www\iceworkflow\modules\systemapi\models\datasource\evaluate.php(377): Zend_Db_Select->query()
#5 C:\AppServ\www\iceworkflow\modules\systemapi\models\SystemapiGeneric.php(39): Systemapi_evaluate_Table->getSummaryBadge('ss')
#6 C:\AppServ\www\iceworkflow\library\Workflow\Controller\Flow\Action.php(80): Systemapi_Systemapi_Generic->getSummaryBadge('ss')
#7 C:\AppServ\www\openlib\ZendFramework\1.5.0\library\Zend\Controller\Action.php(129): Workflow_Controller_Flow_Action->init()
#8 C:\AppServ\www\openlib\ZendFramework\1.5.0\library\Zend\Controller\Dispatcher\Standard.php(269): Zend_Controller_Action->__construct(Object(Zend_Controller_Request_Http), Object(Zend_Controller_Response_Http), Array)
#9 C:\AppServ\www\openlib\ZendFramework\1.5.0\library\Zend\Controller\Front.php(914): Zend_Controller_Dispatcher_Standard->dispatch(Object(Zend_Controller_Request_Http), Object(Zend_Controller_Response_Http))
#10 C:\AppServ\www\iceworkflow\index.php(58): Zend_Controller_Front->dispatch()
#11 {main}
2014-06-17T18:36:19+08:00 DEBUG (7): Mysqli prepare error: Unknown column 'ss' in 'where clause'
#0 C:\AppServ\www\openlib\ZendFramework\1.5.0\library\Zend\Db\Statement.php(109): Zend_Db_Statement_Mysqli->_prepare('SELECT SUM(CASE...')
#1 C:\AppServ\www\openlib\ZendFramework\1.5.0\library\Zend\Db\Adapter\Mysqli.php(330): Zend_Db_Statement->__construct(Object(Zend_Db_Adapter_Mysqli), 'SELECT SUM(CASE...')
#2 C:\AppServ\www\openlib\ZendFramework\1.5.0\library\Zend\Db\Adapter\Abstract.php(405): Zend_Db_Adapter_Mysqli->prepare('SELECT SUM(CASE...')
#3 C:\AppServ\www\openlib\ZendFramework\1.5.0\library\Zend\Db\Select.php(580): Zend_Db_Adapter_Abstract->query(Object(Zend_Db_Select))
#4 C:\AppServ\www\iceworkflow\modules\systemapi\models\datasource\evaluate.php(377): Zend_Db_Select->query()
#5 C:\AppServ\www\iceworkflow\modules\systemapi\models\SystemapiGeneric.php(39): Systemapi_evaluate_Table->getSummaryBadge('ss')
#6 C:\AppServ\www\iceworkflow\library\Workflow\Controller\Flow\Action.php(80): Systemapi_Systemapi_Generic->getSummaryBadge('ss')
#7 C:\AppServ\www\openlib\ZendFramework\1.5.0\library\Zend\Controller\Action.php(129): Workflow_Controller_Flow_Action->init()
#8 C:\AppServ\www\openlib\ZendFramework\1.5.0\library\Zend\Controller\Dispatcher\Standard.php(269): Zend_Controller_Action->__construct(Object(Zend_Controller_Request_Http), Object(Zend_Controller_Response_Http), Array)
#9 C:\AppServ\www\openlib\ZendFramework\1.5.0\library\Zend\Controller\Front.php(914): Zend_Controller_Dispatcher_Standard->dispatch(Object(Zend_Controller_Request_Http), Object(Zend_Controller_Response_Http))
#10 C:\AppServ\www\iceworkflow\index.php(58): Zend_Controller_Front->dispatch()
#11 {main}
2014-06-17T18:36:57+08:00 DEBUG (7): Mysqli prepare error: Unknown column 'ss' in 'where clause'
#0 C:\AppServ\www\openlib\ZendFramework\1.5.0\library\Zend\Db\Statement.php(109): Zend_Db_Statement_Mysqli->_prepare('SELECT SUM(CASE...')
#1 C:\AppServ\www\openlib\ZendFramework\1.5.0\library\Zend\Db\Adapter\Mysqli.php(330): Zend_Db_Statement->__construct(Object(Zend_Db_Adapter_Mysqli), 'SELECT SUM(CASE...')
#2 C:\AppServ\www\openlib\ZendFramework\1.5.0\library\Zend\Db\Adapter\Abstract.php(405): Zend_Db_Adapter_Mysqli->prepare('SELECT SUM(CASE...')
#3 C:\AppServ\www\openlib\ZendFramework\1.5.0\library\Zend\Db\Select.php(580): Zend_Db_Adapter_Abstract->query(Object(Zend_Db_Select))
#4 C:\AppServ\www\iceworkflow\modules\systemapi\models\datasource\evaluate.php(377): Zend_Db_Select->query()
#5 C:\AppServ\www\iceworkflow\modules\systemapi\models\SystemapiGeneric.php(39): Systemapi_evaluate_Table->getSummaryBadge('ss')
#6 C:\AppServ\www\iceworkflow\library\Workflow\Controller\Flow\Action.php(80): Systemapi_Systemapi_Generic->getSummaryBadge('ss')
#7 C:\AppServ\www\openlib\ZendFramework\1.5.0\library\Zend\Controller\Action.php(129): Workflow_Controller_Flow_Action->init()
#8 C:\AppServ\www\openlib\ZendFramework\1.5.0\library\Zend\Controller\Dispatcher\Standard.php(269): Zend_Controller_Action->__construct(Object(Zend_Controller_Request_Http), Object(Zend_Controller_Response_Http), Array)
#9 C:\AppServ\www\openlib\ZendFramework\1.5.0\library\Zend\Controller\Front.php(914): Zend_Controller_Dispatcher_Standard->dispatch(Object(Zend_Controller_Request_Http), Object(Zend_Controller_Response_Http))
#10 C:\AppServ\www\iceworkflow\index.php(58): Zend_Controller_Front->dispatch()
#11 {main}
2014-06-17T18:37:18+08:00 DEBUG (7): Mysqli prepare error: Unknown column 'ss' in 'where clause'
#0 C:\AppServ\www\openlib\ZendFramework\1.5.0\library\Zend\Db\Statement.php(109): Zend_Db_Statement_Mysqli->_prepare('SELECT SUM(CASE...')
#1 C:\AppServ\www\openlib\ZendFramework\1.5.0\library\Zend\Db\Adapter\Mysqli.php(330): Zend_Db_Statement->__construct(Object(Zend_Db_Adapter_Mysqli), 'SELECT SUM(CASE...')
#2 C:\AppServ\www\openlib\ZendFramework\1.5.0\library\Zend\Db\Adapter\Abstract.php(405): Zend_Db_Adapter_Mysqli->prepare('SELECT SUM(CASE...')
#3 C:\AppServ\www\openlib\ZendFramework\1.5.0\library\Zend\Db\Select.php(580): Zend_Db_Adapter_Abstract->query(Object(Zend_Db_Select))
#4 C:\AppServ\www\iceworkflow\modules\systemapi\models\datasource\evaluate.php(377): Zend_Db_Select->query()
#5 C:\AppServ\www\iceworkflow\modules\systemapi\models\SystemapiGeneric.php(39): Systemapi_evaluate_Table->getSummaryBadge('ss')
#6 C:\AppServ\www\iceworkflow\library\Workflow\Controller\Flow\Action.php(80): Systemapi_Systemapi_Generic->getSummaryBadge('ss')
#7 C:\AppServ\www\openlib\ZendFramework\1.5.0\library\Zend\Controller\Action.php(129): Workflow_Controller_Flow_Action->init()
#8 C:\AppServ\www\openlib\ZendFramework\1.5.0\library\Zend\Controller\Dispatcher\Standard.php(269): Zend_Controller_Action->__construct(Object(Zend_Controller_Request_Http), Object(Zend_Controller_Response_Http), Array)
#9 C:\AppServ\www\openlib\ZendFramework\1.5.0\library\Zend\Controller\Front.php(914): Zend_Controller_Dispatcher_Standard->dispatch(Object(Zend_Controller_Request_Http), Object(Zend_Controller_Response_Http))
#10 C:\AppServ\www\iceworkflow\index.php(58): Zend_Controller_Front->dispatch()
#11 {main}
2014-06-17T18:38:41+08:00 DEBUG (7): Mysqli prepare error: Unknown column 'ss' in 'where clause'
#0 C:\AppServ\www\openlib\ZendFramework\1.5.0\library\Zend\Db\Statement.php(109): Zend_Db_Statement_Mysqli->_prepare('SELECT SUM(CASE...')
#1 C:\AppServ\www\openlib\ZendFramework\1.5.0\library\Zend\Db\Adapter\Mysqli.php(330): Zend_Db_Statement->__construct(Object(Zend_Db_Adapter_Mysqli), 'SELECT SUM(CASE...')
#2 C:\AppServ\www\openlib\ZendFramework\1.5.0\library\Zend\Db\Adapter\Abstract.php(405): Zend_Db_Adapter_Mysqli->prepare('SELECT SUM(CASE...')
#3 C:\AppServ\www\openlib\ZendFramework\1.5.0\library\Zend\Db\Select.php(580): Zend_Db_Adapter_Abstract->query(Object(Zend_Db_Select))
#4 C:\AppServ\www\iceworkflow\modules\systemapi\models\datasource\evaluate.php(377): Zend_Db_Select->query()
#5 C:\AppServ\www\iceworkflow\modules\systemapi\models\SystemapiGeneric.php(39): Systemapi_evaluate_Table->getSummaryBadge('ss')
#6 C:\AppServ\www\iceworkflow\library\Workflow\Controller\Flow\Action.php(80): Systemapi_Systemapi_Generic->getSummaryBadge('ss')
#7 C:\AppServ\www\openlib\ZendFramework\1.5.0\library\Zend\Controller\Action.php(129): Workflow_Controller_Flow_Action->init()
#8 C:\AppServ\www\openlib\ZendFramework\1.5.0\library\Zend\Controller\Dispatcher\Standard.php(269): Zend_Controller_Action->__construct(Object(Zend_Controller_Request_Http), Object(Zend_Controller_Response_Http), Array)
#9 C:\AppServ\www\openlib\ZendFramework\1.5.0\library\Zend\Controller\Front.php(914): Zend_Controller_Dispatcher_Standard->dispatch(Object(Zend_Controller_Request_Http), Object(Zend_Controller_Response_Http))
#10 C:\AppServ\www\iceworkflow\index.php(58): Zend_Controller_Front->dispatch()
#11 {main}
2014-06-17T18:39:18+08:00 DEBUG (7): Mysqli prepare error: Unknown column 'ss' in 'where clause'
#0 C:\AppServ\www\openlib\ZendFramework\1.5.0\library\Zend\Db\Statement.php(109): Zend_Db_Statement_Mysqli->_prepare('SELECT SUM(CASE...')
#1 C:\AppServ\www\openlib\ZendFramework\1.5.0\library\Zend\Db\Adapter\Mysqli.php(330): Zend_Db_Statement->__construct(Object(Zend_Db_Adapter_Mysqli), 'SELECT SUM(CASE...')
#2 C:\AppServ\www\openlib\ZendFramework\1.5.0\library\Zend\Db\Adapter\Abstract.php(405): Zend_Db_Adapter_Mysqli->prepare('SELECT SUM(CASE...')
#3 C:\AppServ\www\openlib\ZendFramework\1.5.0\library\Zend\Db\Select.php(580): Zend_Db_Adapter_Abstract->query(Object(Zend_Db_Select))
#4 C:\AppServ\www\iceworkflow\modules\systemapi\models\datasource\evaluate.php(377): Zend_Db_Select->query()
#5 C:\AppServ\www\iceworkflow\modules\systemapi\models\SystemapiGeneric.php(39): Systemapi_evaluate_Table->getSummaryBadge('ss')
#6 C:\AppServ\www\iceworkflow\library\Workflow\Controller\Flow\Action.php(80): Systemapi_Systemapi_Generic->getSummaryBadge('ss')
#7 C:\AppServ\www\openlib\ZendFramework\1.5.0\library\Zend\Controller\Action.php(129): Workflow_Controller_Flow_Action->init()
#8 C:\AppServ\www\openlib\ZendFramework\1.5.0\library\Zend\Controller\Dispatcher\Standard.php(269): Zend_Controller_Action->__construct(Object(Zend_Controller_Request_Http), Object(Zend_Controller_Response_Http), Array)
#9 C:\AppServ\www\openlib\ZendFramework\1.5.0\library\Zend\Controller\Front.php(914): Zend_Controller_Dispatcher_Standard->dispatch(Object(Zend_Controller_Request_Http), Object(Zend_Controller_Response_Http))
#10 C:\AppServ\www\iceworkflow\index.php(58): Zend_Controller_Front->dispatch()
#11 {main}
2014-06-17T18:39:56+08:00 DEBUG (7): Mysqli prepare error: Unknown column 'ss' in 'where clause'
#0 C:\AppServ\www\openlib\ZendFramework\1.5.0\library\Zend\Db\Statement.php(109): Zend_Db_Statement_Mysqli->_prepare('SELECT SUM(CASE...')
#1 C:\AppServ\www\openlib\ZendFramework\1.5.0\library\Zend\Db\Adapter\Mysqli.php(330): Zend_Db_Statement->__construct(Object(Zend_Db_Adapter_Mysqli), 'SELECT SUM(CASE...')
#2 C:\AppServ\www\openlib\ZendFramework\1.5.0\library\Zend\Db\Adapter\Abstract.php(405): Zend_Db_Adapter_Mysqli->prepare('SELECT SUM(CASE...')
#3 C:\AppServ\www\openlib\ZendFramework\1.5.0\library\Zend\Db\Select.php(580): Zend_Db_Adapter_Abstract->query(Object(Zend_Db_Select))
#4 C:\AppServ\www\iceworkflow\modules\systemapi\models\datasource\evaluate.php(377): Zend_Db_Select->query()
#5 C:\AppServ\www\iceworkflow\modules\systemapi\models\SystemapiGeneric.php(39): Systemapi_evaluate_Table->getSummaryBadge('ss')
#6 C:\AppServ\www\iceworkflow\library\Workflow\Controller\Flow\Action.php(80): Systemapi_Systemapi_Generic->getSummaryBadge('ss')
#7 C:\AppServ\www\openlib\ZendFramework\1.5.0\library\Zend\Controller\Action.php(129): Workflow_Controller_Flow_Action->init()
#8 C:\AppServ\www\openlib\ZendFramework\1.5.0\library\Zend\Controller\Dispatcher\Standard.php(269): Zend_Controller_Action->__construct(Object(Zend_Controller_Request_Http), Object(Zend_Controller_Response_Http), Array)
#9 C:\AppServ\www\openlib\ZendFramework\1.5.0\library\Zend\Controller\Front.php(914): Zend_Controller_Dispatcher_Standard->dispatch(Object(Zend_Controller_Request_Http), Object(Zend_Controller_Response_Http))
#10 C:\AppServ\www\iceworkflow\index.php(58): Zend_Controller_Front->dispatch()
#11 {main}
2014-06-17T18:40:15+08:00 DEBUG (7): Mysqli prepare error: Unknown column 'ss' in 'where clause'
#0 C:\AppServ\www\openlib\ZendFramework\1.5.0\library\Zend\Db\Statement.php(109): Zend_Db_Statement_Mysqli->_prepare('SELECT SUM(CASE...')
#1 C:\AppServ\www\openlib\ZendFramework\1.5.0\library\Zend\Db\Adapter\Mysqli.php(330): Zend_Db_Statement->__construct(Object(Zend_Db_Adapter_Mysqli), 'SELECT SUM(CASE...')
#2 C:\AppServ\www\openlib\ZendFramework\1.5.0\library\Zend\Db\Adapter\Abstract.php(405): Zend_Db_Adapter_Mysqli->prepare('SELECT SUM(CASE...')
#3 C:\AppServ\www\openlib\ZendFramework\1.5.0\library\Zend\Db\Select.php(580): Zend_Db_Adapter_Abstract->query(Object(Zend_Db_Select))
#4 C:\AppServ\www\iceworkflow\modules\systemapi\models\datasource\evaluate.php(377): Zend_Db_Select->query()
#5 C:\AppServ\www\iceworkflow\modules\systemapi\models\SystemapiGeneric.php(39): Systemapi_evaluate_Table->getSummaryBadge('ss')
#6 C:\AppServ\www\iceworkflow\library\Workflow\Controller\Flow\Action.php(80): Systemapi_Systemapi_Generic->getSummaryBadge('ss')
#7 C:\AppServ\www\openlib\ZendFramework\1.5.0\library\Zend\Controller\Action.php(129): Workflow_Controller_Flow_Action->init()
#8 C:\AppServ\www\openlib\ZendFramework\1.5.0\library\Zend\Controller\Dispatcher\Standard.php(269): Zend_Controller_Action->__construct(Object(Zend_Controller_Request_Http), Object(Zend_Controller_Response_Http), Array)
#9 C:\AppServ\www\openlib\ZendFramework\1.5.0\library\Zend\Controller\Front.php(914): Zend_Controller_Dispatcher_Standard->dispatch(Object(Zend_Controller_Request_Http), Object(Zend_Controller_Response_Http))
#10 C:\AppServ\www\iceworkflow\index.php(58): Zend_Controller_Front->dispatch()
#11 {main}
2014-06-17T19:03:36+08:00 DEBUG (7): Action "inaccessible" does not exist and was not trapped in __call()
#0 C:\AppServ\www\openlib\ZendFramework\1.5.0\library\Zend\Controller\Action.php(504): Zend_Controller_Action->__call('inaccessibleAct...', Array)
#1 C:\AppServ\www\openlib\ZendFramework\1.5.0\library\Zend\Controller\Dispatcher\Standard.php(293): Zend_Controller_Action->dispatch('inaccessibleAct...')
#2 C:\AppServ\www\openlib\ZendFramework\1.5.0\library\Zend\Controller\Front.php(914): Zend_Controller_Dispatcher_Standard->dispatch(Object(Zend_Controller_Request_Http), Object(Zend_Controller_Response_Http))
#3 C:\AppServ\www\iceworkflow\index.php(58): Zend_Controller_Front->dispatch()
#4 {main}
