2014-09-11T14:26:05+08:00 DEBUG (7): Method "getProfile" does not exist and was not trapped in __call()
#0 C:\AppServ\www\rsEvaluation\library\Workflow\Controller\Flow\Action.php(27): Zend_Controller_Action->__call('getProfile', Array)
#1 C:\AppServ\www\rsEvaluation\library\Workflow\Controller\Flow\Action.php(27): Account_AccountController->getProfile()
#2 C:\AppServ\www\openlib\ZendFramework\1.5.0\library\Zend\Controller\Action.php(129): Workflow_Controller_Flow_Action->init()
#3 C:\AppServ\www\openlib\ZendFramework\1.5.0\library\Zend\Controller\Dispatcher\Standard.php(269): Zend_Controller_Action->__construct(Object(Zend_Controller_Request_Http), Object(Zend_Controller_Response_Http), Array)
#4 C:\AppServ\www\openlib\ZendFramework\1.5.0\library\Zend\Controller\Front.php(914): Zend_Controller_Dispatcher_Standard->dispatch(Object(Zend_Controller_Request_Http), Object(Zend_Controller_Response_Http))
#5 C:\AppServ\www\rsEvaluation\index.php(58): Zend_Controller_Front->dispatch()
#6 {main}
2014-09-11T14:38:56+08:00 DEBUG (7): Method "getProfile" does not exist and was not trapped in __call()
#0 C:\AppServ\www\rsEvaluation\library\Workflow\Controller\Flow\Action.php(27): Zend_Controller_Action->__call('getProfile', Array)
#1 C:\AppServ\www\rsEvaluation\library\Workflow\Controller\Flow\Action.php(27): Account_AccountController->getProfile()
#2 C:\AppServ\www\openlib\ZendFramework\1.5.0\library\Zend\Controller\Action.php(129): Workflow_Controller_Flow_Action->init()
#3 C:\AppServ\www\openlib\ZendFramework\1.5.0\library\Zend\Controller\Dispatcher\Standard.php(269): Zend_Controller_Action->__construct(Object(Zend_Controller_Request_Http), Object(Zend_Controller_Response_Http), Array)
#4 C:\AppServ\www\openlib\ZendFramework\1.5.0\library\Zend\Controller\Front.php(914): Zend_Controller_Dispatcher_Standard->dispatch(Object(Zend_Controller_Request_Http), Object(Zend_Controller_Response_Http))
#5 C:\AppServ\www\rsEvaluation\index.php(58): Zend_Controller_Front->dispatch()
#6 {main}
2014-09-11T14:39:44+08:00 DEBUG (7): Method "getProfile" does not exist and was not trapped in __call()
#0 C:\AppServ\www\rsEvaluation\library\Workflow\Controller\Flow\Action.php(27): Zend_Controller_Action->__call('getProfile', Array)
#1 C:\AppServ\www\rsEvaluation\library\Workflow\Controller\Flow\Action.php(27): Account_AccountController->getProfile()
#2 C:\AppServ\www\openlib\ZendFramework\1.5.0\library\Zend\Controller\Action.php(129): Workflow_Controller_Flow_Action->init()
#3 C:\AppServ\www\openlib\ZendFramework\1.5.0\library\Zend\Controller\Dispatcher\Standard.php(269): Zend_Controller_Action->__construct(Object(Zend_Controller_Request_Http), Object(Zend_Controller_Response_Http), Array)
#4 C:\AppServ\www\openlib\ZendFramework\1.5.0\library\Zend\Controller\Front.php(914): Zend_Controller_Dispatcher_Standard->dispatch(Object(Zend_Controller_Request_Http), Object(Zend_Controller_Response_Http))
#5 C:\AppServ\www\rsEvaluation\index.php(58): Zend_Controller_Front->dispatch()
#6 {main}
2014-09-11T15:09:31+08:00 DEBUG (7): Session must be started before any output has been sent to the browser; output started in C:\AppServ\www\iLibrary\trunk\Smarty\View.php/26
#0 C:\AppServ\www\openlib\ZendFramework\1.5.0\library\Zend\Session\Namespace.php(116): Zend_Session::start(true)
#1 C:\AppServ\www\openlib\ZendFramework\1.5.0\library\Zend\Auth\Storage\Session.php(85): Zend_Session_Namespace->__construct('Zend_Auth')
#2 C:\AppServ\www\openlib\ZendFramework\1.5.0\library\Zend\Auth.php(92): Zend_Auth_Storage_Session->__construct()
#3 C:\AppServ\www\openlib\ZendFramework\1.5.0\library\Zend\Auth.php(144): Zend_Auth->getStorage()
#4 C:\AppServ\www\iLibrary\trunk\System\Controller\Action.php(341): Zend_Auth->getIdentity()
#5 C:\AppServ\www\rsEvaluation\library\Workflow\Controller\Flow\Action.php(27): System_Controller_Action->getProfile()
#6 C:\AppServ\www\openlib\ZendFramework\1.5.0\library\Zend\Controller\Action.php(129): Workflow_Controller_Flow_Action->init()
#7 C:\AppServ\www\openlib\ZendFramework\1.5.0\library\Zend\Controller\Dispatcher\Standard.php(269): Zend_Controller_Action->__construct(Object(Zend_Controller_Request_Http), Object(Zend_Controller_Response_Http), Array)
#8 C:\AppServ\www\openlib\ZendFramework\1.5.0\library\Zend\Controller\Front.php(914): Zend_Controller_Dispatcher_Standard->dispatch(Object(Zend_Controller_Request_Http), Object(Zend_Controller_Response_Http))
#9 C:\AppServ\www\rsEvaluation\index.php(58): Zend_Controller_Front->dispatch()
#10 {main}
2014-09-11T15:24:14+08:00 DEBUG (7): Invalid controller class ("IndexController")
#0 C:\AppServ\www\openlib\ZendFramework\1.5.0\library\Zend\Controller\Dispatcher\Standard.php(263): Zend_Controller_Dispatcher_Standard->loadClass('IndexController')
#1 C:\AppServ\www\openlib\ZendFramework\1.5.0\library\Zend\Controller\Front.php(914): Zend_Controller_Dispatcher_Standard->dispatch(Object(Zend_Controller_Request_Http), Object(Zend_Controller_Response_Http))
#2 C:\AppServ\www\rsEvaluation\index.php(58): Zend_Controller_Front->dispatch()
#3 {main}
2014-09-11T15:26:36+08:00 DEBUG (7): Invalid controller class ("IndexController")
#0 C:\AppServ\www\openlib\ZendFramework\1.5.0\library\Zend\Controller\Dispatcher\Standard.php(263): Zend_Controller_Dispatcher_Standard->loadClass('IndexController')
#1 C:\AppServ\www\openlib\ZendFramework\1.5.0\library\Zend\Controller\Front.php(914): Zend_Controller_Dispatcher_Standard->dispatch(Object(Zend_Controller_Request_Http), Object(Zend_Controller_Response_Http))
#2 C:\AppServ\www\rsEvaluation\index.php(58): Zend_Controller_Front->dispatch()
#3 {main}
2014-09-11T15:31:39+08:00 DEBUG (7): Invalid controller class ("IndexController")
#0 C:\AppServ\www\openlib\ZendFramework\1.5.0\library\Zend\Controller\Dispatcher\Standard.php(263): Zend_Controller_Dispatcher_Standard->loadClass('IndexController')
#1 C:\AppServ\www\openlib\ZendFramework\1.5.0\library\Zend\Controller\Front.php(914): Zend_Controller_Dispatcher_Standard->dispatch(Object(Zend_Controller_Request_Http), Object(Zend_Controller_Response_Http))
#2 C:\AppServ\www\rsEvaluation\index.php(58): Zend_Controller_Front->dispatch()
#3 {main}
2014-09-11T15:54:08+08:00 DEBUG (7): Invalid controller class ("IndexController")
#0 C:\AppServ\www\openlib\ZendFramework\1.5.0\library\Zend\Controller\Dispatcher\Standard.php(263): Zend_Controller_Dispatcher_Standard->loadClass('IndexController')
#1 C:\AppServ\www\openlib\ZendFramework\1.5.0\library\Zend\Controller\Front.php(914): Zend_Controller_Dispatcher_Standard->dispatch(Object(Zend_Controller_Request_Http), Object(Zend_Controller_Response_Http))
#2 C:\AppServ\www\rsEvaluation\index.php(58): Zend_Controller_Front->dispatch()
#3 {main}
2014-09-11T16:16:01+08:00 DEBUG (7): Invalid controller class ("IndexController")
#0 C:\AppServ\www\openlib\ZendFramework\1.5.0\library\Zend\Controller\Dispatcher\Standard.php(263): Zend_Controller_Dispatcher_Standard->loadClass('IndexController')
#1 C:\AppServ\www\openlib\ZendFramework\1.5.0\library\Zend\Controller\Front.php(914): Zend_Controller_Dispatcher_Standard->dispatch(Object(Zend_Controller_Request_Http), Object(Zend_Controller_Response_Http))
#2 C:\AppServ\www\rsEvaluation\index.php(58): Zend_Controller_Front->dispatch()
#3 {main}
2014-09-11T16:16:09+08:00 DEBUG (7): Invalid controller class ("IndexController")
#0 C:\AppServ\www\openlib\ZendFramework\1.5.0\library\Zend\Controller\Dispatcher\Standard.php(263): Zend_Controller_Dispatcher_Standard->loadClass('IndexController')
#1 C:\AppServ\www\openlib\ZendFramework\1.5.0\library\Zend\Controller\Front.php(914): Zend_Controller_Dispatcher_Standard->dispatch(Object(Zend_Controller_Request_Http), Object(Zend_Controller_Response_Http))
#2 C:\AppServ\www\rsEvaluation\index.php(58): Zend_Controller_Front->dispatch()
#3 {main}
2014-09-11T16:18:40+08:00 DEBUG (7): Invalid controller class ("IndexController")
#0 C:\AppServ\www\openlib\ZendFramework\1.5.0\library\Zend\Controller\Dispatcher\Standard.php(263): Zend_Controller_Dispatcher_Standard->loadClass('IndexController')
#1 C:\AppServ\www\openlib\ZendFramework\1.5.0\library\Zend\Controller\Front.php(914): Zend_Controller_Dispatcher_Standard->dispatch(Object(Zend_Controller_Request_Http), Object(Zend_Controller_Response_Http))
#2 C:\AppServ\www\rsEvaluation\index.php(58): Zend_Controller_Front->dispatch()
#3 {main}
2014-09-11T16:19:32+08:00 DEBUG (7): Invalid controller class ("IndexController")
#0 C:\AppServ\www\openlib\ZendFramework\1.5.0\library\Zend\Controller\Dispatcher\Standard.php(263): Zend_Controller_Dispatcher_Standard->loadClass('IndexController')
#1 C:\AppServ\www\openlib\ZendFramework\1.5.0\library\Zend\Controller\Front.php(914): Zend_Controller_Dispatcher_Standard->dispatch(Object(Zend_Controller_Request_Http), Object(Zend_Controller_Response_Http))
#2 C:\AppServ\www\rsEvaluation\index.php(58): Zend_Controller_Front->dispatch()
#3 {main}
2014-09-11T16:20:22+08:00 DEBUG (7): Invalid controller class ("IndexController")
#0 C:\AppServ\www\openlib\ZendFramework\1.5.0\library\Zend\Controller\Dispatcher\Standard.php(263): Zend_Controller_Dispatcher_Standard->loadClass('IndexController')
#1 C:\AppServ\www\openlib\ZendFramework\1.5.0\library\Zend\Controller\Front.php(914): Zend_Controller_Dispatcher_Standard->dispatch(Object(Zend_Controller_Request_Http), Object(Zend_Controller_Response_Http))
#2 C:\AppServ\www\rsEvaluation\index.php(58): Zend_Controller_Front->dispatch()
#3 {main}
2014-09-11T16:20:28+08:00 DEBUG (7): Invalid controller specified (index)
#0 C:\AppServ\www\openlib\ZendFramework\1.5.0\library\Zend\Controller\Front.php(914): Zend_Controller_Dispatcher_Standard->dispatch(Object(Zend_Controller_Request_Http), Object(Zend_Controller_Response_Http))
#1 C:\AppServ\www\rsEvaluation\index.php(58): Zend_Controller_Front->dispatch()
#2 {main}
2014-09-11T16:20:54+08:00 DEBUG (7): Invalid controller specified (index)
#0 C:\AppServ\www\openlib\ZendFramework\1.5.0\library\Zend\Controller\Front.php(914): Zend_Controller_Dispatcher_Standard->dispatch(Object(Zend_Controller_Request_Http), Object(Zend_Controller_Response_Http))
#1 C:\AppServ\www\rsEvaluation\index.php(58): Zend_Controller_Front->dispatch()
#2 {main}
2014-09-11T16:25:37+08:00 DEBUG (7): helper 'Output' not found in path
#0 C:\AppServ\www\openlib\ZendFramework\1.5.0\library\Zend\View\Abstract.php(497): Zend_View_Abstract->_loadClass('helper', 'Output')
#1 C:\AppServ\www\openlib\ZendFramework\1.5.0\library\Zend\View\Abstract.php(294): Zend_View_Abstract->getHelper('output')
#2 C:\AppServ\www\rsEvaluation\application\modules\account\controllers\AccountController.php(23): Zend_View_Abstract->__call('output', Array)
#3 C:\AppServ\www\rsEvaluation\application\modules\account\controllers\AccountController.php(23): Zend_View->output('account/login.t...')
#4 C:\AppServ\www\openlib\ZendFramework\1.5.0\library\Zend\Controller\Action.php(502): Account_AccountController->indexAction()
#5 C:\AppServ\www\openlib\ZendFramework\1.5.0\library\Zend\Controller\Dispatcher\Standard.php(293): Zend_Controller_Action->dispatch('indexAction')
#6 C:\AppServ\www\openlib\ZendFramework\1.5.0\library\Zend\Controller\Front.php(914): Zend_Controller_Dispatcher_Standard->dispatch(Object(Zend_Controller_Request_Http), Object(Zend_Controller_Response_Http))
#7 C:\AppServ\www\rsEvaluation\index.php(58): Zend_Controller_Front->dispatch()
#8 {main}
2014-09-11T16:25:48+08:00 DEBUG (7): helper 'Output' not found in path
#0 C:\AppServ\www\openlib\ZendFramework\1.5.0\library\Zend\View\Abstract.php(497): Zend_View_Abstract->_loadClass('helper', 'Output')
#1 C:\AppServ\www\openlib\ZendFramework\1.5.0\library\Zend\View\Abstract.php(294): Zend_View_Abstract->getHelper('output')
#2 C:\AppServ\www\rsEvaluation\application\modules\account\controllers\AccountController.php(23): Zend_View_Abstract->__call('output', Array)
#3 C:\AppServ\www\rsEvaluation\application\modules\account\controllers\AccountController.php(23): Zend_View->output('account/login.t...')
#4 C:\AppServ\www\openlib\ZendFramework\1.5.0\library\Zend\Controller\Action.php(502): Account_AccountController->indexAction()
#5 C:\AppServ\www\openlib\ZendFramework\1.5.0\library\Zend\Controller\Dispatcher\Standard.php(293): Zend_Controller_Action->dispatch('indexAction')
#6 C:\AppServ\www\openlib\ZendFramework\1.5.0\library\Zend\Controller\Front.php(914): Zend_Controller_Dispatcher_Standard->dispatch(Object(Zend_Controller_Request_Http), Object(Zend_Controller_Response_Http))
#7 C:\AppServ\www\rsEvaluation\index.php(58): Zend_Controller_Front->dispatch()
#8 {main}
