2014-09-12T14:20:17+07:00 DEBUG (7): Session must be started before any output has been sent to the browser; output started in C:\AppServ\www\rsEvaluation\library\Workflow\Controller\Flow\Action.php/32
#0 C:\AppServ\www\openlib\ZendFramework\1.5.0\library\Zend\Session\Namespace.php(116): Zend_Session::start(true)
#1 C:\AppServ\www\openlib\ZendFramework\1.5.0\library\Zend\Auth\Storage\Session.php(85): Zend_Session_Namespace->__construct('Zend_Auth')
#2 C:\AppServ\www\openlib\ZendFramework\1.5.0\library\Zend\Auth.php(92): Zend_Auth_Storage_Session->__construct()
#3 C:\AppServ\www\openlib\ZendFramework\1.5.0\library\Zend\Auth.php(144): Zend_Auth->getStorage()
#4 C:\AppServ\www\rsEvaluation\application\modules\account\controllers\AccountController.php(20): Zend_Auth->getIdentity()
#5 C:\AppServ\www\openlib\ZendFramework\1.5.0\library\Zend\Controller\Action.php(502): Account_AccountController->indexAction()
#6 C:\AppServ\www\openlib\ZendFramework\1.5.0\library\Zend\Controller\Dispatcher\Standard.php(293): Zend_Controller_Action->dispatch('indexAction')
#7 C:\AppServ\www\openlib\ZendFramework\1.5.0\library\Zend\Controller\Front.php(914): Zend_Controller_Dispatcher_Standard->dispatch(Object(Zend_Controller_Request_Http), Object(Zend_Controller_Response_Http))
#8 C:\AppServ\www\rsEvaluation\public\index.php(48): Zend_Controller_Front->dispatch()
#9 {main}
2014-09-12T14:20:28+07:00 DEBUG (7): Session must be started before any output has been sent to the browser; output started in C:\AppServ\www\rsEvaluation\library\Workflow\Controller\Flow\Action.php/33
#0 C:\AppServ\www\openlib\ZendFramework\1.5.0\library\Zend\Session\Namespace.php(116): Zend_Session::start(true)
#1 C:\AppServ\www\openlib\ZendFramework\1.5.0\library\Zend\Auth\Storage\Session.php(85): Zend_Session_Namespace->__construct('Zend_Auth')
#2 C:\AppServ\www\openlib\ZendFramework\1.5.0\library\Zend\Auth.php(92): Zend_Auth_Storage_Session->__construct()
#3 C:\AppServ\www\openlib\ZendFramework\1.5.0\library\Zend\Auth.php(144): Zend_Auth->getStorage()
#4 C:\AppServ\www\rsEvaluation\application\modules\account\controllers\AccountController.php(20): Zend_Auth->getIdentity()
#5 C:\AppServ\www\openlib\ZendFramework\1.5.0\library\Zend\Controller\Action.php(502): Account_AccountController->indexAction()
#6 C:\AppServ\www\openlib\ZendFramework\1.5.0\library\Zend\Controller\Dispatcher\Standard.php(293): Zend_Controller_Action->dispatch('indexAction')
#7 C:\AppServ\www\openlib\ZendFramework\1.5.0\library\Zend\Controller\Front.php(914): Zend_Controller_Dispatcher_Standard->dispatch(Object(Zend_Controller_Request_Http), Object(Zend_Controller_Response_Http))
#8 C:\AppServ\www\rsEvaluation\public\index.php(48): Zend_Controller_Front->dispatch()
#9 {main}
2014-09-12T14:20:48+07:00 DEBUG (7): Session must be started before any output has been sent to the browser; output started in C:\AppServ\www\rsEvaluation\library\Workflow\Controller\Flow\Action.php/33
#0 C:\AppServ\www\openlib\ZendFramework\1.5.0\library\Zend\Session\Namespace.php(116): Zend_Session::start(true)
#1 C:\AppServ\www\openlib\ZendFramework\1.5.0\library\Zend\Auth\Storage\Session.php(85): Zend_Session_Namespace->__construct('Zend_Auth')
#2 C:\AppServ\www\openlib\ZendFramework\1.5.0\library\Zend\Auth.php(92): Zend_Auth_Storage_Session->__construct()
#3 C:\AppServ\www\openlib\ZendFramework\1.5.0\library\Zend\Auth.php(144): Zend_Auth->getStorage()
#4 C:\AppServ\www\rsEvaluation\application\modules\account\controllers\AccountController.php(20): Zend_Auth->getIdentity()
#5 C:\AppServ\www\openlib\ZendFramework\1.5.0\library\Zend\Controller\Action.php(502): Account_AccountController->indexAction()
#6 C:\AppServ\www\openlib\ZendFramework\1.5.0\library\Zend\Controller\Dispatcher\Standard.php(293): Zend_Controller_Action->dispatch('indexAction')
#7 C:\AppServ\www\openlib\ZendFramework\1.5.0\library\Zend\Controller\Front.php(914): Zend_Controller_Dispatcher_Standard->dispatch(Object(Zend_Controller_Request_Http), Object(Zend_Controller_Response_Http))
#8 C:\AppServ\www\rsEvaluation\public\index.php(48): Zend_Controller_Front->dispatch()
#9 {main}
2014-09-12T14:21:20+07:00 DEBUG (7): Session must be started before any output has been sent to the browser; output started in C:\AppServ\www\rsEvaluation\library\Workflow\Controller\Flow\Action.php/33
#0 C:\AppServ\www\openlib\ZendFramework\1.5.0\library\Zend\Session\Namespace.php(116): Zend_Session::start(true)
#1 C:\AppServ\www\openlib\ZendFramework\1.5.0\library\Zend\Auth\Storage\Session.php(85): Zend_Session_Namespace->__construct('Zend_Auth')
#2 C:\AppServ\www\openlib\ZendFramework\1.5.0\library\Zend\Auth.php(92): Zend_Auth_Storage_Session->__construct()
#3 C:\AppServ\www\openlib\ZendFramework\1.5.0\library\Zend\Auth.php(144): Zend_Auth->getStorage()
#4 C:\AppServ\www\rsEvaluation\application\modules\account\controllers\AccountController.php(20): Zend_Auth->getIdentity()
#5 C:\AppServ\www\openlib\ZendFramework\1.5.0\library\Zend\Controller\Action.php(502): Account_AccountController->indexAction()
#6 C:\AppServ\www\openlib\ZendFramework\1.5.0\library\Zend\Controller\Dispatcher\Standard.php(293): Zend_Controller_Action->dispatch('indexAction')
#7 C:\AppServ\www\openlib\ZendFramework\1.5.0\library\Zend\Controller\Front.php(914): Zend_Controller_Dispatcher_Standard->dispatch(Object(Zend_Controller_Request_Http), Object(Zend_Controller_Response_Http))
#8 C:\AppServ\www\rsEvaluation\public\index.php(48): Zend_Controller_Front->dispatch()
#9 {main}
2014-09-12T14:23:07+07:00 DEBUG (7): Session must be started before any output has been sent to the browser; output started in C:\AppServ\www\rsEvaluation\library\Workflow\Controller\Flow\Action.php/33
#0 C:\AppServ\www\openlib\ZendFramework\1.5.0\library\Zend\Session\Namespace.php(116): Zend_Session::start(true)
#1 C:\AppServ\www\openlib\ZendFramework\1.5.0\library\Zend\Auth\Storage\Session.php(85): Zend_Session_Namespace->__construct('Zend_Auth')
#2 C:\AppServ\www\openlib\ZendFramework\1.5.0\library\Zend\Auth.php(92): Zend_Auth_Storage_Session->__construct()
#3 C:\AppServ\www\openlib\ZendFramework\1.5.0\library\Zend\Auth.php(144): Zend_Auth->getStorage()
#4 C:\AppServ\www\rsEvaluation\application\modules\account\controllers\AccountController.php(20): Zend_Auth->getIdentity()
#5 C:\AppServ\www\openlib\ZendFramework\1.5.0\library\Zend\Controller\Action.php(502): Account_AccountController->indexAction()
#6 C:\AppServ\www\openlib\ZendFramework\1.5.0\library\Zend\Controller\Dispatcher\Standard.php(293): Zend_Controller_Action->dispatch('indexAction')
#7 C:\AppServ\www\openlib\ZendFramework\1.5.0\library\Zend\Controller\Front.php(914): Zend_Controller_Dispatcher_Standard->dispatch(Object(Zend_Controller_Request_Http), Object(Zend_Controller_Response_Http))
#8 C:\AppServ\www\rsEvaluation\public\index.php(48): Zend_Controller_Front->dispatch()
#9 {main}
2014-09-12T17:40:59+08:00 DEBUG (7): Invalid controller class ("IndexController")
#0 C:\AppServ\www\openlib\ZendFramework\1.5.0\library\Zend\Controller\Dispatcher\Standard.php(263): Zend_Controller_Dispatcher_Standard->loadClass('IndexController')
#1 C:\AppServ\www\openlib\ZendFramework\1.5.0\library\Zend\Controller\Front.php(914): Zend_Controller_Dispatcher_Standard->dispatch(Object(Zend_Controller_Request_Http), Object(Zend_Controller_Response_Http))
#2 C:\AppServ\www\rsEvaluation\index.php(58): Zend_Controller_Front->dispatch()
#3 {main}
2014-09-12T17:41:36+08:00 DEBUG (7): Invalid controller class ("IndexController")
#0 C:\AppServ\www\openlib\ZendFramework\1.5.0\library\Zend\Controller\Dispatcher\Standard.php(263): Zend_Controller_Dispatcher_Standard->loadClass('IndexController')
#1 C:\AppServ\www\openlib\ZendFramework\1.5.0\library\Zend\Controller\Front.php(914): Zend_Controller_Dispatcher_Standard->dispatch(Object(Zend_Controller_Request_Http), Object(Zend_Controller_Response_Http))
#2 C:\AppServ\www\rsEvaluation\index.php(58): Zend_Controller_Front->dispatch()
#3 {main}
2014-09-12T17:41:50+08:00 DEBUG (7): Invalid controller class ("IndexController")
#0 C:\AppServ\www\openlib\ZendFramework\1.5.0\library\Zend\Controller\Dispatcher\Standard.php(263): Zend_Controller_Dispatcher_Standard->loadClass('IndexController')
#1 C:\AppServ\www\openlib\ZendFramework\1.5.0\library\Zend\Controller\Front.php(914): Zend_Controller_Dispatcher_Standard->dispatch(Object(Zend_Controller_Request_Http), Object(Zend_Controller_Response_Http))
#2 C:\AppServ\www\rsEvaluation\index.php(58): Zend_Controller_Front->dispatch()
#3 {main}
2014-09-12T17:52:35+08:00 DEBUG (7): Invalid controller class ("IndexController")
#0 C:\AppServ\www\openlib\ZendFramework\1.5.0\library\Zend\Controller\Dispatcher\Standard.php(263): Zend_Controller_Dispatcher_Standard->loadClass('IndexController')
#1 C:\AppServ\www\openlib\ZendFramework\1.5.0\library\Zend\Controller\Front.php(914): Zend_Controller_Dispatcher_Standard->dispatch(Object(Zend_Controller_Request_Http), Object(Zend_Controller_Response_Http))
#2 C:\AppServ\www\rsEvaluation\index.php(58): Zend_Controller_Front->dispatch()
#3 {main}
2014-09-12T17:53:46+08:00 DEBUG (7): Invalid controller class ("IndexController")
#0 C:\AppServ\www\openlib\ZendFramework\1.5.0\library\Zend\Controller\Dispatcher\Standard.php(263): Zend_Controller_Dispatcher_Standard->loadClass('IndexController')
#1 C:\AppServ\www\openlib\ZendFramework\1.5.0\library\Zend\Controller\Front.php(914): Zend_Controller_Dispatcher_Standard->dispatch(Object(Zend_Controller_Request_Http), Object(Zend_Controller_Response_Http))
#2 C:\AppServ\www\rsEvaluation\index.php(58): Zend_Controller_Front->dispatch()
#3 {main}
2014-09-12T17:54:59+08:00 DEBUG (7): Invalid controller class ("IndexController")
#0 C:\AppServ\www\openlib\ZendFramework\1.5.0\library\Zend\Controller\Dispatcher\Standard.php(263): Zend_Controller_Dispatcher_Standard->loadClass('IndexController')
#1 C:\AppServ\www\openlib\ZendFramework\1.5.0\library\Zend\Controller\Front.php(914): Zend_Controller_Dispatcher_Standard->dispatch(Object(Zend_Controller_Request_Http), Object(Zend_Controller_Response_Http))
#2 C:\AppServ\www\rsEvaluation\index.php(58): Zend_Controller_Front->dispatch()
#3 {main}
2014-09-12T17:56:06+08:00 DEBUG (7): Invalid controller class ("IndexController")
#0 C:\AppServ\www\openlib\ZendFramework\1.5.0\library\Zend\Controller\Dispatcher\Standard.php(263): Zend_Controller_Dispatcher_Standard->loadClass('IndexController')
#1 C:\AppServ\www\openlib\ZendFramework\1.5.0\library\Zend\Controller\Front.php(914): Zend_Controller_Dispatcher_Standard->dispatch(Object(Zend_Controller_Request_Http), Object(Zend_Controller_Response_Http))
#2 C:\AppServ\www\rsEvaluation\index.php(58): Zend_Controller_Front->dispatch()
#3 {main}
2014-09-12T17:58:51+08:00 DEBUG (7): Invalid controller class ("IndexController")
#0 C:\AppServ\www\openlib\ZendFramework\1.5.0\library\Zend\Controller\Dispatcher\Standard.php(263): Zend_Controller_Dispatcher_Standard->loadClass('IndexController')
#1 C:\AppServ\www\openlib\ZendFramework\1.5.0\library\Zend\Controller\Front.php(914): Zend_Controller_Dispatcher_Standard->dispatch(Object(Zend_Controller_Request_Http), Object(Zend_Controller_Response_Http))
#2 C:\AppServ\www\rsEvaluation\index.php(58): Zend_Controller_Front->dispatch()
#3 {main}
2014-09-12T17:59:40+08:00 DEBUG (7): Invalid controller class ("IndexController")
#0 C:\AppServ\www\openlib\ZendFramework\1.5.0\library\Zend\Controller\Dispatcher\Standard.php(263): Zend_Controller_Dispatcher_Standard->loadClass('IndexController')
#1 C:\AppServ\www\openlib\ZendFramework\1.5.0\library\Zend\Controller\Front.php(914): Zend_Controller_Dispatcher_Standard->dispatch(Object(Zend_Controller_Request_Http), Object(Zend_Controller_Response_Http))
#2 C:\AppServ\www\rsEvaluation\index.php(58): Zend_Controller_Front->dispatch()
#3 {main}
2014-09-12T18:03:58+08:00 DEBUG (7): Invalid controller class ("IndexController")
#0 C:\AppServ\www\openlib\ZendFramework\1.5.0\library\Zend\Controller\Dispatcher\Standard.php(263): Zend_Controller_Dispatcher_Standard->loadClass('IndexController')
#1 C:\AppServ\www\openlib\ZendFramework\1.5.0\library\Zend\Controller\Front.php(914): Zend_Controller_Dispatcher_Standard->dispatch(Object(Zend_Controller_Request_Http), Object(Zend_Controller_Response_Http))
#2 C:\AppServ\www\rsEvaluation\index.php(58): Zend_Controller_Front->dispatch()
#3 {main}
2014-09-12T18:04:13+08:00 DEBUG (7): Invalid controller class ("IndexController")
#0 C:\AppServ\www\openlib\ZendFramework\1.5.0\library\Zend\Controller\Dispatcher\Standard.php(263): Zend_Controller_Dispatcher_Standard->loadClass('IndexController')
#1 C:\AppServ\www\openlib\ZendFramework\1.5.0\library\Zend\Controller\Front.php(914): Zend_Controller_Dispatcher_Standard->dispatch(Object(Zend_Controller_Request_Http), Object(Zend_Controller_Response_Http))
#2 C:\AppServ\www\rsEvaluation\index.php(58): Zend_Controller_Front->dispatch()
#3 {main}
2014-09-12T18:14:10+08:00 DEBUG (7): Invalid controller class ("IndexController")
#0 C:\AppServ\www\openlib\ZendFramework\1.5.0\library\Zend\Controller\Dispatcher\Standard.php(263): Zend_Controller_Dispatcher_Standard->loadClass('IndexController')
#1 C:\AppServ\www\openlib\ZendFramework\1.5.0\library\Zend\Controller\Front.php(914): Zend_Controller_Dispatcher_Standard->dispatch(Object(Zend_Controller_Request_Http), Object(Zend_Controller_Response_Http))
#2 C:\AppServ\www\rsEvaluation\index.php(58): Zend_Controller_Front->dispatch()
#3 {main}
2014-09-12T18:14:23+08:00 DEBUG (7): Invalid controller specified (accont)
#0 C:\AppServ\www\openlib\ZendFramework\1.5.0\library\Zend\Controller\Front.php(914): Zend_Controller_Dispatcher_Standard->dispatch(Object(Zend_Controller_Request_Http), Object(Zend_Controller_Response_Http))
#1 C:\AppServ\www\rsEvaluation\index.php(58): Zend_Controller_Front->dispatch()
#2 {main}
2014-09-12T18:14:30+08:00 DEBUG (7): Invalid controller specified (acconnt)
#0 C:\AppServ\www\openlib\ZendFramework\1.5.0\library\Zend\Controller\Front.php(914): Zend_Controller_Dispatcher_Standard->dispatch(Object(Zend_Controller_Request_Http), Object(Zend_Controller_Response_Http))
#1 C:\AppServ\www\rsEvaluation\index.php(58): Zend_Controller_Front->dispatch()
#2 {main}
2014-09-12T18:14:37+08:00 DEBUG (7): Invalid controller class ("IndexController")
#0 C:\AppServ\www\openlib\ZendFramework\1.5.0\library\Zend\Controller\Dispatcher\Standard.php(263): Zend_Controller_Dispatcher_Standard->loadClass('IndexController')
#1 C:\AppServ\www\openlib\ZendFramework\1.5.0\library\Zend\Controller\Front.php(914): Zend_Controller_Dispatcher_Standard->dispatch(Object(Zend_Controller_Request_Http), Object(Zend_Controller_Response_Http))
#2 C:\AppServ\www\rsEvaluation\index.php(58): Zend_Controller_Front->dispatch()
#3 {main}
2014-09-12T18:15:26+08:00 DEBUG (7): Invalid controller class ("IndexController")
#0 C:\AppServ\www\openlib\ZendFramework\1.5.0\library\Zend\Controller\Dispatcher\Standard.php(263): Zend_Controller_Dispatcher_Standard->loadClass('IndexController')
#1 C:\AppServ\www\openlib\ZendFramework\1.5.0\library\Zend\Controller\Front.php(914): Zend_Controller_Dispatcher_Standard->dispatch(Object(Zend_Controller_Request_Http), Object(Zend_Controller_Response_Http))
#2 C:\AppServ\www\rsEvaluation\index.php(58): Zend_Controller_Front->dispatch()
#3 {main}
2014-09-12T18:15:29+08:00 DEBUG (7): Invalid controller specified (acconnt)
#0 C:\AppServ\www\openlib\ZendFramework\1.5.0\library\Zend\Controller\Front.php(914): Zend_Controller_Dispatcher_Standard->dispatch(Object(Zend_Controller_Request_Http), Object(Zend_Controller_Response_Http))
#1 C:\AppServ\www\rsEvaluation\index.php(58): Zend_Controller_Front->dispatch()
#2 {main}
